
WARNING: version mismatch between CFITSIO header (v3.47) and linked library (v4.02).


WARNING: version mismatch between CFITSIO header (v3.47) and linked library (v4.02).


WARNING: version mismatch between CFITSIO header (v3.47) and linked library (v4.02).

2024-09-08 11:16:11,815:INFO:mapsims:Parsing configuration from common.toml, radio_rg1.toml
2024-09-08 11:16:11,816:INFO:mapsims:Parsing channels from ../private/202308_panexp_spt3g/spt_instrument_model.tbl
2024-09-08 11:16:11,823:INFO:mapsims:Channel 150ghz
2024-09-08 11:16:11,856:INFO:mapsims:Beam from ../private/202308_panexp_spt3g/beam_150ghz.tbl
2024-09-08 11:16:11,857:INFO:mapsims:Bandpass from ../private/202308_panexp_spt3g/bandpass_150ghz.tbl
2024-09-08 11:16:11,862:INFO:mapsims:Parsing channels from ../private/202308_panexp_spt3g/spt_instrument_model.tbl
2024-09-08 11:16:11,867:INFO:mapsims:Channel 150ghz
2024-09-08 11:16:11,898:INFO:mapsims:Beam from ../private/202308_panexp_spt3g/beam_150ghz.tbl
2024-09-08 11:16:11,899:INFO:mapsims:Bandpass from ../private/202308_panexp_spt3g/bandpass_150ghz.tbl
2024-09-08 11:16:11,938:INFO:mapsims:Nside: 2048, Modeling Nside: 4096, Ellmax: 5120
2024-09-08 11:16:11,939:INFO:mapsims:Initializing the PySM Sky object
2024-09-08 11:16:12,111:INFO:mapsims:Processing channel Channel 150ghz
2024-09-08 11:16:12,111:INFO:mapsims:Bandpass integration for Channel 150ghz
2024-09-08 11:16:12,346:INFO:pysm3:Frequencies considered: [100. 111. 129. 143. 153. 164. 189. 210.]
2024-09-08 11:16:12,414:INFO:pysm3:Access data from /mnt/sdceph/users/azonca/pysm-data/websky/0.4/radio/radio_0100.0.fits
2024-09-08 11:16:12,414:INFO:pysm3:Reading map /mnt/sdceph/users/azonca/pysm-data/websky/0.4/radio/radio_0100.0.fits
2024-09-08 11:16:12,416:INFO:pysm3:Access data from /mnt/sdceph/users/azonca/pysm-data/websky/0.4/radio/radio_0100.0.fits
2024-09-08 11:16:24,184:INFO:pysm3:Access data from /mnt/sdceph/users/azonca/pysm-data/websky/0.4/radio/radio_0100.0.fits
2024-09-08 11:16:28,812:INFO:pysm3:Mean emission at 100.0 GHz in I: 1.07 uK_RJ
2024-09-08 11:16:28,908:INFO:pysm3:Access data from /mnt/sdceph/users/azonca/pysm-data/websky/0.4/radio/radio_0111.0.fits
2024-09-08 11:16:28,909:INFO:pysm3:Reading map /mnt/sdceph/users/azonca/pysm-data/websky/0.4/radio/radio_0111.0.fits
2024-09-08 11:16:28,911:INFO:pysm3:Access data from /mnt/sdceph/users/azonca/pysm-data/websky/0.4/radio/radio_0111.0.fits
2024-09-08 11:16:40,922:INFO:pysm3:Access data from /mnt/sdceph/users/azonca/pysm-data/websky/0.4/radio/radio_0111.0.fits
2024-09-08 11:16:45,196:INFO:pysm3:Mean emission at 111.0 GHz in I: 0.8136 uK_RJ
2024-09-08 11:16:45,198:INFO:pysm3:Access data from /mnt/sdceph/users/azonca/pysm-data/websky/0.4/radio/radio_0129.0.fits
2024-09-08 11:16:45,199:INFO:pysm3:Reading map /mnt/sdceph/users/azonca/pysm-data/websky/0.4/radio/radio_0129.0.fits
2024-09-08 11:16:45,200:INFO:pysm3:Access data from /mnt/sdceph/users/azonca/pysm-data/websky/0.4/radio/radio_0129.0.fits
2024-09-08 11:16:55,511:INFO:pysm3:Access data from /mnt/sdceph/users/azonca/pysm-data/websky/0.4/radio/radio_0129.0.fits
2024-09-08 11:16:59,791:INFO:pysm3:Mean emission at 129.0 GHz in I: 0.5486 uK_RJ
2024-09-08 11:16:59,794:INFO:pysm3:Access data from /mnt/sdceph/users/azonca/pysm-data/websky/0.4/radio/radio_0143.0.fits
2024-09-08 11:16:59,794:INFO:pysm3:Reading map /mnt/sdceph/users/azonca/pysm-data/websky/0.4/radio/radio_0143.0.fits
2024-09-08 11:16:59,796:INFO:pysm3:Access data from /mnt/sdceph/users/azonca/pysm-data/websky/0.4/radio/radio_0143.0.fits
2024-09-08 11:17:10,242:INFO:pysm3:Access data from /mnt/sdceph/users/azonca/pysm-data/websky/0.4/radio/radio_0143.0.fits
2024-09-08 11:17:14,387:INFO:pysm3:Mean emission at 143.0 GHz in I: 0.4221 uK_RJ
2024-09-08 11:17:14,389:INFO:pysm3:Access data from /mnt/sdceph/users/azonca/pysm-data/websky/0.4/radio/radio_0153.0.fits
2024-09-08 11:17:14,389:INFO:pysm3:Reading map /mnt/sdceph/users/azonca/pysm-data/websky/0.4/radio/radio_0153.0.fits
2024-09-08 11:17:14,393:INFO:pysm3:Access data from /mnt/sdceph/users/azonca/pysm-data/websky/0.4/radio/radio_0153.0.fits
2024-09-08 11:17:16,358:INFO:pysm3:Access data from /mnt/sdceph/users/azonca/pysm-data/websky/0.4/radio/radio_0153.0.fits
2024-09-08 11:17:20,440:INFO:pysm3:Mean emission at 153.0 GHz in I: 0.357 uK_RJ
2024-09-08 11:17:20,443:INFO:pysm3:Access data from /mnt/sdceph/users/azonca/pysm-data/websky/0.4/radio/radio_0164.0.fits
2024-09-08 11:17:20,443:INFO:pysm3:Reading map /mnt/sdceph/users/azonca/pysm-data/websky/0.4/radio/radio_0164.0.fits
2024-09-08 11:17:20,444:INFO:pysm3:Access data from /mnt/sdceph/users/azonca/pysm-data/websky/0.4/radio/radio_0164.0.fits
2024-09-08 11:17:22,413:INFO:pysm3:Access data from /mnt/sdceph/users/azonca/pysm-data/websky/0.4/radio/radio_0164.0.fits
2024-09-08 11:17:26,488:INFO:pysm3:Mean emission at 164.0 GHz in I: 0.3017 uK_RJ
2024-09-08 11:17:26,490:INFO:pysm3:Access data from /mnt/sdceph/users/azonca/pysm-data/websky/0.4/radio/radio_0189.0.fits
2024-09-08 11:17:26,490:INFO:pysm3:Reading map /mnt/sdceph/users/azonca/pysm-data/websky/0.4/radio/radio_0189.0.fits
2024-09-08 11:17:26,492:INFO:pysm3:Access data from /mnt/sdceph/users/azonca/pysm-data/websky/0.4/radio/radio_0189.0.fits
2024-09-08 11:17:28,467:INFO:pysm3:Access data from /mnt/sdceph/users/azonca/pysm-data/websky/0.4/radio/radio_0189.0.fits
2024-09-08 11:17:32,554:INFO:pysm3:Mean emission at 189.0 GHz in I: 0.2159 uK_RJ
2024-09-08 11:17:32,556:INFO:pysm3:Access data from /mnt/sdceph/users/azonca/pysm-data/websky/0.4/radio/radio_0210.0.fits
2024-09-08 11:17:32,556:INFO:pysm3:Reading map /mnt/sdceph/users/azonca/pysm-data/websky/0.4/radio/radio_0210.0.fits
2024-09-08 11:17:32,558:INFO:pysm3:Access data from /mnt/sdceph/users/azonca/pysm-data/websky/0.4/radio/radio_0210.0.fits
2024-09-08 11:17:34,531:INFO:pysm3:Access data from /mnt/sdceph/users/azonca/pysm-data/websky/0.4/radio/radio_0210.0.fits
2024-09-08 11:17:38,608:INFO:pysm3:Mean emission at 210.0 GHz in I: 0.1688 uK_RJ
2024-09-08 11:19:27,970:INFO:pysm3:Removing 2/47 points below 1e-10
2024-09-08 11:19:28,689:INFO:mapsims:Smoothing and coord-transform for Channel 150ghz
2024-09-08 11:19:28,691:INFO:pysm3:Using map2alm with pixel weights
2024-09-08 11:19:35,641:INFO:pysm3:Smoothing with a custom isotropic beam
2024-09-08 11:19:35,641:INFO:pysm3:Using the same beam for all components
2024-09-08 11:19:35,840:INFO:pysm3:Using the same beam for all components
2024-09-08 11:19:36,036:INFO:pysm3:Using the same beam for all components
2024-09-08 11:19:36,234:INFO:pysm3:Rotate Alm
2024-09-08 11:20:52,895:INFO:pysm3:Alm to map HEALPix
2024-09-08 11:20:56,174:INFO:mapsims:Writing output map spt_radio_rg1_uKCMB_150ghz_nside2048.fits
2024-09-08 11:20:56,174:INFO:mapsims:Replace NaN with UNSEEN
2024-09-08 11:20:56,378:INFO:mapsims:Reorder ring to nest
2024-09-08 11:21:00,442:INFO:mapsims:Writing output map

real	4m52.031s
user	65m1.881s
sys	1m22.338s
