
WARNING: version mismatch between CFITSIO header (v3.47) and linked library (v4.02).


WARNING: version mismatch between CFITSIO header (v3.47) and linked library (v4.02).


WARNING: version mismatch between CFITSIO header (v3.47) and linked library (v4.02).

2024-09-08 11:15:37,928:INFO:mapsims:Parsing configuration from common.toml, ame_a1.toml
2024-09-08 11:15:37,930:INFO:mapsims:Parsing channels from ../private/202308_panexp_spt3g/spt_instrument_model.tbl
2024-09-08 11:15:37,937:INFO:mapsims:Channel 150ghz
2024-09-08 11:15:37,970:INFO:mapsims:Beam from ../private/202308_panexp_spt3g/beam_150ghz.tbl
2024-09-08 11:15:37,971:INFO:mapsims:Bandpass from ../private/202308_panexp_spt3g/bandpass_150ghz.tbl
2024-09-08 11:15:37,976:INFO:mapsims:Parsing channels from ../private/202308_panexp_spt3g/spt_instrument_model.tbl
2024-09-08 11:15:37,980:INFO:mapsims:Channel 150ghz
2024-09-08 11:15:38,012:INFO:mapsims:Beam from ../private/202308_panexp_spt3g/beam_150ghz.tbl
2024-09-08 11:15:38,013:INFO:mapsims:Bandpass from ../private/202308_panexp_spt3g/bandpass_150ghz.tbl
2024-09-08 11:15:38,052:INFO:mapsims:Nside: 2048, Modeling Nside: 512, Ellmax: 1280
2024-09-08 11:15:38,053:INFO:mapsims:Initializing the PySM Sky object
2024-09-08 11:15:38,055:INFO:pysm3:Access data from /mnt/sdceph/users/azonca/pysm-data/pysm_2/ame_t_new.fits
2024-09-08 11:15:38,094:INFO:pysm3:Access data from /mnt/sdceph/users/azonca/pysm-data/pysm_2/ame_nu_peak_0.fits
2024-09-08 11:15:38,128:INFO:pysm3:Access data from /mnt/sdceph/users/azonca/pysm-data/pysm_2/emissivity.txt
2024-09-08 11:15:38,133:INFO:pysm3:Access data from /mnt/sdceph/users/azonca/pysm-data/pysm_2/ame2_t_new.fits
2024-09-08 11:15:38,164:INFO:pysm3:Access data from /mnt/sdceph/users/azonca/pysm-data/pysm_2/emissivity.txt
2024-09-08 11:15:38,168:INFO:mapsims:Processing channel Channel 150ghz
2024-09-08 11:15:38,168:INFO:mapsims:Bandpass integration for Channel 150ghz
2024-09-08 11:15:51,481:INFO:pysm3:Removing 2/47 points below 1e-10
2024-09-08 11:15:51,494:INFO:pysm3:Removing 2/47 points below 1e-10
2024-09-08 11:15:51,509:INFO:mapsims:Smoothing and coord-transform for Channel 150ghz
2024-09-08 11:15:55,656:INFO:pysm3:Used map2alm_lsq, converged in 7 iterations,residual relative error 0.19
2024-09-08 11:15:55,656:INFO:pysm3:Smoothing with a custom isotropic beam
2024-09-08 11:15:55,656:INFO:pysm3:Using the same beam for all components
2024-09-08 11:15:55,674:INFO:pysm3:Using the same beam for all components
2024-09-08 11:15:55,693:INFO:pysm3:Using the same beam for all components
2024-09-08 11:15:55,711:INFO:pysm3:Rotate Alm
2024-09-08 11:15:58,006:INFO:pysm3:Alm to map HEALPix
2024-09-08 11:16:00,630:INFO:mapsims:Writing output map spt_ame_a1_uKCMB_150ghz_nside2048.fits
2024-09-08 11:16:00,630:INFO:mapsims:Replace NaN with UNSEEN
2024-09-08 11:16:00,838:INFO:mapsims:Reorder ring to nest
2024-09-08 11:16:05,104:INFO:mapsims:Writing output map

real	0m30.618s
user	3m36.770s
sys	1m8.615s
