
WARNING: version mismatch between CFITSIO header (v3.47) and linked library (v4.02).


WARNING: version mismatch between CFITSIO header (v3.47) and linked library (v4.02).


WARNING: version mismatch between CFITSIO header (v3.47) and linked library (v4.02).

2024-09-08 11:03:43,648:INFO:mapsims:Parsing configuration from common.toml, freefree_f1.toml
2024-09-08 11:03:43,649:INFO:mapsims:Parsing channels from ../private/202308_panexp_spt3g/spt_instrument_model.tbl
2024-09-08 11:03:43,652:INFO:mapsims:Channel 95ghz
2024-09-08 11:03:43,685:INFO:mapsims:Beam from ../private/202308_panexp_spt3g/beam_95ghz.tbl
2024-09-08 11:03:43,686:INFO:mapsims:Bandpass from ../private/202308_panexp_spt3g/bandpass_95ghz.tbl
2024-09-08 11:03:43,695:INFO:mapsims:Parsing channels from ../private/202308_panexp_spt3g/spt_instrument_model.tbl
2024-09-08 11:03:43,697:INFO:mapsims:Channel 95ghz
2024-09-08 11:03:43,728:INFO:mapsims:Beam from ../private/202308_panexp_spt3g/beam_95ghz.tbl
2024-09-08 11:03:43,729:INFO:mapsims:Bandpass from ../private/202308_panexp_spt3g/bandpass_95ghz.tbl
2024-09-08 11:03:43,736:INFO:mapsims:Nside: 2048, Modeling Nside: 512, Ellmax: 1280
2024-09-08 11:03:43,738:INFO:mapsims:Initializing the PySM Sky object
2024-09-08 11:03:43,740:INFO:pysm3:Access data from /mnt/sdceph/users/azonca/pysm-data/pysm_2/ff_t_new.fits
2024-09-08 11:03:43,916:INFO:mapsims:Processing channel Channel 95ghz
2024-09-08 11:03:43,916:INFO:mapsims:Bandpass integration for Channel 95ghz
2024-09-08 11:03:45,739:INFO:pysm3:Removing 1/30 points below 1e-10
2024-09-08 11:03:45,752:INFO:mapsims:Smoothing and coord-transform for Channel 95ghz
2024-09-08 11:03:51,559:INFO:pysm3:Used map2alm_lsq, converged in 8 iterations,residual relative error 0.11
2024-09-08 11:03:51,560:INFO:pysm3:Smoothing with a custom isotropic beam
2024-09-08 11:03:51,560:INFO:pysm3:Using the same beam for all components
2024-09-08 11:03:51,573:INFO:pysm3:Using the same beam for all components
2024-09-08 11:03:51,586:INFO:pysm3:Using the same beam for all components
2024-09-08 11:03:51,599:INFO:pysm3:Rotate Alm
2024-09-08 11:03:54,248:INFO:pysm3:Alm to map HEALPix
2024-09-08 11:03:56,883:INFO:mapsims:Writing output map spt_freefree_f1_uKCMB_95ghz_nside2048.fits
2024-09-08 11:03:56,883:INFO:mapsims:Replace NaN with UNSEEN
2024-09-08 11:03:57,112:INFO:mapsims:Reorder ring to nest
2024-09-08 11:04:01,458:INFO:mapsims:Writing output map

real	0m21.264s
user	4m47.000s
sys	1m12.052s
