
WARNING: version mismatch between CFITSIO header (v3.47) and linked library (v4.02).


WARNING: version mismatch between CFITSIO header (v3.47) and linked library (v4.02).


WARNING: version mismatch between CFITSIO header (v3.47) and linked library (v4.02).

2024-09-08 11:10:46,681:INFO:mapsims:Parsing configuration from common.toml, dust_d12.toml
2024-09-08 11:10:46,683:INFO:mapsims:Parsing channels from ../private/202308_panexp_spt3g/spt_instrument_model.tbl
2024-09-08 11:10:46,693:INFO:mapsims:Channel 220ghz
2024-09-08 11:10:46,727:INFO:mapsims:Beam from ../private/202308_panexp_spt3g/beam_220ghz.tbl
2024-09-08 11:10:46,729:INFO:mapsims:Bandpass from ../private/202308_panexp_spt3g/bandpass_220ghz.tbl
2024-09-08 11:10:46,729:INFO:mapsims:Parsing channels from ../private/202308_panexp_spt3g/spt_instrument_model.tbl
2024-09-08 11:10:46,738:INFO:mapsims:Channel 220ghz
2024-09-08 11:10:46,771:INFO:mapsims:Beam from ../private/202308_panexp_spt3g/beam_220ghz.tbl
2024-09-08 11:10:46,773:INFO:mapsims:Bandpass from ../private/202308_panexp_spt3g/bandpass_220ghz.tbl
2024-09-08 11:10:46,773:INFO:mapsims:Nside: 2048, Modeling Nside: 2048, Ellmax: 5120
2024-09-08 11:10:46,774:INFO:mapsims:Initializing the PySM Sky object
2024-09-08 11:10:49,083:INFO:pysm3:Access data from /mnt/sdceph/users/azonca/pysm-data/mkd_dust/2048/thermaldust_ampl1.fits
2024-09-08 11:10:50,494:INFO:pysm3:Access data from /mnt/sdceph/users/azonca/pysm-data/mkd_dust/2048/thermaldust_ampl2.fits
2024-09-08 11:10:51,935:INFO:pysm3:Access data from /mnt/sdceph/users/azonca/pysm-data/mkd_dust/2048/thermaldust_ampl3.fits
2024-09-08 11:10:53,337:INFO:pysm3:Access data from /mnt/sdceph/users/azonca/pysm-data/mkd_dust/2048/thermaldust_ampl4.fits
2024-09-08 11:10:54,736:INFO:pysm3:Access data from /mnt/sdceph/users/azonca/pysm-data/mkd_dust/2048/thermaldust_ampl5.fits
2024-09-08 11:10:56,135:INFO:pysm3:Access data from /mnt/sdceph/users/azonca/pysm-data/mkd_dust/2048/thermaldust_ampl6.fits
2024-09-08 11:11:04,162:INFO:pysm3:Access data from /mnt/sdceph/users/azonca/pysm-data/mkd_dust/2048/thermaldust_specind1.fits
2024-09-08 11:11:04,574:INFO:pysm3:Access data from /mnt/sdceph/users/azonca/pysm-data/mkd_dust/2048/thermaldust_specind2.fits
2024-09-08 11:11:04,987:INFO:pysm3:Access data from /mnt/sdceph/users/azonca/pysm-data/mkd_dust/2048/thermaldust_specind3.fits
2024-09-08 11:11:05,399:INFO:pysm3:Access data from /mnt/sdceph/users/azonca/pysm-data/mkd_dust/2048/thermaldust_specind4.fits
2024-09-08 11:11:05,811:INFO:pysm3:Access data from /mnt/sdceph/users/azonca/pysm-data/mkd_dust/2048/thermaldust_specind5.fits
2024-09-08 11:11:06,231:INFO:pysm3:Access data from /mnt/sdceph/users/azonca/pysm-data/mkd_dust/2048/thermaldust_specind6.fits
2024-09-08 11:11:07,407:INFO:pysm3:Access data from /mnt/sdceph/users/azonca/pysm-data/mkd_dust/2048/thermaldust_temp1.fits
2024-09-08 11:11:07,819:INFO:pysm3:Access data from /mnt/sdceph/users/azonca/pysm-data/mkd_dust/2048/thermaldust_temp2.fits
2024-09-08 11:11:08,230:INFO:pysm3:Access data from /mnt/sdceph/users/azonca/pysm-data/mkd_dust/2048/thermaldust_temp3.fits
2024-09-08 11:11:08,642:INFO:pysm3:Access data from /mnt/sdceph/users/azonca/pysm-data/mkd_dust/2048/thermaldust_temp4.fits
2024-09-08 11:11:09,056:INFO:pysm3:Access data from /mnt/sdceph/users/azonca/pysm-data/mkd_dust/2048/thermaldust_temp5.fits
2024-09-08 11:11:09,472:INFO:pysm3:Access data from /mnt/sdceph/users/azonca/pysm-data/mkd_dust/2048/thermaldust_temp6.fits
2024-09-08 11:11:10,111:INFO:mapsims:Processing channel Channel 220ghz
2024-09-08 11:11:10,111:INFO:mapsims:Bandpass integration for Channel 220ghz
2024-09-08 11:47:12,798:INFO:mapsims:Smoothing and coord-transform for Channel 220ghz
2024-09-08 11:48:42,102:WARNING:pysm3:hp.map2alm_lsq did not converge in 10 iterations, residual relative error is 0.00071
2024-09-08 11:48:42,102:INFO:pysm3:Smoothing with a custom isotropic beam
2024-09-08 11:48:42,102:INFO:pysm3:Using the same beam for all components
2024-09-08 11:48:42,304:INFO:pysm3:Using the same beam for all components
2024-09-08 11:48:42,503:INFO:pysm3:Using the same beam for all components
2024-09-08 11:48:42,702:INFO:pysm3:Rotate Alm
2024-09-08 11:50:04,783:INFO:pysm3:Alm to map HEALPix
2024-09-08 11:50:08,120:INFO:mapsims:Writing output map spt_dust_d12_uKCMB_220ghz_nside2048.fits
2024-09-08 11:50:08,120:INFO:mapsims:Replace NaN with UNSEEN
2024-09-08 11:50:08,339:INFO:mapsims:Reorder ring to nest
2024-09-08 11:50:12,525:INFO:mapsims:Writing output map

real	39m29.333s
user	171m29.747s
sys	14m53.498s
