
WARNING: version mismatch between CFITSIO header (v3.47) and linked library (v4.02).


WARNING: version mismatch between CFITSIO header (v3.47) and linked library (v4.02).


WARNING: version mismatch between CFITSIO header (v3.47) and linked library (v4.02).

2024-09-08 11:16:24,735:INFO:mapsims:Parsing configuration from common.toml, radio_rg1.toml
2024-09-08 11:16:24,736:INFO:mapsims:Parsing channels from ../private/202308_panexp_spt3g/spt_instrument_model.tbl
2024-09-08 11:16:24,746:INFO:mapsims:Channel 220ghz
2024-09-08 11:16:24,779:INFO:mapsims:Beam from ../private/202308_panexp_spt3g/beam_220ghz.tbl
2024-09-08 11:16:24,780:INFO:mapsims:Bandpass from ../private/202308_panexp_spt3g/bandpass_220ghz.tbl
2024-09-08 11:16:24,780:INFO:mapsims:Parsing channels from ../private/202308_panexp_spt3g/spt_instrument_model.tbl
2024-09-08 11:16:24,789:INFO:mapsims:Channel 220ghz
2024-09-08 11:16:24,820:INFO:mapsims:Beam from ../private/202308_panexp_spt3g/beam_220ghz.tbl
2024-09-08 11:16:24,821:INFO:mapsims:Bandpass from ../private/202308_panexp_spt3g/bandpass_220ghz.tbl
2024-09-08 11:16:24,822:INFO:mapsims:Nside: 2048, Modeling Nside: 4096, Ellmax: 5120
2024-09-08 11:16:24,823:INFO:mapsims:Initializing the PySM Sky object
2024-09-08 11:16:25,027:INFO:mapsims:Processing channel Channel 220ghz
2024-09-08 11:16:25,027:INFO:mapsims:Bandpass integration for Channel 220ghz
2024-09-08 11:16:25,262:INFO:pysm3:Frequencies considered: [153. 164. 189. 210. 217. 232. 256. 275. 294. 306.]
2024-09-08 11:16:25,329:INFO:pysm3:Access data from /mnt/sdceph/users/azonca/pysm-data/websky/0.4/radio/radio_0153.0.fits
2024-09-08 11:16:25,329:INFO:pysm3:Reading map /mnt/sdceph/users/azonca/pysm-data/websky/0.4/radio/radio_0153.0.fits
2024-09-08 11:16:25,330:INFO:pysm3:Access data from /mnt/sdceph/users/azonca/pysm-data/websky/0.4/radio/radio_0153.0.fits
2024-09-08 11:16:27,289:INFO:pysm3:Access data from /mnt/sdceph/users/azonca/pysm-data/websky/0.4/radio/radio_0153.0.fits
2024-09-08 11:16:31,750:INFO:pysm3:Mean emission at 153.0 GHz in I: 0.357 uK_RJ
2024-09-08 11:16:31,845:INFO:pysm3:Access data from /mnt/sdceph/users/azonca/pysm-data/websky/0.4/radio/radio_0164.0.fits
2024-09-08 11:16:31,845:INFO:pysm3:Reading map /mnt/sdceph/users/azonca/pysm-data/websky/0.4/radio/radio_0164.0.fits
2024-09-08 11:16:31,846:INFO:pysm3:Access data from /mnt/sdceph/users/azonca/pysm-data/websky/0.4/radio/radio_0164.0.fits
2024-09-08 11:16:33,793:INFO:pysm3:Access data from /mnt/sdceph/users/azonca/pysm-data/websky/0.4/radio/radio_0164.0.fits
2024-09-08 11:16:37,831:INFO:pysm3:Mean emission at 164.0 GHz in I: 0.3017 uK_RJ
2024-09-08 11:16:37,833:INFO:pysm3:Access data from /mnt/sdceph/users/azonca/pysm-data/websky/0.4/radio/radio_0189.0.fits
2024-09-08 11:16:37,833:INFO:pysm3:Reading map /mnt/sdceph/users/azonca/pysm-data/websky/0.4/radio/radio_0189.0.fits
2024-09-08 11:16:37,835:INFO:pysm3:Access data from /mnt/sdceph/users/azonca/pysm-data/websky/0.4/radio/radio_0189.0.fits
2024-09-08 11:16:39,777:INFO:pysm3:Access data from /mnt/sdceph/users/azonca/pysm-data/websky/0.4/radio/radio_0189.0.fits
2024-09-08 11:16:43,814:INFO:pysm3:Mean emission at 189.0 GHz in I: 0.2159 uK_RJ
2024-09-08 11:16:43,816:INFO:pysm3:Access data from /mnt/sdceph/users/azonca/pysm-data/websky/0.4/radio/radio_0210.0.fits
2024-09-08 11:16:43,816:INFO:pysm3:Reading map /mnt/sdceph/users/azonca/pysm-data/websky/0.4/radio/radio_0210.0.fits
2024-09-08 11:16:43,817:INFO:pysm3:Access data from /mnt/sdceph/users/azonca/pysm-data/websky/0.4/radio/radio_0210.0.fits
2024-09-08 11:16:45,758:INFO:pysm3:Access data from /mnt/sdceph/users/azonca/pysm-data/websky/0.4/radio/radio_0210.0.fits
2024-09-08 11:16:49,794:INFO:pysm3:Mean emission at 210.0 GHz in I: 0.1688 uK_RJ
2024-09-08 11:16:49,796:INFO:pysm3:Access data from /mnt/sdceph/users/azonca/pysm-data/websky/0.4/radio/radio_0217.0.fits
2024-09-08 11:16:49,796:INFO:pysm3:Reading map /mnt/sdceph/users/azonca/pysm-data/websky/0.4/radio/radio_0217.0.fits
2024-09-08 11:16:49,799:INFO:pysm3:Access data from /mnt/sdceph/users/azonca/pysm-data/websky/0.4/radio/radio_0217.0.fits
2024-09-08 11:16:55,574:INFO:pysm3:Access data from /mnt/sdceph/users/azonca/pysm-data/websky/0.4/radio/radio_0217.0.fits
2024-09-08 11:16:59,634:INFO:pysm3:Mean emission at 217.0 GHz in I: 0.1564 uK_RJ
2024-09-08 11:16:59,636:INFO:pysm3:Access data from /mnt/sdceph/users/azonca/pysm-data/websky/0.4/radio/radio_0232.0.fits
2024-09-08 11:16:59,636:INFO:pysm3:Reading map /mnt/sdceph/users/azonca/pysm-data/websky/0.4/radio/radio_0232.0.fits
2024-09-08 11:16:59,638:INFO:pysm3:Access data from /mnt/sdceph/users/azonca/pysm-data/websky/0.4/radio/radio_0232.0.fits
2024-09-08 11:17:04,644:INFO:pysm3:Access data from /mnt/sdceph/users/azonca/pysm-data/websky/0.4/radio/radio_0232.0.fits
2024-09-08 11:17:08,626:INFO:pysm3:Mean emission at 232.0 GHz in I: 0.134 uK_RJ
2024-09-08 11:17:08,628:INFO:pysm3:Access data from /mnt/sdceph/users/azonca/pysm-data/websky/0.4/radio/radio_0256.0.fits
2024-09-08 11:17:08,628:INFO:pysm3:Reading map /mnt/sdceph/users/azonca/pysm-data/websky/0.4/radio/radio_0256.0.fits
2024-09-08 11:17:08,630:INFO:pysm3:Access data from /mnt/sdceph/users/azonca/pysm-data/websky/0.4/radio/radio_0256.0.fits
2024-09-08 11:17:13,921:INFO:pysm3:Access data from /mnt/sdceph/users/azonca/pysm-data/websky/0.4/radio/radio_0256.0.fits
2024-09-08 11:17:18,086:INFO:pysm3:Mean emission at 256.0 GHz in I: 0.1068 uK_RJ
2024-09-08 11:17:18,088:INFO:pysm3:Access data from /mnt/sdceph/users/azonca/pysm-data/websky/0.4/radio/radio_0275.0.fits
2024-09-08 11:17:18,088:INFO:pysm3:Reading map /mnt/sdceph/users/azonca/pysm-data/websky/0.4/radio/radio_0275.0.fits
2024-09-08 11:17:18,090:INFO:pysm3:Access data from /mnt/sdceph/users/azonca/pysm-data/websky/0.4/radio/radio_0275.0.fits
2024-09-08 11:17:23,528:INFO:pysm3:Access data from /mnt/sdceph/users/azonca/pysm-data/websky/0.4/radio/radio_0275.0.fits
2024-09-08 11:17:27,594:INFO:pysm3:Mean emission at 275.0 GHz in I: 0.09058 uK_RJ
2024-09-08 11:17:27,596:INFO:pysm3:Access data from /mnt/sdceph/users/azonca/pysm-data/websky/0.4/radio/radio_0294.0.fits
2024-09-08 11:17:27,596:INFO:pysm3:Reading map /mnt/sdceph/users/azonca/pysm-data/websky/0.4/radio/radio_0294.0.fits
2024-09-08 11:17:27,598:INFO:pysm3:Access data from /mnt/sdceph/users/azonca/pysm-data/websky/0.4/radio/radio_0294.0.fits
2024-09-08 11:17:33,503:INFO:pysm3:Access data from /mnt/sdceph/users/azonca/pysm-data/websky/0.4/radio/radio_0294.0.fits
2024-09-08 11:17:37,634:INFO:pysm3:Mean emission at 294.0 GHz in I: 0.07775 uK_RJ
2024-09-08 11:17:37,637:INFO:pysm3:Access data from /mnt/sdceph/users/azonca/pysm-data/websky/0.4/radio/radio_0306.0.fits
2024-09-08 11:17:37,637:INFO:pysm3:Reading map /mnt/sdceph/users/azonca/pysm-data/websky/0.4/radio/radio_0306.0.fits
2024-09-08 11:17:37,638:INFO:pysm3:Access data from /mnt/sdceph/users/azonca/pysm-data/websky/0.4/radio/radio_0306.0.fits
2024-09-08 11:17:42,710:INFO:pysm3:Access data from /mnt/sdceph/users/azonca/pysm-data/websky/0.4/radio/radio_0306.0.fits
2024-09-08 11:17:46,977:INFO:pysm3:Mean emission at 306.0 GHz in I: 0.07098 uK_RJ
2024-09-08 11:20:33,812:INFO:mapsims:Smoothing and coord-transform for Channel 220ghz
2024-09-08 11:20:33,814:INFO:pysm3:Using map2alm with pixel weights
2024-09-08 11:20:40,910:INFO:pysm3:Smoothing with a custom isotropic beam
2024-09-08 11:20:40,911:INFO:pysm3:Using the same beam for all components
2024-09-08 11:20:41,112:INFO:pysm3:Using the same beam for all components
2024-09-08 11:20:41,313:INFO:pysm3:Using the same beam for all components
2024-09-08 11:20:41,514:INFO:pysm3:Rotate Alm
2024-09-08 11:22:01,409:INFO:pysm3:Alm to map HEALPix
2024-09-08 11:22:04,763:INFO:mapsims:Writing output map spt_radio_rg1_uKCMB_220ghz_nside2048.fits
2024-09-08 11:22:04,763:INFO:mapsims:Replace NaN with UNSEEN
2024-09-08 11:22:04,988:INFO:mapsims:Reorder ring to nest
2024-09-08 11:22:09,131:INFO:mapsims:Writing output map

real	5m47.867s
user	68m14.388s
sys	1m49.072s
