
WARNING: version mismatch between CFITSIO header (v3.47) and linked library (v4.02).


WARNING: version mismatch between CFITSIO header (v3.47) and linked library (v4.02).


WARNING: version mismatch between CFITSIO header (v3.47) and linked library (v4.02).

2024-09-08 11:12:27,766:INFO:mapsims:Parsing configuration from common.toml, synchrotron_s5.toml
2024-09-08 11:12:27,767:INFO:mapsims:Parsing channels from ../private/202308_panexp_spt3g/spt_instrument_model.tbl
2024-09-08 11:12:27,770:INFO:mapsims:Channel 95ghz
2024-09-08 11:12:27,803:INFO:mapsims:Beam from ../private/202308_panexp_spt3g/beam_95ghz.tbl
2024-09-08 11:12:27,805:INFO:mapsims:Bandpass from ../private/202308_panexp_spt3g/bandpass_95ghz.tbl
2024-09-08 11:12:27,813:INFO:mapsims:Parsing channels from ../private/202308_panexp_spt3g/spt_instrument_model.tbl
2024-09-08 11:12:27,815:INFO:mapsims:Channel 95ghz
2024-09-08 11:12:27,846:INFO:mapsims:Beam from ../private/202308_panexp_spt3g/beam_95ghz.tbl
2024-09-08 11:12:27,847:INFO:mapsims:Bandpass from ../private/202308_panexp_spt3g/bandpass_95ghz.tbl
2024-09-08 11:12:27,855:INFO:mapsims:Nside: 2048, Modeling Nside: 4096, Ellmax: 5120
2024-09-08 11:12:27,857:INFO:mapsims:Initializing the PySM Sky object
2024-09-08 11:12:27,859:INFO:pysm3:Access data from /mnt/sdceph/users/azonca/pysm-data/synch/synch_template_nside4096_2023.02.25.fits
2024-09-08 11:12:32,713:INFO:pysm3:Retrieve data for synch/synch_beta_nside4096_2023.02.16.fits (if not cached already)
2024-09-08 11:12:34,113:INFO:mapsims:Processing channel Channel 95ghz
2024-09-08 11:12:34,113:INFO:mapsims:Bandpass integration for Channel 95ghz
2024-09-08 11:14:00,478:INFO:pysm3:Removing 1/30 points below 1e-10
2024-09-08 11:14:01,203:INFO:mapsims:Smoothing and coord-transform for Channel 95ghz
2024-09-08 11:14:01,205:INFO:pysm3:Using map2alm with pixel weights
2024-09-08 11:14:07,976:INFO:pysm3:Smoothing with a custom isotropic beam
2024-09-08 11:14:07,976:INFO:pysm3:Using the same beam for all components
2024-09-08 11:14:08,177:INFO:pysm3:Using the same beam for all components
2024-09-08 11:14:08,378:INFO:pysm3:Using the same beam for all components
2024-09-08 11:14:08,579:INFO:pysm3:Rotate Alm
2024-09-08 11:15:35,392:INFO:pysm3:Alm to map HEALPix
2024-09-08 11:15:38,655:INFO:mapsims:Writing output map spt_synchrotron_s5_uKCMB_95ghz_nside2048.fits
2024-09-08 11:15:38,655:INFO:mapsims:Replace NaN with UNSEEN
2024-09-08 11:15:38,840:INFO:mapsims:Reorder ring to nest
2024-09-08 11:15:42,980:INFO:mapsims:Writing output map

real	3m18.591s
user	82m30.075s
sys	1m38.688s
