
WARNING: version mismatch between CFITSIO header (v3.47) and linked library (v4.02).


WARNING: version mismatch between CFITSIO header (v3.47) and linked library (v4.02).


WARNING: version mismatch between CFITSIO header (v3.47) and linked library (v4.02).

2024-09-08 11:04:11,420:INFO:mapsims:Parsing configuration from common.toml, cib_cib1.toml
2024-09-08 11:04:11,422:INFO:mapsims:Parsing channels from ../private/202308_panexp_spt3g/spt_instrument_model.tbl
2024-09-08 11:04:11,429:INFO:mapsims:Channel 150ghz
2024-09-08 11:04:11,462:INFO:mapsims:Beam from ../private/202308_panexp_spt3g/beam_150ghz.tbl
2024-09-08 11:04:11,464:INFO:mapsims:Bandpass from ../private/202308_panexp_spt3g/bandpass_150ghz.tbl
2024-09-08 11:04:11,468:INFO:mapsims:Parsing channels from ../private/202308_panexp_spt3g/spt_instrument_model.tbl
2024-09-08 11:04:11,473:INFO:mapsims:Channel 150ghz
2024-09-08 11:04:11,505:INFO:mapsims:Beam from ../private/202308_panexp_spt3g/beam_150ghz.tbl
2024-09-08 11:04:11,506:INFO:mapsims:Bandpass from ../private/202308_panexp_spt3g/bandpass_150ghz.tbl
2024-09-08 11:04:11,546:INFO:mapsims:Nside: 2048, Modeling Nside: 4096, Ellmax: 5120
2024-09-08 11:04:11,546:INFO:mapsims:Initializing the PySM Sky object
2024-09-08 11:04:11,720:INFO:mapsims:Processing channel Channel 150ghz
2024-09-08 11:04:11,720:INFO:mapsims:Bandpass integration for Channel 150ghz
2024-09-08 11:04:11,958:INFO:pysm3:Frequencies considered: [100. 111. 129. 143. 153. 164. 189. 210.]
2024-09-08 11:04:12,025:INFO:pysm3:Access data from /mnt/sdceph/users/azonca/pysm-data/websky/0.4/cib/cib_0100.0.fits
2024-09-08 11:04:12,025:INFO:pysm3:Reading map /mnt/sdceph/users/azonca/pysm-data/websky/0.4/cib/cib_0100.0.fits
2024-09-08 11:04:12,027:INFO:pysm3:Access data from /mnt/sdceph/users/azonca/pysm-data/websky/0.4/cib/cib_0100.0.fits
2024-09-08 11:04:14,139:INFO:pysm3:Access data from /mnt/sdceph/users/azonca/pysm-data/websky/0.4/cib/cib_0100.0.fits
2024-09-08 11:04:18,976:INFO:pysm3:Mean emission at 100.0 GHz in I: 11.66 uK_RJ
2024-09-08 11:04:19,071:INFO:pysm3:Access data from /mnt/sdceph/users/azonca/pysm-data/websky/0.4/cib/cib_0111.0.fits
2024-09-08 11:04:19,072:INFO:pysm3:Reading map /mnt/sdceph/users/azonca/pysm-data/websky/0.4/cib/cib_0111.0.fits
2024-09-08 11:04:19,073:INFO:pysm3:Access data from /mnt/sdceph/users/azonca/pysm-data/websky/0.4/cib/cib_0111.0.fits
2024-09-08 11:04:21,172:INFO:pysm3:Access data from /mnt/sdceph/users/azonca/pysm-data/websky/0.4/cib/cib_0111.0.fits
2024-09-08 11:04:25,529:INFO:pysm3:Mean emission at 111.0 GHz in I: 13.31 uK_RJ
2024-09-08 11:04:25,530:INFO:pysm3:Access data from /mnt/sdceph/users/azonca/pysm-data/websky/0.4/cib/cib_0129.0.fits
2024-09-08 11:04:25,531:INFO:pysm3:Reading map /mnt/sdceph/users/azonca/pysm-data/websky/0.4/cib/cib_0129.0.fits
2024-09-08 11:04:25,533:INFO:pysm3:Access data from /mnt/sdceph/users/azonca/pysm-data/websky/0.4/cib/cib_0129.0.fits
2024-09-08 11:04:27,636:INFO:pysm3:Access data from /mnt/sdceph/users/azonca/pysm-data/websky/0.4/cib/cib_0129.0.fits
2024-09-08 11:04:31,996:INFO:pysm3:Mean emission at 129.0 GHz in I: 15.97 uK_RJ
2024-09-08 11:04:31,998:INFO:pysm3:Access data from /mnt/sdceph/users/azonca/pysm-data/websky/0.4/cib/cib_0143.0.fits
2024-09-08 11:04:31,998:INFO:pysm3:Reading map /mnt/sdceph/users/azonca/pysm-data/websky/0.4/cib/cib_0143.0.fits
2024-09-08 11:04:32,000:INFO:pysm3:Access data from /mnt/sdceph/users/azonca/pysm-data/websky/0.4/cib/cib_0143.0.fits
2024-09-08 11:04:34,092:INFO:pysm3:Access data from /mnt/sdceph/users/azonca/pysm-data/websky/0.4/cib/cib_0143.0.fits
2024-09-08 11:04:38,519:INFO:pysm3:Mean emission at 143.0 GHz in I: 17.98 uK_RJ
2024-09-08 11:04:38,521:INFO:pysm3:Access data from /mnt/sdceph/users/azonca/pysm-data/websky/0.4/cib/cib_0153.0.fits
2024-09-08 11:04:38,521:INFO:pysm3:Reading map /mnt/sdceph/users/azonca/pysm-data/websky/0.4/cib/cib_0153.0.fits
2024-09-08 11:04:38,523:INFO:pysm3:Access data from /mnt/sdceph/users/azonca/pysm-data/websky/0.4/cib/cib_0153.0.fits
2024-09-08 11:04:40,615:INFO:pysm3:Access data from /mnt/sdceph/users/azonca/pysm-data/websky/0.4/cib/cib_0153.0.fits
2024-09-08 11:04:45,045:INFO:pysm3:Mean emission at 153.0 GHz in I: 19.36 uK_RJ
2024-09-08 11:04:45,047:INFO:pysm3:Access data from /mnt/sdceph/users/azonca/pysm-data/websky/0.4/cib/cib_0164.0.fits
2024-09-08 11:04:45,047:INFO:pysm3:Reading map /mnt/sdceph/users/azonca/pysm-data/websky/0.4/cib/cib_0164.0.fits
2024-09-08 11:04:45,048:INFO:pysm3:Access data from /mnt/sdceph/users/azonca/pysm-data/websky/0.4/cib/cib_0164.0.fits
2024-09-08 11:04:47,142:INFO:pysm3:Access data from /mnt/sdceph/users/azonca/pysm-data/websky/0.4/cib/cib_0164.0.fits
2024-09-08 11:04:51,582:INFO:pysm3:Mean emission at 164.0 GHz in I: 20.82 uK_RJ
2024-09-08 11:04:51,584:INFO:pysm3:Access data from /mnt/sdceph/users/azonca/pysm-data/websky/0.4/cib/cib_0189.0.fits
2024-09-08 11:04:51,584:INFO:pysm3:Reading map /mnt/sdceph/users/azonca/pysm-data/websky/0.4/cib/cib_0189.0.fits
2024-09-08 11:04:51,586:INFO:pysm3:Access data from /mnt/sdceph/users/azonca/pysm-data/websky/0.4/cib/cib_0189.0.fits
2024-09-08 11:04:53,701:INFO:pysm3:Access data from /mnt/sdceph/users/azonca/pysm-data/websky/0.4/cib/cib_0189.0.fits
2024-09-08 11:04:58,064:INFO:pysm3:Mean emission at 189.0 GHz in I: 23.88 uK_RJ
2024-09-08 11:04:58,066:INFO:pysm3:Access data from /mnt/sdceph/users/azonca/pysm-data/websky/0.4/cib/cib_0210.0.fits
2024-09-08 11:04:58,066:INFO:pysm3:Reading map /mnt/sdceph/users/azonca/pysm-data/websky/0.4/cib/cib_0210.0.fits
2024-09-08 11:04:58,068:INFO:pysm3:Access data from /mnt/sdceph/users/azonca/pysm-data/websky/0.4/cib/cib_0210.0.fits
2024-09-08 11:05:00,167:INFO:pysm3:Access data from /mnt/sdceph/users/azonca/pysm-data/websky/0.4/cib/cib_0210.0.fits
2024-09-08 11:05:04,593:INFO:pysm3:Mean emission at 210.0 GHz in I: 26.14 uK_RJ
2024-09-08 11:06:57,139:INFO:pysm3:Removing 2/47 points below 1e-10
2024-09-08 11:06:57,857:INFO:mapsims:Smoothing and coord-transform for Channel 150ghz
2024-09-08 11:06:57,859:INFO:pysm3:Using map2alm with pixel weights
2024-09-08 11:07:04,975:INFO:pysm3:Smoothing with a custom isotropic beam
2024-09-08 11:07:04,975:INFO:pysm3:Using the same beam for all components
2024-09-08 11:07:05,175:INFO:pysm3:Using the same beam for all components
2024-09-08 11:07:05,377:INFO:pysm3:Using the same beam for all components
2024-09-08 11:07:05,577:INFO:pysm3:Rotate Alm
2024-09-08 11:08:20,217:INFO:pysm3:Alm to map HEALPix
2024-09-08 11:08:23,560:INFO:mapsims:Writing output map spt_cib_cib1_uKCMB_150ghz_nside2048.fits
2024-09-08 11:08:23,560:INFO:mapsims:Replace NaN with UNSEEN
2024-09-08 11:08:23,785:INFO:mapsims:Reorder ring to nest
2024-09-08 11:08:27,847:INFO:mapsims:Writing output map

real	4m19.892s
user	63m27.053s
sys	1m21.530s
