
WARNING: version mismatch between CFITSIO header (v3.47) and linked library (v4.02).


WARNING: version mismatch between CFITSIO header (v3.47) and linked library (v4.02).


WARNING: version mismatch between CFITSIO header (v3.47) and linked library (v4.02).

2024-09-08 10:58:20,911:INFO:mapsims:Parsing configuration from common.toml, synchrotron_s7.toml
2024-09-08 10:58:20,913:INFO:mapsims:Parsing channels from ../private/202308_panexp_spt3g/spt_instrument_model.tbl
2024-09-08 10:58:20,917:INFO:mapsims:Channel 95ghz
2024-09-08 10:58:20,952:INFO:mapsims:Beam from ../private/202308_panexp_spt3g/beam_95ghz.tbl
2024-09-08 10:58:20,954:INFO:mapsims:Bandpass from ../private/202308_panexp_spt3g/bandpass_95ghz.tbl
2024-09-08 10:58:20,964:INFO:mapsims:Parsing channels from ../private/202308_panexp_spt3g/spt_instrument_model.tbl
2024-09-08 10:58:20,965:INFO:mapsims:Channel 95ghz
2024-09-08 10:58:20,997:INFO:mapsims:Beam from ../private/202308_panexp_spt3g/beam_95ghz.tbl
2024-09-08 10:58:20,998:INFO:mapsims:Bandpass from ../private/202308_panexp_spt3g/bandpass_95ghz.tbl
2024-09-08 10:58:21,005:INFO:mapsims:Nside: 2048, Modeling Nside: 4096, Ellmax: 5120
2024-09-08 10:58:21,007:INFO:mapsims:Initializing the PySM Sky object
2024-09-08 10:58:21,009:INFO:pysm3:Access data from /mnt/sdceph/users/azonca/pysm-data/synch/synch_template_nside4096_2023.02.25.fits
2024-09-08 10:58:26,068:INFO:pysm3:Retrieve data for synch/synch_beta_nside4096_2023.02.16.fits (if not cached already)
2024-09-08 10:58:27,443:INFO:pysm3:Retrieve data for synch/synch_curvature_nside4096_2023.02.17.fits (if not cached already)
2024-09-08 10:58:28,772:INFO:mapsims:Processing channel Channel 95ghz
2024-09-08 10:58:28,772:INFO:mapsims:Bandpass integration for Channel 95ghz
2024-09-08 11:00:03,129:INFO:pysm3:Removing 1/30 points below 1e-10
2024-09-08 11:00:03,861:INFO:mapsims:Smoothing and coord-transform for Channel 95ghz
2024-09-08 11:00:03,863:INFO:pysm3:Using map2alm with pixel weights
2024-09-08 11:00:10,813:INFO:pysm3:Smoothing with a custom isotropic beam
2024-09-08 11:00:10,813:INFO:pysm3:Using the same beam for all components
2024-09-08 11:00:11,013:INFO:pysm3:Using the same beam for all components
2024-09-08 11:00:11,217:INFO:pysm3:Using the same beam for all components
2024-09-08 11:00:11,416:INFO:pysm3:Rotate Alm
2024-09-08 11:01:29,924:INFO:pysm3:Alm to map HEALPix
2024-09-08 11:01:33,340:INFO:mapsims:Writing output map spt_synchrotron_s7_uKCMB_95ghz_nside2048.fits
2024-09-08 11:01:33,340:INFO:mapsims:Replace NaN with UNSEEN
2024-09-08 11:01:33,536:INFO:mapsims:Reorder ring to nest
2024-09-08 11:01:38,917:INFO:mapsims:Writing output map

real	3m21.518s
user	82m18.918s
sys	1m47.841s
