
WARNING: version mismatch between CFITSIO header (v3.47) and linked library (v4.02).


WARNING: version mismatch between CFITSIO header (v3.47) and linked library (v4.02).


WARNING: version mismatch between CFITSIO header (v3.47) and linked library (v4.02).

2024-09-08 10:58:20,909:INFO:mapsims:Parsing configuration from common.toml, synchrotron_s4.toml
2024-09-08 10:58:20,910:INFO:mapsims:Parsing channels from ../private/202308_panexp_spt3g/spt_instrument_model.tbl
2024-09-08 10:58:20,918:INFO:mapsims:Channel 150ghz
2024-09-08 10:58:20,953:INFO:mapsims:Beam from ../private/202308_panexp_spt3g/beam_150ghz.tbl
2024-09-08 10:58:20,955:INFO:mapsims:Bandpass from ../private/202308_panexp_spt3g/bandpass_150ghz.tbl
2024-09-08 10:58:20,959:INFO:mapsims:Parsing channels from ../private/202308_panexp_spt3g/spt_instrument_model.tbl
2024-09-08 10:58:20,964:INFO:mapsims:Channel 150ghz
2024-09-08 10:58:20,995:INFO:mapsims:Beam from ../private/202308_panexp_spt3g/beam_150ghz.tbl
2024-09-08 10:58:20,997:INFO:mapsims:Bandpass from ../private/202308_panexp_spt3g/bandpass_150ghz.tbl
2024-09-08 10:58:21,037:INFO:mapsims:Nside: 2048, Modeling Nside: 4096, Ellmax: 5120
2024-09-08 10:58:21,038:INFO:mapsims:Initializing the PySM Sky object
2024-09-08 10:58:21,040:INFO:pysm3:Access data from /mnt/sdceph/users/azonca/pysm-data/synch/synch_template_nside4096_2023.02.25.fits
2024-09-08 10:58:25,899:INFO:mapsims:Processing channel Channel 150ghz
2024-09-08 10:58:25,899:INFO:mapsims:Bandpass integration for Channel 150ghz
2024-09-08 11:00:20,140:INFO:pysm3:Removing 2/47 points below 1e-10
2024-09-08 11:00:20,870:INFO:mapsims:Smoothing and coord-transform for Channel 150ghz
2024-09-08 11:00:20,872:INFO:pysm3:Using map2alm with pixel weights
2024-09-08 11:00:27,687:INFO:pysm3:Smoothing with a custom isotropic beam
2024-09-08 11:00:27,688:INFO:pysm3:Using the same beam for all components
2024-09-08 11:00:27,887:INFO:pysm3:Using the same beam for all components
2024-09-08 11:00:28,092:INFO:pysm3:Using the same beam for all components
2024-09-08 11:00:28,292:INFO:pysm3:Rotate Alm
2024-09-08 11:02:04,955:INFO:pysm3:Alm to map HEALPix
2024-09-08 11:02:08,198:INFO:mapsims:Writing output map spt_synchrotron_s4_uKCMB_150ghz_nside2048.fits
2024-09-08 11:02:08,198:INFO:mapsims:Replace NaN with UNSEEN
2024-09-08 11:02:08,382:INFO:mapsims:Reorder ring to nest
2024-09-08 11:02:12,284:INFO:mapsims:Writing output map

real	3m54.769s
user	81m45.121s
sys	2m29.610s
