
WARNING: version mismatch between CFITSIO header (v3.47) and linked library (v4.02).


WARNING: version mismatch between CFITSIO header (v3.47) and linked library (v4.02).


WARNING: version mismatch between CFITSIO header (v3.47) and linked library (v4.02).

2024-09-08 11:10:34,198:INFO:mapsims:Parsing configuration from common.toml, dust_d12.toml
2024-09-08 11:10:34,200:INFO:mapsims:Parsing channels from ../private/202308_panexp_spt3g/spt_instrument_model.tbl
2024-09-08 11:10:34,207:INFO:mapsims:Channel 150ghz
2024-09-08 11:10:34,241:INFO:mapsims:Beam from ../private/202308_panexp_spt3g/beam_150ghz.tbl
2024-09-08 11:10:34,243:INFO:mapsims:Bandpass from ../private/202308_panexp_spt3g/bandpass_150ghz.tbl
2024-09-08 11:10:34,247:INFO:mapsims:Parsing channels from ../private/202308_panexp_spt3g/spt_instrument_model.tbl
2024-09-08 11:10:34,252:INFO:mapsims:Channel 150ghz
2024-09-08 11:10:34,283:INFO:mapsims:Beam from ../private/202308_panexp_spt3g/beam_150ghz.tbl
2024-09-08 11:10:34,285:INFO:mapsims:Bandpass from ../private/202308_panexp_spt3g/bandpass_150ghz.tbl
2024-09-08 11:10:34,326:INFO:mapsims:Nside: 2048, Modeling Nside: 2048, Ellmax: 5120
2024-09-08 11:10:34,327:INFO:mapsims:Initializing the PySM Sky object
2024-09-08 11:10:36,717:INFO:pysm3:Access data from /mnt/sdceph/users/azonca/pysm-data/mkd_dust/2048/thermaldust_ampl1.fits
2024-09-08 11:10:39,673:INFO:pysm3:Access data from /mnt/sdceph/users/azonca/pysm-data/mkd_dust/2048/thermaldust_ampl2.fits
2024-09-08 11:10:42,253:INFO:pysm3:Access data from /mnt/sdceph/users/azonca/pysm-data/mkd_dust/2048/thermaldust_ampl3.fits
2024-09-08 11:10:44,957:INFO:pysm3:Access data from /mnt/sdceph/users/azonca/pysm-data/mkd_dust/2048/thermaldust_ampl4.fits
2024-09-08 11:10:47,563:INFO:pysm3:Access data from /mnt/sdceph/users/azonca/pysm-data/mkd_dust/2048/thermaldust_ampl5.fits
2024-09-08 11:10:50,266:INFO:pysm3:Access data from /mnt/sdceph/users/azonca/pysm-data/mkd_dust/2048/thermaldust_ampl6.fits
2024-09-08 11:10:59,564:INFO:pysm3:Access data from /mnt/sdceph/users/azonca/pysm-data/mkd_dust/2048/thermaldust_specind1.fits
2024-09-08 11:11:00,475:INFO:pysm3:Access data from /mnt/sdceph/users/azonca/pysm-data/mkd_dust/2048/thermaldust_specind2.fits
2024-09-08 11:11:01,301:INFO:pysm3:Access data from /mnt/sdceph/users/azonca/pysm-data/mkd_dust/2048/thermaldust_specind3.fits
2024-09-08 11:11:02,194:INFO:pysm3:Access data from /mnt/sdceph/users/azonca/pysm-data/mkd_dust/2048/thermaldust_specind4.fits
2024-09-08 11:11:03,180:INFO:pysm3:Access data from /mnt/sdceph/users/azonca/pysm-data/mkd_dust/2048/thermaldust_specind5.fits
2024-09-08 11:11:04,042:INFO:pysm3:Access data from /mnt/sdceph/users/azonca/pysm-data/mkd_dust/2048/thermaldust_specind6.fits
2024-09-08 11:11:06,141:INFO:pysm3:Access data from /mnt/sdceph/users/azonca/pysm-data/mkd_dust/2048/thermaldust_temp1.fits
2024-09-08 11:11:07,044:INFO:pysm3:Access data from /mnt/sdceph/users/azonca/pysm-data/mkd_dust/2048/thermaldust_temp2.fits
2024-09-08 11:11:07,937:INFO:pysm3:Access data from /mnt/sdceph/users/azonca/pysm-data/mkd_dust/2048/thermaldust_temp3.fits
2024-09-08 11:11:08,997:INFO:pysm3:Access data from /mnt/sdceph/users/azonca/pysm-data/mkd_dust/2048/thermaldust_temp4.fits
2024-09-08 11:11:10,032:INFO:pysm3:Access data from /mnt/sdceph/users/azonca/pysm-data/mkd_dust/2048/thermaldust_temp5.fits
2024-09-08 11:11:11,575:INFO:pysm3:Access data from /mnt/sdceph/users/azonca/pysm-data/mkd_dust/2048/thermaldust_temp6.fits
2024-09-08 11:11:15,103:INFO:mapsims:Processing channel Channel 150ghz
2024-09-08 11:11:15,104:INFO:mapsims:Bandpass integration for Channel 150ghz
2024-09-08 11:34:09,287:INFO:pysm3:Removing 2/47 points below 1e-10
2024-09-08 11:34:09,654:INFO:mapsims:Smoothing and coord-transform for Channel 150ghz
2024-09-08 11:35:38,708:WARNING:pysm3:hp.map2alm_lsq did not converge in 10 iterations, residual relative error is 0.00093
2024-09-08 11:35:38,709:INFO:pysm3:Smoothing with a custom isotropic beam
2024-09-08 11:35:38,710:INFO:pysm3:Using the same beam for all components
2024-09-08 11:35:38,910:INFO:pysm3:Using the same beam for all components
2024-09-08 11:35:39,108:INFO:pysm3:Using the same beam for all components
2024-09-08 11:35:39,306:INFO:pysm3:Rotate Alm
2024-09-08 11:37:10,218:INFO:pysm3:Alm to map HEALPix
2024-09-08 11:37:13,473:INFO:mapsims:Writing output map spt_dust_d12_uKCMB_150ghz_nside2048.fits
2024-09-08 11:37:13,473:INFO:mapsims:Replace NaN with UNSEEN
2024-09-08 11:37:13,653:INFO:mapsims:Reorder ring to nest
2024-09-08 11:37:17,722:INFO:mapsims:Writing output map

real	26m46.925s
user	148m8.684s
sys	11m15.729s
