
WARNING: version mismatch between CFITSIO header (v3.47) and linked library (v4.02).


WARNING: version mismatch between CFITSIO header (v3.47) and linked library (v4.02).


WARNING: version mismatch between CFITSIO header (v3.47) and linked library (v4.02).

2024-09-08 10:58:20,874:INFO:mapsims:Parsing configuration from common.toml, co_co1.toml
2024-09-08 10:58:20,875:INFO:mapsims:Parsing channels from ../private/202308_panexp_spt3g/spt_instrument_model.tbl
2024-09-08 10:58:20,886:INFO:mapsims:Channel 220ghz
2024-09-08 10:58:20,921:INFO:mapsims:Beam from ../private/202308_panexp_spt3g/beam_220ghz.tbl
2024-09-08 10:58:20,924:INFO:mapsims:Bandpass from ../private/202308_panexp_spt3g/bandpass_220ghz.tbl
2024-09-08 10:58:20,924:INFO:mapsims:Parsing channels from ../private/202308_panexp_spt3g/spt_instrument_model.tbl
2024-09-08 10:58:20,933:INFO:mapsims:Channel 220ghz
2024-09-08 10:58:20,965:INFO:mapsims:Beam from ../private/202308_panexp_spt3g/beam_220ghz.tbl
2024-09-08 10:58:20,966:INFO:mapsims:Bandpass from ../private/202308_panexp_spt3g/bandpass_220ghz.tbl
2024-09-08 10:58:20,967:INFO:mapsims:Nside: 2048, Modeling Nside: 2048, Ellmax: 5120
2024-09-08 10:58:20,968:INFO:mapsims:Initializing the PySM Sky object
2024-09-08 10:58:20,970:INFO:pysm3:Access data from /mnt/sdceph/users/azonca/pysm-data/co/HFI_CompMap_CO-Type1_2048_R2.00_ring.fits
2024-09-08 10:58:20,971:INFO:pysm3:Access data from /mnt/sdceph/users/azonca/pysm-data/co/HFI_CompMap_CO-Type1_2048_R2.00_ring.fits
2024-09-08 10:58:37,594:INFO:mapsims:Processing channel Channel 220ghz
2024-09-08 10:58:37,594:INFO:mapsims:Bandpass integration for Channel 220ghz
2024-09-08 10:58:39,213:INFO:mapsims:Smoothing and coord-transform for Channel 220ghz
2024-09-08 11:00:08,226:WARNING:pysm3:hp.map2alm_lsq did not converge in 10 iterations, residual relative error is 0.48
2024-09-08 11:00:08,226:INFO:pysm3:Smoothing with a custom isotropic beam
2024-09-08 11:00:08,226:INFO:pysm3:Using the same beam for all components
2024-09-08 11:00:08,428:INFO:pysm3:Using the same beam for all components
2024-09-08 11:00:08,627:INFO:pysm3:Using the same beam for all components
2024-09-08 11:00:08,826:INFO:pysm3:Rotate Alm
2024-09-08 11:01:26,018:INFO:pysm3:Alm to map HEALPix
2024-09-08 11:01:29,285:INFO:mapsims:Writing output map spt_co_co1_uKCMB_220ghz_nside2048.fits
2024-09-08 11:01:29,286:INFO:mapsims:Replace NaN with UNSEEN
2024-09-08 11:01:29,475:INFO:mapsims:Reorder ring to nest
2024-09-08 11:01:33,661:INFO:mapsims:Writing output map

real	3m16.063s
user	80m40.994s
sys	3m20.297s
