
WARNING: version mismatch between CFITSIO header (v3.47) and linked library (v4.02).


WARNING: version mismatch between CFITSIO header (v3.47) and linked library (v4.02).


WARNING: version mismatch between CFITSIO header (v3.47) and linked library (v4.02).

2024-09-08 11:08:34,532:INFO:mapsims:Parsing configuration from common.toml, cmb_c3.toml
2024-09-08 11:08:34,534:INFO:mapsims:Parsing channels from ../private/202308_panexp_spt3g/spt_instrument_model.tbl
2024-09-08 11:08:34,536:INFO:mapsims:Channel 95ghz
2024-09-08 11:08:34,570:INFO:mapsims:Beam from ../private/202308_panexp_spt3g/beam_95ghz.tbl
2024-09-08 11:08:34,571:INFO:mapsims:Bandpass from ../private/202308_panexp_spt3g/bandpass_95ghz.tbl
2024-09-08 11:08:34,580:INFO:mapsims:Parsing channels from ../private/202308_panexp_spt3g/spt_instrument_model.tbl
2024-09-08 11:08:34,582:INFO:mapsims:Channel 95ghz
2024-09-08 11:08:34,613:INFO:mapsims:Beam from ../private/202308_panexp_spt3g/beam_95ghz.tbl
2024-09-08 11:08:34,615:INFO:mapsims:Bandpass from ../private/202308_panexp_spt3g/bandpass_95ghz.tbl
2024-09-08 11:08:34,622:INFO:mapsims:Nside: 2048, Modeling Nside: 4096, Ellmax: 5120
2024-09-08 11:08:34,624:INFO:mapsims:Initializing the PySM Sky object
2024-09-08 11:08:34,626:INFO:pysm3:Access data from /mnt/sdceph/users/azonca/pysm-data/websky/0.4/cmb/map_I_unlensed_alm_seed1_nside4096.fits
2024-09-08 11:08:34,628:INFO:pysm3:Access data from /mnt/sdceph/users/azonca/pysm-data/websky/0.4/cmb/map_Q_unlensed_alm_seed1_nside4096.fits
2024-09-08 11:08:34,629:INFO:pysm3:Access data from /mnt/sdceph/users/azonca/pysm-data/websky/0.4/cmb/map_U_unlensed_alm_seed1_nside4096.fits
2024-09-08 11:08:34,630:INFO:pysm3:Access data from /mnt/sdceph/users/azonca/pysm-data/websky/0.4/cmb/map_I_unlensed_alm_seed1_nside4096.fits
2024-09-08 11:08:37,270:INFO:pysm3:Access data from /mnt/sdceph/users/azonca/pysm-data/websky/0.4/cmb/map_Q_unlensed_alm_seed1_nside4096.fits
2024-09-08 11:08:40,384:INFO:pysm3:Access data from /mnt/sdceph/users/azonca/pysm-data/websky/0.4/cmb/map_U_unlensed_alm_seed1_nside4096.fits
2024-09-08 11:08:43,795:INFO:mapsims:Processing channel Channel 95ghz
2024-09-08 11:08:43,796:INFO:mapsims:Bandpass integration for Channel 95ghz
2024-09-08 11:08:43,798:INFO:pysm3:Removing 1/30 points below 1e-10
2024-09-08 11:08:45,659:INFO:pysm3:Removing 1/30 points below 1e-10
2024-09-08 11:08:46,367:INFO:mapsims:Smoothing and coord-transform for Channel 95ghz
2024-09-08 11:08:46,369:INFO:pysm3:Using map2alm with pixel weights
2024-09-08 11:08:53,339:INFO:pysm3:Smoothing with a custom isotropic beam
2024-09-08 11:08:53,339:INFO:pysm3:Using the same beam for all components
2024-09-08 11:08:53,541:INFO:pysm3:Using the same beam for all components
2024-09-08 11:08:53,742:INFO:pysm3:Using the same beam for all components
2024-09-08 11:08:53,943:INFO:pysm3:Rotate Alm
2024-09-08 11:10:19,931:INFO:pysm3:Alm to map HEALPix
2024-09-08 11:10:23,256:INFO:mapsims:Writing output map spt_cmb_c3_uKCMB_95ghz_nside2048.fits
2024-09-08 11:10:23,257:INFO:mapsims:Replace NaN with UNSEEN
2024-09-08 11:10:23,476:INFO:mapsims:Reorder ring to nest
2024-09-08 11:10:27,621:INFO:mapsims:Writing output map

real	1m56.455s
user	70m2.027s
sys	0m16.187s
