
WARNING: version mismatch between CFITSIO header (v3.47) and linked library (v4.02).


WARNING: version mismatch between CFITSIO header (v3.47) and linked library (v4.02).


WARNING: version mismatch between CFITSIO header (v3.47) and linked library (v4.02).

2024-09-08 11:02:38,932:INFO:mapsims:Parsing configuration from common.toml, dust_d9.toml
2024-09-08 11:02:38,933:INFO:mapsims:Parsing channels from ../private/202308_panexp_spt3g/spt_instrument_model.tbl
2024-09-08 11:02:38,936:INFO:mapsims:Channel 95ghz
2024-09-08 11:02:38,970:INFO:mapsims:Beam from ../private/202308_panexp_spt3g/beam_95ghz.tbl
2024-09-08 11:02:38,973:INFO:mapsims:Bandpass from ../private/202308_panexp_spt3g/bandpass_95ghz.tbl
2024-09-08 11:02:38,981:INFO:mapsims:Parsing channels from ../private/202308_panexp_spt3g/spt_instrument_model.tbl
2024-09-08 11:02:38,983:INFO:mapsims:Channel 95ghz
2024-09-08 11:02:39,015:INFO:mapsims:Beam from ../private/202308_panexp_spt3g/beam_95ghz.tbl
2024-09-08 11:02:39,017:INFO:mapsims:Bandpass from ../private/202308_panexp_spt3g/bandpass_95ghz.tbl
2024-09-08 11:02:39,024:INFO:mapsims:Nside: 2048, Modeling Nside: 4096, Ellmax: 5120
2024-09-08 11:02:39,026:INFO:mapsims:Initializing the PySM Sky object
2024-09-08 11:02:39,028:INFO:pysm3:Retrieve data for dust_gnilc/gnilc_dust_template_nside4096_2023.02.10.fits (if not cached already)
2024-09-08 11:02:44,025:INFO:mapsims:Processing channel Channel 95ghz
2024-09-08 11:02:44,025:INFO:mapsims:Bandpass integration for Channel 95ghz
2024-09-08 11:04:59,616:INFO:pysm3:Removing 1/30 points below 1e-10
2024-09-08 11:05:00,345:INFO:mapsims:Smoothing and coord-transform for Channel 95ghz
2024-09-08 11:05:00,347:INFO:pysm3:Using map2alm with pixel weights
2024-09-08 11:05:07,084:INFO:pysm3:Smoothing with a custom isotropic beam
2024-09-08 11:05:07,084:INFO:pysm3:Using the same beam for all components
2024-09-08 11:05:07,282:INFO:pysm3:Using the same beam for all components
2024-09-08 11:05:07,480:INFO:pysm3:Using the same beam for all components
2024-09-08 11:05:07,678:INFO:pysm3:Rotate Alm
2024-09-08 11:06:35,608:INFO:pysm3:Alm to map HEALPix
2024-09-08 11:06:38,887:INFO:mapsims:Writing output map spt_dust_d9_uKCMB_95ghz_nside2048.fits
2024-09-08 11:06:38,888:INFO:mapsims:Replace NaN with UNSEEN
2024-09-08 11:06:39,081:INFO:mapsims:Reorder ring to nest
2024-09-08 11:06:43,140:INFO:mapsims:Writing output map

real	4m7.706s
user	75m33.309s
sys	1m7.943s
