
WARNING: version mismatch between CFITSIO header (v3.47) and linked library (v4.02).


WARNING: version mismatch between CFITSIO header (v3.47) and linked library (v4.02).


WARNING: version mismatch between CFITSIO header (v3.47) and linked library (v4.02).

2024-09-08 10:58:20,874:INFO:mapsims:Parsing configuration from common.toml, synchrotron_s7.toml
2024-09-08 10:58:20,876:INFO:mapsims:Parsing channels from ../private/202308_panexp_spt3g/spt_instrument_model.tbl
2024-09-08 10:58:20,883:INFO:mapsims:Channel 150ghz
2024-09-08 10:58:20,918:INFO:mapsims:Beam from ../private/202308_panexp_spt3g/beam_150ghz.tbl
2024-09-08 10:58:20,920:INFO:mapsims:Bandpass from ../private/202308_panexp_spt3g/bandpass_150ghz.tbl
2024-09-08 10:58:20,924:INFO:mapsims:Parsing channels from ../private/202308_panexp_spt3g/spt_instrument_model.tbl
2024-09-08 10:58:20,929:INFO:mapsims:Channel 150ghz
2024-09-08 10:58:20,960:INFO:mapsims:Beam from ../private/202308_panexp_spt3g/beam_150ghz.tbl
2024-09-08 10:58:20,961:INFO:mapsims:Bandpass from ../private/202308_panexp_spt3g/bandpass_150ghz.tbl
2024-09-08 10:58:21,000:INFO:mapsims:Nside: 2048, Modeling Nside: 4096, Ellmax: 5120
2024-09-08 10:58:21,002:INFO:mapsims:Initializing the PySM Sky object
2024-09-08 10:58:21,004:INFO:pysm3:Access data from /mnt/sdceph/users/azonca/pysm-data/synch/synch_template_nside4096_2023.02.25.fits
2024-09-08 10:58:26,030:INFO:pysm3:Retrieve data for synch/synch_beta_nside4096_2023.02.16.fits (if not cached already)
2024-09-08 10:58:27,479:INFO:pysm3:Retrieve data for synch/synch_curvature_nside4096_2023.02.17.fits (if not cached already)
2024-09-08 10:58:28,881:INFO:mapsims:Processing channel Channel 150ghz
2024-09-08 10:58:28,881:INFO:mapsims:Bandpass integration for Channel 150ghz
2024-09-08 11:00:52,398:INFO:pysm3:Removing 2/47 points below 1e-10
2024-09-08 11:00:53,102:INFO:mapsims:Smoothing and coord-transform for Channel 150ghz
2024-09-08 11:00:53,104:INFO:pysm3:Using map2alm with pixel weights
2024-09-08 11:00:59,847:INFO:pysm3:Smoothing with a custom isotropic beam
2024-09-08 11:00:59,847:INFO:pysm3:Using the same beam for all components
2024-09-08 11:01:00,044:INFO:pysm3:Using the same beam for all components
2024-09-08 11:01:00,241:INFO:pysm3:Using the same beam for all components
2024-09-08 11:01:00,439:INFO:pysm3:Rotate Alm
2024-09-08 11:02:24,554:INFO:pysm3:Alm to map HEALPix
2024-09-08 11:02:27,821:INFO:mapsims:Writing output map spt_synchrotron_s7_uKCMB_150ghz_nside2048.fits
2024-09-08 11:02:27,822:INFO:mapsims:Replace NaN with UNSEEN
2024-09-08 11:02:28,002:INFO:mapsims:Reorder ring to nest
2024-09-08 11:02:32,154:INFO:mapsims:Writing output map

real	4m14.761s
user	95m54.367s
sys	2m40.319s
