
WARNING: version mismatch between CFITSIO header (v3.47) and linked library (v4.02).


WARNING: version mismatch between CFITSIO header (v3.47) and linked library (v4.02).


WARNING: version mismatch between CFITSIO header (v3.47) and linked library (v4.02).

2024-09-08 11:11:03,944:INFO:mapsims:Parsing configuration from common.toml, ame_a2.toml
2024-09-08 11:11:03,946:INFO:mapsims:Parsing channels from ../private/202308_panexp_spt3g/spt_instrument_model.tbl
2024-09-08 11:11:03,953:INFO:mapsims:Channel 150ghz
2024-09-08 11:11:03,987:INFO:mapsims:Beam from ../private/202308_panexp_spt3g/beam_150ghz.tbl
2024-09-08 11:11:03,990:INFO:mapsims:Bandpass from ../private/202308_panexp_spt3g/bandpass_150ghz.tbl
2024-09-08 11:11:03,999:INFO:mapsims:Parsing channels from ../private/202308_panexp_spt3g/spt_instrument_model.tbl
2024-09-08 11:11:04,006:INFO:mapsims:Channel 150ghz
2024-09-08 11:11:04,038:INFO:mapsims:Beam from ../private/202308_panexp_spt3g/beam_150ghz.tbl
2024-09-08 11:11:04,039:INFO:mapsims:Bandpass from ../private/202308_panexp_spt3g/bandpass_150ghz.tbl
2024-09-08 11:11:04,077:INFO:mapsims:Nside: 2048, Modeling Nside: 512, Ellmax: 1280
2024-09-08 11:11:04,078:INFO:mapsims:Initializing the PySM Sky object
2024-09-08 11:11:04,081:INFO:pysm3:Access data from /mnt/sdceph/users/azonca/pysm-data/pysm_2/ame_t_new.fits
2024-09-08 11:11:04,114:INFO:pysm3:Access data from /mnt/sdceph/users/azonca/pysm-data/pysm_2/ame_nu_peak_0.fits
2024-09-08 11:11:04,155:INFO:pysm3:Access data from /mnt/sdceph/users/azonca/pysm-data/pysm_2/emissivity.txt
2024-09-08 11:11:04,161:INFO:pysm3:Access data from /mnt/sdceph/users/azonca/pysm-data/pysm_2/dust_u_new.fits
2024-09-08 11:11:04,195:WARNING:pysm3:No physical unit associated with file /mnt/sdceph/users/azonca/pysm-data/pysm_2/dust_u_new.fits
2024-09-08 11:11:04,196:INFO:pysm3:Access data from /mnt/sdceph/users/azonca/pysm-data/pysm_2/dust_q_new.fits
2024-09-08 11:11:04,231:WARNING:pysm3:No physical unit associated with file /mnt/sdceph/users/azonca/pysm-data/pysm_2/dust_q_new.fits
2024-09-08 11:11:04,292:INFO:pysm3:Access data from /mnt/sdceph/users/azonca/pysm-data/pysm_2/ame2_t_new.fits
2024-09-08 11:11:04,322:INFO:pysm3:Access data from /mnt/sdceph/users/azonca/pysm-data/pysm_2/emissivity.txt
2024-09-08 11:11:04,329:INFO:pysm3:Access data from /mnt/sdceph/users/azonca/pysm-data/pysm_2/dust_u_new.fits
2024-09-08 11:11:04,374:WARNING:pysm3:No physical unit associated with file /mnt/sdceph/users/azonca/pysm-data/pysm_2/dust_u_new.fits
2024-09-08 11:11:04,375:INFO:pysm3:Access data from /mnt/sdceph/users/azonca/pysm-data/pysm_2/dust_q_new.fits
2024-09-08 11:11:04,414:WARNING:pysm3:No physical unit associated with file /mnt/sdceph/users/azonca/pysm-data/pysm_2/dust_q_new.fits
2024-09-08 11:11:04,475:INFO:mapsims:Processing channel Channel 150ghz
2024-09-08 11:11:04,475:INFO:mapsims:Bandpass integration for Channel 150ghz
2024-09-08 11:11:21,152:INFO:pysm3:Removing 2/47 points below 1e-10
2024-09-08 11:11:21,167:INFO:pysm3:Removing 2/47 points below 1e-10
2024-09-08 11:11:21,181:INFO:mapsims:Smoothing and coord-transform for Channel 150ghz
2024-09-08 11:11:25,236:INFO:pysm3:Used map2alm_lsq, converged in 7 iterations,residual relative error 0.19
2024-09-08 11:11:25,236:INFO:pysm3:Smoothing with a custom isotropic beam
2024-09-08 11:11:25,236:INFO:pysm3:Using the same beam for all components
2024-09-08 11:11:25,249:INFO:pysm3:Using the same beam for all components
2024-09-08 11:11:25,262:INFO:pysm3:Using the same beam for all components
2024-09-08 11:11:25,275:INFO:pysm3:Rotate Alm
2024-09-08 11:11:27,725:INFO:pysm3:Alm to map HEALPix
2024-09-08 11:11:30,267:INFO:mapsims:Writing output map spt_ame_a2_uKCMB_150ghz_nside2048.fits
2024-09-08 11:11:30,267:INFO:mapsims:Replace NaN with UNSEEN
2024-09-08 11:11:30,460:INFO:mapsims:Reorder ring to nest
2024-09-08 11:11:34,524:INFO:mapsims:Writing output map

real	0m34.005s
user	3m57.891s
sys	1m9.492s
