
WARNING: version mismatch between CFITSIO header (v3.47) and linked library (v4.02).


WARNING: version mismatch between CFITSIO header (v3.47) and linked library (v4.02).


WARNING: version mismatch between CFITSIO header (v3.47) and linked library (v4.02).

2024-09-08 11:15:46,821:INFO:mapsims:Parsing configuration from common.toml, ame_a1.toml
2024-09-08 11:15:46,822:INFO:mapsims:Parsing channels from ../private/202308_panexp_spt3g/spt_instrument_model.tbl
2024-09-08 11:15:46,833:INFO:mapsims:Channel 220ghz
2024-09-08 11:15:46,868:INFO:mapsims:Beam from ../private/202308_panexp_spt3g/beam_220ghz.tbl
2024-09-08 11:15:46,870:INFO:mapsims:Bandpass from ../private/202308_panexp_spt3g/bandpass_220ghz.tbl
2024-09-08 11:15:46,871:INFO:mapsims:Parsing channels from ../private/202308_panexp_spt3g/spt_instrument_model.tbl
2024-09-08 11:15:46,880:INFO:mapsims:Channel 220ghz
2024-09-08 11:15:46,912:INFO:mapsims:Beam from ../private/202308_panexp_spt3g/beam_220ghz.tbl
2024-09-08 11:15:46,913:INFO:mapsims:Bandpass from ../private/202308_panexp_spt3g/bandpass_220ghz.tbl
2024-09-08 11:15:46,914:INFO:mapsims:Nside: 2048, Modeling Nside: 512, Ellmax: 1280
2024-09-08 11:15:46,916:INFO:mapsims:Initializing the PySM Sky object
2024-09-08 11:15:46,917:INFO:pysm3:Access data from /mnt/sdceph/users/azonca/pysm-data/pysm_2/ame_t_new.fits
2024-09-08 11:15:46,956:INFO:pysm3:Access data from /mnt/sdceph/users/azonca/pysm-data/pysm_2/ame_nu_peak_0.fits
2024-09-08 11:15:46,997:INFO:pysm3:Access data from /mnt/sdceph/users/azonca/pysm-data/pysm_2/emissivity.txt
2024-09-08 11:15:47,003:INFO:pysm3:Access data from /mnt/sdceph/users/azonca/pysm-data/pysm_2/ame2_t_new.fits
2024-09-08 11:15:47,033:INFO:pysm3:Access data from /mnt/sdceph/users/azonca/pysm-data/pysm_2/emissivity.txt
2024-09-08 11:15:47,039:INFO:mapsims:Processing channel Channel 220ghz
2024-09-08 11:15:47,039:INFO:mapsims:Bandpass integration for Channel 220ghz
2024-09-08 11:16:04,681:INFO:mapsims:Smoothing and coord-transform for Channel 220ghz
2024-09-08 11:16:08,597:INFO:pysm3:Used map2alm_lsq, converged in 7 iterations,residual relative error 0.19
2024-09-08 11:16:08,598:INFO:pysm3:Smoothing with a custom isotropic beam
2024-09-08 11:16:08,598:INFO:pysm3:Using the same beam for all components
2024-09-08 11:16:08,611:INFO:pysm3:Using the same beam for all components
2024-09-08 11:16:08,624:INFO:pysm3:Using the same beam for all components
2024-09-08 11:16:08,637:INFO:pysm3:Rotate Alm
2024-09-08 11:16:11,054:INFO:pysm3:Alm to map HEALPix
2024-09-08 11:16:13,647:INFO:mapsims:Writing output map spt_ame_a1_uKCMB_220ghz_nside2048.fits
2024-09-08 11:16:13,648:INFO:mapsims:Replace NaN with UNSEEN
2024-09-08 11:16:13,843:INFO:mapsims:Reorder ring to nest
2024-09-08 11:16:18,104:INFO:mapsims:Writing output map

real	0m34.705s
user	3m42.829s
sys	1m7.349s
