
WARNING: version mismatch between CFITSIO header (v3.47) and linked library (v4.02).


WARNING: version mismatch between CFITSIO header (v3.47) and linked library (v4.02).


WARNING: version mismatch between CFITSIO header (v3.47) and linked library (v4.02).

2024-09-08 11:11:19,684:INFO:mapsims:Parsing configuration from common.toml, ame_a2.toml
2024-09-08 11:11:19,686:INFO:mapsims:Parsing channels from ../private/202308_panexp_spt3g/spt_instrument_model.tbl
2024-09-08 11:11:19,696:INFO:mapsims:Channel 220ghz
2024-09-08 11:11:19,729:INFO:mapsims:Beam from ../private/202308_panexp_spt3g/beam_220ghz.tbl
2024-09-08 11:11:19,730:INFO:mapsims:Bandpass from ../private/202308_panexp_spt3g/bandpass_220ghz.tbl
2024-09-08 11:11:19,731:INFO:mapsims:Parsing channels from ../private/202308_panexp_spt3g/spt_instrument_model.tbl
2024-09-08 11:11:19,739:INFO:mapsims:Channel 220ghz
2024-09-08 11:11:19,771:INFO:mapsims:Beam from ../private/202308_panexp_spt3g/beam_220ghz.tbl
2024-09-08 11:11:19,772:INFO:mapsims:Bandpass from ../private/202308_panexp_spt3g/bandpass_220ghz.tbl
2024-09-08 11:11:19,772:INFO:mapsims:Nside: 2048, Modeling Nside: 512, Ellmax: 1280
2024-09-08 11:11:19,775:INFO:mapsims:Initializing the PySM Sky object
2024-09-08 11:11:19,776:INFO:pysm3:Access data from /mnt/sdceph/users/azonca/pysm-data/pysm_2/ame_t_new.fits
2024-09-08 11:11:19,814:INFO:pysm3:Access data from /mnt/sdceph/users/azonca/pysm-data/pysm_2/ame_nu_peak_0.fits
2024-09-08 11:11:19,857:INFO:pysm3:Access data from /mnt/sdceph/users/azonca/pysm-data/pysm_2/emissivity.txt
2024-09-08 11:11:19,864:INFO:pysm3:Access data from /mnt/sdceph/users/azonca/pysm-data/pysm_2/dust_u_new.fits
2024-09-08 11:11:19,959:WARNING:pysm3:No physical unit associated with file /mnt/sdceph/users/azonca/pysm-data/pysm_2/dust_u_new.fits
2024-09-08 11:11:19,962:INFO:pysm3:Access data from /mnt/sdceph/users/azonca/pysm-data/pysm_2/dust_q_new.fits
2024-09-08 11:11:20,056:WARNING:pysm3:No physical unit associated with file /mnt/sdceph/users/azonca/pysm-data/pysm_2/dust_q_new.fits
2024-09-08 11:11:20,119:INFO:pysm3:Access data from /mnt/sdceph/users/azonca/pysm-data/pysm_2/ame2_t_new.fits
2024-09-08 11:11:20,158:INFO:pysm3:Access data from /mnt/sdceph/users/azonca/pysm-data/pysm_2/emissivity.txt
2024-09-08 11:11:20,167:INFO:pysm3:Access data from /mnt/sdceph/users/azonca/pysm-data/pysm_2/dust_u_new.fits
2024-09-08 11:11:20,218:WARNING:pysm3:No physical unit associated with file /mnt/sdceph/users/azonca/pysm-data/pysm_2/dust_u_new.fits
2024-09-08 11:11:20,219:INFO:pysm3:Access data from /mnt/sdceph/users/azonca/pysm-data/pysm_2/dust_q_new.fits
2024-09-08 11:11:20,258:WARNING:pysm3:No physical unit associated with file /mnt/sdceph/users/azonca/pysm-data/pysm_2/dust_q_new.fits
2024-09-08 11:11:20,319:INFO:mapsims:Processing channel Channel 220ghz
2024-09-08 11:11:20,319:INFO:mapsims:Bandpass integration for Channel 220ghz
2024-09-08 11:11:42,472:INFO:mapsims:Smoothing and coord-transform for Channel 220ghz
2024-09-08 11:11:46,548:INFO:pysm3:Used map2alm_lsq, converged in 7 iterations,residual relative error 0.19
2024-09-08 11:11:46,549:INFO:pysm3:Smoothing with a custom isotropic beam
2024-09-08 11:11:46,549:INFO:pysm3:Using the same beam for all components
2024-09-08 11:11:46,562:INFO:pysm3:Using the same beam for all components
2024-09-08 11:11:46,574:INFO:pysm3:Using the same beam for all components
2024-09-08 11:11:46,587:INFO:pysm3:Rotate Alm
2024-09-08 11:11:48,931:INFO:pysm3:Alm to map HEALPix
2024-09-08 11:11:51,480:INFO:mapsims:Writing output map spt_ame_a2_uKCMB_220ghz_nside2048.fits
2024-09-08 11:11:51,480:INFO:mapsims:Replace NaN with UNSEEN
2024-09-08 11:11:51,669:INFO:mapsims:Reorder ring to nest
2024-09-08 11:11:55,499:INFO:mapsims:Writing output map

real	0m39.258s
user	4m4.147s
sys	1m11.796s
