
WARNING: version mismatch between CFITSIO header (v3.47) and linked library (v4.02).


WARNING: version mismatch between CFITSIO header (v3.47) and linked library (v4.02).


WARNING: version mismatch between CFITSIO header (v3.47) and linked library (v4.02).

2024-09-08 11:07:49,269:INFO:mapsims:Parsing configuration from common.toml, tsz_tsz1.toml
2024-09-08 11:07:49,270:INFO:mapsims:Parsing channels from ../private/202308_panexp_spt3g/spt_instrument_model.tbl
2024-09-08 11:07:49,281:INFO:mapsims:Channel 220ghz
2024-09-08 11:07:49,316:INFO:mapsims:Beam from ../private/202308_panexp_spt3g/beam_220ghz.tbl
2024-09-08 11:07:49,319:INFO:mapsims:Bandpass from ../private/202308_panexp_spt3g/bandpass_220ghz.tbl
2024-09-08 11:07:49,319:INFO:mapsims:Parsing channels from ../private/202308_panexp_spt3g/spt_instrument_model.tbl
2024-09-08 11:07:49,328:INFO:mapsims:Channel 220ghz
2024-09-08 11:07:49,359:INFO:mapsims:Beam from ../private/202308_panexp_spt3g/beam_220ghz.tbl
2024-09-08 11:07:49,360:INFO:mapsims:Bandpass from ../private/202308_panexp_spt3g/bandpass_220ghz.tbl
2024-09-08 11:07:49,361:INFO:mapsims:Nside: 2048, Modeling Nside: 8192, Ellmax: 5120
2024-09-08 11:07:49,363:INFO:mapsims:Initializing the PySM Sky object
2024-09-08 11:07:49,366:INFO:pysm3:Access data from /mnt/sdceph/users/azonca/pysm-data/websky/0.4/tsz_8192_hp.fits
2024-09-08 11:07:49,367:INFO:pysm3:Access data from /mnt/sdceph/users/azonca/pysm-data/websky/0.4/tsz_8192_hp.fits
2024-09-08 11:08:01,141:INFO:mapsims:Processing channel Channel 220ghz
2024-09-08 11:08:01,141:INFO:mapsims:Bandpass integration for Channel 220ghz
2024-09-08 11:11:29,429:INFO:mapsims:Smoothing and coord-transform for Channel 220ghz
2024-09-08 11:11:29,431:INFO:pysm3:Using map2alm with pixel weights
2024-09-08 11:11:54,109:INFO:pysm3:Smoothing with a custom isotropic beam
2024-09-08 11:11:54,109:INFO:pysm3:Using the same beam for all components
2024-09-08 11:11:54,312:INFO:pysm3:Using the same beam for all components
2024-09-08 11:11:54,514:INFO:pysm3:Using the same beam for all components
2024-09-08 11:11:54,716:INFO:pysm3:Rotate Alm
2024-09-08 11:13:10,702:INFO:pysm3:Alm to map HEALPix
2024-09-08 11:13:14,052:INFO:mapsims:Writing output map spt_tsz_tsz1_uKCMB_220ghz_nside2048.fits
2024-09-08 11:13:14,052:INFO:mapsims:Replace NaN with UNSEEN
2024-09-08 11:13:14,281:INFO:mapsims:Reorder ring to nest
2024-09-08 11:13:18,408:INFO:mapsims:Writing output map

real	5m32.626s
user	69m28.546s
sys	3m24.028s
