
WARNING: version mismatch between CFITSIO header (v3.47) and linked library (v4.02).


WARNING: version mismatch between CFITSIO header (v3.47) and linked library (v4.02).


WARNING: version mismatch between CFITSIO header (v3.47) and linked library (v4.02).

2024-09-08 11:04:19,922:INFO:mapsims:Parsing configuration from common.toml, tsz_tsz1.toml
2024-09-08 11:04:19,924:INFO:mapsims:Parsing channels from ../private/202308_panexp_spt3g/spt_instrument_model.tbl
2024-09-08 11:04:19,926:INFO:mapsims:Channel 95ghz
2024-09-08 11:04:19,961:INFO:mapsims:Beam from ../private/202308_panexp_spt3g/beam_95ghz.tbl
2024-09-08 11:04:19,963:INFO:mapsims:Bandpass from ../private/202308_panexp_spt3g/bandpass_95ghz.tbl
2024-09-08 11:04:19,972:INFO:mapsims:Parsing channels from ../private/202308_panexp_spt3g/spt_instrument_model.tbl
2024-09-08 11:04:19,973:INFO:mapsims:Channel 95ghz
2024-09-08 11:04:20,005:INFO:mapsims:Beam from ../private/202308_panexp_spt3g/beam_95ghz.tbl
2024-09-08 11:04:20,006:INFO:mapsims:Bandpass from ../private/202308_panexp_spt3g/bandpass_95ghz.tbl
2024-09-08 11:04:20,014:INFO:mapsims:Nside: 2048, Modeling Nside: 8192, Ellmax: 5120
2024-09-08 11:04:20,016:INFO:mapsims:Initializing the PySM Sky object
2024-09-08 11:04:20,017:INFO:pysm3:Access data from /mnt/sdceph/users/azonca/pysm-data/websky/0.4/tsz_8192_hp.fits
2024-09-08 11:04:20,018:INFO:pysm3:Access data from /mnt/sdceph/users/azonca/pysm-data/websky/0.4/tsz_8192_hp.fits
2024-09-08 11:04:25,120:INFO:mapsims:Processing channel Channel 95ghz
2024-09-08 11:04:25,121:INFO:mapsims:Bandpass integration for Channel 95ghz
2024-09-08 11:05:51,273:INFO:pysm3:Removing 1/30 points below 1e-10
2024-09-08 11:05:54,082:INFO:mapsims:Smoothing and coord-transform for Channel 95ghz
2024-09-08 11:05:54,083:INFO:pysm3:Using map2alm with pixel weights
2024-09-08 11:06:17,093:INFO:pysm3:Smoothing with a custom isotropic beam
2024-09-08 11:06:17,093:INFO:pysm3:Using the same beam for all components
2024-09-08 11:06:17,293:INFO:pysm3:Using the same beam for all components
2024-09-08 11:06:17,493:INFO:pysm3:Using the same beam for all components
2024-09-08 11:06:17,692:INFO:pysm3:Rotate Alm
2024-09-08 11:07:36,094:INFO:pysm3:Alm to map HEALPix
2024-09-08 11:07:39,353:INFO:mapsims:Writing output map spt_tsz_tsz1_uKCMB_95ghz_nside2048.fits
2024-09-08 11:07:39,354:INFO:mapsims:Replace NaN with UNSEEN
2024-09-08 11:07:39,539:INFO:mapsims:Reorder ring to nest
2024-09-08 11:07:43,585:INFO:mapsims:Writing output map

real	3m27.077s
user	68m49.910s
sys	1m41.878s
