
WARNING: version mismatch between CFITSIO header (v3.47) and linked library (v4.02).


WARNING: version mismatch between CFITSIO header (v3.47) and linked library (v4.02).


WARNING: version mismatch between CFITSIO header (v3.47) and linked library (v4.02).

2024-09-08 11:03:36,474:INFO:mapsims:Parsing configuration from common.toml, dust_d9.toml
2024-09-08 11:03:36,475:INFO:mapsims:Parsing channels from ../private/202308_panexp_spt3g/spt_instrument_model.tbl
2024-09-08 11:03:36,485:INFO:mapsims:Channel 220ghz
2024-09-08 11:03:36,518:INFO:mapsims:Beam from ../private/202308_panexp_spt3g/beam_220ghz.tbl
2024-09-08 11:03:36,519:INFO:mapsims:Bandpass from ../private/202308_panexp_spt3g/bandpass_220ghz.tbl
2024-09-08 11:03:36,520:INFO:mapsims:Parsing channels from ../private/202308_panexp_spt3g/spt_instrument_model.tbl
2024-09-08 11:03:36,528:INFO:mapsims:Channel 220ghz
2024-09-08 11:03:36,560:INFO:mapsims:Beam from ../private/202308_panexp_spt3g/beam_220ghz.tbl
2024-09-08 11:03:36,561:INFO:mapsims:Bandpass from ../private/202308_panexp_spt3g/bandpass_220ghz.tbl
2024-09-08 11:03:36,561:INFO:mapsims:Nside: 2048, Modeling Nside: 4096, Ellmax: 5120
2024-09-08 11:03:36,562:INFO:mapsims:Initializing the PySM Sky object
2024-09-08 11:03:36,564:INFO:pysm3:Retrieve data for dust_gnilc/gnilc_dust_template_nside4096_2023.02.10.fits (if not cached already)
2024-09-08 11:03:41,628:INFO:mapsims:Processing channel Channel 220ghz
2024-09-08 11:03:41,628:INFO:mapsims:Bandpass integration for Channel 220ghz
2024-09-08 11:09:07,439:INFO:mapsims:Smoothing and coord-transform for Channel 220ghz
2024-09-08 11:09:07,441:INFO:pysm3:Using map2alm with pixel weights
2024-09-08 11:09:14,386:INFO:pysm3:Smoothing with a custom isotropic beam
2024-09-08 11:09:14,386:INFO:pysm3:Using the same beam for all components
2024-09-08 11:09:14,587:INFO:pysm3:Using the same beam for all components
2024-09-08 11:09:14,787:INFO:pysm3:Using the same beam for all components
2024-09-08 11:09:14,987:INFO:pysm3:Rotate Alm
2024-09-08 11:10:32,360:INFO:pysm3:Alm to map HEALPix
2024-09-08 11:10:35,663:INFO:mapsims:Writing output map spt_dust_d9_uKCMB_220ghz_nside2048.fits
2024-09-08 11:10:35,663:INFO:mapsims:Replace NaN with UNSEEN
2024-09-08 11:10:35,869:INFO:mapsims:Reorder ring to nest
2024-09-08 11:10:39,972:INFO:mapsims:Writing output map

real	7m6.975s
user	71m28.022s
sys	2m3.700s
