
WARNING: version mismatch between CFITSIO header (v3.47) and linked library (v4.02).


WARNING: version mismatch between CFITSIO header (v3.47) and linked library (v4.02).


WARNING: version mismatch between CFITSIO header (v3.47) and linked library (v4.02).

2024-09-08 11:01:41,103:INFO:mapsims:Parsing configuration from common.toml, ksz_ksz1.toml
2024-09-08 11:01:41,107:INFO:mapsims:Parsing channels from ../private/202308_panexp_spt3g/spt_instrument_model.tbl
2024-09-08 11:01:41,132:INFO:mapsims:Channel 220ghz
2024-09-08 11:01:41,168:INFO:mapsims:Beam from ../private/202308_panexp_spt3g/beam_220ghz.tbl
2024-09-08 11:01:41,170:INFO:mapsims:Bandpass from ../private/202308_panexp_spt3g/bandpass_220ghz.tbl
2024-09-08 11:01:41,171:INFO:mapsims:Parsing channels from ../private/202308_panexp_spt3g/spt_instrument_model.tbl
2024-09-08 11:01:41,180:INFO:mapsims:Channel 220ghz
2024-09-08 11:01:41,212:INFO:mapsims:Beam from ../private/202308_panexp_spt3g/beam_220ghz.tbl
2024-09-08 11:01:41,213:INFO:mapsims:Bandpass from ../private/202308_panexp_spt3g/bandpass_220ghz.tbl
2024-09-08 11:01:41,214:INFO:mapsims:Nside: 2048, Modeling Nside: 4096, Ellmax: 5120
2024-09-08 11:01:41,215:INFO:mapsims:Initializing the PySM Sky object
2024-09-08 11:01:41,218:INFO:pysm3:Access data from /mnt/sdceph/users/azonca/pysm-data/websky/0.4/ksz.fits
2024-09-08 11:01:41,219:INFO:pysm3:Access data from /mnt/sdceph/users/azonca/pysm-data/websky/0.4/ksz.fits
2024-09-08 11:01:45,559:INFO:mapsims:Processing channel Channel 220ghz
2024-09-08 11:01:45,559:INFO:mapsims:Bandpass integration for Channel 220ghz
2024-09-08 11:02:35,215:INFO:mapsims:Smoothing and coord-transform for Channel 220ghz
2024-09-08 11:02:35,219:INFO:pysm3:Using map2alm with pixel weights
2024-09-08 11:02:42,089:INFO:pysm3:Smoothing with a custom isotropic beam
2024-09-08 11:02:42,089:INFO:pysm3:Using the same beam for all components
2024-09-08 11:02:42,290:INFO:pysm3:Using the same beam for all components
2024-09-08 11:02:42,488:INFO:pysm3:Using the same beam for all components
2024-09-08 11:02:42,686:INFO:pysm3:Rotate Alm
2024-09-08 11:03:59,391:INFO:pysm3:Alm to map HEALPix
2024-09-08 11:04:02,721:INFO:mapsims:Writing output map spt_ksz_ksz1_uKCMB_220ghz_nside2048.fits
2024-09-08 11:04:02,722:INFO:mapsims:Replace NaN with UNSEEN
2024-09-08 11:04:02,922:INFO:mapsims:Reorder ring to nest
2024-09-08 11:04:07,078:INFO:mapsims:Writing output map

real	2m30.253s
user	64m4.832s
sys	0m34.226s
