
WARNING: version mismatch between CFITSIO header (v3.47) and linked library (v4.02).


WARNING: version mismatch between CFITSIO header (v3.47) and linked library (v4.02).


WARNING: version mismatch between CFITSIO header (v3.47) and linked library (v4.02).

2024-09-08 11:03:49,114:INFO:mapsims:Parsing configuration from common.toml, freefree_f1.toml
2024-09-08 11:03:49,115:INFO:mapsims:Parsing channels from ../private/202308_panexp_spt3g/spt_instrument_model.tbl
2024-09-08 11:03:49,122:INFO:mapsims:Channel 150ghz
2024-09-08 11:03:49,155:INFO:mapsims:Beam from ../private/202308_panexp_spt3g/beam_150ghz.tbl
2024-09-08 11:03:49,156:INFO:mapsims:Bandpass from ../private/202308_panexp_spt3g/bandpass_150ghz.tbl
2024-09-08 11:03:49,160:INFO:mapsims:Parsing channels from ../private/202308_panexp_spt3g/spt_instrument_model.tbl
2024-09-08 11:03:49,165:INFO:mapsims:Channel 150ghz
2024-09-08 11:03:49,196:INFO:mapsims:Beam from ../private/202308_panexp_spt3g/beam_150ghz.tbl
2024-09-08 11:03:49,197:INFO:mapsims:Bandpass from ../private/202308_panexp_spt3g/bandpass_150ghz.tbl
2024-09-08 11:03:49,236:INFO:mapsims:Nside: 2048, Modeling Nside: 512, Ellmax: 1280
2024-09-08 11:03:49,237:INFO:mapsims:Initializing the PySM Sky object
2024-09-08 11:03:49,239:INFO:pysm3:Access data from /mnt/sdceph/users/azonca/pysm-data/pysm_2/ff_t_new.fits
2024-09-08 11:03:49,272:INFO:mapsims:Processing channel Channel 150ghz
2024-09-08 11:03:49,272:INFO:mapsims:Bandpass integration for Channel 150ghz
2024-09-08 11:03:51,299:INFO:pysm3:Removing 2/47 points below 1e-10
2024-09-08 11:03:51,315:INFO:mapsims:Smoothing and coord-transform for Channel 150ghz
2024-09-08 11:03:55,654:INFO:pysm3:Used map2alm_lsq, converged in 8 iterations,residual relative error 0.11
2024-09-08 11:03:55,654:INFO:pysm3:Smoothing with a custom isotropic beam
2024-09-08 11:03:55,654:INFO:pysm3:Using the same beam for all components
2024-09-08 11:03:55,667:INFO:pysm3:Using the same beam for all components
2024-09-08 11:03:55,680:INFO:pysm3:Using the same beam for all components
2024-09-08 11:03:55,693:INFO:pysm3:Rotate Alm
2024-09-08 11:03:58,228:INFO:pysm3:Alm to map HEALPix
2024-09-08 11:04:00,839:INFO:mapsims:Writing output map spt_freefree_f1_uKCMB_150ghz_nside2048.fits
2024-09-08 11:04:00,839:INFO:mapsims:Replace NaN with UNSEEN
2024-09-08 11:04:01,025:INFO:mapsims:Reorder ring to nest
2024-09-08 11:04:04,731:INFO:mapsims:Writing output map

real	0m19.085s
user	3m42.809s
sys	1m8.316s
