
WARNING: version mismatch between CFITSIO header (v3.47) and linked library (v4.02).


WARNING: version mismatch between CFITSIO header (v3.47) and linked library (v4.02).


WARNING: version mismatch between CFITSIO header (v3.47) and linked library (v4.02).

2024-09-08 11:15:18,723:INFO:mapsims:Parsing configuration from common.toml, ame_a1.toml
2024-09-08 11:15:18,725:INFO:mapsims:Parsing channels from ../private/202308_panexp_spt3g/spt_instrument_model.tbl
2024-09-08 11:15:18,728:INFO:mapsims:Channel 95ghz
2024-09-08 11:15:18,761:INFO:mapsims:Beam from ../private/202308_panexp_spt3g/beam_95ghz.tbl
2024-09-08 11:15:18,762:INFO:mapsims:Bandpass from ../private/202308_panexp_spt3g/bandpass_95ghz.tbl
2024-09-08 11:15:18,771:INFO:mapsims:Parsing channels from ../private/202308_panexp_spt3g/spt_instrument_model.tbl
2024-09-08 11:15:18,773:INFO:mapsims:Channel 95ghz
2024-09-08 11:15:18,804:INFO:mapsims:Beam from ../private/202308_panexp_spt3g/beam_95ghz.tbl
2024-09-08 11:15:18,805:INFO:mapsims:Bandpass from ../private/202308_panexp_spt3g/bandpass_95ghz.tbl
2024-09-08 11:15:18,813:INFO:mapsims:Nside: 2048, Modeling Nside: 512, Ellmax: 1280
2024-09-08 11:15:18,815:INFO:mapsims:Initializing the PySM Sky object
2024-09-08 11:15:18,816:INFO:pysm3:Access data from /mnt/sdceph/users/azonca/pysm-data/pysm_2/ame_t_new.fits
2024-09-08 11:15:18,849:INFO:pysm3:Access data from /mnt/sdceph/users/azonca/pysm-data/pysm_2/ame_nu_peak_0.fits
2024-09-08 11:15:18,883:INFO:pysm3:Access data from /mnt/sdceph/users/azonca/pysm-data/pysm_2/emissivity.txt
2024-09-08 11:15:18,889:INFO:pysm3:Access data from /mnt/sdceph/users/azonca/pysm-data/pysm_2/ame2_t_new.fits
2024-09-08 11:15:18,917:INFO:pysm3:Access data from /mnt/sdceph/users/azonca/pysm-data/pysm_2/emissivity.txt
2024-09-08 11:15:18,921:INFO:mapsims:Processing channel Channel 95ghz
2024-09-08 11:15:18,921:INFO:mapsims:Bandpass integration for Channel 95ghz
2024-09-08 11:15:29,043:INFO:pysm3:Removing 1/30 points below 1e-10
2024-09-08 11:15:29,057:INFO:pysm3:Removing 1/30 points below 1e-10
2024-09-08 11:15:29,072:INFO:mapsims:Smoothing and coord-transform for Channel 95ghz
2024-09-08 11:15:33,022:INFO:pysm3:Used map2alm_lsq, converged in 7 iterations,residual relative error 0.15
2024-09-08 11:15:33,022:INFO:pysm3:Smoothing with a custom isotropic beam
2024-09-08 11:15:33,022:INFO:pysm3:Using the same beam for all components
2024-09-08 11:15:33,035:INFO:pysm3:Using the same beam for all components
2024-09-08 11:15:33,048:INFO:pysm3:Using the same beam for all components
2024-09-08 11:15:33,060:INFO:pysm3:Rotate Alm
2024-09-08 11:15:35,421:INFO:pysm3:Alm to map HEALPix
2024-09-08 11:15:37,933:INFO:mapsims:Writing output map spt_ame_a1_uKCMB_95ghz_nside2048.fits
2024-09-08 11:15:37,933:INFO:mapsims:Replace NaN with UNSEEN
2024-09-08 11:15:38,114:INFO:mapsims:Reorder ring to nest
2024-09-08 11:15:42,272:INFO:mapsims:Writing output map

real	0m26.925s
user	3m34.513s
sys	1m4.608s
