
WARNING: version mismatch between CFITSIO header (v3.47) and linked library (v4.02).


WARNING: version mismatch between CFITSIO header (v3.47) and linked library (v4.02).


WARNING: version mismatch between CFITSIO header (v3.47) and linked library (v4.02).

2024-09-08 11:13:25,195:INFO:mapsims:Parsing configuration from common.toml, synchrotron_s5.toml
2024-09-08 11:13:25,197:INFO:mapsims:Parsing channels from ../private/202308_panexp_spt3g/spt_instrument_model.tbl
2024-09-08 11:13:25,204:INFO:mapsims:Channel 150ghz
2024-09-08 11:13:25,239:INFO:mapsims:Beam from ../private/202308_panexp_spt3g/beam_150ghz.tbl
2024-09-08 11:13:25,242:INFO:mapsims:Bandpass from ../private/202308_panexp_spt3g/bandpass_150ghz.tbl
2024-09-08 11:13:25,247:INFO:mapsims:Parsing channels from ../private/202308_panexp_spt3g/spt_instrument_model.tbl
2024-09-08 11:13:25,252:INFO:mapsims:Channel 150ghz
2024-09-08 11:13:25,284:INFO:mapsims:Beam from ../private/202308_panexp_spt3g/beam_150ghz.tbl
2024-09-08 11:13:25,285:INFO:mapsims:Bandpass from ../private/202308_panexp_spt3g/bandpass_150ghz.tbl
2024-09-08 11:13:25,324:INFO:mapsims:Nside: 2048, Modeling Nside: 4096, Ellmax: 5120
2024-09-08 11:13:25,325:INFO:mapsims:Initializing the PySM Sky object
2024-09-08 11:13:25,327:INFO:pysm3:Access data from /mnt/sdceph/users/azonca/pysm-data/synch/synch_template_nside4096_2023.02.25.fits
2024-09-08 11:13:30,452:INFO:pysm3:Retrieve data for synch/synch_beta_nside4096_2023.02.16.fits (if not cached already)
2024-09-08 11:13:31,864:INFO:mapsims:Processing channel Channel 150ghz
2024-09-08 11:13:31,864:INFO:mapsims:Bandpass integration for Channel 150ghz
2024-09-08 11:15:50,180:INFO:pysm3:Removing 2/47 points below 1e-10
2024-09-08 11:15:50,918:INFO:mapsims:Smoothing and coord-transform for Channel 150ghz
2024-09-08 11:15:50,920:INFO:pysm3:Using map2alm with pixel weights
2024-09-08 11:15:57,938:INFO:pysm3:Smoothing with a custom isotropic beam
2024-09-08 11:15:57,938:INFO:pysm3:Using the same beam for all components
2024-09-08 11:15:58,138:INFO:pysm3:Using the same beam for all components
2024-09-08 11:15:58,337:INFO:pysm3:Using the same beam for all components
2024-09-08 11:15:58,536:INFO:pysm3:Rotate Alm
2024-09-08 11:17:19,102:INFO:pysm3:Alm to map HEALPix
2024-09-08 11:17:22,488:INFO:mapsims:Writing output map spt_synchrotron_s5_uKCMB_150ghz_nside2048.fits
2024-09-08 11:17:22,488:INFO:mapsims:Replace NaN with UNSEEN
2024-09-08 11:17:22,742:INFO:mapsims:Reorder ring to nest
2024-09-08 11:17:28,466:INFO:mapsims:Writing output map

real	4m6.900s
user	85m47.793s
sys	2m21.360s
