
WARNING: version mismatch between CFITSIO header (v3.47) and linked library (v4.02).


WARNING: version mismatch between CFITSIO header (v3.47) and linked library (v4.02).


WARNING: version mismatch between CFITSIO header (v3.47) and linked library (v4.02).

2024-09-08 11:08:45,833:INFO:mapsims:Parsing configuration from common.toml, cmb_c3.toml
2024-09-08 11:08:45,834:INFO:mapsims:Parsing channels from ../private/202308_panexp_spt3g/spt_instrument_model.tbl
2024-09-08 11:08:45,842:INFO:mapsims:Channel 150ghz
2024-09-08 11:08:45,875:INFO:mapsims:Beam from ../private/202308_panexp_spt3g/beam_150ghz.tbl
2024-09-08 11:08:45,876:INFO:mapsims:Bandpass from ../private/202308_panexp_spt3g/bandpass_150ghz.tbl
2024-09-08 11:08:45,880:INFO:mapsims:Parsing channels from ../private/202308_panexp_spt3g/spt_instrument_model.tbl
2024-09-08 11:08:45,885:INFO:mapsims:Channel 150ghz
2024-09-08 11:08:45,917:INFO:mapsims:Beam from ../private/202308_panexp_spt3g/beam_150ghz.tbl
2024-09-08 11:08:45,918:INFO:mapsims:Bandpass from ../private/202308_panexp_spt3g/bandpass_150ghz.tbl
2024-09-08 11:08:45,958:INFO:mapsims:Nside: 2048, Modeling Nside: 4096, Ellmax: 5120
2024-09-08 11:08:45,959:INFO:mapsims:Initializing the PySM Sky object
2024-09-08 11:08:45,961:INFO:pysm3:Access data from /mnt/sdceph/users/azonca/pysm-data/websky/0.4/cmb/map_I_unlensed_alm_seed1_nside4096.fits
2024-09-08 11:08:45,962:INFO:pysm3:Access data from /mnt/sdceph/users/azonca/pysm-data/websky/0.4/cmb/map_Q_unlensed_alm_seed1_nside4096.fits
2024-09-08 11:08:45,963:INFO:pysm3:Access data from /mnt/sdceph/users/azonca/pysm-data/websky/0.4/cmb/map_U_unlensed_alm_seed1_nside4096.fits
2024-09-08 11:08:45,964:INFO:pysm3:Access data from /mnt/sdceph/users/azonca/pysm-data/websky/0.4/cmb/map_I_unlensed_alm_seed1_nside4096.fits
2024-09-08 11:08:47,373:INFO:pysm3:Access data from /mnt/sdceph/users/azonca/pysm-data/websky/0.4/cmb/map_Q_unlensed_alm_seed1_nside4096.fits
2024-09-08 11:08:48,769:INFO:pysm3:Access data from /mnt/sdceph/users/azonca/pysm-data/websky/0.4/cmb/map_U_unlensed_alm_seed1_nside4096.fits
2024-09-08 11:08:51,003:INFO:mapsims:Processing channel Channel 150ghz
2024-09-08 11:08:51,003:INFO:mapsims:Bandpass integration for Channel 150ghz
2024-09-08 11:08:51,005:INFO:pysm3:Removing 2/47 points below 1e-10
2024-09-08 11:08:52,862:INFO:pysm3:Removing 2/47 points below 1e-10
2024-09-08 11:08:53,590:INFO:mapsims:Smoothing and coord-transform for Channel 150ghz
2024-09-08 11:08:53,592:INFO:pysm3:Using map2alm with pixel weights
2024-09-08 11:09:00,660:INFO:pysm3:Smoothing with a custom isotropic beam
2024-09-08 11:09:00,660:INFO:pysm3:Using the same beam for all components
2024-09-08 11:09:00,860:INFO:pysm3:Using the same beam for all components
2024-09-08 11:09:01,060:INFO:pysm3:Using the same beam for all components
2024-09-08 11:09:01,263:INFO:pysm3:Rotate Alm
2024-09-08 11:10:32,428:INFO:pysm3:Alm to map HEALPix
2024-09-08 11:10:35,745:INFO:mapsims:Writing output map spt_cmb_c3_uKCMB_150ghz_nside2048.fits
2024-09-08 11:10:35,745:INFO:mapsims:Replace NaN with UNSEEN
2024-09-08 11:10:35,968:INFO:mapsims:Reorder ring to nest
2024-09-08 11:10:40,113:INFO:mapsims:Writing output map

real	1m57.613s
user	74m39.935s
sys	0m16.972s
