
WARNING: version mismatch between CFITSIO header (v3.47) and linked library (v4.02).


WARNING: version mismatch between CFITSIO header (v3.47) and linked library (v4.02).


WARNING: version mismatch between CFITSIO header (v3.47) and linked library (v4.02).

2024-09-08 10:58:20,899:INFO:mapsims:Parsing configuration from common.toml, cmb_c4.toml
2024-09-08 10:58:20,901:INFO:mapsims:Parsing channels from ../private/202308_panexp_spt3g/spt_instrument_model.tbl
2024-09-08 10:58:20,904:INFO:mapsims:Channel 95ghz
2024-09-08 10:58:20,939:INFO:mapsims:Beam from ../private/202308_panexp_spt3g/beam_95ghz.tbl
2024-09-08 10:58:20,942:INFO:mapsims:Bandpass from ../private/202308_panexp_spt3g/bandpass_95ghz.tbl
2024-09-08 10:58:20,956:INFO:mapsims:Parsing channels from ../private/202308_panexp_spt3g/spt_instrument_model.tbl
2024-09-08 10:58:20,958:INFO:mapsims:Channel 95ghz
2024-09-08 10:58:20,990:INFO:mapsims:Beam from ../private/202308_panexp_spt3g/beam_95ghz.tbl
2024-09-08 10:58:20,991:INFO:mapsims:Bandpass from ../private/202308_panexp_spt3g/bandpass_95ghz.tbl
2024-09-08 10:58:21,033:INFO:mapsims:Nside: 2048, Modeling Nside: 4096, Ellmax: 5120
2024-09-08 10:58:21,036:INFO:mapsims:Initializing the PySM Sky object
2024-09-08 10:58:21,038:INFO:pysm3:Access data from /mnt/sdceph/users/azonca/pysm-data/websky/0.4/cmb/map_I_lensed_alm_seed1_nside4096.fits
2024-09-08 10:58:21,040:INFO:pysm3:Access data from /mnt/sdceph/users/azonca/pysm-data/websky/0.4/cmb/map_Q_lensed_alm_seed1_nside4096.fits
2024-09-08 10:58:21,042:INFO:pysm3:Access data from /mnt/sdceph/users/azonca/pysm-data/websky/0.4/cmb/map_U_lensed_alm_seed1_nside4096.fits
2024-09-08 10:58:21,044:INFO:pysm3:Access data from /mnt/sdceph/users/azonca/pysm-data/websky/0.4/cmb/map_I_lensed_alm_seed1_nside4096.fits
2024-09-08 10:58:22,378:INFO:pysm3:Access data from /mnt/sdceph/users/azonca/pysm-data/websky/0.4/cmb/map_Q_lensed_alm_seed1_nside4096.fits
2024-09-08 10:58:23,702:INFO:pysm3:Access data from /mnt/sdceph/users/azonca/pysm-data/websky/0.4/cmb/map_U_lensed_alm_seed1_nside4096.fits
2024-09-08 10:58:25,846:INFO:mapsims:Processing channel Channel 95ghz
2024-09-08 10:58:25,846:INFO:mapsims:Bandpass integration for Channel 95ghz
2024-09-08 10:58:25,848:INFO:pysm3:Removing 1/30 points below 1e-10
2024-09-08 10:58:27,658:INFO:pysm3:Removing 1/30 points below 1e-10
2024-09-08 10:58:28,366:INFO:mapsims:Smoothing and coord-transform for Channel 95ghz
2024-09-08 10:58:28,368:INFO:pysm3:Using map2alm with pixel weights
2024-09-08 10:58:35,149:INFO:pysm3:Smoothing with a custom isotropic beam
2024-09-08 10:58:35,149:INFO:pysm3:Using the same beam for all components
2024-09-08 10:58:35,351:INFO:pysm3:Using the same beam for all components
2024-09-08 10:58:35,552:INFO:pysm3:Using the same beam for all components
2024-09-08 10:58:35,754:INFO:pysm3:Rotate Alm
2024-09-08 10:59:59,057:INFO:pysm3:Alm to map HEALPix
2024-09-08 11:00:02,506:INFO:mapsims:Writing output map spt_cmb_c4_uKCMB_95ghz_nside2048.fits
2024-09-08 11:00:02,507:INFO:mapsims:Replace NaN with UNSEEN
2024-09-08 11:00:02,729:INFO:mapsims:Reorder ring to nest
2024-09-08 11:00:06,920:INFO:mapsims:Writing output map

real	1m49.516s
user	68m48.797s
sys	0m16.034s
