
WARNING: version mismatch between CFITSIO header (v3.47) and linked library (v4.02).


WARNING: version mismatch between CFITSIO header (v3.47) and linked library (v4.02).


WARNING: version mismatch between CFITSIO header (v3.47) and linked library (v4.02).

2024-09-08 11:06:46,827:INFO:mapsims:Parsing configuration from common.toml, tsz_tsz1.toml
2024-09-08 11:06:46,829:INFO:mapsims:Parsing channels from ../private/202308_panexp_spt3g/spt_instrument_model.tbl
2024-09-08 11:06:46,846:INFO:mapsims:Channel 150ghz
2024-09-08 11:06:46,886:INFO:mapsims:Beam from ../private/202308_panexp_spt3g/beam_150ghz.tbl
2024-09-08 11:06:46,889:INFO:mapsims:Bandpass from ../private/202308_panexp_spt3g/bandpass_150ghz.tbl
2024-09-08 11:06:46,893:INFO:mapsims:Parsing channels from ../private/202308_panexp_spt3g/spt_instrument_model.tbl
2024-09-08 11:06:46,898:INFO:mapsims:Channel 150ghz
2024-09-08 11:06:46,929:INFO:mapsims:Beam from ../private/202308_panexp_spt3g/beam_150ghz.tbl
2024-09-08 11:06:46,931:INFO:mapsims:Bandpass from ../private/202308_panexp_spt3g/bandpass_150ghz.tbl
2024-09-08 11:06:46,970:INFO:mapsims:Nside: 2048, Modeling Nside: 8192, Ellmax: 5120
2024-09-08 11:06:46,971:INFO:mapsims:Initializing the PySM Sky object
2024-09-08 11:06:46,974:INFO:pysm3:Access data from /mnt/sdceph/users/azonca/pysm-data/websky/0.4/tsz_8192_hp.fits
2024-09-08 11:06:46,975:INFO:pysm3:Access data from /mnt/sdceph/users/azonca/pysm-data/websky/0.4/tsz_8192_hp.fits
2024-09-08 11:06:59,447:INFO:mapsims:Processing channel Channel 150ghz
2024-09-08 11:06:59,447:INFO:mapsims:Bandpass integration for Channel 150ghz
2024-09-08 11:09:19,297:INFO:pysm3:Removing 2/47 points below 1e-10
2024-09-08 11:09:22,209:INFO:mapsims:Smoothing and coord-transform for Channel 150ghz
2024-09-08 11:09:22,212:INFO:pysm3:Using map2alm with pixel weights
2024-09-08 11:09:47,131:INFO:pysm3:Smoothing with a custom isotropic beam
2024-09-08 11:09:47,131:INFO:pysm3:Using the same beam for all components
2024-09-08 11:09:47,331:INFO:pysm3:Using the same beam for all components
2024-09-08 11:09:47,532:INFO:pysm3:Using the same beam for all components
2024-09-08 11:09:47,732:INFO:pysm3:Rotate Alm
2024-09-08 11:11:05,502:INFO:pysm3:Alm to map HEALPix
2024-09-08 11:11:08,843:INFO:mapsims:Writing output map spt_tsz_tsz1_uKCMB_150ghz_nside2048.fits
2024-09-08 11:11:08,843:INFO:mapsims:Replace NaN with UNSEEN
2024-09-08 11:11:09,050:INFO:mapsims:Reorder ring to nest
2024-09-08 11:11:12,944:INFO:mapsims:Writing output map

real	4m29.628s
user	70m4.333s
sys	2m31.847s
