
WARNING: version mismatch between CFITSIO header (v3.47) and linked library (v4.02).


WARNING: version mismatch between CFITSIO header (v3.47) and linked library (v4.02).


WARNING: version mismatch between CFITSIO header (v3.47) and linked library (v4.02).

2024-09-08 11:15:04,874:INFO:mapsims:Parsing configuration from common.toml, synchrotron_s5.toml
2024-09-08 11:15:04,875:INFO:mapsims:Parsing channels from ../private/202308_panexp_spt3g/spt_instrument_model.tbl
2024-09-08 11:15:04,885:INFO:mapsims:Channel 220ghz
2024-09-08 11:15:04,918:INFO:mapsims:Beam from ../private/202308_panexp_spt3g/beam_220ghz.tbl
2024-09-08 11:15:04,920:INFO:mapsims:Bandpass from ../private/202308_panexp_spt3g/bandpass_220ghz.tbl
2024-09-08 11:15:04,920:INFO:mapsims:Parsing channels from ../private/202308_panexp_spt3g/spt_instrument_model.tbl
2024-09-08 11:15:04,929:INFO:mapsims:Channel 220ghz
2024-09-08 11:15:04,960:INFO:mapsims:Beam from ../private/202308_panexp_spt3g/beam_220ghz.tbl
2024-09-08 11:15:04,961:INFO:mapsims:Bandpass from ../private/202308_panexp_spt3g/bandpass_220ghz.tbl
2024-09-08 11:15:04,962:INFO:mapsims:Nside: 2048, Modeling Nside: 4096, Ellmax: 5120
2024-09-08 11:15:04,963:INFO:mapsims:Initializing the PySM Sky object
2024-09-08 11:15:04,965:INFO:pysm3:Access data from /mnt/sdceph/users/azonca/pysm-data/synch/synch_template_nside4096_2023.02.25.fits
2024-09-08 11:15:09,897:INFO:pysm3:Retrieve data for synch/synch_beta_nside4096_2023.02.16.fits (if not cached already)
2024-09-08 11:15:11,269:INFO:mapsims:Processing channel Channel 220ghz
2024-09-08 11:15:11,269:INFO:mapsims:Bandpass integration for Channel 220ghz
2024-09-08 11:18:32,161:INFO:mapsims:Smoothing and coord-transform for Channel 220ghz
2024-09-08 11:18:32,163:INFO:pysm3:Using map2alm with pixel weights
2024-09-08 11:18:39,138:INFO:pysm3:Smoothing with a custom isotropic beam
2024-09-08 11:18:39,139:INFO:pysm3:Using the same beam for all components
2024-09-08 11:18:39,337:INFO:pysm3:Using the same beam for all components
2024-09-08 11:18:39,535:INFO:pysm3:Using the same beam for all components
2024-09-08 11:18:39,734:INFO:pysm3:Rotate Alm
2024-09-08 11:20:05,859:INFO:pysm3:Alm to map HEALPix
2024-09-08 11:20:09,187:INFO:mapsims:Writing output map spt_synchrotron_s5_uKCMB_220ghz_nside2048.fits
2024-09-08 11:20:09,187:INFO:mapsims:Replace NaN with UNSEEN
2024-09-08 11:20:09,407:INFO:mapsims:Reorder ring to nest
2024-09-08 11:20:13,570:INFO:mapsims:Writing output map

real	5m12.110s
user	97m11.651s
sys	3m26.492s
