
WARNING: version mismatch between CFITSIO header (v3.47) and linked library (v4.02).


WARNING: version mismatch between CFITSIO header (v3.47) and linked library (v4.02).


WARNING: version mismatch between CFITSIO header (v3.47) and linked library (v4.02).

2024-09-08 11:11:41,217:INFO:mapsims:Parsing configuration from common.toml, co_co3.toml
2024-09-08 11:11:41,218:INFO:mapsims:Parsing channels from ../private/202308_panexp_spt3g/spt_instrument_model.tbl
2024-09-08 11:11:41,225:INFO:mapsims:Channel 150ghz
2024-09-08 11:11:41,258:INFO:mapsims:Beam from ../private/202308_panexp_spt3g/beam_150ghz.tbl
2024-09-08 11:11:41,259:INFO:mapsims:Bandpass from ../private/202308_panexp_spt3g/bandpass_150ghz.tbl
2024-09-08 11:11:41,264:INFO:mapsims:Parsing channels from ../private/202308_panexp_spt3g/spt_instrument_model.tbl
2024-09-08 11:11:41,269:INFO:mapsims:Channel 150ghz
2024-09-08 11:11:41,301:INFO:mapsims:Beam from ../private/202308_panexp_spt3g/beam_150ghz.tbl
2024-09-08 11:11:41,302:INFO:mapsims:Bandpass from ../private/202308_panexp_spt3g/bandpass_150ghz.tbl
2024-09-08 11:11:41,306:INFO:mapsims:Nside: 2048, Modeling Nside: 2048, Ellmax: 5120
2024-09-08 11:11:41,307:INFO:mapsims:Initializing the PySM Sky object
2024-09-08 11:11:41,309:INFO:pysm3:Access data from /mnt/sdceph/users/azonca/pysm-data/co/HFI_CompMap_CO-Type1_2048_R2.00_ring.fits
2024-09-08 11:11:41,310:INFO:pysm3:Access data from /mnt/sdceph/users/azonca/pysm-data/co/HFI_CompMap_CO-Type1_2048_R2.00_ring.fits
2024-09-08 11:11:58,369:INFO:pysm3:Access data from /mnt/sdceph/users/azonca/pysm-data/co/psimap_dust90_2048.fits
2024-09-08 11:11:58,371:INFO:pysm3:Access data from /mnt/sdceph/users/azonca/pysm-data/co/psimap_dust90_2048.fits
2024-09-08 11:11:58,767:WARNING:pysm3:No physical unit associated with file /mnt/sdceph/users/azonca/pysm-data/co/psimap_dust90_2048.fits
2024-09-08 11:11:58,769:INFO:pysm3:Access data from /mnt/sdceph/users/azonca/pysm-data/co/gmap_dust90_2048.fits
2024-09-08 11:11:58,770:INFO:pysm3:Access data from /mnt/sdceph/users/azonca/pysm-data/co/gmap_dust90_2048.fits
2024-09-08 11:11:59,153:WARNING:pysm3:No physical unit associated with file /mnt/sdceph/users/azonca/pysm-data/co/gmap_dust90_2048.fits
2024-09-08 11:11:59,155:INFO:pysm3:Access data from /mnt/sdceph/users/azonca/pysm-data/co/mcmoleCO_HGL_2048.fits
2024-09-08 11:11:59,156:INFO:pysm3:Access data from /mnt/sdceph/users/azonca/pysm-data/co/mcmoleCO_HGL_2048.fits
2024-09-08 11:12:00,434:INFO:mapsims:Processing channel Channel 150ghz
2024-09-08 11:12:00,435:INFO:mapsims:Bandpass integration for Channel 150ghz
2024-09-08 11:12:03,172:INFO:pysm3:Removing 2/47 points below 1e-10
2024-09-08 11:12:03,579:INFO:mapsims:Smoothing and coord-transform for Channel 150ghz
2024-09-08 11:13:34,882:WARNING:pysm3:hp.map2alm_lsq did not converge in 10 iterations, residual relative error is 0.63
2024-09-08 11:13:34,882:INFO:pysm3:Smoothing with a custom isotropic beam
2024-09-08 11:13:34,882:INFO:pysm3:Using the same beam for all components
2024-09-08 11:13:35,088:INFO:pysm3:Using the same beam for all components
2024-09-08 11:13:35,290:INFO:pysm3:Using the same beam for all components
2024-09-08 11:13:35,493:INFO:pysm3:Rotate Alm
2024-09-08 11:15:04,579:INFO:pysm3:Alm to map HEALPix
2024-09-08 11:15:07,814:INFO:mapsims:Writing output map spt_co_co3_uKCMB_150ghz_nside2048.fits
2024-09-08 11:15:07,815:INFO:mapsims:Replace NaN with UNSEEN
2024-09-08 11:15:08,005:INFO:mapsims:Reorder ring to nest
2024-09-08 11:15:12,143:INFO:mapsims:Writing output map

real	3m34.268s
user	89m18.866s
sys	3m20.508s
