
WARNING: version mismatch between CFITSIO header (v3.47) and linked library (v4.02).


WARNING: version mismatch between CFITSIO header (v3.47) and linked library (v4.02).


WARNING: version mismatch between CFITSIO header (v3.47) and linked library (v4.02).

2024-09-08 10:58:20,906:INFO:mapsims:Parsing configuration from common.toml, co_co1.toml
2024-09-08 10:58:20,908:INFO:mapsims:Parsing channels from ../private/202308_panexp_spt3g/spt_instrument_model.tbl
2024-09-08 10:58:20,915:INFO:mapsims:Channel 150ghz
2024-09-08 10:58:20,950:INFO:mapsims:Beam from ../private/202308_panexp_spt3g/beam_150ghz.tbl
2024-09-08 10:58:20,953:INFO:mapsims:Bandpass from ../private/202308_panexp_spt3g/bandpass_150ghz.tbl
2024-09-08 10:58:20,957:INFO:mapsims:Parsing channels from ../private/202308_panexp_spt3g/spt_instrument_model.tbl
2024-09-08 10:58:20,962:INFO:mapsims:Channel 150ghz
2024-09-08 10:58:20,993:INFO:mapsims:Beam from ../private/202308_panexp_spt3g/beam_150ghz.tbl
2024-09-08 10:58:20,994:INFO:mapsims:Bandpass from ../private/202308_panexp_spt3g/bandpass_150ghz.tbl
2024-09-08 10:58:21,033:INFO:mapsims:Nside: 2048, Modeling Nside: 2048, Ellmax: 5120
2024-09-08 10:58:21,035:INFO:mapsims:Initializing the PySM Sky object
2024-09-08 10:58:21,038:INFO:pysm3:Access data from /mnt/sdceph/users/azonca/pysm-data/co/HFI_CompMap_CO-Type1_2048_R2.00_ring.fits
2024-09-08 10:58:21,039:INFO:pysm3:Access data from /mnt/sdceph/users/azonca/pysm-data/co/HFI_CompMap_CO-Type1_2048_R2.00_ring.fits
2024-09-08 10:58:37,965:INFO:mapsims:Processing channel Channel 150ghz
2024-09-08 10:58:37,965:INFO:mapsims:Bandpass integration for Channel 150ghz
2024-09-08 10:58:39,150:INFO:pysm3:Removing 2/47 points below 1e-10
2024-09-08 10:58:39,550:INFO:mapsims:Smoothing and coord-transform for Channel 150ghz
2024-09-08 11:00:09,009:WARNING:pysm3:hp.map2alm_lsq did not converge in 10 iterations, residual relative error is 0.63
2024-09-08 11:00:09,009:INFO:pysm3:Smoothing with a custom isotropic beam
2024-09-08 11:00:09,009:INFO:pysm3:Using the same beam for all components
2024-09-08 11:00:09,209:INFO:pysm3:Using the same beam for all components
2024-09-08 11:00:09,408:INFO:pysm3:Using the same beam for all components
2024-09-08 11:00:09,607:INFO:pysm3:Rotate Alm
2024-09-08 11:01:27,719:INFO:pysm3:Alm to map HEALPix
2024-09-08 11:01:31,042:INFO:mapsims:Writing output map spt_co_co1_uKCMB_150ghz_nside2048.fits
2024-09-08 11:01:31,042:INFO:mapsims:Replace NaN with UNSEEN
2024-09-08 11:01:31,247:INFO:mapsims:Reorder ring to nest
2024-09-08 11:01:35,489:INFO:mapsims:Writing output map

real	3m17.899s
user	81m17.681s
sys	3m19.149s
