
WARNING: version mismatch between CFITSIO header (v3.47) and linked library (v4.02).


WARNING: version mismatch between CFITSIO header (v3.47) and linked library (v4.02).


WARNING: version mismatch between CFITSIO header (v3.47) and linked library (v4.02).

2024-09-08 10:58:20,871:INFO:mapsims:Parsing configuration from common.toml, synchrotron_s7.toml
2024-09-08 10:58:20,873:INFO:mapsims:Parsing channels from ../private/202308_panexp_spt3g/spt_instrument_model.tbl
2024-09-08 10:58:20,884:INFO:mapsims:Channel 220ghz
2024-09-08 10:58:20,918:INFO:mapsims:Beam from ../private/202308_panexp_spt3g/beam_220ghz.tbl
2024-09-08 10:58:20,920:INFO:mapsims:Bandpass from ../private/202308_panexp_spt3g/bandpass_220ghz.tbl
2024-09-08 10:58:20,921:INFO:mapsims:Parsing channels from ../private/202308_panexp_spt3g/spt_instrument_model.tbl
2024-09-08 10:58:20,929:INFO:mapsims:Channel 220ghz
2024-09-08 10:58:20,961:INFO:mapsims:Beam from ../private/202308_panexp_spt3g/beam_220ghz.tbl
2024-09-08 10:58:20,962:INFO:mapsims:Bandpass from ../private/202308_panexp_spt3g/bandpass_220ghz.tbl
2024-09-08 10:58:20,962:INFO:mapsims:Nside: 2048, Modeling Nside: 4096, Ellmax: 5120
2024-09-08 10:58:20,965:INFO:mapsims:Initializing the PySM Sky object
2024-09-08 10:58:20,967:INFO:pysm3:Access data from /mnt/sdceph/users/azonca/pysm-data/synch/synch_template_nside4096_2023.02.25.fits
2024-09-08 10:58:26,054:INFO:pysm3:Retrieve data for synch/synch_beta_nside4096_2023.02.16.fits (if not cached already)
2024-09-08 10:58:27,495:INFO:pysm3:Retrieve data for synch/synch_curvature_nside4096_2023.02.17.fits (if not cached already)
2024-09-08 10:58:28,833:INFO:mapsims:Processing channel Channel 220ghz
2024-09-08 10:58:28,834:INFO:mapsims:Bandpass integration for Channel 220ghz
2024-09-08 11:02:13,645:INFO:mapsims:Smoothing and coord-transform for Channel 220ghz
2024-09-08 11:02:13,647:INFO:pysm3:Using map2alm with pixel weights
2024-09-08 11:02:20,733:INFO:pysm3:Smoothing with a custom isotropic beam
2024-09-08 11:02:20,733:INFO:pysm3:Using the same beam for all components
2024-09-08 11:02:20,936:INFO:pysm3:Using the same beam for all components
2024-09-08 11:02:21,136:INFO:pysm3:Using the same beam for all components
2024-09-08 11:02:21,337:INFO:pysm3:Rotate Alm
2024-09-08 11:03:36,321:INFO:pysm3:Alm to map HEALPix
2024-09-08 11:03:39,660:INFO:mapsims:Writing output map spt_synchrotron_s7_uKCMB_220ghz_nside2048.fits
2024-09-08 11:03:39,660:INFO:mapsims:Replace NaN with UNSEEN
2024-09-08 11:03:39,882:INFO:mapsims:Reorder ring to nest
2024-09-08 11:03:44,084:INFO:mapsims:Writing output map

real	5m26.650s
user	102m10.062s
sys	3m49.885s
