Warning: Python module not loaded, you already have Python loaded via conda init
2022-11-17 23:47:07,086:INFO:mapsims:Parsing configuration from common.toml, ame_high.toml
2022-11-17 23:47:07,206:INFO:mapsims:Nside: 4096, Modeling Nside: 512, Ellmax: 1280
2022-11-17 23:47:07,212:INFO:mapsims:Initializing the PySM Sky object
2022-11-17 23:47:07,215:INFO:pysm3:Access data from /global/project/projectdirs/cmb/www/pysm-data/pysm_2/ame_t_new.fits
2022-11-17 23:47:08,022:INFO:pysm3:Access data from /global/project/projectdirs/cmb/www/pysm-data/pysm_2/ame_nu_peak_0.fits
2022-11-17 23:47:08,788:INFO:pysm3:Access data from /global/project/projectdirs/cmb/www/pysm-data/pysm_2/emissivity.txt
2022-11-17 23:47:08,799:INFO:pysm3:Access data from /global/project/projectdirs/cmb/www/pysm-data/pysm_2/dust_u_new.fits
2022-11-17 23:47:09,581:WARNING:pysm3:No physical unit associated with file /global/project/projectdirs/cmb/www/pysm-data/pysm_2/dust_u_new.fits
2022-11-17 23:47:09,584:INFO:pysm3:Access data from /global/project/projectdirs/cmb/www/pysm-data/pysm_2/dust_q_new.fits
2022-11-17 23:47:10,371:WARNING:pysm3:No physical unit associated with file /global/project/projectdirs/cmb/www/pysm-data/pysm_2/dust_q_new.fits
2022-11-17 23:47:10,812:INFO:pysm3:Access data from /global/project/projectdirs/cmb/www/pysm-data/pysm_2/ame2_t_new.fits
2022-11-17 23:47:11,564:INFO:pysm3:Access data from /global/project/projectdirs/cmb/www/pysm-data/pysm_2/emissivity.txt
2022-11-17 23:47:11,573:INFO:pysm3:Access data from /global/project/projectdirs/cmb/www/pysm-data/pysm_2/dust_u_new.fits
2022-11-17 23:47:12,357:WARNING:pysm3:No physical unit associated with file /global/project/projectdirs/cmb/www/pysm-data/pysm_2/dust_u_new.fits
2022-11-17 23:47:12,360:INFO:pysm3:Access data from /global/project/projectdirs/cmb/www/pysm-data/pysm_2/dust_q_new.fits
2022-11-17 23:47:13,157:WARNING:pysm3:No physical unit associated with file /global/project/projectdirs/cmb/www/pysm-data/pysm_2/dust_q_new.fits
2022-11-17 23:47:13,597:INFO:mapsims:Processing channel Channel HFL1
2022-11-17 23:47:13,598:INFO:mapsims:Bandpass integration for Channel HFL1
2022-11-17 23:48:14,227:INFO:mapsims:Smoothing and coord-transform for Channel HFL1
2022-11-17 23:48:36,512:INFO:pysm3:Used map2alm_lsq, converged in 7 iterations, residual relative error 0.19
2022-11-17 23:49:27,678:INFO:mapsims:Writing output map cmbs4_ame_high_uKCMB_LAT-HFL1_nside4096_0000.fits

real	4m28.578s
user	25m7.440s
sys	5m32.638s
