Warning: Python module not loaded, you already have Python loaded via conda init
2022-11-14 01:45:44,682:INFO:mapsims:Parsing configuration from common.toml, co.toml
2022-11-14 01:45:44,811:INFO:mapsims:Nside: 4096, Modeling Nside: 4096, Ellmax: 10240
2022-11-14 01:45:44,815:INFO:mapsims:Initializing the PySM Sky object
2022-11-14 01:45:44,875:INFO:pysm3:Access data from /global/project/projectdirs/cmb/www/pysm-data/co/HFI_CompMap_CO-Type1_2048_R2.00_ring.fits
2022-11-14 01:45:44,877:INFO:pysm3:Access data from /global/project/projectdirs/cmb/www/pysm-data/co/HFI_CompMap_CO-Type1_2048_R2.00_ring.fits
2022-11-14 01:54:47,859:INFO:pysm3:Access data from /global/project/projectdirs/cmb/www/pysm-data/co/psimap_dust90_2048.fits
2022-11-14 01:54:47,860:INFO:pysm3:Access data from /global/project/projectdirs/cmb/www/pysm-data/co/psimap_dust90_2048.fits
2022-11-14 01:55:31,514:WARNING:pysm3:No physical unit associated with file /global/project/projectdirs/cmb/www/pysm-data/co/psimap_dust90_2048.fits
2022-11-14 01:55:31,517:INFO:pysm3:Access data from /global/project/projectdirs/cmb/www/pysm-data/co/gmap_dust90_2048.fits
2022-11-14 01:55:31,518:INFO:pysm3:Access data from /global/project/projectdirs/cmb/www/pysm-data/co/gmap_dust90_2048.fits
2022-11-14 01:56:15,140:WARNING:pysm3:No physical unit associated with file /global/project/projectdirs/cmb/www/pysm-data/co/gmap_dust90_2048.fits
2022-11-14 01:56:15,143:INFO:pysm3:Access data from /global/project/projectdirs/cmb/www/pysm-data/co/mcmoleCO_HGL_2048.fits
2022-11-14 01:56:15,143:INFO:pysm3:Access data from /global/project/projectdirs/cmb/www/pysm-data/co/mcmoleCO_HGL_2048.fits
2022-11-14 01:58:30,695:INFO:mapsims:Processing channel Channel MFL1
2022-11-14 01:58:30,696:INFO:mapsims:Bandpass integration for Channel MFL1
2022-11-14 01:58:48,058:INFO:mapsims:Smoothing and coord-transform for Channel MFL1
/global/common/software/cmb/zonca/conda/pycmbprod/lib/python3.10/site-packages/healpy/sphtfunc.py:414: RuntimeWarning: invalid value encountered in double_scalars
  return realalm2alm(res[0]), res[3] / norm(maps.reshape((-1,))), res[2]
2022-11-14 02:10:56,925:INFO:pysm3:Used map2alm_lsq, converged in 0 iterations, residual relative error nan
2022-11-14 02:30:21,450:INFO:mapsims:Writing output map cmbs4_co_uKCMB_LAT-MFL1_nside4096_0000.fits

real	46m54.936s
user	1923m30.814s
sys	7m7.358s
