Warning: Python module not loaded, you already have Python loaded via conda init
2022-12-01 18:15:06,111:INFO:mapsims:Parsing configuration from common.toml, radio.toml
2022-12-01 18:15:06,228:INFO:mapsims:Nside: 4096, Modeling Nside: 4096, Ellmax: 10240
2022-12-01 18:15:06,236:INFO:mapsims:Initializing the PySM Sky object
2022-12-01 18:15:08,082:INFO:mapsims:Processing channel Channel HFL2
2022-12-01 18:15:08,084:INFO:mapsims:Bandpass integration for Channel HFL2
2022-12-01 18:15:10,091:INFO:pysm3:Frequencies considered: [256. 275. 294. 306. 314. 340.]
2022-12-01 18:15:10,950:INFO:pysm3:Access data from /global/project/projectdirs/cmb/www/pysm-data/websky/0.4/radio/radio_0256.0.fits
2022-12-01 18:15:10,951:INFO:pysm3:Reading map /global/project/projectdirs/cmb/www/pysm-data/websky/0.4/radio/radio_0256.0.fits
2022-12-01 18:15:10,953:INFO:pysm3:Access data from /global/project/projectdirs/cmb/www/pysm-data/websky/0.4/radio/radio_0256.0.fits
2022-12-01 18:15:18,929:INFO:pysm3:Access data from /global/project/projectdirs/cmb/www/pysm-data/websky/0.4/radio/radio_0256.0.fits
2022-12-01 18:16:43,045:INFO:pysm3:Mean emission at 256.0 GHz in I: 0.1068 uK_RJ
2022-12-01 18:16:43,958:INFO:pysm3:Access data from /global/project/projectdirs/cmb/www/pysm-data/websky/0.4/radio/radio_0275.0.fits
2022-12-01 18:16:43,959:INFO:pysm3:Reading map /global/project/projectdirs/cmb/www/pysm-data/websky/0.4/radio/radio_0275.0.fits
2022-12-01 18:16:43,960:INFO:pysm3:Access data from /global/project/projectdirs/cmb/www/pysm-data/websky/0.4/radio/radio_0275.0.fits
2022-12-01 18:16:52,613:INFO:pysm3:Access data from /global/project/projectdirs/cmb/www/pysm-data/websky/0.4/radio/radio_0275.0.fits
2022-12-01 18:18:14,127:INFO:pysm3:Mean emission at 275.0 GHz in I: 0.09058 uK_RJ
2022-12-01 18:18:14,144:INFO:pysm3:Access data from /global/project/projectdirs/cmb/www/pysm-data/websky/0.4/radio/radio_0294.0.fits
2022-12-01 18:18:14,145:INFO:pysm3:Reading map /global/project/projectdirs/cmb/www/pysm-data/websky/0.4/radio/radio_0294.0.fits
2022-12-01 18:18:14,145:INFO:pysm3:Access data from /global/project/projectdirs/cmb/www/pysm-data/websky/0.4/radio/radio_0294.0.fits
2022-12-01 18:18:23,046:INFO:pysm3:Access data from /global/project/projectdirs/cmb/www/pysm-data/websky/0.4/radio/radio_0294.0.fits
2022-12-01 18:19:44,713:INFO:pysm3:Mean emission at 294.0 GHz in I: 0.07775 uK_RJ
2022-12-01 18:19:44,718:INFO:pysm3:Access data from /global/project/projectdirs/cmb/www/pysm-data/websky/0.4/radio/radio_0306.0.fits
2022-12-01 18:19:44,719:INFO:pysm3:Reading map /global/project/projectdirs/cmb/www/pysm-data/websky/0.4/radio/radio_0306.0.fits
2022-12-01 18:19:44,720:INFO:pysm3:Access data from /global/project/projectdirs/cmb/www/pysm-data/websky/0.4/radio/radio_0306.0.fits
2022-12-01 18:19:52,189:INFO:pysm3:Access data from /global/project/projectdirs/cmb/www/pysm-data/websky/0.4/radio/radio_0306.0.fits
2022-12-01 18:21:12,148:INFO:pysm3:Mean emission at 306.0 GHz in I: 0.07098 uK_RJ
2022-12-01 18:21:12,171:INFO:pysm3:Access data from /global/project/projectdirs/cmb/www/pysm-data/websky/0.4/radio/radio_0314.0.fits
2022-12-01 18:21:12,172:INFO:pysm3:Reading map /global/project/projectdirs/cmb/www/pysm-data/websky/0.4/radio/radio_0314.0.fits
2022-12-01 18:21:12,173:INFO:pysm3:Access data from /global/project/projectdirs/cmb/www/pysm-data/websky/0.4/radio/radio_0314.0.fits
2022-12-01 18:21:20,812:INFO:pysm3:Access data from /global/project/projectdirs/cmb/www/pysm-data/websky/0.4/radio/radio_0314.0.fits
2022-12-01 18:22:41,559:INFO:pysm3:Mean emission at 314.0 GHz in I: 0.06693 uK_RJ
2022-12-01 18:22:41,566:INFO:pysm3:Access data from /global/project/projectdirs/cmb/www/pysm-data/websky/0.4/radio/radio_0340.0.fits
2022-12-01 18:22:41,567:INFO:pysm3:Reading map /global/project/projectdirs/cmb/www/pysm-data/websky/0.4/radio/radio_0340.0.fits
2022-12-01 18:22:41,568:INFO:pysm3:Access data from /global/project/projectdirs/cmb/www/pysm-data/websky/0.4/radio/radio_0340.0.fits
2022-12-01 18:22:49,681:INFO:pysm3:Access data from /global/project/projectdirs/cmb/www/pysm-data/websky/0.4/radio/radio_0340.0.fits
2022-12-01 18:24:10,632:INFO:pysm3:Mean emission at 340.0 GHz in I: 0.05588 uK_RJ
2022-12-01 18:26:12,324:INFO:mapsims:Smoothing and coord-transform for Channel HFL2
2022-12-01 20:04:23,681:WARNING:pysm3:hp.map2alm_lsq did not converge in 10 iterations, residual relative error is 0.69
2022-12-01 20:23:47,622:INFO:mapsims:Writing output map cmbs4_radio_uKCMB_LAT-HFL2_nside4096_0000.fits

real	130m56.635s
user	6477m3.601s
sys	27m59.338s
