Warning: Python module not loaded, you already have Python loaded via conda init
2022-11-14 01:45:46,535:INFO:mapsims:Parsing configuration from common.toml, radio.toml
2022-11-14 01:45:46,649:INFO:mapsims:Nside: 4096, Modeling Nside: 4096, Ellmax: 10240
2022-11-14 01:45:46,653:INFO:mapsims:Initializing the PySM Sky object
2022-11-14 01:45:49,018:INFO:mapsims:Processing channel Channel LFL1
2022-11-14 01:45:49,020:INFO:mapsims:Bandpass integration for Channel LFL1
2022-11-14 01:45:50,809:INFO:pysm3:Frequencies considered: [18.7 21.6 24.5 27.3 30. ]
2022-11-14 01:45:51,637:INFO:pysm3:Access data from /global/project/projectdirs/cmb/www/pysm-data/websky/0.4/radio/radio_0018.7.fits
2022-11-14 01:45:51,638:INFO:pysm3:Reading map /global/project/projectdirs/cmb/www/pysm-data/websky/0.4/radio/radio_0018.7.fits
2022-11-14 01:45:51,639:INFO:pysm3:Access data from /global/project/projectdirs/cmb/www/pysm-data/websky/0.4/radio/radio_0018.7.fits
2022-11-14 01:45:59,223:INFO:pysm3:Access data from /global/project/projectdirs/cmb/www/pysm-data/websky/0.4/radio/radio_0018.7.fits
2022-11-14 01:47:23,397:INFO:pysm3:Mean emission at 18.7 GHz in I: 1.24e+08 uK_RJ
2022-11-14 01:47:24,322:INFO:pysm3:Access data from /global/project/projectdirs/cmb/www/pysm-data/websky/0.4/radio/radio_0021.6.fits
2022-11-14 01:47:24,323:INFO:pysm3:Reading map /global/project/projectdirs/cmb/www/pysm-data/websky/0.4/radio/radio_0021.6.fits
2022-11-14 01:47:24,325:INFO:pysm3:Access data from /global/project/projectdirs/cmb/www/pysm-data/websky/0.4/radio/radio_0021.6.fits
2022-11-14 01:47:31,898:INFO:pysm3:Access data from /global/project/projectdirs/cmb/www/pysm-data/websky/0.4/radio/radio_0021.6.fits
2022-11-14 01:48:52,235:INFO:pysm3:Mean emission at 21.6 GHz in I: 7.68e+07 uK_RJ
2022-11-14 01:48:52,249:INFO:pysm3:Access data from /global/project/projectdirs/cmb/www/pysm-data/websky/0.4/radio/radio_0024.5.fits
2022-11-14 01:48:52,258:INFO:pysm3:Reading map /global/project/projectdirs/cmb/www/pysm-data/websky/0.4/radio/radio_0024.5.fits
2022-11-14 01:48:52,265:INFO:pysm3:Access data from /global/project/projectdirs/cmb/www/pysm-data/websky/0.4/radio/radio_0024.5.fits
2022-11-14 01:49:00,255:INFO:pysm3:Access data from /global/project/projectdirs/cmb/www/pysm-data/websky/0.4/radio/radio_0024.5.fits
2022-11-14 01:50:20,985:INFO:pysm3:Mean emission at 24.5 GHz in I: 5.137e+07 uK_RJ
2022-11-14 01:50:21,002:INFO:pysm3:Access data from /global/project/projectdirs/cmb/www/pysm-data/websky/0.4/radio/radio_0027.3.fits
2022-11-14 01:50:21,003:INFO:pysm3:Reading map /global/project/projectdirs/cmb/www/pysm-data/websky/0.4/radio/radio_0027.3.fits
2022-11-14 01:50:21,004:INFO:pysm3:Access data from /global/project/projectdirs/cmb/www/pysm-data/websky/0.4/radio/radio_0027.3.fits
2022-11-14 01:50:28,732:INFO:pysm3:Access data from /global/project/projectdirs/cmb/www/pysm-data/websky/0.4/radio/radio_0027.3.fits
2022-11-14 01:51:49,204:INFO:pysm3:Mean emission at 27.3 GHz in I: 3.688e+07 uK_RJ
2022-11-14 01:51:49,208:INFO:pysm3:Access data from /global/project/projectdirs/cmb/www/pysm-data/websky/0.4/radio/radio_0030.0.fits
2022-11-14 01:51:49,209:INFO:pysm3:Reading map /global/project/projectdirs/cmb/www/pysm-data/websky/0.4/radio/radio_0030.0.fits
2022-11-14 01:51:49,209:INFO:pysm3:Access data from /global/project/projectdirs/cmb/www/pysm-data/websky/0.4/radio/radio_0030.0.fits
2022-11-14 01:51:56,791:INFO:pysm3:Access data from /global/project/projectdirs/cmb/www/pysm-data/websky/0.4/radio/radio_0030.0.fits
2022-11-14 01:53:17,264:INFO:pysm3:Mean emission at 30.0 GHz in I: 2.797e+07 uK_RJ
2022-11-14 01:55:19,716:INFO:mapsims:Smoothing and coord-transform for Channel LFL1
2022-11-14 03:33:39,736:WARNING:pysm3:hp.map2alm_lsq did not converge in 10 iterations, residual relative error is 0.69
2022-11-14 03:53:04,307:INFO:mapsims:Writing output map cmbs4_radio_uKCMB_LAT-LFL1_nside4096_0000.fits

real	129m34.481s
user	6476m46.926s
sys	27m37.472s
