Warning: Python module not loaded, you already have Python loaded via conda init
2022-11-17 23:47:06,246:INFO:mapsims:Parsing configuration from common.toml, ame_high.toml
2022-11-17 23:47:06,364:INFO:mapsims:Nside: 4096, Modeling Nside: 512, Ellmax: 1280
2022-11-17 23:47:06,369:INFO:mapsims:Initializing the PySM Sky object
2022-11-17 23:47:06,373:INFO:pysm3:Access data from /global/project/projectdirs/cmb/www/pysm-data/pysm_2/ame_t_new.fits
2022-11-17 23:47:07,225:INFO:pysm3:Access data from /global/project/projectdirs/cmb/www/pysm-data/pysm_2/ame_nu_peak_0.fits
2022-11-17 23:47:08,052:INFO:pysm3:Access data from /global/project/projectdirs/cmb/www/pysm-data/pysm_2/emissivity.txt
2022-11-17 23:47:08,085:INFO:pysm3:Access data from /global/project/projectdirs/cmb/www/pysm-data/pysm_2/dust_u_new.fits
2022-11-17 23:47:08,910:WARNING:pysm3:No physical unit associated with file /global/project/projectdirs/cmb/www/pysm-data/pysm_2/dust_u_new.fits
2022-11-17 23:47:08,935:INFO:pysm3:Access data from /global/project/projectdirs/cmb/www/pysm-data/pysm_2/dust_q_new.fits
2022-11-17 23:47:09,762:WARNING:pysm3:No physical unit associated with file /global/project/projectdirs/cmb/www/pysm-data/pysm_2/dust_q_new.fits
2022-11-17 23:47:10,216:INFO:pysm3:Access data from /global/project/projectdirs/cmb/www/pysm-data/pysm_2/ame2_t_new.fits
2022-11-17 23:47:11,129:INFO:pysm3:Access data from /global/project/projectdirs/cmb/www/pysm-data/pysm_2/emissivity.txt
2022-11-17 23:47:11,137:INFO:pysm3:Access data from /global/project/projectdirs/cmb/www/pysm-data/pysm_2/dust_u_new.fits
2022-11-17 23:47:11,924:WARNING:pysm3:No physical unit associated with file /global/project/projectdirs/cmb/www/pysm-data/pysm_2/dust_u_new.fits
2022-11-17 23:47:11,927:INFO:pysm3:Access data from /global/project/projectdirs/cmb/www/pysm-data/pysm_2/dust_q_new.fits
2022-11-17 23:47:12,733:WARNING:pysm3:No physical unit associated with file /global/project/projectdirs/cmb/www/pysm-data/pysm_2/dust_q_new.fits
2022-11-17 23:47:13,178:INFO:mapsims:Processing channel Channel HFL2
2022-11-17 23:47:13,179:INFO:mapsims:Bandpass integration for Channel HFL2
2022-11-17 23:48:12,921:INFO:mapsims:Smoothing and coord-transform for Channel HFL2
2022-11-17 23:48:36,903:INFO:pysm3:Used map2alm_lsq, converged in 7 iterations, residual relative error 0.19
2022-11-17 23:49:28,451:INFO:mapsims:Writing output map cmbs4_ame_high_uKCMB_LAT-HFL2_nside4096_0000.fits

real	4m36.201s
user	25m10.373s
sys	5m43.163s
