Warning: Python module not loaded, you already have Python loaded via conda init
2022-11-17 23:47:06,163:INFO:mapsims:Parsing configuration from common.toml, ame_high.toml
2022-11-17 23:47:06,281:INFO:mapsims:Nside: 4096, Modeling Nside: 512, Ellmax: 1280
2022-11-17 23:47:06,289:INFO:mapsims:Initializing the PySM Sky object
2022-11-17 23:47:06,371:INFO:pysm3:Access data from /global/project/projectdirs/cmb/www/pysm-data/pysm_2/ame_t_new.fits
2022-11-17 23:47:07,225:INFO:pysm3:Access data from /global/project/projectdirs/cmb/www/pysm-data/pysm_2/ame_nu_peak_0.fits
2022-11-17 23:47:08,044:INFO:pysm3:Access data from /global/project/projectdirs/cmb/www/pysm-data/pysm_2/emissivity.txt
2022-11-17 23:47:08,085:INFO:pysm3:Access data from /global/project/projectdirs/cmb/www/pysm-data/pysm_2/dust_u_new.fits
2022-11-17 23:47:08,910:WARNING:pysm3:No physical unit associated with file /global/project/projectdirs/cmb/www/pysm-data/pysm_2/dust_u_new.fits
2022-11-17 23:47:08,935:INFO:pysm3:Access data from /global/project/projectdirs/cmb/www/pysm-data/pysm_2/dust_q_new.fits
2022-11-17 23:47:09,757:WARNING:pysm3:No physical unit associated with file /global/project/projectdirs/cmb/www/pysm-data/pysm_2/dust_q_new.fits
2022-11-17 23:47:10,216:INFO:pysm3:Access data from /global/project/projectdirs/cmb/www/pysm-data/pysm_2/ame2_t_new.fits
2022-11-17 23:47:11,123:INFO:pysm3:Access data from /global/project/projectdirs/cmb/www/pysm-data/pysm_2/emissivity.txt
2022-11-17 23:47:11,132:INFO:pysm3:Access data from /global/project/projectdirs/cmb/www/pysm-data/pysm_2/dust_u_new.fits
2022-11-17 23:47:11,907:WARNING:pysm3:No physical unit associated with file /global/project/projectdirs/cmb/www/pysm-data/pysm_2/dust_u_new.fits
2022-11-17 23:47:11,912:INFO:pysm3:Access data from /global/project/projectdirs/cmb/www/pysm-data/pysm_2/dust_q_new.fits
2022-11-17 23:47:12,691:WARNING:pysm3:No physical unit associated with file /global/project/projectdirs/cmb/www/pysm-data/pysm_2/dust_q_new.fits
2022-11-17 23:47:13,130:INFO:mapsims:Processing channel Channel LFL2
2022-11-17 23:47:13,131:INFO:mapsims:Bandpass integration for Channel LFL2
2022-11-17 23:48:13,515:INFO:mapsims:Smoothing and coord-transform for Channel LFL2
2022-11-17 23:48:39,173:INFO:pysm3:Used map2alm_lsq, converged in 8 iterations, residual relative error 0.045
2022-11-17 23:49:30,995:INFO:mapsims:Writing output map cmbs4_ame_high_uKCMB_LAT-LFL2_nside4096_0000.fits

real	4m40.523s
user	26m42.942s
sys	6m8.006s
