Warning: Python module not loaded, you already have Python loaded via conda init
2022-11-17 23:47:06,016:INFO:mapsims:Parsing configuration from common.toml, dust_high.toml
2022-11-17 23:47:06,137:INFO:mapsims:Nside: 4096, Modeling Nside: 2048, Ellmax: 5120
2022-11-17 23:47:06,157:INFO:mapsims:Initializing the PySM Sky object
2022-11-17 23:47:25,787:INFO:pysm3:Access data from /global/project/projectdirs/cmb/www/pysm-data/mkd_dust/2048/thermaldust_ampl1.fits
2022-11-17 23:48:08,095:INFO:pysm3:Access data from /global/project/projectdirs/cmb/www/pysm-data/mkd_dust/2048/thermaldust_ampl2.fits
2022-11-17 23:48:49,958:INFO:pysm3:Access data from /global/project/projectdirs/cmb/www/pysm-data/mkd_dust/2048/thermaldust_ampl3.fits
2022-11-17 23:49:32,329:INFO:pysm3:Access data from /global/project/projectdirs/cmb/www/pysm-data/mkd_dust/2048/thermaldust_ampl4.fits
2022-11-17 23:50:14,270:INFO:pysm3:Access data from /global/project/projectdirs/cmb/www/pysm-data/mkd_dust/2048/thermaldust_ampl5.fits
2022-11-17 23:50:56,256:INFO:pysm3:Access data from /global/project/projectdirs/cmb/www/pysm-data/mkd_dust/2048/thermaldust_ampl6.fits
2022-11-17 23:52:14,388:INFO:pysm3:Access data from /global/project/projectdirs/cmb/www/pysm-data/mkd_dust/2048/thermaldust_specind1.fits
2022-11-17 23:52:27,774:INFO:pysm3:Access data from /global/project/projectdirs/cmb/www/pysm-data/mkd_dust/2048/thermaldust_specind2.fits
2022-11-17 23:52:41,164:INFO:pysm3:Access data from /global/project/projectdirs/cmb/www/pysm-data/mkd_dust/2048/thermaldust_specind3.fits
2022-11-17 23:52:54,658:INFO:pysm3:Access data from /global/project/projectdirs/cmb/www/pysm-data/mkd_dust/2048/thermaldust_specind4.fits
2022-11-17 23:53:08,167:INFO:pysm3:Access data from /global/project/projectdirs/cmb/www/pysm-data/mkd_dust/2048/thermaldust_specind5.fits
2022-11-17 23:53:21,510:INFO:pysm3:Access data from /global/project/projectdirs/cmb/www/pysm-data/mkd_dust/2048/thermaldust_specind6.fits
2022-11-17 23:53:41,442:INFO:pysm3:Access data from /global/project/projectdirs/cmb/www/pysm-data/mkd_dust/2048/thermaldust_temp1.fits
2022-11-17 23:53:54,902:INFO:pysm3:Access data from /global/project/projectdirs/cmb/www/pysm-data/mkd_dust/2048/thermaldust_temp2.fits
2022-11-17 23:54:08,401:INFO:pysm3:Access data from /global/project/projectdirs/cmb/www/pysm-data/mkd_dust/2048/thermaldust_temp3.fits
2022-11-17 23:54:21,927:INFO:pysm3:Access data from /global/project/projectdirs/cmb/www/pysm-data/mkd_dust/2048/thermaldust_temp4.fits
2022-11-17 23:54:35,471:INFO:pysm3:Access data from /global/project/projectdirs/cmb/www/pysm-data/mkd_dust/2048/thermaldust_temp5.fits
2022-11-17 23:54:48,866:INFO:pysm3:Access data from /global/project/projectdirs/cmb/www/pysm-data/mkd_dust/2048/thermaldust_temp6.fits
2022-11-17 23:55:02,585:INFO:mapsims:Processing channel Channel MFL2
2022-11-17 23:55:02,586:INFO:mapsims:Bandpass integration for Channel MFL2
2022-11-18 00:10:08,906:INFO:mapsims:Smoothing and coord-transform for Channel MFL2
2022-11-18 00:25:34,174:WARNING:pysm3:hp.map2alm_lsq did not converge in 10 iterations, residual relative error is 0.00093
2022-11-18 00:29:16,116:INFO:mapsims:Writing output map cmbs4_dust_high_uKCMB_LAT-MFL2_nside4096_0000.fits

real	44m25.558s
user	911m29.482s
sys	27m29.286s
