Warning: Python module not loaded, you already have Python loaded via conda init
2022-11-14 01:45:44,759:INFO:mapsims:Parsing configuration from common.toml, radio.toml
2022-11-14 01:45:44,878:INFO:mapsims:Nside: 4096, Modeling Nside: 4096, Ellmax: 10240
2022-11-14 01:45:44,882:INFO:mapsims:Initializing the PySM Sky object
2022-11-14 01:45:46,677:INFO:mapsims:Processing channel Channel HFL1
2022-11-14 01:45:46,679:INFO:mapsims:Bandpass integration for Channel HFL1
2022-11-14 01:45:48,562:INFO:pysm3:Frequencies considered: [189. 210. 217. 232. 256.]
2022-11-14 01:45:49,396:INFO:pysm3:Access data from /global/project/projectdirs/cmb/www/pysm-data/websky/0.4/radio/radio_0189.0.fits
2022-11-14 01:45:49,397:INFO:pysm3:Reading map /global/project/projectdirs/cmb/www/pysm-data/websky/0.4/radio/radio_0189.0.fits
2022-11-14 01:45:49,398:INFO:pysm3:Access data from /global/project/projectdirs/cmb/www/pysm-data/websky/0.4/radio/radio_0189.0.fits
2022-11-14 01:45:57,220:INFO:pysm3:Access data from /global/project/projectdirs/cmb/www/pysm-data/websky/0.4/radio/radio_0189.0.fits
2022-11-14 01:47:22,167:INFO:pysm3:Mean emission at 189.0 GHz in I: 2.159e+05 uK_RJ
2022-11-14 01:47:23,079:INFO:pysm3:Access data from /global/project/projectdirs/cmb/www/pysm-data/websky/0.4/radio/radio_0210.0.fits
2022-11-14 01:47:23,080:INFO:pysm3:Reading map /global/project/projectdirs/cmb/www/pysm-data/websky/0.4/radio/radio_0210.0.fits
2022-11-14 01:47:23,081:INFO:pysm3:Access data from /global/project/projectdirs/cmb/www/pysm-data/websky/0.4/radio/radio_0210.0.fits
2022-11-14 01:47:30,713:INFO:pysm3:Access data from /global/project/projectdirs/cmb/www/pysm-data/websky/0.4/radio/radio_0210.0.fits
2022-11-14 01:48:51,441:INFO:pysm3:Mean emission at 210.0 GHz in I: 1.688e+05 uK_RJ
2022-11-14 01:48:51,485:INFO:pysm3:Access data from /global/project/projectdirs/cmb/www/pysm-data/websky/0.4/radio/radio_0217.0.fits
2022-11-14 01:48:51,486:INFO:pysm3:Reading map /global/project/projectdirs/cmb/www/pysm-data/websky/0.4/radio/radio_0217.0.fits
2022-11-14 01:48:51,509:INFO:pysm3:Access data from /global/project/projectdirs/cmb/www/pysm-data/websky/0.4/radio/radio_0217.0.fits
2022-11-14 01:49:35,142:INFO:pysm3:Access data from /global/project/projectdirs/cmb/www/pysm-data/websky/0.4/radio/radio_0217.0.fits
2022-11-14 01:51:02,275:INFO:pysm3:Mean emission at 217.0 GHz in I: 1.564e+05 uK_RJ
2022-11-14 01:51:02,303:INFO:pysm3:Access data from /global/project/projectdirs/cmb/www/pysm-data/websky/0.4/radio/radio_0232.0.fits
2022-11-14 01:51:02,304:INFO:pysm3:Reading map /global/project/projectdirs/cmb/www/pysm-data/websky/0.4/radio/radio_0232.0.fits
2022-11-14 01:51:02,305:INFO:pysm3:Access data from /global/project/projectdirs/cmb/www/pysm-data/websky/0.4/radio/radio_0232.0.fits
2022-11-14 01:51:10,315:INFO:pysm3:Access data from /global/project/projectdirs/cmb/www/pysm-data/websky/0.4/radio/radio_0232.0.fits
2022-11-14 01:52:31,248:INFO:pysm3:Mean emission at 232.0 GHz in I: 1.34e+05 uK_RJ
2022-11-14 01:52:31,253:INFO:pysm3:Access data from /global/project/projectdirs/cmb/www/pysm-data/websky/0.4/radio/radio_0256.0.fits
2022-11-14 01:52:31,253:INFO:pysm3:Reading map /global/project/projectdirs/cmb/www/pysm-data/websky/0.4/radio/radio_0256.0.fits
2022-11-14 01:52:31,254:INFO:pysm3:Access data from /global/project/projectdirs/cmb/www/pysm-data/websky/0.4/radio/radio_0256.0.fits
2022-11-14 01:52:38,795:INFO:pysm3:Access data from /global/project/projectdirs/cmb/www/pysm-data/websky/0.4/radio/radio_0256.0.fits
2022-11-14 01:53:59,503:INFO:pysm3:Mean emission at 256.0 GHz in I: 1.068e+05 uK_RJ
2022-11-14 01:56:02,648:INFO:mapsims:Smoothing and coord-transform for Channel HFL1
2022-11-14 03:34:25,930:WARNING:pysm3:hp.map2alm_lsq did not converge in 10 iterations, residual relative error is 0.69
2022-11-14 03:53:50,946:INFO:mapsims:Writing output map cmbs4_radio_uKCMB_LAT-HFL1_nside4096_0000.fits

real	130m22.283s
user	6476m8.600s
sys	27m35.376s
