Warning: Python module not loaded, you already have Python loaded via conda init
2022-12-01 14:55:49,054:INFO:mapsims:Parsing configuration from common.toml, dust_high.toml
2022-12-01 14:55:49,173:INFO:mapsims:Nside: 4096, Modeling Nside: 2048, Ellmax: 5120
2022-12-01 14:55:49,177:INFO:mapsims:Initializing the PySM Sky object
2022-12-01 14:56:08,969:INFO:pysm3:Access data from /global/project/projectdirs/cmb/www/pysm-data/mkd_dust/2048/thermaldust_ampl1.fits
2022-12-01 14:56:51,114:INFO:pysm3:Access data from /global/project/projectdirs/cmb/www/pysm-data/mkd_dust/2048/thermaldust_ampl2.fits
2022-12-01 14:57:33,988:INFO:pysm3:Access data from /global/project/projectdirs/cmb/www/pysm-data/mkd_dust/2048/thermaldust_ampl3.fits
2022-12-01 14:58:16,426:INFO:pysm3:Access data from /global/project/projectdirs/cmb/www/pysm-data/mkd_dust/2048/thermaldust_ampl4.fits
2022-12-01 14:59:02,074:INFO:pysm3:Access data from /global/project/projectdirs/cmb/www/pysm-data/mkd_dust/2048/thermaldust_ampl5.fits
2022-12-01 14:59:44,590:INFO:pysm3:Access data from /global/project/projectdirs/cmb/www/pysm-data/mkd_dust/2048/thermaldust_ampl6.fits
2022-12-01 15:01:02,577:INFO:pysm3:Access data from /global/project/projectdirs/cmb/www/pysm-data/mkd_dust/2048/thermaldust_specind1.fits
2022-12-01 15:01:16,174:INFO:pysm3:Access data from /global/project/projectdirs/cmb/www/pysm-data/mkd_dust/2048/thermaldust_specind2.fits
2022-12-01 15:01:29,885:INFO:pysm3:Access data from /global/project/projectdirs/cmb/www/pysm-data/mkd_dust/2048/thermaldust_specind3.fits
2022-12-01 15:01:43,613:INFO:pysm3:Access data from /global/project/projectdirs/cmb/www/pysm-data/mkd_dust/2048/thermaldust_specind4.fits
2022-12-01 15:01:58,402:INFO:pysm3:Access data from /global/project/projectdirs/cmb/www/pysm-data/mkd_dust/2048/thermaldust_specind5.fits
2022-12-01 15:02:12,065:INFO:pysm3:Access data from /global/project/projectdirs/cmb/www/pysm-data/mkd_dust/2048/thermaldust_specind6.fits
2022-12-01 15:02:32,214:INFO:pysm3:Access data from /global/project/projectdirs/cmb/www/pysm-data/mkd_dust/2048/thermaldust_temp1.fits
2022-12-01 15:02:45,782:INFO:pysm3:Access data from /global/project/projectdirs/cmb/www/pysm-data/mkd_dust/2048/thermaldust_temp2.fits
2022-12-01 15:02:59,444:INFO:pysm3:Access data from /global/project/projectdirs/cmb/www/pysm-data/mkd_dust/2048/thermaldust_temp3.fits
2022-12-01 15:03:13,036:INFO:pysm3:Access data from /global/project/projectdirs/cmb/www/pysm-data/mkd_dust/2048/thermaldust_temp4.fits
2022-12-01 15:03:26,741:INFO:pysm3:Access data from /global/project/projectdirs/cmb/www/pysm-data/mkd_dust/2048/thermaldust_temp5.fits
2022-12-01 15:03:40,354:INFO:pysm3:Access data from /global/project/projectdirs/cmb/www/pysm-data/mkd_dust/2048/thermaldust_temp6.fits
2022-12-01 15:03:54,246:INFO:mapsims:Processing channel Channel LFL2
2022-12-01 15:03:54,247:INFO:mapsims:Bandpass integration for Channel LFL2
2022-12-01 15:18:59,544:INFO:mapsims:Smoothing and coord-transform for Channel LFL2
2022-12-01 15:34:22,799:WARNING:pysm3:hp.map2alm_lsq did not converge in 10 iterations, residual relative error is 0.0018
2022-12-01 15:38:02,653:INFO:mapsims:Writing output map cmbs4_dust_high_uKCMB_LAT-LFL2_nside4096_0000.fits

real	44m28.771s
user	909m39.243s
sys	27m26.424s
