Warning: Python module not loaded, you already have Python loaded via conda init
2022-11-17 23:47:06,495:INFO:mapsims:Parsing configuration from common.toml, dust_high.toml
2022-11-17 23:47:06,615:INFO:mapsims:Nside: 4096, Modeling Nside: 2048, Ellmax: 5120
2022-11-17 23:47:06,625:INFO:mapsims:Initializing the PySM Sky object
2022-11-17 23:47:26,162:INFO:pysm3:Access data from /global/project/projectdirs/cmb/www/pysm-data/mkd_dust/2048/thermaldust_ampl1.fits
2022-11-17 23:48:08,027:INFO:pysm3:Access data from /global/project/projectdirs/cmb/www/pysm-data/mkd_dust/2048/thermaldust_ampl2.fits
2022-11-17 23:48:49,902:INFO:pysm3:Access data from /global/project/projectdirs/cmb/www/pysm-data/mkd_dust/2048/thermaldust_ampl3.fits
2022-11-17 23:49:32,270:INFO:pysm3:Access data from /global/project/projectdirs/cmb/www/pysm-data/mkd_dust/2048/thermaldust_ampl4.fits
2022-11-17 23:50:14,214:INFO:pysm3:Access data from /global/project/projectdirs/cmb/www/pysm-data/mkd_dust/2048/thermaldust_ampl5.fits
2022-11-17 23:50:56,200:INFO:pysm3:Access data from /global/project/projectdirs/cmb/www/pysm-data/mkd_dust/2048/thermaldust_ampl6.fits
2022-11-17 23:52:14,382:INFO:pysm3:Access data from /global/project/projectdirs/cmb/www/pysm-data/mkd_dust/2048/thermaldust_specind1.fits
2022-11-17 23:52:27,793:INFO:pysm3:Access data from /global/project/projectdirs/cmb/www/pysm-data/mkd_dust/2048/thermaldust_specind2.fits
2022-11-17 23:52:41,193:INFO:pysm3:Access data from /global/project/projectdirs/cmb/www/pysm-data/mkd_dust/2048/thermaldust_specind3.fits
2022-11-17 23:52:54,689:INFO:pysm3:Access data from /global/project/projectdirs/cmb/www/pysm-data/mkd_dust/2048/thermaldust_specind4.fits
2022-11-17 23:53:08,126:INFO:pysm3:Access data from /global/project/projectdirs/cmb/www/pysm-data/mkd_dust/2048/thermaldust_specind5.fits
2022-11-17 23:53:21,528:INFO:pysm3:Access data from /global/project/projectdirs/cmb/www/pysm-data/mkd_dust/2048/thermaldust_specind6.fits
2022-11-17 23:53:41,497:INFO:pysm3:Access data from /global/project/projectdirs/cmb/www/pysm-data/mkd_dust/2048/thermaldust_temp1.fits
2022-11-17 23:53:54,919:INFO:pysm3:Access data from /global/project/projectdirs/cmb/www/pysm-data/mkd_dust/2048/thermaldust_temp2.fits
2022-11-17 23:54:08,417:INFO:pysm3:Access data from /global/project/projectdirs/cmb/www/pysm-data/mkd_dust/2048/thermaldust_temp3.fits
2022-11-17 23:54:21,923:INFO:pysm3:Access data from /global/project/projectdirs/cmb/www/pysm-data/mkd_dust/2048/thermaldust_temp4.fits
2022-11-17 23:54:35,513:INFO:pysm3:Access data from /global/project/projectdirs/cmb/www/pysm-data/mkd_dust/2048/thermaldust_temp5.fits
2022-11-17 23:54:48,850:INFO:pysm3:Access data from /global/project/projectdirs/cmb/www/pysm-data/mkd_dust/2048/thermaldust_temp6.fits
2022-11-17 23:55:02,589:INFO:mapsims:Processing channel Channel HFL1
2022-11-17 23:55:02,590:INFO:mapsims:Bandpass integration for Channel HFL1
2022-11-18 00:10:09,143:INFO:mapsims:Smoothing and coord-transform for Channel HFL1
2022-11-18 00:25:36,573:WARNING:pysm3:hp.map2alm_lsq did not converge in 10 iterations, residual relative error is 0.0007
2022-11-18 00:29:19,188:INFO:mapsims:Writing output map cmbs4_dust_high_uKCMB_LAT-HFL1_nside4096_0000.fits

real	44m28.340s
user	912m15.509s
sys	27m29.539s
