Warning: Python module not loaded, you already have Python loaded via conda init
2022-11-17 23:47:12,148:INFO:mapsims:Parsing configuration from common.toml, ame_high.toml
2022-11-17 23:47:12,260:INFO:mapsims:Nside: 4096, Modeling Nside: 512, Ellmax: 1280
2022-11-17 23:47:12,265:INFO:mapsims:Initializing the PySM Sky object
2022-11-17 23:47:12,268:INFO:pysm3:Access data from /global/project/projectdirs/cmb/www/pysm-data/pysm_2/ame_t_new.fits
2022-11-17 23:47:13,079:INFO:pysm3:Access data from /global/project/projectdirs/cmb/www/pysm-data/pysm_2/ame_nu_peak_0.fits
2022-11-17 23:47:14,078:INFO:pysm3:Access data from /global/project/projectdirs/cmb/www/pysm-data/pysm_2/emissivity.txt
2022-11-17 23:47:14,090:INFO:pysm3:Access data from /global/project/projectdirs/cmb/www/pysm-data/pysm_2/dust_u_new.fits
2022-11-17 23:47:14,870:WARNING:pysm3:No physical unit associated with file /global/project/projectdirs/cmb/www/pysm-data/pysm_2/dust_u_new.fits
2022-11-17 23:47:14,874:INFO:pysm3:Access data from /global/project/projectdirs/cmb/www/pysm-data/pysm_2/dust_q_new.fits
2022-11-17 23:47:15,661:WARNING:pysm3:No physical unit associated with file /global/project/projectdirs/cmb/www/pysm-data/pysm_2/dust_q_new.fits
2022-11-17 23:47:16,103:INFO:pysm3:Access data from /global/project/projectdirs/cmb/www/pysm-data/pysm_2/ame2_t_new.fits
2022-11-17 23:47:16,916:INFO:pysm3:Access data from /global/project/projectdirs/cmb/www/pysm-data/pysm_2/emissivity.txt
2022-11-17 23:47:16,926:INFO:pysm3:Access data from /global/project/projectdirs/cmb/www/pysm-data/pysm_2/dust_u_new.fits
2022-11-17 23:47:17,717:WARNING:pysm3:No physical unit associated with file /global/project/projectdirs/cmb/www/pysm-data/pysm_2/dust_u_new.fits
2022-11-17 23:47:17,721:INFO:pysm3:Access data from /global/project/projectdirs/cmb/www/pysm-data/pysm_2/dust_q_new.fits
2022-11-17 23:47:18,515:WARNING:pysm3:No physical unit associated with file /global/project/projectdirs/cmb/www/pysm-data/pysm_2/dust_q_new.fits
2022-11-17 23:47:18,958:INFO:mapsims:Processing channel Channel LFL1
2022-11-17 23:47:18,960:INFO:mapsims:Bandpass integration for Channel LFL1
2022-11-17 23:48:20,074:INFO:mapsims:Smoothing and coord-transform for Channel LFL1
2022-11-17 23:48:47,410:INFO:pysm3:Used map2alm_lsq, converged in 8 iterations, residual relative error 0.039
2022-11-17 23:49:39,468:INFO:mapsims:Writing output map cmbs4_ame_high_uKCMB_LAT-LFL1_nside4096_0000.fits

real	4m48.134s
user	26m29.627s
sys	6m14.309s
