Warning: Python module not loaded, you already have Python loaded via conda init
2022-11-14 01:45:44,671:INFO:mapsims:Parsing configuration from common.toml, co.toml
2022-11-14 01:45:44,788:INFO:mapsims:Nside: 4096, Modeling Nside: 4096, Ellmax: 10240
2022-11-14 01:45:44,792:INFO:mapsims:Initializing the PySM Sky object
2022-11-14 01:45:44,875:INFO:pysm3:Access data from /global/project/projectdirs/cmb/www/pysm-data/co/HFI_CompMap_CO-Type1_2048_R2.00_ring.fits
2022-11-14 01:45:44,877:INFO:pysm3:Access data from /global/project/projectdirs/cmb/www/pysm-data/co/HFI_CompMap_CO-Type1_2048_R2.00_ring.fits
2022-11-14 01:54:48,411:INFO:pysm3:Access data from /global/project/projectdirs/cmb/www/pysm-data/co/psimap_dust90_2048.fits
2022-11-14 01:54:48,412:INFO:pysm3:Access data from /global/project/projectdirs/cmb/www/pysm-data/co/psimap_dust90_2048.fits
2022-11-14 01:55:32,131:WARNING:pysm3:No physical unit associated with file /global/project/projectdirs/cmb/www/pysm-data/co/psimap_dust90_2048.fits
2022-11-14 01:55:32,134:INFO:pysm3:Access data from /global/project/projectdirs/cmb/www/pysm-data/co/gmap_dust90_2048.fits
2022-11-14 01:55:32,134:INFO:pysm3:Access data from /global/project/projectdirs/cmb/www/pysm-data/co/gmap_dust90_2048.fits
2022-11-14 01:56:15,850:WARNING:pysm3:No physical unit associated with file /global/project/projectdirs/cmb/www/pysm-data/co/gmap_dust90_2048.fits
2022-11-14 01:56:15,853:INFO:pysm3:Access data from /global/project/projectdirs/cmb/www/pysm-data/co/mcmoleCO_HGL_2048.fits
2022-11-14 01:56:15,854:INFO:pysm3:Access data from /global/project/projectdirs/cmb/www/pysm-data/co/mcmoleCO_HGL_2048.fits
2022-11-14 01:58:31,671:INFO:mapsims:Processing channel Channel LFL2
2022-11-14 01:58:31,672:INFO:mapsims:Bandpass integration for Channel LFL2
2022-11-14 01:58:49,203:INFO:mapsims:Smoothing and coord-transform for Channel LFL2
/global/common/software/cmb/zonca/conda/pycmbprod/lib/python3.10/site-packages/healpy/sphtfunc.py:414: RuntimeWarning: invalid value encountered in double_scalars
  return realalm2alm(res[0]), res[3] / norm(maps.reshape((-1,))), res[2]
2022-11-14 02:10:57,773:INFO:pysm3:Used map2alm_lsq, converged in 0 iterations, residual relative error nan
2022-11-14 02:30:22,268:INFO:mapsims:Writing output map cmbs4_co_uKCMB_LAT-LFL2_nside4096_0000.fits

real	46m55.034s
user	1924m6.724s
sys	7m10.888s
