Warning: Python module not loaded, you already have Python loaded via conda init
2022-12-01 18:15:06,319:INFO:mapsims:Parsing configuration from common.toml, dust_high.toml
2022-12-01 18:15:06,446:INFO:mapsims:Nside: 4096, Modeling Nside: 2048, Ellmax: 5120
2022-12-01 18:15:06,450:INFO:mapsims:Initializing the PySM Sky object
2022-12-01 18:15:26,227:INFO:pysm3:Access data from /global/project/projectdirs/cmb/www/pysm-data/mkd_dust/2048/thermaldust_ampl1.fits
2022-12-01 18:16:07,867:INFO:pysm3:Access data from /global/project/projectdirs/cmb/www/pysm-data/mkd_dust/2048/thermaldust_ampl2.fits
2022-12-01 18:16:49,499:INFO:pysm3:Access data from /global/project/projectdirs/cmb/www/pysm-data/mkd_dust/2048/thermaldust_ampl3.fits
2022-12-01 18:17:31,244:INFO:pysm3:Access data from /global/project/projectdirs/cmb/www/pysm-data/mkd_dust/2048/thermaldust_ampl4.fits
2022-12-01 18:18:12,853:INFO:pysm3:Access data from /global/project/projectdirs/cmb/www/pysm-data/mkd_dust/2048/thermaldust_ampl5.fits
2022-12-01 18:18:54,421:INFO:pysm3:Access data from /global/project/projectdirs/cmb/www/pysm-data/mkd_dust/2048/thermaldust_ampl6.fits
2022-12-01 18:20:11,659:INFO:pysm3:Access data from /global/project/projectdirs/cmb/www/pysm-data/mkd_dust/2048/thermaldust_specind1.fits
2022-12-01 18:20:24,887:INFO:pysm3:Access data from /global/project/projectdirs/cmb/www/pysm-data/mkd_dust/2048/thermaldust_specind2.fits
2022-12-01 18:20:38,132:INFO:pysm3:Access data from /global/project/projectdirs/cmb/www/pysm-data/mkd_dust/2048/thermaldust_specind3.fits
2022-12-01 18:20:51,377:INFO:pysm3:Access data from /global/project/projectdirs/cmb/www/pysm-data/mkd_dust/2048/thermaldust_specind4.fits
2022-12-01 18:21:05,334:INFO:pysm3:Access data from /global/project/projectdirs/cmb/www/pysm-data/mkd_dust/2048/thermaldust_specind5.fits
2022-12-01 18:21:18,604:INFO:pysm3:Access data from /global/project/projectdirs/cmb/www/pysm-data/mkd_dust/2048/thermaldust_specind6.fits
2022-12-01 18:21:38,637:INFO:pysm3:Access data from /global/project/projectdirs/cmb/www/pysm-data/mkd_dust/2048/thermaldust_temp1.fits
2022-12-01 18:21:52,099:INFO:pysm3:Access data from /global/project/projectdirs/cmb/www/pysm-data/mkd_dust/2048/thermaldust_temp2.fits
2022-12-01 18:22:05,343:INFO:pysm3:Access data from /global/project/projectdirs/cmb/www/pysm-data/mkd_dust/2048/thermaldust_temp3.fits
2022-12-01 18:22:18,585:INFO:pysm3:Access data from /global/project/projectdirs/cmb/www/pysm-data/mkd_dust/2048/thermaldust_temp4.fits
2022-12-01 18:22:31,840:INFO:pysm3:Access data from /global/project/projectdirs/cmb/www/pysm-data/mkd_dust/2048/thermaldust_temp5.fits
2022-12-01 18:22:45,143:INFO:pysm3:Access data from /global/project/projectdirs/cmb/www/pysm-data/mkd_dust/2048/thermaldust_temp6.fits
2022-12-01 18:22:58,762:INFO:mapsims:Processing channel Channel HFL2
2022-12-01 18:22:58,763:INFO:mapsims:Bandpass integration for Channel HFL2
2022-12-01 18:38:02,070:INFO:mapsims:Smoothing and coord-transform for Channel HFL2
2022-12-01 18:53:26,484:WARNING:pysm3:hp.map2alm_lsq did not converge in 10 iterations, residual relative error is 0.00062
2022-12-01 18:57:08,182:INFO:mapsims:Writing output map cmbs4_dust_high_uKCMB_LAT-HFL2_nside4096_0000.fits

real	44m17.986s
user	911m1.926s
sys	27m28.220s
