Warning: Python module not loaded, you already have Python loaded via conda init
2022-11-17 23:47:06,514:INFO:mapsims:Parsing configuration from common.toml, ame_high.toml
2022-11-17 23:47:06,632:INFO:mapsims:Nside: 4096, Modeling Nside: 512, Ellmax: 1280
2022-11-17 23:47:06,637:INFO:mapsims:Initializing the PySM Sky object
2022-11-17 23:47:06,641:INFO:pysm3:Access data from /global/project/projectdirs/cmb/www/pysm-data/pysm_2/ame_t_new.fits
2022-11-17 23:47:07,457:INFO:pysm3:Access data from /global/project/projectdirs/cmb/www/pysm-data/pysm_2/ame_nu_peak_0.fits
2022-11-17 23:47:08,243:INFO:pysm3:Access data from /global/project/projectdirs/cmb/www/pysm-data/pysm_2/emissivity.txt
2022-11-17 23:47:08,252:INFO:pysm3:Access data from /global/project/projectdirs/cmb/www/pysm-data/pysm_2/dust_u_new.fits
2022-11-17 23:47:09,035:WARNING:pysm3:No physical unit associated with file /global/project/projectdirs/cmb/www/pysm-data/pysm_2/dust_u_new.fits
2022-11-17 23:47:09,037:INFO:pysm3:Access data from /global/project/projectdirs/cmb/www/pysm-data/pysm_2/dust_q_new.fits
2022-11-17 23:47:09,819:WARNING:pysm3:No physical unit associated with file /global/project/projectdirs/cmb/www/pysm-data/pysm_2/dust_q_new.fits
2022-11-17 23:47:10,263:INFO:pysm3:Access data from /global/project/projectdirs/cmb/www/pysm-data/pysm_2/ame2_t_new.fits
2022-11-17 23:47:11,133:INFO:pysm3:Access data from /global/project/projectdirs/cmb/www/pysm-data/pysm_2/emissivity.txt
2022-11-17 23:47:11,143:INFO:pysm3:Access data from /global/project/projectdirs/cmb/www/pysm-data/pysm_2/dust_u_new.fits
2022-11-17 23:47:11,932:WARNING:pysm3:No physical unit associated with file /global/project/projectdirs/cmb/www/pysm-data/pysm_2/dust_u_new.fits
2022-11-17 23:47:11,935:INFO:pysm3:Access data from /global/project/projectdirs/cmb/www/pysm-data/pysm_2/dust_q_new.fits
2022-11-17 23:47:12,729:WARNING:pysm3:No physical unit associated with file /global/project/projectdirs/cmb/www/pysm-data/pysm_2/dust_q_new.fits
2022-11-17 23:47:13,173:INFO:mapsims:Processing channel Channel MFL1
2022-11-17 23:47:13,174:INFO:mapsims:Bandpass integration for Channel MFL1
2022-11-17 23:48:13,744:INFO:mapsims:Smoothing and coord-transform for Channel MFL1
2022-11-17 23:48:38,142:INFO:pysm3:Used map2alm_lsq, converged in 7 iterations, residual relative error 0.15
2022-11-17 23:49:30,034:INFO:mapsims:Writing output map cmbs4_ame_high_uKCMB_LAT-MFL1_nside4096_0000.fits

real	4m38.205s
user	25m11.971s
sys	5m42.749s
