Warning: Python module not loaded, you already have Python loaded via conda init
2022-12-01 14:51:31,849:INFO:mapsims:Parsing configuration from common.toml, dust_high.toml
2022-12-01 14:51:31,983:INFO:mapsims:Nside: 4096, Modeling Nside: 2048, Ellmax: 5120
2022-12-01 14:51:32,012:INFO:mapsims:Initializing the PySM Sky object
2022-12-01 14:51:51,718:INFO:pysm3:Access data from /global/project/projectdirs/cmb/www/pysm-data/mkd_dust/2048/thermaldust_ampl1.fits
2022-12-01 14:52:33,447:INFO:pysm3:Access data from /global/project/projectdirs/cmb/www/pysm-data/mkd_dust/2048/thermaldust_ampl2.fits
2022-12-01 14:53:14,986:INFO:pysm3:Access data from /global/project/projectdirs/cmb/www/pysm-data/mkd_dust/2048/thermaldust_ampl3.fits
2022-12-01 14:53:56,604:INFO:pysm3:Access data from /global/project/projectdirs/cmb/www/pysm-data/mkd_dust/2048/thermaldust_ampl4.fits
2022-12-01 14:54:39,999:INFO:pysm3:Access data from /global/project/projectdirs/cmb/www/pysm-data/mkd_dust/2048/thermaldust_ampl5.fits
2022-12-01 14:55:22,407:INFO:pysm3:Access data from /global/project/projectdirs/cmb/www/pysm-data/mkd_dust/2048/thermaldust_ampl6.fits
2022-12-01 14:56:40,917:INFO:pysm3:Access data from /global/project/projectdirs/cmb/www/pysm-data/mkd_dust/2048/thermaldust_specind1.fits
2022-12-01 14:56:55,008:INFO:pysm3:Access data from /global/project/projectdirs/cmb/www/pysm-data/mkd_dust/2048/thermaldust_specind2.fits
2022-12-01 14:57:09,338:INFO:pysm3:Access data from /global/project/projectdirs/cmb/www/pysm-data/mkd_dust/2048/thermaldust_specind3.fits
2022-12-01 14:57:22,938:INFO:pysm3:Access data from /global/project/projectdirs/cmb/www/pysm-data/mkd_dust/2048/thermaldust_specind4.fits
2022-12-01 14:57:38,036:INFO:pysm3:Access data from /global/project/projectdirs/cmb/www/pysm-data/mkd_dust/2048/thermaldust_specind5.fits
2022-12-01 14:57:51,686:INFO:pysm3:Access data from /global/project/projectdirs/cmb/www/pysm-data/mkd_dust/2048/thermaldust_specind6.fits
2022-12-01 14:58:11,830:INFO:pysm3:Access data from /global/project/projectdirs/cmb/www/pysm-data/mkd_dust/2048/thermaldust_temp1.fits
2022-12-01 14:58:25,399:INFO:pysm3:Access data from /global/project/projectdirs/cmb/www/pysm-data/mkd_dust/2048/thermaldust_temp2.fits
2022-12-01 14:58:38,800:INFO:pysm3:Access data from /global/project/projectdirs/cmb/www/pysm-data/mkd_dust/2048/thermaldust_temp3.fits
2022-12-01 14:58:52,287:INFO:pysm3:Access data from /global/project/projectdirs/cmb/www/pysm-data/mkd_dust/2048/thermaldust_temp4.fits
2022-12-01 14:59:06,385:INFO:pysm3:Access data from /global/project/projectdirs/cmb/www/pysm-data/mkd_dust/2048/thermaldust_temp5.fits
2022-12-01 14:59:20,040:INFO:pysm3:Access data from /global/project/projectdirs/cmb/www/pysm-data/mkd_dust/2048/thermaldust_temp6.fits
2022-12-01 14:59:34,603:INFO:mapsims:Processing channel Channel LFL1
2022-12-01 14:59:34,604:INFO:mapsims:Bandpass integration for Channel LFL1
2022-12-01 15:14:38,078:INFO:mapsims:Smoothing and coord-transform for Channel LFL1
2022-12-01 15:30:03,428:WARNING:pysm3:hp.map2alm_lsq did not converge in 10 iterations, residual relative error is 0.0022
2022-12-01 15:33:44,750:INFO:mapsims:Writing output map cmbs4_dust_high_uKCMB_LAT-LFL1_nside4096_0000.fits

real	44m31.938s
user	910m56.933s
sys	27m31.313s
