Warning: Python module not loaded, you already have Python loaded via conda init
2022-12-01 18:15:06,115:INFO:mapsims:Parsing configuration from common.toml, radio.toml
2022-12-01 18:15:06,232:INFO:mapsims:Nside: 4096, Modeling Nside: 4096, Ellmax: 10240
2022-12-01 18:15:06,237:INFO:mapsims:Initializing the PySM Sky object
2022-12-01 18:15:08,218:INFO:mapsims:Processing channel Channel MFL1
2022-12-01 18:15:08,220:INFO:mapsims:Bandpass integration for Channel MFL1
2022-12-01 18:15:10,173:INFO:pysm3:Frequencies considered: [ 73.7  79.6  90.2 100.  111. ]
2022-12-01 18:15:11,014:INFO:pysm3:Access data from /global/project/projectdirs/cmb/www/pysm-data/websky/0.4/radio/radio_0073.7.fits
2022-12-01 18:15:11,015:INFO:pysm3:Reading map /global/project/projectdirs/cmb/www/pysm-data/websky/0.4/radio/radio_0073.7.fits
2022-12-01 18:15:11,016:INFO:pysm3:Access data from /global/project/projectdirs/cmb/www/pysm-data/websky/0.4/radio/radio_0073.7.fits
2022-12-01 18:15:18,869:INFO:pysm3:Access data from /global/project/projectdirs/cmb/www/pysm-data/websky/0.4/radio/radio_0073.7.fits
2022-12-01 18:16:42,992:INFO:pysm3:Mean emission at 73.7 GHz in I: 2.397 uK_RJ
2022-12-01 18:16:43,903:INFO:pysm3:Access data from /global/project/projectdirs/cmb/www/pysm-data/websky/0.4/radio/radio_0079.6.fits
2022-12-01 18:16:43,903:INFO:pysm3:Reading map /global/project/projectdirs/cmb/www/pysm-data/websky/0.4/radio/radio_0079.6.fits
2022-12-01 18:16:43,904:INFO:pysm3:Access data from /global/project/projectdirs/cmb/www/pysm-data/websky/0.4/radio/radio_0079.6.fits
2022-12-01 18:16:52,182:INFO:pysm3:Access data from /global/project/projectdirs/cmb/www/pysm-data/websky/0.4/radio/radio_0079.6.fits
2022-12-01 18:18:13,800:INFO:pysm3:Mean emission at 79.6 GHz in I: 1.951 uK_RJ
2022-12-01 18:18:13,825:INFO:pysm3:Access data from /global/project/projectdirs/cmb/www/pysm-data/websky/0.4/radio/radio_0090.2.fits
2022-12-01 18:18:13,826:INFO:pysm3:Reading map /global/project/projectdirs/cmb/www/pysm-data/websky/0.4/radio/radio_0090.2.fits
2022-12-01 18:18:13,828:INFO:pysm3:Access data from /global/project/projectdirs/cmb/www/pysm-data/websky/0.4/radio/radio_0090.2.fits
2022-12-01 18:18:22,046:INFO:pysm3:Access data from /global/project/projectdirs/cmb/www/pysm-data/websky/0.4/radio/radio_0090.2.fits
2022-12-01 18:19:42,952:INFO:pysm3:Mean emission at 90.2 GHz in I: 1.403 uK_RJ
2022-12-01 18:19:42,979:INFO:pysm3:Access data from /global/project/projectdirs/cmb/www/pysm-data/websky/0.4/radio/radio_0100.0.fits
2022-12-01 18:19:42,980:INFO:pysm3:Reading map /global/project/projectdirs/cmb/www/pysm-data/websky/0.4/radio/radio_0100.0.fits
2022-12-01 18:19:42,981:INFO:pysm3:Access data from /global/project/projectdirs/cmb/www/pysm-data/websky/0.4/radio/radio_0100.0.fits
2022-12-01 18:19:50,888:INFO:pysm3:Access data from /global/project/projectdirs/cmb/www/pysm-data/websky/0.4/radio/radio_0100.0.fits
2022-12-01 18:21:11,182:INFO:pysm3:Mean emission at 100.0 GHz in I: 1.07 uK_RJ
2022-12-01 18:21:11,187:INFO:pysm3:Access data from /global/project/projectdirs/cmb/www/pysm-data/websky/0.4/radio/radio_0111.0.fits
2022-12-01 18:21:11,187:INFO:pysm3:Reading map /global/project/projectdirs/cmb/www/pysm-data/websky/0.4/radio/radio_0111.0.fits
2022-12-01 18:21:11,188:INFO:pysm3:Access data from /global/project/projectdirs/cmb/www/pysm-data/websky/0.4/radio/radio_0111.0.fits
2022-12-01 18:21:19,541:INFO:pysm3:Access data from /global/project/projectdirs/cmb/www/pysm-data/websky/0.4/radio/radio_0111.0.fits
2022-12-01 18:22:40,651:INFO:pysm3:Mean emission at 111.0 GHz in I: 0.8136 uK_RJ
2022-12-01 18:24:46,256:INFO:mapsims:Smoothing and coord-transform for Channel MFL1
2022-12-01 20:02:57,739:WARNING:pysm3:hp.map2alm_lsq did not converge in 10 iterations, residual relative error is 0.69
2022-12-01 20:22:20,374:INFO:mapsims:Writing output map cmbs4_radio_uKCMB_LAT-MFL1_nside4096_0000.fits

real	129m29.870s
user	6474m16.489s
sys	27m35.891s
