Warning: Python module not loaded, you already have Python loaded via conda init
2022-11-14 01:45:44,746:INFO:mapsims:Parsing configuration from common.toml, radio.toml
2022-11-14 01:45:44,867:INFO:mapsims:Nside: 4096, Modeling Nside: 4096, Ellmax: 10240
2022-11-14 01:45:44,871:INFO:mapsims:Initializing the PySM Sky object
2022-11-14 01:45:46,651:INFO:mapsims:Processing channel Channel MFL1
2022-11-14 01:45:46,652:INFO:mapsims:Bandpass integration for Channel MFL1
2022-11-14 01:45:48,449:INFO:pysm3:Frequencies considered: [ 73.7  79.6  90.2 100.  111. ]
2022-11-14 01:45:49,288:INFO:pysm3:Access data from /global/project/projectdirs/cmb/www/pysm-data/websky/0.4/radio/radio_0073.7.fits
2022-11-14 01:45:49,289:INFO:pysm3:Reading map /global/project/projectdirs/cmb/www/pysm-data/websky/0.4/radio/radio_0073.7.fits
2022-11-14 01:45:49,290:INFO:pysm3:Access data from /global/project/projectdirs/cmb/www/pysm-data/websky/0.4/radio/radio_0073.7.fits
2022-11-14 01:45:56,791:INFO:pysm3:Access data from /global/project/projectdirs/cmb/www/pysm-data/websky/0.4/radio/radio_0073.7.fits
2022-11-14 01:47:21,025:INFO:pysm3:Mean emission at 73.7 GHz in I: 2.397e+06 uK_RJ
2022-11-14 01:47:21,934:INFO:pysm3:Access data from /global/project/projectdirs/cmb/www/pysm-data/websky/0.4/radio/radio_0079.6.fits
2022-11-14 01:47:21,934:INFO:pysm3:Reading map /global/project/projectdirs/cmb/www/pysm-data/websky/0.4/radio/radio_0079.6.fits
2022-11-14 01:47:21,935:INFO:pysm3:Access data from /global/project/projectdirs/cmb/www/pysm-data/websky/0.4/radio/radio_0079.6.fits
2022-11-14 01:47:29,873:INFO:pysm3:Access data from /global/project/projectdirs/cmb/www/pysm-data/websky/0.4/radio/radio_0079.6.fits
2022-11-14 01:48:50,230:INFO:pysm3:Mean emission at 79.6 GHz in I: 1.951e+06 uK_RJ
2022-11-14 01:48:50,235:INFO:pysm3:Access data from /global/project/projectdirs/cmb/www/pysm-data/websky/0.4/radio/radio_0090.2.fits
2022-11-14 01:48:50,236:INFO:pysm3:Reading map /global/project/projectdirs/cmb/www/pysm-data/websky/0.4/radio/radio_0090.2.fits
2022-11-14 01:48:50,236:INFO:pysm3:Access data from /global/project/projectdirs/cmb/www/pysm-data/websky/0.4/radio/radio_0090.2.fits
2022-11-14 01:48:57,889:INFO:pysm3:Access data from /global/project/projectdirs/cmb/www/pysm-data/websky/0.4/radio/radio_0090.2.fits
2022-11-14 01:50:18,197:INFO:pysm3:Mean emission at 90.2 GHz in I: 1.403e+06 uK_RJ
2022-11-14 01:50:18,217:INFO:pysm3:Access data from /global/project/projectdirs/cmb/www/pysm-data/websky/0.4/radio/radio_0100.0.fits
2022-11-14 01:50:18,218:INFO:pysm3:Reading map /global/project/projectdirs/cmb/www/pysm-data/websky/0.4/radio/radio_0100.0.fits
2022-11-14 01:50:18,220:INFO:pysm3:Access data from /global/project/projectdirs/cmb/www/pysm-data/websky/0.4/radio/radio_0100.0.fits
2022-11-14 01:50:25,653:INFO:pysm3:Access data from /global/project/projectdirs/cmb/www/pysm-data/websky/0.4/radio/radio_0100.0.fits
2022-11-14 01:51:45,587:INFO:pysm3:Mean emission at 100.0 GHz in I: 1.07e+06 uK_RJ
2022-11-14 01:51:45,590:INFO:pysm3:Access data from /global/project/projectdirs/cmb/www/pysm-data/websky/0.4/radio/radio_0111.0.fits
2022-11-14 01:51:45,591:INFO:pysm3:Reading map /global/project/projectdirs/cmb/www/pysm-data/websky/0.4/radio/radio_0111.0.fits
2022-11-14 01:51:45,592:INFO:pysm3:Access data from /global/project/projectdirs/cmb/www/pysm-data/websky/0.4/radio/radio_0111.0.fits
2022-11-14 01:51:53,194:INFO:pysm3:Access data from /global/project/projectdirs/cmb/www/pysm-data/websky/0.4/radio/radio_0111.0.fits
2022-11-14 01:53:13,546:INFO:pysm3:Mean emission at 111.0 GHz in I: 8.136e+05 uK_RJ
2022-11-14 01:55:18,814:INFO:mapsims:Smoothing and coord-transform for Channel MFL1
2022-11-14 03:33:31,140:WARNING:pysm3:hp.map2alm_lsq did not converge in 10 iterations, residual relative error is 0.69
2022-11-14 03:52:55,289:INFO:mapsims:Writing output map cmbs4_radio_uKCMB_LAT-MFL1_nside4096_0000.fits

real	129m25.604s
user	6475m27.492s
sys	27m33.165s
