
WARNING: version mismatch between CFITSIO header (v3.47) and linked library (v4.02).


WARNING: version mismatch between CFITSIO header (v3.47) and linked library (v4.02).


WARNING: version mismatch between CFITSIO header (v3.47) and linked library (v4.02).

2023-06-02 00:41:56,239:INFO:mapsims:Parsing configuration from common.toml, synchrotron_s5.toml
2023-06-02 00:41:56,248:INFO:mapsims:Nside: 4096, Modeling Nside: 8192, Ellmax: 10240
2023-06-02 00:41:56,249:INFO:mapsims:Initializing the PySM Sky object
2023-06-02 00:41:56,250:INFO:pysm3:Access data from /mnt/sdceph/users/azonca/pysm-data/synch/synch_template_nside8192_2023.02.25.fits
2023-06-02 00:56:06,819:INFO:pysm3:Access data from /mnt/sdceph/users/azonca/pysm-data/synch/synch_beta_nside8192.fits
2023-06-02 00:56:12,643:INFO:mapsims:Processing channel Channel SPLAT_f280
2023-06-02 00:56:12,643:INFO:mapsims:Bandpass integration for Channel SPLAT_f280
2023-06-02 00:58:10,282:INFO:mapsims:Smoothing and coord-transform for Channel SPLAT_f280
2023-06-02 00:58:10,283:INFO:pysm3:Using map2alm with pixel weights
2023-06-02 00:58:43,035:INFO:pysm3:Smoothing with fwhm of 1.0 arcmin
2023-06-02 00:58:46,701:INFO:pysm3:Rotate Alm
2023-06-02 01:12:51,246:INFO:pysm3:Alm to map HEALPix
2023-06-02 01:13:05,878:INFO:mapsims:Writing output map cmbs4_synchrotron_s5_uKCMB_LAT-SPLAT_f280_nside4096.fits
2023-06-02 01:13:05,878:INFO:mapsims:Replace NaN with UNSEEN
2023-06-02 01:13:06,597:INFO:mapsims:Reorder ring to nest
2023-06-02 01:13:22,910:INFO:mapsims:Writing output map

real	31m35.903s
user	441m36.726s
sys	2m43.421s
