
WARNING: version mismatch between CFITSIO header (v3.47) and linked library (v4.02).


WARNING: version mismatch between CFITSIO header (v3.47) and linked library (v4.02).


WARNING: version mismatch between CFITSIO header (v3.47) and linked library (v4.02).

2023-06-02 00:07:00,216:INFO:mapsims:Parsing configuration from common.toml, ksz_ksz1.toml
2023-06-02 00:07:00,226:INFO:mapsims:Nside: 512, Modeling Nside: 4096, Ellmax: 1280
2023-06-02 00:07:00,227:INFO:mapsims:Initializing the PySM Sky object
2023-06-02 00:07:00,228:INFO:pysm3:Access data from /mnt/sdceph/users/azonca/pysm-data/websky/0.4/ksz.fits
2023-06-02 00:07:00,229:INFO:pysm3:Access data from /mnt/sdceph/users/azonca/pysm-data/websky/0.4/ksz.fits
2023-06-02 00:07:01,901:INFO:mapsims:Processing channel Channel SAT_f040
2023-06-02 00:07:01,901:INFO:mapsims:Bandpass integration for Channel SAT_f040
2023-06-02 00:07:11,619:INFO:mapsims:Smoothing and coord-transform for Channel SAT_f040
2023-06-02 00:07:11,621:INFO:pysm3:Using map2alm with pixel weights
2023-06-02 00:07:16,560:INFO:pysm3:Smoothing with fwhm of 61.6 arcmin
2023-06-02 00:07:16,615:INFO:pysm3:Rotate Alm
2023-06-02 00:07:18,800:INFO:pysm3:Alm to map HEALPix
2023-06-02 00:07:18,981:INFO:mapsims:Writing output map cmbs4_ksz_ksz1_uKCMB_SAT-SAT_f040_nside512.fits
2023-06-02 00:07:18,981:INFO:mapsims:Replace NaN with UNSEEN
2023-06-02 00:07:18,990:INFO:mapsims:Reorder ring to nest
2023-06-02 00:07:19,185:INFO:mapsims:Writing output map

real	0m20.996s
user	2m20.382s
sys	0m11.989s
