
WARNING: version mismatch between CFITSIO header (v3.47) and linked library (v4.02).


WARNING: version mismatch between CFITSIO header (v3.47) and linked library (v4.02).


WARNING: version mismatch between CFITSIO header (v3.47) and linked library (v4.02).

2023-06-28 16:30:47,922:INFO:mapsims:Parsing configuration from common.toml, dust_d10.toml
2023-06-28 16:30:47,941:INFO:mapsims:Nside: 4096, Modeling Nside: 8192, Ellmax: 10240
2023-06-28 16:30:47,944:INFO:mapsims:Initializing the PySM Sky object
2023-06-28 16:30:47,948:INFO:pysm3:Access data from /mnt/sdceph/users/azonca/pysm-data/dust_gnilc/gnilc_dust_template_nside8192.fits
2023-06-28 16:45:29,666:INFO:pysm3:Retrieve data for dust_gnilc/gnilc_dust_beta_nside8192_2023.06.06.fits (if not cached already)
2023-06-28 16:45:34,586:INFO:pysm3:Retrieve data for dust_gnilc/gnilc_dust_Td_nside8192_2023.06.06.fits (if not cached already)
2023-06-28 16:45:39,707:INFO:mapsims:Processing channel Channel SPLAT_f150
2023-06-28 16:45:39,707:INFO:mapsims:Bandpass integration for Channel SPLAT_f150
2023-06-28 16:57:38,716:INFO:mapsims:Smoothing and coord-transform for Channel SPLAT_f150
2023-06-28 16:57:38,720:INFO:pysm3:Using map2alm with pixel weights
2023-06-28 16:58:11,286:INFO:pysm3:Smoothing with fwhm of 1.5 arcmin
2023-06-28 16:58:14,940:INFO:pysm3:Rotate Alm
2023-06-28 17:12:57,695:INFO:pysm3:Alm to map HEALPix
2023-06-28 17:13:12,580:INFO:mapsims:Writing output map cmbs4_dust_d10_uKCMB_SPLAT_f150_nside4096.fits
2023-06-28 17:13:12,581:INFO:mapsims:Replace NaN with UNSEEN
2023-06-28 17:13:13,340:INFO:mapsims:Reorder ring to nest
2023-06-28 17:13:29,406:INFO:mapsims:Writing output map

real	42m59.768s
user	483m20.264s
sys	5m11.853s
