
WARNING: version mismatch between CFITSIO header (v3.47) and linked library (v4.02).


WARNING: version mismatch between CFITSIO header (v3.47) and linked library (v4.02).


WARNING: version mismatch between CFITSIO header (v3.47) and linked library (v4.02).

2023-06-02 00:44:17,162:INFO:mapsims:Parsing configuration from common.toml, radio_rg1.toml
2023-06-02 00:44:17,172:INFO:mapsims:Nside: 512, Modeling Nside: 4096, Ellmax: 1280
2023-06-02 00:44:17,173:INFO:mapsims:Initializing the PySM Sky object
2023-06-02 00:44:17,383:INFO:mapsims:Processing channel Channel SAT_f095
2023-06-02 00:44:17,383:INFO:mapsims:Bandpass integration for Channel SAT_f095
2023-06-02 00:44:17,550:INFO:pysm3:Frequencies considered: [ 79.6  90.2 100.  111. ]
2023-06-02 00:44:17,677:INFO:pysm3:Access data from /mnt/sdceph/users/azonca/pysm-data/websky/0.4/radio/radio_0079.6.fits
2023-06-02 00:44:17,677:INFO:pysm3:Reading map /mnt/sdceph/users/azonca/pysm-data/websky/0.4/radio/radio_0079.6.fits
2023-06-02 00:44:17,677:INFO:pysm3:Access data from /mnt/sdceph/users/azonca/pysm-data/websky/0.4/radio/radio_0079.6.fits
2023-06-02 00:45:52,714:INFO:pysm3:Access data from /mnt/sdceph/users/azonca/pysm-data/websky/0.4/radio/radio_0079.6.fits
2023-06-02 00:45:56,988:INFO:pysm3:Mean emission at 79.6 GHz in I: 1.951 uK_RJ
2023-06-02 00:45:57,087:INFO:pysm3:Access data from /mnt/sdceph/users/azonca/pysm-data/websky/0.4/radio/radio_0090.2.fits
2023-06-02 00:45:57,087:INFO:pysm3:Reading map /mnt/sdceph/users/azonca/pysm-data/websky/0.4/radio/radio_0090.2.fits
2023-06-02 00:45:57,088:INFO:pysm3:Access data from /mnt/sdceph/users/azonca/pysm-data/websky/0.4/radio/radio_0090.2.fits
2023-06-02 01:02:52,495:INFO:pysm3:Access data from /mnt/sdceph/users/azonca/pysm-data/websky/0.4/radio/radio_0090.2.fits
2023-06-02 01:02:56,389:INFO:pysm3:Mean emission at 90.2 GHz in I: 1.403 uK_RJ
2023-06-02 01:02:56,390:INFO:pysm3:Access data from /mnt/sdceph/users/azonca/pysm-data/websky/0.4/radio/radio_0100.0.fits
2023-06-02 01:02:56,390:INFO:pysm3:Reading map /mnt/sdceph/users/azonca/pysm-data/websky/0.4/radio/radio_0100.0.fits
2023-06-02 01:02:56,391:INFO:pysm3:Access data from /mnt/sdceph/users/azonca/pysm-data/websky/0.4/radio/radio_0100.0.fits
2023-06-02 01:03:04,263:INFO:pysm3:Access data from /mnt/sdceph/users/azonca/pysm-data/websky/0.4/radio/radio_0100.0.fits
2023-06-02 01:03:08,158:INFO:pysm3:Mean emission at 100.0 GHz in I: 1.07 uK_RJ
2023-06-02 01:03:08,159:INFO:pysm3:Access data from /mnt/sdceph/users/azonca/pysm-data/websky/0.4/radio/radio_0111.0.fits
2023-06-02 01:03:08,159:INFO:pysm3:Reading map /mnt/sdceph/users/azonca/pysm-data/websky/0.4/radio/radio_0111.0.fits
2023-06-02 01:03:08,160:INFO:pysm3:Access data from /mnt/sdceph/users/azonca/pysm-data/websky/0.4/radio/radio_0111.0.fits
2023-06-02 01:03:11,102:INFO:pysm3:Access data from /mnt/sdceph/users/azonca/pysm-data/websky/0.4/radio/radio_0111.0.fits
2023-06-02 01:03:14,987:INFO:pysm3:Mean emission at 111.0 GHz in I: 0.8136 uK_RJ
2023-06-02 01:03:41,489:INFO:mapsims:Smoothing and coord-transform for Channel SAT_f095
2023-06-02 01:03:41,490:INFO:pysm3:Using map2alm with pixel weights
2023-06-02 01:03:46,471:INFO:pysm3:Smoothing with fwhm of 22.4 arcmin
2023-06-02 01:03:46,526:INFO:pysm3:Rotate Alm
2023-06-02 01:03:48,842:INFO:pysm3:Alm to map HEALPix
2023-06-02 01:03:49,021:INFO:mapsims:Writing output map cmbs4_radio_rg1_uKCMB_SAT-SAT_f095_nside512.fits
2023-06-02 01:03:49,021:INFO:mapsims:Replace NaN with UNSEEN
2023-06-02 01:03:49,029:INFO:mapsims:Reorder ring to nest
2023-06-02 01:03:49,269:INFO:mapsims:Writing output map

real	19m34.161s
user	2m51.244s
sys	0m29.181s
