
WARNING: version mismatch between CFITSIO header (v3.47) and linked library (v4.02).


WARNING: version mismatch between CFITSIO header (v3.47) and linked library (v4.02).


WARNING: version mismatch between CFITSIO header (v3.47) and linked library (v4.02).

2023-06-02 00:08:25,896:INFO:mapsims:Parsing configuration from common.toml, dust_d9.toml
2023-06-02 00:08:25,906:INFO:mapsims:Nside: 4096, Modeling Nside: 8192, Ellmax: 10240
2023-06-02 00:08:25,908:INFO:mapsims:Initializing the PySM Sky object
2023-06-02 00:08:25,908:INFO:pysm3:Access data from /mnt/sdceph/users/azonca/pysm-data/dust_gnilc/gnilc_dust_template_nside8192.fits
2023-06-02 00:08:49,094:INFO:mapsims:Processing channel Channel SPLAT_f040
2023-06-02 00:08:49,094:INFO:mapsims:Bandpass integration for Channel SPLAT_f040
2023-06-02 00:12:05,166:INFO:mapsims:Smoothing and coord-transform for Channel SPLAT_f040
2023-06-02 00:12:05,167:INFO:pysm3:Using map2alm with pixel weights
2023-06-02 00:12:39,737:INFO:pysm3:Smoothing with fwhm of 6.2 arcmin
2023-06-02 00:12:43,039:INFO:pysm3:Rotate Alm
2023-06-02 00:27:02,064:INFO:pysm3:Alm to map HEALPix
2023-06-02 00:27:18,497:INFO:mapsims:Writing output map cmbs4_dust_d9_uKCMB_LAT-SPLAT_f040_nside4096.fits
2023-06-02 00:27:18,498:INFO:mapsims:Replace NaN with UNSEEN
2023-06-02 00:27:19,331:INFO:mapsims:Reorder ring to nest
2023-06-02 00:27:35,474:INFO:mapsims:Writing output map

real	19m21.596s
user	502m23.124s
sys	2m8.933s
