
WARNING: version mismatch between CFITSIO header (v3.47) and linked library (v4.02).


WARNING: version mismatch between CFITSIO header (v3.47) and linked library (v4.02).


WARNING: version mismatch between CFITSIO header (v3.47) and linked library (v4.02).

2023-06-01 23:49:54,729:INFO:mapsims:Parsing configuration from common.toml, synchrotron_s7.toml
2023-06-01 23:49:54,739:INFO:mapsims:Nside: 4096, Modeling Nside: 8192, Ellmax: 10240
2023-06-01 23:49:54,741:INFO:mapsims:Initializing the PySM Sky object
2023-06-01 23:49:54,742:INFO:pysm3:Access data from /mnt/sdceph/users/azonca/pysm-data/synch/synch_template_nside8192_2023.02.25.fits
2023-06-01 23:50:36,254:INFO:pysm3:Access data from /mnt/sdceph/users/azonca/pysm-data/synch/synch_beta_nside8192.fits
2023-06-01 23:50:43,153:INFO:pysm3:Access data from /mnt/sdceph/users/azonca/pysm-data/synch/synch_curvature_nside8192.fits
2023-06-01 23:50:51,685:INFO:mapsims:Processing channel Channel CHLAT_f040
2023-06-01 23:50:51,686:INFO:mapsims:Bandpass integration for Channel CHLAT_f040
2023-06-01 23:53:05,206:INFO:mapsims:Smoothing and coord-transform for Channel CHLAT_f040
2023-06-01 23:53:05,211:INFO:pysm3:Using map2alm with pixel weights
2023-06-01 23:53:40,115:INFO:pysm3:Smoothing with fwhm of 5.3 arcmin
2023-06-01 23:53:43,488:INFO:pysm3:Rotate Alm
2023-06-02 00:07:41,813:INFO:pysm3:Alm to map HEALPix
2023-06-02 00:07:58,001:INFO:mapsims:Writing output map cmbs4_synchrotron_s7_uKCMB_LAT-CHLAT_f040_nside4096.fits
2023-06-02 00:07:58,001:INFO:mapsims:Replace NaN with UNSEEN
2023-06-02 00:07:58,929:INFO:mapsims:Reorder ring to nest
2023-06-02 00:08:14,874:INFO:mapsims:Writing output map

real	18m33.427s
user	501m25.742s
sys	3m8.658s
