
WARNING: version mismatch between CFITSIO header (v3.47) and linked library (v4.02).


WARNING: version mismatch between CFITSIO header (v3.47) and linked library (v4.02).


WARNING: version mismatch between CFITSIO header (v3.47) and linked library (v4.02).

2023-06-02 00:10:27,678:INFO:mapsims:Parsing configuration from common.toml, freefree_f1.toml
2023-06-02 00:10:27,689:INFO:mapsims:Nside: 512, Modeling Nside: 512, Ellmax: 1280
2023-06-02 00:10:27,690:INFO:mapsims:Initializing the PySM Sky object
2023-06-02 00:10:27,692:INFO:pysm3:Access data from /mnt/sdceph/users/azonca/pysm-data/pysm_2/ff_t_new.fits
2023-06-02 00:10:27,727:INFO:mapsims:Processing channel Channel SAT_f155
2023-06-02 00:10:27,728:INFO:mapsims:Bandpass integration for Channel SAT_f155
2023-06-02 00:10:29,413:INFO:mapsims:Smoothing and coord-transform for Channel SAT_f155
2023-06-02 00:10:34,360:INFO:pysm3:Used map2alm_lsq, converged in 8 iterations,residual relative error 0.11
2023-06-02 00:10:34,361:INFO:pysm3:Smoothing with fwhm of 14.3 arcmin
2023-06-02 00:10:34,409:INFO:pysm3:Rotate Alm
2023-06-02 00:10:37,293:INFO:pysm3:Alm to map HEALPix
2023-06-02 00:10:37,548:INFO:mapsims:Writing output map cmbs4_freefree_f1_uKCMB_SAT-SAT_f155_nside512.fits
2023-06-02 00:10:37,548:INFO:mapsims:Replace NaN with UNSEEN
2023-06-02 00:10:37,557:INFO:mapsims:Reorder ring to nest
2023-06-02 00:10:37,768:INFO:mapsims:Writing output map

real	0m12.247s
user	4m8.485s
sys	1m2.790s
