
WARNING: version mismatch between CFITSIO header (v3.47) and linked library (v4.02).


WARNING: version mismatch between CFITSIO header (v3.47) and linked library (v4.02).


WARNING: version mismatch between CFITSIO header (v3.47) and linked library (v4.02).

2023-06-01 23:52:48,361:INFO:mapsims:Parsing configuration from common.toml, ksz_ksz1.toml
2023-06-01 23:52:48,371:INFO:mapsims:Nside: 4096, Modeling Nside: 4096, Ellmax: 10240
2023-06-01 23:52:48,372:INFO:mapsims:Initializing the PySM Sky object
2023-06-01 23:52:48,374:INFO:pysm3:Access data from /mnt/sdceph/users/azonca/pysm-data/websky/0.4/ksz.fits
2023-06-01 23:52:48,375:INFO:pysm3:Access data from /mnt/sdceph/users/azonca/pysm-data/websky/0.4/ksz.fits
2023-06-01 23:52:49,888:INFO:mapsims:Processing channel Channel SPLAT_f150
2023-06-01 23:52:49,888:INFO:mapsims:Bandpass integration for Channel SPLAT_f150
2023-06-01 23:52:59,311:INFO:mapsims:Smoothing and coord-transform for Channel SPLAT_f150
2023-06-01 23:59:43,417:WARNING:pysm3:hp.map2alm_lsq did not converge in 10 iterations, residual relative error is 0.19
2023-06-01 23:59:43,417:INFO:pysm3:Smoothing with fwhm of 1.5 arcmin
2023-06-01 23:59:46,977:INFO:pysm3:Rotate Alm
2023-06-02 00:10:42,126:INFO:pysm3:Alm to map HEALPix
2023-06-02 00:10:56,506:INFO:mapsims:Writing output map cmbs4_ksz_ksz1_uKCMB_LAT-SPLAT_f150_nside4096.fits
2023-06-02 00:10:56,506:INFO:mapsims:Replace NaN with UNSEEN
2023-06-02 00:10:57,161:INFO:mapsims:Reorder ring to nest
2023-06-02 00:11:12,523:INFO:mapsims:Writing output map

real	18m34.353s
user	540m44.566s
sys	6m18.483s
