
WARNING: version mismatch between CFITSIO header (v3.47) and linked library (v4.02).


WARNING: version mismatch between CFITSIO header (v3.47) and linked library (v4.02).


WARNING: version mismatch between CFITSIO header (v3.47) and linked library (v4.02).

2023-06-02 00:10:24,879:INFO:mapsims:Parsing configuration from common.toml, freefree_f1.toml
2023-06-02 00:10:24,889:INFO:mapsims:Nside: 512, Modeling Nside: 512, Ellmax: 1280
2023-06-02 00:10:24,892:INFO:mapsims:Initializing the PySM Sky object
2023-06-02 00:10:24,893:INFO:pysm3:Access data from /mnt/sdceph/users/azonca/pysm-data/pysm_2/ff_t_new.fits
2023-06-02 00:10:24,921:INFO:mapsims:Processing channel Channel SAT_f030
2023-06-02 00:10:24,921:INFO:mapsims:Bandpass integration for Channel SAT_f030
2023-06-02 00:10:26,594:INFO:mapsims:Smoothing and coord-transform for Channel SAT_f030
2023-06-02 00:10:31,244:INFO:pysm3:Used map2alm_lsq, converged in 8 iterations,residual relative error 0.11
2023-06-02 00:10:31,244:INFO:pysm3:Smoothing with fwhm of 85.2 arcmin
2023-06-02 00:10:31,297:INFO:pysm3:Rotate Alm
2023-06-02 00:10:33,760:INFO:pysm3:Alm to map HEALPix
2023-06-02 00:10:33,948:INFO:mapsims:Writing output map cmbs4_freefree_f1_uKCMB_SAT-SAT_f030_nside512.fits
2023-06-02 00:10:33,948:INFO:mapsims:Replace NaN with UNSEEN
2023-06-02 00:10:33,958:INFO:mapsims:Reorder ring to nest
2023-06-02 00:10:34,158:INFO:mapsims:Writing output map

real	0m11.407s
user	3m35.207s
sys	1m5.986s
