
WARNING: version mismatch between CFITSIO header (v3.47) and linked library (v4.02).


WARNING: version mismatch between CFITSIO header (v3.47) and linked library (v4.02).


WARNING: version mismatch between CFITSIO header (v3.47) and linked library (v4.02).

2023-06-02 00:10:27,331:INFO:mapsims:Parsing configuration from common.toml, freefree_f1.toml
2023-06-02 00:10:27,342:INFO:mapsims:Nside: 512, Modeling Nside: 512, Ellmax: 1280
2023-06-02 00:10:27,343:INFO:mapsims:Initializing the PySM Sky object
2023-06-02 00:10:27,344:INFO:pysm3:Access data from /mnt/sdceph/users/azonca/pysm-data/pysm_2/ff_t_new.fits
2023-06-02 00:10:27,378:INFO:mapsims:Processing channel Channel SAT_f095
2023-06-02 00:10:27,378:INFO:mapsims:Bandpass integration for Channel SAT_f095
2023-06-02 00:10:29,107:INFO:mapsims:Smoothing and coord-transform for Channel SAT_f095
2023-06-02 00:10:34,289:INFO:pysm3:Used map2alm_lsq, converged in 8 iterations,residual relative error 0.11
2023-06-02 00:10:34,290:INFO:pysm3:Smoothing with fwhm of 22.4 arcmin
2023-06-02 00:10:34,344:INFO:pysm3:Rotate Alm
2023-06-02 00:10:36,676:INFO:pysm3:Alm to map HEALPix
2023-06-02 00:10:36,904:INFO:mapsims:Writing output map cmbs4_freefree_f1_uKCMB_SAT-SAT_f095_nside512.fits
2023-06-02 00:10:36,904:INFO:mapsims:Replace NaN with UNSEEN
2023-06-02 00:10:36,913:INFO:mapsims:Reorder ring to nest
2023-06-02 00:10:37,129:INFO:mapsims:Writing output map

real	0m11.986s
user	3m49.870s
sys	1m2.693s
