
WARNING: version mismatch between CFITSIO header (v3.47) and linked library (v4.02).


WARNING: version mismatch between CFITSIO header (v3.47) and linked library (v4.02).


WARNING: version mismatch between CFITSIO header (v3.47) and linked library (v4.02).

2023-06-02 00:44:17,566:INFO:mapsims:Parsing configuration from common.toml, radio_rg1.toml
2023-06-02 00:44:17,590:INFO:mapsims:Nside: 4096, Modeling Nside: 4096, Ellmax: 10240
2023-06-02 00:44:17,592:INFO:mapsims:Initializing the PySM Sky object
2023-06-02 00:44:17,819:INFO:mapsims:Processing channel Channel SPLAT_f220
2023-06-02 00:44:17,819:INFO:mapsims:Bandpass integration for Channel SPLAT_f220
2023-06-02 00:44:18,011:INFO:pysm3:Frequencies considered: [189. 210. 217. 232. 256.]
2023-06-02 00:44:18,085:INFO:pysm3:Access data from /mnt/sdceph/users/azonca/pysm-data/websky/0.4/radio/radio_0189.0.fits
2023-06-02 00:44:18,085:INFO:pysm3:Reading map /mnt/sdceph/users/azonca/pysm-data/websky/0.4/radio/radio_0189.0.fits
2023-06-02 00:44:18,086:INFO:pysm3:Access data from /mnt/sdceph/users/azonca/pysm-data/websky/0.4/radio/radio_0189.0.fits
2023-06-02 00:45:33,813:INFO:pysm3:Access data from /mnt/sdceph/users/azonca/pysm-data/websky/0.4/radio/radio_0189.0.fits
2023-06-02 00:45:38,534:INFO:pysm3:Mean emission at 189.0 GHz in I: 0.2159 uK_RJ
2023-06-02 00:45:38,638:INFO:pysm3:Access data from /mnt/sdceph/users/azonca/pysm-data/websky/0.4/radio/radio_0210.0.fits
2023-06-02 00:45:38,638:INFO:pysm3:Reading map /mnt/sdceph/users/azonca/pysm-data/websky/0.4/radio/radio_0210.0.fits
2023-06-02 00:45:38,639:INFO:pysm3:Access data from /mnt/sdceph/users/azonca/pysm-data/websky/0.4/radio/radio_0210.0.fits
2023-06-02 00:45:48,614:INFO:pysm3:Access data from /mnt/sdceph/users/azonca/pysm-data/websky/0.4/radio/radio_0210.0.fits
2023-06-02 00:45:52,779:INFO:pysm3:Mean emission at 210.0 GHz in I: 0.1688 uK_RJ
2023-06-02 00:45:52,781:INFO:pysm3:Access data from /mnt/sdceph/users/azonca/pysm-data/websky/0.4/radio/radio_0217.0.fits
2023-06-02 00:45:52,781:INFO:pysm3:Reading map /mnt/sdceph/users/azonca/pysm-data/websky/0.4/radio/radio_0217.0.fits
2023-06-02 00:45:52,781:INFO:pysm3:Access data from /mnt/sdceph/users/azonca/pysm-data/websky/0.4/radio/radio_0217.0.fits
2023-06-02 00:46:07,009:INFO:pysm3:Access data from /mnt/sdceph/users/azonca/pysm-data/websky/0.4/radio/radio_0217.0.fits
2023-06-02 00:46:11,166:INFO:pysm3:Mean emission at 217.0 GHz in I: 0.1564 uK_RJ
2023-06-02 00:46:11,168:INFO:pysm3:Access data from /mnt/sdceph/users/azonca/pysm-data/websky/0.4/radio/radio_0232.0.fits
2023-06-02 00:46:11,168:INFO:pysm3:Reading map /mnt/sdceph/users/azonca/pysm-data/websky/0.4/radio/radio_0232.0.fits
2023-06-02 00:46:11,169:INFO:pysm3:Access data from /mnt/sdceph/users/azonca/pysm-data/websky/0.4/radio/radio_0232.0.fits
2023-06-02 00:46:17,436:INFO:pysm3:Access data from /mnt/sdceph/users/azonca/pysm-data/websky/0.4/radio/radio_0232.0.fits
2023-06-02 00:46:21,590:INFO:pysm3:Mean emission at 232.0 GHz in I: 0.134 uK_RJ
2023-06-02 00:46:21,591:INFO:pysm3:Access data from /mnt/sdceph/users/azonca/pysm-data/websky/0.4/radio/radio_0256.0.fits
2023-06-02 00:46:21,591:INFO:pysm3:Reading map /mnt/sdceph/users/azonca/pysm-data/websky/0.4/radio/radio_0256.0.fits
2023-06-02 00:46:21,593:INFO:pysm3:Access data from /mnt/sdceph/users/azonca/pysm-data/websky/0.4/radio/radio_0256.0.fits
2023-06-02 00:46:25,033:INFO:pysm3:Access data from /mnt/sdceph/users/azonca/pysm-data/websky/0.4/radio/radio_0256.0.fits
2023-06-02 00:46:29,182:INFO:pysm3:Mean emission at 256.0 GHz in I: 0.1068 uK_RJ
2023-06-02 00:46:55,518:INFO:mapsims:Smoothing and coord-transform for Channel SPLAT_f220
2023-06-02 00:53:59,403:WARNING:pysm3:hp.map2alm_lsq did not converge in 10 iterations, residual relative error is 0.69
2023-06-02 00:53:59,403:INFO:pysm3:Smoothing with fwhm of 1.1 arcmin
2023-06-02 00:54:02,808:INFO:pysm3:Rotate Alm
2023-06-02 01:04:37,538:INFO:pysm3:Alm to map HEALPix
2023-06-02 01:04:53,862:INFO:mapsims:Writing output map cmbs4_radio_rg1_uKCMB_LAT-SPLAT_f220_nside4096.fits
2023-06-02 01:04:53,864:INFO:mapsims:Replace NaN with UNSEEN
2023-06-02 01:04:54,704:INFO:mapsims:Reorder ring to nest
2023-06-02 01:05:11,023:INFO:mapsims:Writing output map

real	21m5.479s
user	588m49.387s
sys	6m19.391s
