
WARNING: version mismatch between CFITSIO header (v3.47) and linked library (v4.02).


WARNING: version mismatch between CFITSIO header (v3.47) and linked library (v4.02).


WARNING: version mismatch between CFITSIO header (v3.47) and linked library (v4.02).

2023-06-02 00:07:42,110:INFO:mapsims:Parsing configuration from common.toml, dust_d10.toml
2023-06-02 00:07:42,121:INFO:mapsims:Nside: 4096, Modeling Nside: 8192, Ellmax: 10240
2023-06-02 00:07:42,124:INFO:mapsims:Initializing the PySM Sky object
2023-06-02 00:07:42,126:INFO:pysm3:Access data from /mnt/sdceph/users/azonca/pysm-data/dust_gnilc/gnilc_dust_template_nside8192.fits
2023-06-02 00:08:06,299:INFO:pysm3:Access data from /mnt/sdceph/users/azonca/pysm-data/dust_gnilc/gnilc_dust_beta_nside8192.fits
2023-06-02 00:08:23,815:INFO:pysm3:Access data from /mnt/sdceph/users/azonca/pysm-data/dust_gnilc/gnilc_dust_Td_nside8192.fits
2023-06-02 00:08:45,353:INFO:mapsims:Processing channel Channel CHLAT_f040
2023-06-02 00:08:45,353:INFO:mapsims:Bandpass integration for Channel CHLAT_f040
2023-06-02 00:20:09,662:INFO:mapsims:Smoothing and coord-transform for Channel CHLAT_f040
2023-06-02 00:20:09,663:INFO:pysm3:Using map2alm with pixel weights
2023-06-02 00:20:42,706:INFO:pysm3:Smoothing with fwhm of 5.3 arcmin
2023-06-02 00:20:46,376:INFO:pysm3:Rotate Alm
2023-06-02 00:34:53,329:INFO:pysm3:Alm to map HEALPix
2023-06-02 00:35:08,126:INFO:mapsims:Writing output map cmbs4_dust_d10_uKCMB_LAT-CHLAT_f040_nside4096.fits
2023-06-02 00:35:08,127:INFO:mapsims:Replace NaN with UNSEEN
2023-06-02 00:35:08,772:INFO:mapsims:Reorder ring to nest
2023-06-02 00:35:25,195:INFO:mapsims:Writing output map

real	27m54.075s
user	460m10.006s
sys	5m8.737s
