
WARNING: version mismatch between CFITSIO header (v3.47) and linked library (v4.02).


WARNING: version mismatch between CFITSIO header (v3.47) and linked library (v4.02).


WARNING: version mismatch between CFITSIO header (v3.47) and linked library (v4.02).

2023-06-02 00:10:27,242:INFO:mapsims:Parsing configuration from common.toml, freefree_f1.toml
2023-06-02 00:10:27,252:INFO:mapsims:Nside: 512, Modeling Nside: 512, Ellmax: 1280
2023-06-02 00:10:27,254:INFO:mapsims:Initializing the PySM Sky object
2023-06-02 00:10:27,256:INFO:pysm3:Access data from /mnt/sdceph/users/azonca/pysm-data/pysm_2/ff_t_new.fits
2023-06-02 00:10:27,294:INFO:mapsims:Processing channel Channel SAT_f145
2023-06-02 00:10:27,295:INFO:mapsims:Bandpass integration for Channel SAT_f145
2023-06-02 00:10:28,972:INFO:mapsims:Smoothing and coord-transform for Channel SAT_f145
2023-06-02 00:10:34,619:INFO:pysm3:Used map2alm_lsq, converged in 8 iterations,residual relative error 0.11
2023-06-02 00:10:34,619:INFO:pysm3:Smoothing with fwhm of 15.8 arcmin
2023-06-02 00:10:34,666:INFO:pysm3:Rotate Alm
2023-06-02 00:10:37,045:INFO:pysm3:Alm to map HEALPix
2023-06-02 00:10:37,244:INFO:mapsims:Writing output map cmbs4_freefree_f1_uKCMB_SAT-SAT_f145_nside512.fits
2023-06-02 00:10:37,244:INFO:mapsims:Replace NaN with UNSEEN
2023-06-02 00:10:37,254:INFO:mapsims:Reorder ring to nest
2023-06-02 00:10:37,444:INFO:mapsims:Writing output map

real	0m12.351s
user	4m14.958s
sys	1m0.046s
