
WARNING: version mismatch between CFITSIO header (v3.47) and linked library (v4.02).


WARNING: version mismatch between CFITSIO header (v3.47) and linked library (v4.02).


WARNING: version mismatch between CFITSIO header (v3.47) and linked library (v4.02).

2023-06-02 00:27:53,311:INFO:mapsims:Parsing configuration from common.toml, dust_d12.toml
2023-06-02 00:27:53,339:INFO:mapsims:Nside: 4096, Modeling Nside: 2048, Ellmax: 5120
2023-06-02 00:27:53,353:INFO:mapsims:Initializing the PySM Sky object
2023-06-02 00:27:55,901:INFO:pysm3:Access data from /mnt/sdceph/users/azonca/pysm-data/mkd_dust/2048/thermaldust_ampl1.fits
2023-06-02 00:28:30,950:INFO:pysm3:Access data from /mnt/sdceph/users/azonca/pysm-data/mkd_dust/2048/thermaldust_ampl2.fits
2023-06-02 00:30:44,693:INFO:pysm3:Access data from /mnt/sdceph/users/azonca/pysm-data/mkd_dust/2048/thermaldust_ampl3.fits
2023-06-02 00:32:17,113:INFO:pysm3:Access data from /mnt/sdceph/users/azonca/pysm-data/mkd_dust/2048/thermaldust_ampl4.fits
2023-06-02 00:33:42,070:INFO:pysm3:Access data from /mnt/sdceph/users/azonca/pysm-data/mkd_dust/2048/thermaldust_ampl5.fits
2023-06-02 00:36:22,334:INFO:pysm3:Access data from /mnt/sdceph/users/azonca/pysm-data/mkd_dust/2048/thermaldust_ampl6.fits
2023-06-02 00:36:35,320:INFO:pysm3:Access data from /mnt/sdceph/users/azonca/pysm-data/mkd_dust/2048/thermaldust_specind1.fits
2023-06-02 00:36:35,825:INFO:pysm3:Access data from /mnt/sdceph/users/azonca/pysm-data/mkd_dust/2048/thermaldust_specind2.fits
2023-06-02 00:36:36,693:INFO:pysm3:Access data from /mnt/sdceph/users/azonca/pysm-data/mkd_dust/2048/thermaldust_specind3.fits
2023-06-02 00:36:38,760:INFO:pysm3:Access data from /mnt/sdceph/users/azonca/pysm-data/mkd_dust/2048/thermaldust_specind4.fits
2023-06-02 00:36:39,310:INFO:pysm3:Access data from /mnt/sdceph/users/azonca/pysm-data/mkd_dust/2048/thermaldust_specind5.fits
2023-06-02 00:36:40,235:INFO:pysm3:Access data from /mnt/sdceph/users/azonca/pysm-data/mkd_dust/2048/thermaldust_specind6.fits
2023-06-02 00:36:41,525:INFO:pysm3:Access data from /mnt/sdceph/users/azonca/pysm-data/mkd_dust/2048/thermaldust_temp1.fits
2023-06-02 00:36:42,115:INFO:pysm3:Access data from /mnt/sdceph/users/azonca/pysm-data/mkd_dust/2048/thermaldust_temp2.fits
2023-06-02 00:36:43,703:INFO:pysm3:Access data from /mnt/sdceph/users/azonca/pysm-data/mkd_dust/2048/thermaldust_temp3.fits
2023-06-02 00:36:44,870:INFO:pysm3:Access data from /mnt/sdceph/users/azonca/pysm-data/mkd_dust/2048/thermaldust_temp4.fits
2023-06-02 00:36:46,333:INFO:pysm3:Access data from /mnt/sdceph/users/azonca/pysm-data/mkd_dust/2048/thermaldust_temp5.fits
2023-06-02 00:36:47,711:INFO:pysm3:Access data from /mnt/sdceph/users/azonca/pysm-data/mkd_dust/2048/thermaldust_temp6.fits
2023-06-02 00:36:49,736:INFO:mapsims:Processing channel Channel SPLAT_f020
2023-06-02 00:36:49,736:INFO:mapsims:Bandpass integration for Channel SPLAT_f020
2023-06-02 00:41:50,292:INFO:mapsims:Smoothing and coord-transform for Channel SPLAT_f020
2023-06-02 00:43:24,155:WARNING:pysm3:hp.map2alm_lsq did not converge in 10 iterations, residual relative error is 0.0024
2023-06-02 00:43:24,156:INFO:pysm3:Smoothing with fwhm of 11.2 arcmin
2023-06-02 00:43:25,019:INFO:pysm3:Rotate Alm
2023-06-02 00:44:50,771:INFO:pysm3:Alm to map HEALPix
2023-06-02 00:45:03,109:INFO:mapsims:Writing output map cmbs4_dust_d12_uKCMB_LAT-SPLAT_f020_nside4096.fits
2023-06-02 00:45:03,110:INFO:mapsims:Replace NaN with UNSEEN
2023-06-02 00:45:03,952:INFO:mapsims:Reorder ring to nest
2023-06-02 00:45:20,126:INFO:mapsims:Writing output map

real	17m36.819s
user	99m15.091s
sys	5m23.519s
