
WARNING: version mismatch between CFITSIO header (v3.47) and linked library (v4.02).


WARNING: version mismatch between CFITSIO header (v3.47) and linked library (v4.02).


WARNING: version mismatch between CFITSIO header (v3.47) and linked library (v4.02).

2023-06-01 23:50:20,071:INFO:mapsims:Parsing configuration from common.toml, co_co1.toml
2023-06-01 23:50:20,084:INFO:mapsims:Nside: 512, Modeling Nside: 2048, Ellmax: 1280
2023-06-01 23:50:20,086:INFO:mapsims:Initializing the PySM Sky object
2023-06-01 23:50:20,087:INFO:pysm3:Access data from /mnt/sdceph/users/azonca/pysm-data/co/HFI_CompMap_CO-Type1_2048_R2.00_ring.fits
2023-06-01 23:50:20,087:INFO:pysm3:Access data from /mnt/sdceph/users/azonca/pysm-data/co/HFI_CompMap_CO-Type1_2048_R2.00_ring.fits
2023-06-01 23:50:39,030:INFO:mapsims:Processing channel Channel SAT_f030
2023-06-01 23:50:39,031:INFO:mapsims:Bandpass integration for Channel SAT_f030
2023-06-01 23:50:40,335:INFO:mapsims:Smoothing and coord-transform for Channel SAT_f030
2023-06-01 23:50:40,338:INFO:pysm3:Using map2alm with pixel weights
2023-06-01 23:50:42,038:INFO:pysm3:Smoothing with fwhm of 85.2 arcmin
2023-06-01 23:50:42,096:INFO:pysm3:Rotate Alm
2023-06-01 23:50:44,313:INFO:pysm3:Alm to map HEALPix
2023-06-01 23:50:44,540:INFO:mapsims:Writing output map cmbs4_co_co1_uKCMB_SAT-SAT_f030_nside512.fits
2023-06-01 23:50:44,541:INFO:mapsims:Replace NaN with UNSEEN
2023-06-01 23:50:44,550:INFO:mapsims:Reorder ring to nest
2023-06-01 23:50:44,745:INFO:mapsims:Writing output map

real	0m28.767s
user	2m27.019s
sys	0m10.214s
