
WARNING: version mismatch between CFITSIO header (v3.47) and linked library (v4.02).


WARNING: version mismatch between CFITSIO header (v3.47) and linked library (v4.02).


WARNING: version mismatch between CFITSIO header (v3.47) and linked library (v4.02).

2023-06-02 00:09:07,224:INFO:mapsims:Parsing configuration from common.toml, dust_d9.toml
2023-06-02 00:09:07,233:INFO:mapsims:Nside: 512, Modeling Nside: 2048, Ellmax: 1280
2023-06-02 00:09:07,235:INFO:mapsims:Initializing the PySM Sky object
2023-06-02 00:09:07,235:INFO:pysm3:Access data from /mnt/sdceph/users/azonca/pysm-data/dust_gnilc/gnilc_dust_template_nside2048.fits
2023-06-02 00:09:08,555:INFO:mapsims:Processing channel Channel SAT_f155
2023-06-02 00:09:08,555:INFO:mapsims:Bandpass integration for Channel SAT_f155
2023-06-02 00:09:23,691:INFO:mapsims:Smoothing and coord-transform for Channel SAT_f155
2023-06-02 00:09:23,692:INFO:pysm3:Using map2alm with pixel weights
2023-06-02 00:09:25,472:INFO:pysm3:Smoothing with fwhm of 14.3 arcmin
2023-06-02 00:09:25,544:INFO:pysm3:Rotate Alm
2023-06-02 00:09:27,852:INFO:pysm3:Alm to map HEALPix
2023-06-02 00:09:28,055:INFO:mapsims:Writing output map cmbs4_dust_d9_uKCMB_SAT-SAT_f155_nside512.fits
2023-06-02 00:09:28,055:INFO:mapsims:Replace NaN with UNSEEN
2023-06-02 00:09:28,081:INFO:mapsims:Reorder ring to nest
2023-06-02 00:09:28,285:INFO:mapsims:Writing output map

real	0m23.313s
user	2m40.451s
sys	0m10.076s
