
WARNING: version mismatch between CFITSIO header (v3.47) and linked library (v4.02).


WARNING: version mismatch between CFITSIO header (v3.47) and linked library (v4.02).


WARNING: version mismatch between CFITSIO header (v3.47) and linked library (v4.02).

2023-06-01 23:50:19,494:INFO:mapsims:Parsing configuration from common.toml, co_co1.toml
2023-06-01 23:50:19,504:INFO:mapsims:Nside: 4096, Modeling Nside: 2048, Ellmax: 5120
2023-06-01 23:50:19,507:INFO:mapsims:Initializing the PySM Sky object
2023-06-01 23:50:19,509:INFO:pysm3:Access data from /mnt/sdceph/users/azonca/pysm-data/co/HFI_CompMap_CO-Type1_2048_R2.00_ring.fits
2023-06-01 23:50:19,509:INFO:pysm3:Access data from /mnt/sdceph/users/azonca/pysm-data/co/HFI_CompMap_CO-Type1_2048_R2.00_ring.fits
2023-06-01 23:50:38,503:INFO:mapsims:Processing channel Channel SPLAT_f220
2023-06-01 23:50:38,504:INFO:mapsims:Bandpass integration for Channel SPLAT_f220
2023-06-01 23:50:40,170:INFO:mapsims:Smoothing and coord-transform for Channel SPLAT_f220
2023-06-01 23:52:07,199:WARNING:pysm3:hp.map2alm_lsq did not converge in 10 iterations, residual relative error is 0.48
2023-06-01 23:52:07,200:INFO:pysm3:Smoothing with fwhm of 1.1 arcmin
2023-06-01 23:52:08,059:INFO:pysm3:Rotate Alm
2023-06-01 23:53:24,564:INFO:pysm3:Alm to map HEALPix
2023-06-01 23:53:35,187:INFO:mapsims:Writing output map cmbs4_co_co1_uKCMB_LAT-SPLAT_f220_nside4096.fits
2023-06-01 23:53:35,188:INFO:mapsims:Replace NaN with UNSEEN
2023-06-01 23:53:35,773:INFO:mapsims:Reorder ring to nest
2023-06-01 23:53:51,294:INFO:mapsims:Writing output map

real	3m43.249s
user	77m56.152s
sys	3m45.095s
