
WARNING: version mismatch between CFITSIO header (v3.47) and linked library (v4.02).


WARNING: version mismatch between CFITSIO header (v3.47) and linked library (v4.02).


WARNING: version mismatch between CFITSIO header (v3.47) and linked library (v4.02).

2023-06-02 00:40:13,430:INFO:mapsims:Parsing configuration from common.toml, synchrotron_s5.toml
2023-06-02 00:40:13,458:INFO:mapsims:Nside: 4096, Modeling Nside: 8192, Ellmax: 10240
2023-06-02 00:40:13,459:INFO:mapsims:Initializing the PySM Sky object
2023-06-02 00:40:13,461:INFO:pysm3:Access data from /mnt/sdceph/users/azonca/pysm-data/synch/synch_template_nside8192_2023.02.25.fits
2023-06-02 00:55:48,586:INFO:pysm3:Access data from /mnt/sdceph/users/azonca/pysm-data/synch/synch_beta_nside8192.fits
2023-06-02 00:56:00,180:INFO:mapsims:Processing channel Channel SPLAT_f030
2023-06-02 00:56:00,180:INFO:mapsims:Bandpass integration for Channel SPLAT_f030
2023-06-02 00:58:02,111:INFO:mapsims:Smoothing and coord-transform for Channel SPLAT_f030
2023-06-02 00:58:02,112:INFO:pysm3:Using map2alm with pixel weights
2023-06-02 00:58:37,123:INFO:pysm3:Smoothing with fwhm of 9.1 arcmin
2023-06-02 00:58:40,480:INFO:pysm3:Rotate Alm
2023-06-02 01:12:29,901:INFO:pysm3:Alm to map HEALPix
2023-06-02 01:12:45,901:INFO:mapsims:Writing output map cmbs4_synchrotron_s5_uKCMB_LAT-SPLAT_f030_nside4096.fits
2023-06-02 01:12:45,901:INFO:mapsims:Replace NaN with UNSEEN
2023-06-02 01:12:46,736:INFO:mapsims:Reorder ring to nest
2023-06-02 01:13:02,801:INFO:mapsims:Writing output map

real	33m0.951s
user	521m23.968s
sys	2m55.259s
