
WARNING: version mismatch between CFITSIO header (v3.47) and linked library (v4.02).


WARNING: version mismatch between CFITSIO header (v3.47) and linked library (v4.02).


WARNING: version mismatch between CFITSIO header (v3.47) and linked library (v4.02).

2023-06-02 00:37:08,953:INFO:mapsims:Parsing configuration from common.toml, co_co3.toml
2023-06-02 00:37:08,964:INFO:mapsims:Nside: 4096, Modeling Nside: 2048, Ellmax: 5120
2023-06-02 00:37:08,965:INFO:mapsims:Initializing the PySM Sky object
2023-06-02 00:37:08,966:INFO:pysm3:Access data from /mnt/sdceph/users/azonca/pysm-data/co/HFI_CompMap_CO-Type1_2048_R2.00_ring.fits
2023-06-02 00:37:08,967:INFO:pysm3:Access data from /mnt/sdceph/users/azonca/pysm-data/co/HFI_CompMap_CO-Type1_2048_R2.00_ring.fits
2023-06-02 00:37:26,164:INFO:pysm3:Access data from /mnt/sdceph/users/azonca/pysm-data/co/psimap_dust90_2048.fits
2023-06-02 00:37:26,166:INFO:pysm3:Access data from /mnt/sdceph/users/azonca/pysm-data/co/psimap_dust90_2048.fits
2023-06-02 00:37:36,993:WARNING:pysm3:No physical unit associated with file /mnt/sdceph/users/azonca/pysm-data/co/psimap_dust90_2048.fits
2023-06-02 00:37:36,994:INFO:pysm3:Access data from /mnt/sdceph/users/azonca/pysm-data/co/gmap_dust90_2048.fits
2023-06-02 00:37:36,994:INFO:pysm3:Access data from /mnt/sdceph/users/azonca/pysm-data/co/gmap_dust90_2048.fits
2023-06-02 00:37:44,771:WARNING:pysm3:No physical unit associated with file /mnt/sdceph/users/azonca/pysm-data/co/gmap_dust90_2048.fits
2023-06-02 00:37:44,772:INFO:pysm3:Access data from /mnt/sdceph/users/azonca/pysm-data/co/mcmoleCO_HGL_2048.fits
2023-06-02 00:37:44,772:INFO:pysm3:Access data from /mnt/sdceph/users/azonca/pysm-data/co/mcmoleCO_HGL_2048.fits
2023-06-02 00:37:48,630:INFO:mapsims:Processing channel Channel SPLAT_f220
2023-06-02 00:37:48,630:INFO:mapsims:Bandpass integration for Channel SPLAT_f220
2023-06-02 00:37:51,620:INFO:mapsims:Smoothing and coord-transform for Channel SPLAT_f220
2023-06-02 00:39:21,361:WARNING:pysm3:hp.map2alm_lsq did not converge in 10 iterations, residual relative error is 0.48
2023-06-02 00:39:21,361:INFO:pysm3:Smoothing with fwhm of 1.1 arcmin
2023-06-02 00:39:22,326:INFO:pysm3:Rotate Alm
2023-06-02 00:40:52,067:INFO:pysm3:Alm to map HEALPix
2023-06-02 00:41:02,838:INFO:mapsims:Writing output map cmbs4_co_co3_uKCMB_LAT-SPLAT_f220_nside4096.fits
2023-06-02 00:41:02,838:INFO:mapsims:Replace NaN with UNSEEN
2023-06-02 00:41:03,417:INFO:mapsims:Reorder ring to nest
2023-06-02 00:41:19,195:INFO:mapsims:Writing output map

real	4m43.964s
user	84m20.795s
sys	3m36.739s
