
WARNING: version mismatch between CFITSIO header (v3.47) and linked library (v4.02).


WARNING: version mismatch between CFITSIO header (v3.47) and linked library (v4.02).


WARNING: version mismatch between CFITSIO header (v3.47) and linked library (v4.02).

2023-06-02 00:29:49,475:INFO:mapsims:Parsing configuration from common.toml, dust_d12.toml
2023-06-02 00:29:49,499:INFO:mapsims:Nside: 4096, Modeling Nside: 2048, Ellmax: 5120
2023-06-02 00:29:49,500:INFO:mapsims:Initializing the PySM Sky object
2023-06-02 00:29:51,930:INFO:pysm3:Access data from /mnt/sdceph/users/azonca/pysm-data/mkd_dust/2048/thermaldust_ampl1.fits
2023-06-02 00:32:12,749:INFO:pysm3:Access data from /mnt/sdceph/users/azonca/pysm-data/mkd_dust/2048/thermaldust_ampl2.fits
2023-06-02 00:36:08,044:INFO:pysm3:Access data from /mnt/sdceph/users/azonca/pysm-data/mkd_dust/2048/thermaldust_ampl3.fits
2023-06-02 00:36:56,481:INFO:pysm3:Access data from /mnt/sdceph/users/azonca/pysm-data/mkd_dust/2048/thermaldust_ampl4.fits
2023-06-02 00:36:58,154:INFO:pysm3:Access data from /mnt/sdceph/users/azonca/pysm-data/mkd_dust/2048/thermaldust_ampl5.fits
2023-06-02 00:36:59,902:INFO:pysm3:Access data from /mnt/sdceph/users/azonca/pysm-data/mkd_dust/2048/thermaldust_ampl6.fits
2023-06-02 00:37:10,183:INFO:pysm3:Access data from /mnt/sdceph/users/azonca/pysm-data/mkd_dust/2048/thermaldust_specind1.fits
2023-06-02 00:37:10,677:INFO:pysm3:Access data from /mnt/sdceph/users/azonca/pysm-data/mkd_dust/2048/thermaldust_specind2.fits
2023-06-02 00:37:11,200:INFO:pysm3:Access data from /mnt/sdceph/users/azonca/pysm-data/mkd_dust/2048/thermaldust_specind3.fits
2023-06-02 00:37:11,764:INFO:pysm3:Access data from /mnt/sdceph/users/azonca/pysm-data/mkd_dust/2048/thermaldust_specind4.fits
2023-06-02 00:37:12,255:INFO:pysm3:Access data from /mnt/sdceph/users/azonca/pysm-data/mkd_dust/2048/thermaldust_specind5.fits
2023-06-02 00:37:12,740:INFO:pysm3:Access data from /mnt/sdceph/users/azonca/pysm-data/mkd_dust/2048/thermaldust_specind6.fits
2023-06-02 00:37:14,054:INFO:pysm3:Access data from /mnt/sdceph/users/azonca/pysm-data/mkd_dust/2048/thermaldust_temp1.fits
2023-06-02 00:37:14,600:INFO:pysm3:Access data from /mnt/sdceph/users/azonca/pysm-data/mkd_dust/2048/thermaldust_temp2.fits
2023-06-02 00:37:15,091:INFO:pysm3:Access data from /mnt/sdceph/users/azonca/pysm-data/mkd_dust/2048/thermaldust_temp3.fits
2023-06-02 00:37:15,589:INFO:pysm3:Access data from /mnt/sdceph/users/azonca/pysm-data/mkd_dust/2048/thermaldust_temp4.fits
2023-06-02 00:37:16,193:INFO:pysm3:Access data from /mnt/sdceph/users/azonca/pysm-data/mkd_dust/2048/thermaldust_temp5.fits
2023-06-02 00:37:16,674:INFO:pysm3:Access data from /mnt/sdceph/users/azonca/pysm-data/mkd_dust/2048/thermaldust_temp6.fits
2023-06-02 00:37:17,447:INFO:mapsims:Processing channel Channel CHLAT_f220
2023-06-02 00:37:17,448:INFO:mapsims:Bandpass integration for Channel CHLAT_f220
2023-06-02 00:42:40,633:INFO:mapsims:Smoothing and coord-transform for Channel CHLAT_f220
2023-06-02 00:44:13,312:WARNING:pysm3:hp.map2alm_lsq did not converge in 10 iterations, residual relative error is 0.0007
2023-06-02 00:44:13,312:INFO:pysm3:Smoothing with fwhm of 0.95 arcmin
2023-06-02 00:44:14,169:INFO:pysm3:Rotate Alm
2023-06-02 00:45:38,549:INFO:pysm3:Alm to map HEALPix
2023-06-02 00:45:50,855:INFO:mapsims:Writing output map cmbs4_dust_d12_uKCMB_LAT-CHLAT_f220_nside4096.fits
2023-06-02 00:45:50,855:INFO:mapsims:Replace NaN with UNSEEN
2023-06-02 00:45:51,757:INFO:mapsims:Reorder ring to nest
2023-06-02 00:46:08,006:INFO:mapsims:Writing output map

real	16m29.564s
user	98m1.543s
sys	5m24.052s
