
WARNING: version mismatch between CFITSIO header (v3.47) and linked library (v4.02).


WARNING: version mismatch between CFITSIO header (v3.47) and linked library (v4.02).


WARNING: version mismatch between CFITSIO header (v3.47) and linked library (v4.02).

2023-06-02 00:44:28,216:INFO:mapsims:Parsing configuration from common.toml, radio_rg1.toml
2023-06-02 00:44:28,227:INFO:mapsims:Nside: 512, Modeling Nside: 4096, Ellmax: 1280
2023-06-02 00:44:28,228:INFO:mapsims:Initializing the PySM Sky object
2023-06-02 00:44:28,450:INFO:mapsims:Processing channel Channel SAT_f220
2023-06-02 00:44:28,450:INFO:mapsims:Bandpass integration for Channel SAT_f220
2023-06-02 00:44:28,643:INFO:pysm3:Frequencies considered: [189. 210. 217. 232. 256.]
2023-06-02 00:44:28,782:INFO:pysm3:Access data from /mnt/sdceph/users/azonca/pysm-data/websky/0.4/radio/radio_0189.0.fits
2023-06-02 00:44:28,782:INFO:pysm3:Reading map /mnt/sdceph/users/azonca/pysm-data/websky/0.4/radio/radio_0189.0.fits
2023-06-02 00:44:28,782:INFO:pysm3:Access data from /mnt/sdceph/users/azonca/pysm-data/websky/0.4/radio/radio_0189.0.fits
2023-06-02 00:45:27,484:INFO:pysm3:Access data from /mnt/sdceph/users/azonca/pysm-data/websky/0.4/radio/radio_0189.0.fits
2023-06-02 00:45:32,043:INFO:pysm3:Mean emission at 189.0 GHz in I: 0.2159 uK_RJ
2023-06-02 00:45:32,144:INFO:pysm3:Access data from /mnt/sdceph/users/azonca/pysm-data/websky/0.4/radio/radio_0210.0.fits
2023-06-02 00:45:32,145:INFO:pysm3:Reading map /mnt/sdceph/users/azonca/pysm-data/websky/0.4/radio/radio_0210.0.fits
2023-06-02 00:45:32,145:INFO:pysm3:Access data from /mnt/sdceph/users/azonca/pysm-data/websky/0.4/radio/radio_0210.0.fits
2023-06-02 00:45:41,744:INFO:pysm3:Access data from /mnt/sdceph/users/azonca/pysm-data/websky/0.4/radio/radio_0210.0.fits
2023-06-02 00:45:45,843:INFO:pysm3:Mean emission at 210.0 GHz in I: 0.1688 uK_RJ
2023-06-02 00:45:45,845:INFO:pysm3:Access data from /mnt/sdceph/users/azonca/pysm-data/websky/0.4/radio/radio_0217.0.fits
2023-06-02 00:45:45,845:INFO:pysm3:Reading map /mnt/sdceph/users/azonca/pysm-data/websky/0.4/radio/radio_0217.0.fits
2023-06-02 00:45:45,846:INFO:pysm3:Access data from /mnt/sdceph/users/azonca/pysm-data/websky/0.4/radio/radio_0217.0.fits
2023-06-02 00:46:04,420:INFO:pysm3:Access data from /mnt/sdceph/users/azonca/pysm-data/websky/0.4/radio/radio_0217.0.fits
2023-06-02 00:46:08,514:INFO:pysm3:Mean emission at 217.0 GHz in I: 0.1564 uK_RJ
2023-06-02 00:46:08,515:INFO:pysm3:Access data from /mnt/sdceph/users/azonca/pysm-data/websky/0.4/radio/radio_0232.0.fits
2023-06-02 00:46:08,515:INFO:pysm3:Reading map /mnt/sdceph/users/azonca/pysm-data/websky/0.4/radio/radio_0232.0.fits
2023-06-02 00:46:08,516:INFO:pysm3:Access data from /mnt/sdceph/users/azonca/pysm-data/websky/0.4/radio/radio_0232.0.fits
2023-06-02 00:46:17,430:INFO:pysm3:Access data from /mnt/sdceph/users/azonca/pysm-data/websky/0.4/radio/radio_0232.0.fits
2023-06-02 00:46:21,532:INFO:pysm3:Mean emission at 232.0 GHz in I: 0.134 uK_RJ
2023-06-02 00:46:21,534:INFO:pysm3:Access data from /mnt/sdceph/users/azonca/pysm-data/websky/0.4/radio/radio_0256.0.fits
2023-06-02 00:46:21,534:INFO:pysm3:Reading map /mnt/sdceph/users/azonca/pysm-data/websky/0.4/radio/radio_0256.0.fits
2023-06-02 00:46:21,535:INFO:pysm3:Access data from /mnt/sdceph/users/azonca/pysm-data/websky/0.4/radio/radio_0256.0.fits
2023-06-02 00:46:25,004:INFO:pysm3:Access data from /mnt/sdceph/users/azonca/pysm-data/websky/0.4/radio/radio_0256.0.fits
2023-06-02 00:46:29,126:INFO:pysm3:Mean emission at 256.0 GHz in I: 0.1068 uK_RJ
2023-06-02 00:46:55,312:INFO:mapsims:Smoothing and coord-transform for Channel SAT_f220
2023-06-02 00:46:55,312:INFO:pysm3:Using map2alm with pixel weights
2023-06-02 00:47:00,751:INFO:pysm3:Smoothing with fwhm of 9.4 arcmin
2023-06-02 00:47:00,803:INFO:pysm3:Rotate Alm
2023-06-02 00:47:03,274:INFO:pysm3:Alm to map HEALPix
2023-06-02 00:47:03,477:INFO:mapsims:Writing output map cmbs4_radio_rg1_uKCMB_SAT-SAT_f220_nside512.fits
2023-06-02 00:47:03,483:INFO:mapsims:Replace NaN with UNSEEN
2023-06-02 00:47:03,493:INFO:mapsims:Reorder ring to nest
2023-06-02 00:47:03,734:INFO:mapsims:Writing output map

real	2m37.679s
user	3m11.850s
sys	0m32.968s
