
WARNING: version mismatch between CFITSIO header (v3.47) and linked library (v4.02).


WARNING: version mismatch between CFITSIO header (v3.47) and linked library (v4.02).


WARNING: version mismatch between CFITSIO header (v3.47) and linked library (v4.02).

2023-06-02 00:35:45,503:INFO:mapsims:Parsing configuration from common.toml, ame_a2.toml
2023-06-02 00:35:45,514:INFO:mapsims:Nside: 4096, Modeling Nside: 512, Ellmax: 1280
2023-06-02 00:35:45,515:INFO:mapsims:Initializing the PySM Sky object
2023-06-02 00:35:45,516:INFO:pysm3:Access data from /mnt/sdceph/users/azonca/pysm-data/pysm_2/ame_t_new.fits
2023-06-02 00:35:45,554:INFO:pysm3:Access data from /mnt/sdceph/users/azonca/pysm-data/pysm_2/ame_nu_peak_0.fits
2023-06-02 00:35:48,567:INFO:pysm3:Access data from /mnt/sdceph/users/azonca/pysm-data/pysm_2/emissivity.txt
2023-06-02 00:35:48,586:INFO:pysm3:Access data from /mnt/sdceph/users/azonca/pysm-data/pysm_2/dust_u_new.fits
2023-06-02 00:35:48,626:WARNING:pysm3:No physical unit associated with file /mnt/sdceph/users/azonca/pysm-data/pysm_2/dust_u_new.fits
2023-06-02 00:35:48,627:INFO:pysm3:Access data from /mnt/sdceph/users/azonca/pysm-data/pysm_2/dust_q_new.fits
2023-06-02 00:35:48,668:WARNING:pysm3:No physical unit associated with file /mnt/sdceph/users/azonca/pysm-data/pysm_2/dust_q_new.fits
2023-06-02 00:35:48,731:INFO:pysm3:Access data from /mnt/sdceph/users/azonca/pysm-data/pysm_2/ame2_t_new.fits
2023-06-02 00:35:48,799:INFO:pysm3:Access data from /mnt/sdceph/users/azonca/pysm-data/pysm_2/emissivity.txt
2023-06-02 00:35:48,802:INFO:pysm3:Access data from /mnt/sdceph/users/azonca/pysm-data/pysm_2/dust_u_new.fits
2023-06-02 00:35:48,831:WARNING:pysm3:No physical unit associated with file /mnt/sdceph/users/azonca/pysm-data/pysm_2/dust_u_new.fits
2023-06-02 00:35:48,832:INFO:pysm3:Access data from /mnt/sdceph/users/azonca/pysm-data/pysm_2/dust_q_new.fits
2023-06-02 00:35:48,861:WARNING:pysm3:No physical unit associated with file /mnt/sdceph/users/azonca/pysm-data/pysm_2/dust_q_new.fits
2023-06-02 00:35:48,922:INFO:mapsims:Processing channel Channel SPLAT_f090
2023-06-02 00:35:48,922:INFO:mapsims:Bandpass integration for Channel SPLAT_f090
2023-06-02 00:35:57,232:INFO:mapsims:Smoothing and coord-transform for Channel SPLAT_f090
2023-06-02 00:36:01,810:INFO:pysm3:Used map2alm_lsq, converged in 7 iterations,residual relative error 0.15
2023-06-02 00:36:01,810:INFO:pysm3:Smoothing with fwhm of 2.5 arcmin
2023-06-02 00:36:01,857:INFO:pysm3:Rotate Alm
2023-06-02 00:36:04,410:INFO:pysm3:Alm to map HEALPix
2023-06-02 00:36:15,347:INFO:mapsims:Writing output map cmbs4_ame_a2_uKCMB_LAT-SPLAT_f090_nside4096.fits
2023-06-02 00:36:15,348:INFO:mapsims:Replace NaN with UNSEEN
2023-06-02 00:36:16,088:INFO:mapsims:Reorder ring to nest
2023-06-02 00:36:31,496:INFO:mapsims:Writing output map

real	0m56.582s
user	4m33.676s
sys	1m11.691s
