
WARNING: version mismatch between CFITSIO header (v3.47) and linked library (v4.02).


WARNING: version mismatch between CFITSIO header (v3.47) and linked library (v4.02).


WARNING: version mismatch between CFITSIO header (v3.47) and linked library (v4.02).

2023-06-02 00:42:37,390:INFO:mapsims:Parsing configuration from common.toml, ame_a1.toml
2023-06-02 00:42:37,400:INFO:mapsims:Nside: 4096, Modeling Nside: 512, Ellmax: 1280
2023-06-02 00:42:37,402:INFO:mapsims:Initializing the PySM Sky object
2023-06-02 00:42:37,403:INFO:pysm3:Access data from /mnt/sdceph/users/azonca/pysm-data/pysm_2/ame_t_new.fits
2023-06-02 00:42:37,431:INFO:pysm3:Access data from /mnt/sdceph/users/azonca/pysm-data/pysm_2/ame_nu_peak_0.fits
2023-06-02 00:42:37,459:INFO:pysm3:Access data from /mnt/sdceph/users/azonca/pysm-data/pysm_2/emissivity.txt
2023-06-02 00:42:37,463:INFO:pysm3:Access data from /mnt/sdceph/users/azonca/pysm-data/pysm_2/ame2_t_new.fits
2023-06-02 00:42:37,488:INFO:pysm3:Access data from /mnt/sdceph/users/azonca/pysm-data/pysm_2/emissivity.txt
2023-06-02 00:42:37,490:INFO:mapsims:Processing channel Channel CHLAT_f040
2023-06-02 00:42:37,490:INFO:mapsims:Bandpass integration for Channel CHLAT_f040
2023-06-02 00:42:44,362:INFO:mapsims:Smoothing and coord-transform for Channel CHLAT_f040
2023-06-02 00:42:49,271:INFO:pysm3:Used map2alm_lsq, converged in 8 iterations,residual relative error 0.044
2023-06-02 00:42:49,271:INFO:pysm3:Smoothing with fwhm of 5.3 arcmin
2023-06-02 00:42:49,331:INFO:pysm3:Rotate Alm
2023-06-02 00:42:51,789:INFO:pysm3:Alm to map HEALPix
2023-06-02 00:43:01,649:INFO:mapsims:Writing output map cmbs4_ame_a1_uKCMB_LAT-CHLAT_f040_nside4096.fits
2023-06-02 00:43:01,650:INFO:mapsims:Replace NaN with UNSEEN
2023-06-02 00:43:02,402:INFO:mapsims:Reorder ring to nest
2023-06-02 00:43:19,004:INFO:mapsims:Writing output map

real	0m51.624s
user	3m59.718s
sys	1m30.834s
