
WARNING: version mismatch between CFITSIO header (v3.47) and linked library (v4.02).


WARNING: version mismatch between CFITSIO header (v3.47) and linked library (v4.02).


WARNING: version mismatch between CFITSIO header (v3.47) and linked library (v4.02).

2023-06-02 00:08:56,366:INFO:mapsims:Parsing configuration from common.toml, dust_d9.toml
2023-06-02 00:08:56,376:INFO:mapsims:Nside: 512, Modeling Nside: 2048, Ellmax: 1280
2023-06-02 00:08:56,378:INFO:mapsims:Initializing the PySM Sky object
2023-06-02 00:08:56,379:INFO:pysm3:Access data from /mnt/sdceph/users/azonca/pysm-data/dust_gnilc/gnilc_dust_template_nside2048.fits
2023-06-02 00:08:58,339:INFO:mapsims:Processing channel Channel SAT_f085
2023-06-02 00:08:58,339:INFO:mapsims:Bandpass integration for Channel SAT_f085
2023-06-02 00:09:12,543:INFO:mapsims:Smoothing and coord-transform for Channel SAT_f085
2023-06-02 00:09:12,544:INFO:pysm3:Using map2alm with pixel weights
2023-06-02 00:09:14,045:INFO:pysm3:Smoothing with fwhm of 24.6 arcmin
2023-06-02 00:09:14,104:INFO:pysm3:Rotate Alm
2023-06-02 00:09:16,398:INFO:pysm3:Alm to map HEALPix
2023-06-02 00:09:16,578:INFO:mapsims:Writing output map cmbs4_dust_d9_uKCMB_SAT-SAT_f085_nside512.fits
2023-06-02 00:09:16,579:INFO:mapsims:Replace NaN with UNSEEN
2023-06-02 00:09:16,588:INFO:mapsims:Reorder ring to nest
2023-06-02 00:09:16,783:INFO:mapsims:Writing output map

real	0m22.437s
user	2m29.106s
sys	0m10.775s
