
WARNING: version mismatch between CFITSIO header (v3.47) and linked library (v4.02).


WARNING: version mismatch between CFITSIO header (v3.47) and linked library (v4.02).


WARNING: version mismatch between CFITSIO header (v3.47) and linked library (v4.02).

2023-06-02 00:37:06,793:INFO:mapsims:Parsing configuration from common.toml, co_co3.toml
2023-06-02 00:37:06,821:INFO:mapsims:Nside: 4096, Modeling Nside: 2048, Ellmax: 5120
2023-06-02 00:37:06,822:INFO:mapsims:Initializing the PySM Sky object
2023-06-02 00:37:06,823:INFO:pysm3:Access data from /mnt/sdceph/users/azonca/pysm-data/co/HFI_CompMap_CO-Type1_2048_R2.00_ring.fits
2023-06-02 00:37:06,824:INFO:pysm3:Access data from /mnt/sdceph/users/azonca/pysm-data/co/HFI_CompMap_CO-Type1_2048_R2.00_ring.fits
2023-06-02 00:37:24,637:INFO:pysm3:Access data from /mnt/sdceph/users/azonca/pysm-data/co/psimap_dust90_2048.fits
2023-06-02 00:37:24,638:INFO:pysm3:Access data from /mnt/sdceph/users/azonca/pysm-data/co/psimap_dust90_2048.fits
2023-06-02 00:37:36,628:WARNING:pysm3:No physical unit associated with file /mnt/sdceph/users/azonca/pysm-data/co/psimap_dust90_2048.fits
2023-06-02 00:37:36,629:INFO:pysm3:Access data from /mnt/sdceph/users/azonca/pysm-data/co/gmap_dust90_2048.fits
2023-06-02 00:37:36,630:INFO:pysm3:Access data from /mnt/sdceph/users/azonca/pysm-data/co/gmap_dust90_2048.fits
2023-06-02 00:37:42,599:WARNING:pysm3:No physical unit associated with file /mnt/sdceph/users/azonca/pysm-data/co/gmap_dust90_2048.fits
2023-06-02 00:37:42,600:INFO:pysm3:Access data from /mnt/sdceph/users/azonca/pysm-data/co/mcmoleCO_HGL_2048.fits
2023-06-02 00:37:42,601:INFO:pysm3:Access data from /mnt/sdceph/users/azonca/pysm-data/co/mcmoleCO_HGL_2048.fits
2023-06-02 00:37:58,176:INFO:mapsims:Processing channel Channel SPLAT_f150
2023-06-02 00:37:58,176:INFO:mapsims:Bandpass integration for Channel SPLAT_f150
2023-06-02 00:37:59,339:INFO:mapsims:Smoothing and coord-transform for Channel SPLAT_f150
/mnt/home/azonca/mambaforge-pypy3/envs/so/lib/python3.10/site-packages/healpy/sphtfunc.py:414: RuntimeWarning: invalid value encountered in double_scalars
  return realalm2alm(res[0]), res[3] / norm(maps.reshape((-1,))), res[2]
2023-06-02 00:38:09,216:INFO:pysm3:Used map2alm_lsq, converged in 0 iterations,residual relative error nan
2023-06-02 00:38:09,216:INFO:pysm3:Smoothing with fwhm of 1.5 arcmin
2023-06-02 00:38:10,153:INFO:pysm3:Rotate Alm
2023-06-02 00:39:29,386:INFO:pysm3:Alm to map HEALPix
2023-06-02 00:39:40,383:INFO:mapsims:Writing output map cmbs4_co_co3_uKCMB_LAT-SPLAT_f150_nside4096.fits
2023-06-02 00:39:40,384:INFO:mapsims:Replace NaN with UNSEEN
2023-06-02 00:39:41,134:INFO:mapsims:Reorder ring to nest
2023-06-02 00:39:57,554:INFO:mapsims:Writing output map

real	3m3.243s
user	65m56.754s
sys	0m48.194s
