
WARNING: version mismatch between CFITSIO header (v3.47) and linked library (v4.02).


WARNING: version mismatch between CFITSIO header (v3.47) and linked library (v4.02).


WARNING: version mismatch between CFITSIO header (v3.47) and linked library (v4.02).

2023-06-28 16:30:17,133:INFO:mapsims:Parsing configuration from common.toml, dust_d9.toml
2023-06-28 16:30:17,147:INFO:mapsims:Nside: 4096, Modeling Nside: 8192, Ellmax: 10240
2023-06-28 16:30:17,151:INFO:mapsims:Initializing the PySM Sky object
2023-06-28 16:30:17,152:INFO:pysm3:Access data from /mnt/sdceph/users/azonca/pysm-data/dust_gnilc/gnilc_dust_template_nside8192.fits
2023-06-28 16:30:35,342:INFO:mapsims:Processing channel Channel SPLAT_f020
2023-06-28 16:30:35,342:INFO:mapsims:Bandpass integration for Channel SPLAT_f020
2023-06-28 16:33:30,245:INFO:mapsims:Smoothing and coord-transform for Channel SPLAT_f020
2023-06-28 16:33:30,247:INFO:pysm3:Using map2alm with pixel weights
2023-06-28 16:34:02,192:INFO:pysm3:Smoothing with fwhm of 11.2 arcmin
2023-06-28 16:34:05,632:INFO:pysm3:Rotate Alm
2023-06-28 16:48:00,108:INFO:pysm3:Alm to map HEALPix
2023-06-28 16:48:15,030:INFO:mapsims:Writing output map cmbs4_dust_d9_uKCMB_SPLAT_f020_nside4096.fits
2023-06-28 16:48:15,030:INFO:mapsims:Replace NaN with UNSEEN
2023-06-28 16:48:15,604:INFO:mapsims:Reorder ring to nest
2023-06-28 16:48:31,106:INFO:mapsims:Writing output map

real	18m24.565s
user	434m19.882s
sys	2m6.736s
