
WARNING: version mismatch between CFITSIO header (v3.47) and linked library (v4.02).


WARNING: version mismatch between CFITSIO header (v3.47) and linked library (v4.02).


WARNING: version mismatch between CFITSIO header (v3.47) and linked library (v4.02).

2023-06-02 00:09:47,657:INFO:mapsims:Parsing configuration from common.toml, freefree_f1.toml
2023-06-02 00:09:47,666:INFO:mapsims:Nside: 4096, Modeling Nside: 512, Ellmax: 1280
2023-06-02 00:09:47,668:INFO:mapsims:Initializing the PySM Sky object
2023-06-02 00:09:47,669:INFO:pysm3:Access data from /mnt/sdceph/users/azonca/pysm-data/pysm_2/ff_t_new.fits
2023-06-02 00:09:47,713:INFO:mapsims:Processing channel Channel SPLAT_f030
2023-06-02 00:09:47,714:INFO:mapsims:Bandpass integration for Channel SPLAT_f030
2023-06-02 00:09:49,433:INFO:mapsims:Smoothing and coord-transform for Channel SPLAT_f030
2023-06-02 00:09:54,265:INFO:pysm3:Used map2alm_lsq, converged in 8 iterations,residual relative error 0.11
2023-06-02 00:09:54,266:INFO:pysm3:Smoothing with fwhm of 9.1 arcmin
2023-06-02 00:09:54,323:INFO:pysm3:Rotate Alm
2023-06-02 00:09:56,895:INFO:pysm3:Alm to map HEALPix
2023-06-02 00:10:06,490:INFO:mapsims:Writing output map cmbs4_freefree_f1_uKCMB_LAT-SPLAT_f030_nside4096.fits
2023-06-02 00:10:06,490:INFO:mapsims:Replace NaN with UNSEEN
2023-06-02 00:10:07,193:INFO:mapsims:Reorder ring to nest
2023-06-02 00:10:22,755:INFO:mapsims:Writing output map

real	0m46.566s
user	3m55.976s
sys	1m23.881s
