
WARNING: version mismatch between CFITSIO header (v3.47) and linked library (v4.02).


WARNING: version mismatch between CFITSIO header (v3.47) and linked library (v4.02).


WARNING: version mismatch between CFITSIO header (v3.47) and linked library (v4.02).

2023-06-01 23:50:48,523:INFO:mapsims:Parsing configuration from common.toml, cmb_c4.toml
2023-06-01 23:50:48,533:INFO:mapsims:Nside: 4096, Modeling Nside: 4096, Ellmax: 10240
2023-06-01 23:50:48,535:INFO:mapsims:Initializing the PySM Sky object
2023-06-01 23:50:48,537:INFO:pysm3:Access data from /mnt/sdceph/users/azonca/pysm-data/websky/0.4/cmb/map_I_lensed_alm_seed1_nside4096.fits
2023-06-01 23:50:48,538:INFO:pysm3:Access data from /mnt/sdceph/users/azonca/pysm-data/websky/0.4/cmb/map_Q_lensed_alm_seed1_nside4096.fits
2023-06-01 23:50:48,539:INFO:pysm3:Access data from /mnt/sdceph/users/azonca/pysm-data/websky/0.4/cmb/map_U_lensed_alm_seed1_nside4096.fits
2023-06-01 23:50:48,540:INFO:pysm3:Access data from /mnt/sdceph/users/azonca/pysm-data/websky/0.4/cmb/map_I_lensed_alm_seed1_nside4096.fits
2023-06-01 23:50:50,409:INFO:pysm3:Access data from /mnt/sdceph/users/azonca/pysm-data/websky/0.4/cmb/map_Q_lensed_alm_seed1_nside4096.fits
2023-06-01 23:50:52,069:INFO:pysm3:Access data from /mnt/sdceph/users/azonca/pysm-data/websky/0.4/cmb/map_U_lensed_alm_seed1_nside4096.fits
2023-06-01 23:50:54,730:INFO:mapsims:Processing channel Channel SPLAT_f090
2023-06-01 23:50:54,730:INFO:mapsims:Bandpass integration for Channel SPLAT_f090
2023-06-01 23:50:57,412:INFO:mapsims:Smoothing and coord-transform for Channel SPLAT_f090
2023-06-01 23:53:13,514:INFO:pysm3:Used map2alm_lsq, converged in 2 iterations,residual relative error 4.8e-08
2023-06-01 23:53:13,516:INFO:pysm3:Smoothing with fwhm of 2.5 arcmin
2023-06-01 23:53:16,955:INFO:pysm3:Rotate Alm
2023-06-02 00:07:24,332:INFO:pysm3:Alm to map HEALPix
2023-06-02 00:07:40,404:INFO:mapsims:Writing output map cmbs4_cmb_c4_uKCMB_LAT-SPLAT_f090_nside4096.fits
2023-06-02 00:07:40,404:INFO:mapsims:Replace NaN with UNSEEN
2023-06-02 00:07:41,241:INFO:mapsims:Reorder ring to nest
2023-06-02 00:07:57,289:INFO:mapsims:Writing output map

real	17m19.174s
user	548m49.065s
sys	2m13.290s
