
WARNING: version mismatch between CFITSIO header (v3.47) and linked library (v4.02).


WARNING: version mismatch between CFITSIO header (v3.47) and linked library (v4.02).


WARNING: version mismatch between CFITSIO header (v3.47) and linked library (v4.02).

2023-06-02 00:35:49,169:INFO:mapsims:Parsing configuration from common.toml, ame_a2.toml
2023-06-02 00:35:49,203:INFO:mapsims:Nside: 4096, Modeling Nside: 512, Ellmax: 1280
2023-06-02 00:35:49,205:INFO:mapsims:Initializing the PySM Sky object
2023-06-02 00:35:49,206:INFO:pysm3:Access data from /mnt/sdceph/users/azonca/pysm-data/pysm_2/ame_t_new.fits
2023-06-02 00:35:49,247:INFO:pysm3:Access data from /mnt/sdceph/users/azonca/pysm-data/pysm_2/ame_nu_peak_0.fits
2023-06-02 00:35:49,491:INFO:pysm3:Access data from /mnt/sdceph/users/azonca/pysm-data/pysm_2/emissivity.txt
2023-06-02 00:35:49,499:INFO:pysm3:Access data from /mnt/sdceph/users/azonca/pysm-data/pysm_2/dust_u_new.fits
2023-06-02 00:35:49,540:WARNING:pysm3:No physical unit associated with file /mnt/sdceph/users/azonca/pysm-data/pysm_2/dust_u_new.fits
2023-06-02 00:35:49,541:INFO:pysm3:Access data from /mnt/sdceph/users/azonca/pysm-data/pysm_2/dust_q_new.fits
2023-06-02 00:35:49,579:WARNING:pysm3:No physical unit associated with file /mnt/sdceph/users/azonca/pysm-data/pysm_2/dust_q_new.fits
2023-06-02 00:35:49,641:INFO:pysm3:Access data from /mnt/sdceph/users/azonca/pysm-data/pysm_2/ame2_t_new.fits
2023-06-02 00:35:49,683:INFO:pysm3:Access data from /mnt/sdceph/users/azonca/pysm-data/pysm_2/emissivity.txt
2023-06-02 00:35:49,685:INFO:pysm3:Access data from /mnt/sdceph/users/azonca/pysm-data/pysm_2/dust_u_new.fits
2023-06-02 00:35:49,715:WARNING:pysm3:No physical unit associated with file /mnt/sdceph/users/azonca/pysm-data/pysm_2/dust_u_new.fits
2023-06-02 00:35:49,715:INFO:pysm3:Access data from /mnt/sdceph/users/azonca/pysm-data/pysm_2/dust_q_new.fits
2023-06-02 00:35:49,743:WARNING:pysm3:No physical unit associated with file /mnt/sdceph/users/azonca/pysm-data/pysm_2/dust_q_new.fits
2023-06-02 00:35:49,804:INFO:mapsims:Processing channel Channel CHLAT_f090
2023-06-02 00:35:49,805:INFO:mapsims:Bandpass integration for Channel CHLAT_f090
2023-06-02 00:35:58,153:INFO:mapsims:Smoothing and coord-transform for Channel CHLAT_f090
2023-06-02 00:36:02,259:INFO:pysm3:Used map2alm_lsq, converged in 7 iterations,residual relative error 0.15
2023-06-02 00:36:02,259:INFO:pysm3:Smoothing with fwhm of 2.1 arcmin
2023-06-02 00:36:02,305:INFO:pysm3:Rotate Alm
2023-06-02 00:36:04,297:INFO:pysm3:Alm to map HEALPix
2023-06-02 00:36:15,017:INFO:mapsims:Writing output map cmbs4_ame_a2_uKCMB_LAT-CHLAT_f090_nside4096.fits
2023-06-02 00:36:15,018:INFO:mapsims:Replace NaN with UNSEEN
2023-06-02 00:36:15,751:INFO:mapsims:Reorder ring to nest
2023-06-02 00:36:32,861:INFO:mapsims:Writing output map

real	0m54.150s
user	4m0.203s
sys	1m4.480s
