
WARNING: version mismatch between CFITSIO header (v3.47) and linked library (v4.02).


WARNING: version mismatch between CFITSIO header (v3.47) and linked library (v4.02).


WARNING: version mismatch between CFITSIO header (v3.47) and linked library (v4.02).

2023-06-02 00:36:37,259:INFO:mapsims:Parsing configuration from common.toml, ame_a2.toml
2023-06-02 00:36:37,284:INFO:mapsims:Nside: 512, Modeling Nside: 512, Ellmax: 1280
2023-06-02 00:36:37,285:INFO:mapsims:Initializing the PySM Sky object
2023-06-02 00:36:37,286:INFO:pysm3:Access data from /mnt/sdceph/users/azonca/pysm-data/pysm_2/ame_t_new.fits
2023-06-02 00:36:37,326:INFO:pysm3:Access data from /mnt/sdceph/users/azonca/pysm-data/pysm_2/ame_nu_peak_0.fits
2023-06-02 00:36:37,371:INFO:pysm3:Access data from /mnt/sdceph/users/azonca/pysm-data/pysm_2/emissivity.txt
2023-06-02 00:36:37,374:INFO:pysm3:Access data from /mnt/sdceph/users/azonca/pysm-data/pysm_2/dust_u_new.fits
2023-06-02 00:36:37,411:WARNING:pysm3:No physical unit associated with file /mnt/sdceph/users/azonca/pysm-data/pysm_2/dust_u_new.fits
2023-06-02 00:36:37,412:INFO:pysm3:Access data from /mnt/sdceph/users/azonca/pysm-data/pysm_2/dust_q_new.fits
2023-06-02 00:36:37,451:WARNING:pysm3:No physical unit associated with file /mnt/sdceph/users/azonca/pysm-data/pysm_2/dust_q_new.fits
2023-06-02 00:36:37,515:INFO:pysm3:Access data from /mnt/sdceph/users/azonca/pysm-data/pysm_2/ame2_t_new.fits
2023-06-02 00:36:37,552:INFO:pysm3:Access data from /mnt/sdceph/users/azonca/pysm-data/pysm_2/emissivity.txt
2023-06-02 00:36:37,555:INFO:pysm3:Access data from /mnt/sdceph/users/azonca/pysm-data/pysm_2/dust_u_new.fits
2023-06-02 00:36:37,583:WARNING:pysm3:No physical unit associated with file /mnt/sdceph/users/azonca/pysm-data/pysm_2/dust_u_new.fits
2023-06-02 00:36:37,584:INFO:pysm3:Access data from /mnt/sdceph/users/azonca/pysm-data/pysm_2/dust_q_new.fits
2023-06-02 00:36:37,613:WARNING:pysm3:No physical unit associated with file /mnt/sdceph/users/azonca/pysm-data/pysm_2/dust_q_new.fits
2023-06-02 00:36:37,676:INFO:mapsims:Processing channel Channel SAT_f085
2023-06-02 00:36:37,676:INFO:mapsims:Bandpass integration for Channel SAT_f085
2023-06-02 00:36:45,986:INFO:mapsims:Smoothing and coord-transform for Channel SAT_f085
2023-06-02 00:36:50,245:INFO:pysm3:Used map2alm_lsq, converged in 7 iterations,residual relative error 0.14
2023-06-02 00:36:50,246:INFO:pysm3:Smoothing with fwhm of 24.6 arcmin
2023-06-02 00:36:50,297:INFO:pysm3:Rotate Alm
2023-06-02 00:36:52,966:INFO:pysm3:Alm to map HEALPix
2023-06-02 00:36:53,118:INFO:mapsims:Writing output map cmbs4_ame_a2_uKCMB_SAT-SAT_f085_nside512.fits
2023-06-02 00:36:53,119:INFO:mapsims:Replace NaN with UNSEEN
2023-06-02 00:36:53,127:INFO:mapsims:Reorder ring to nest
2023-06-02 00:36:53,323:INFO:mapsims:Writing output map

real	0m18.064s
user	3m19.877s
sys	1m10.955s
