
WARNING: version mismatch between CFITSIO header (v3.47) and linked library (v4.02).


WARNING: version mismatch between CFITSIO header (v3.47) and linked library (v4.02).


WARNING: version mismatch between CFITSIO header (v3.47) and linked library (v4.02).

2023-06-02 00:40:35,985:INFO:mapsims:Parsing configuration from common.toml, synchrotron_s5.toml
2023-06-02 00:40:36,008:INFO:mapsims:Nside: 4096, Modeling Nside: 8192, Ellmax: 10240
2023-06-02 00:40:36,010:INFO:mapsims:Initializing the PySM Sky object
2023-06-02 00:40:36,011:INFO:pysm3:Access data from /mnt/sdceph/users/azonca/pysm-data/synch/synch_template_nside8192_2023.02.25.fits
2023-06-02 00:40:56,781:INFO:pysm3:Access data from /mnt/sdceph/users/azonca/pysm-data/synch/synch_beta_nside8192.fits
2023-06-02 00:41:02,339:INFO:mapsims:Processing channel Channel SPLAT_f090
2023-06-02 00:41:02,339:INFO:mapsims:Bandpass integration for Channel SPLAT_f090
2023-06-02 00:43:00,320:INFO:mapsims:Smoothing and coord-transform for Channel SPLAT_f090
2023-06-02 00:43:00,321:INFO:pysm3:Using map2alm with pixel weights
2023-06-02 00:43:34,783:INFO:pysm3:Smoothing with fwhm of 2.5 arcmin
2023-06-02 00:43:38,100:INFO:pysm3:Rotate Alm
2023-06-02 00:57:36,039:INFO:pysm3:Alm to map HEALPix
2023-06-02 00:57:52,056:INFO:mapsims:Writing output map cmbs4_synchrotron_s5_uKCMB_LAT-SPLAT_f090_nside4096.fits
2023-06-02 00:57:52,056:INFO:mapsims:Replace NaN with UNSEEN
2023-06-02 00:57:52,969:INFO:mapsims:Reorder ring to nest
2023-06-02 00:58:08,596:INFO:mapsims:Writing output map

real	17m44.278s
user	501m53.589s
sys	2m44.947s
