
WARNING: version mismatch between CFITSIO header (v3.47) and linked library (v4.02).


WARNING: version mismatch between CFITSIO header (v3.47) and linked library (v4.02).


WARNING: version mismatch between CFITSIO header (v3.47) and linked library (v4.02).

2023-06-01 23:50:25,434:INFO:mapsims:Parsing configuration from common.toml, co_co1.toml
2023-06-01 23:50:25,444:INFO:mapsims:Nside: 512, Modeling Nside: 2048, Ellmax: 1280
2023-06-01 23:50:25,447:INFO:mapsims:Initializing the PySM Sky object
2023-06-01 23:50:25,451:INFO:pysm3:Access data from /mnt/sdceph/users/azonca/pysm-data/co/HFI_CompMap_CO-Type1_2048_R2.00_ring.fits
2023-06-01 23:50:25,451:INFO:pysm3:Access data from /mnt/sdceph/users/azonca/pysm-data/co/HFI_CompMap_CO-Type1_2048_R2.00_ring.fits
2023-06-01 23:50:43,304:INFO:mapsims:Processing channel Channel SAT_f280
2023-06-01 23:50:43,306:INFO:mapsims:Bandpass integration for Channel SAT_f280
2023-06-01 23:50:44,602:INFO:mapsims:Smoothing and coord-transform for Channel SAT_f280
2023-06-01 23:50:44,607:INFO:pysm3:Using map2alm with pixel weights
2023-06-01 23:50:46,277:INFO:pysm3:Smoothing with fwhm of 7.7 arcmin
2023-06-01 23:50:46,332:INFO:pysm3:Rotate Alm
2023-06-01 23:50:48,754:INFO:pysm3:Alm to map HEALPix
2023-06-01 23:50:48,930:INFO:mapsims:Writing output map cmbs4_co_co1_uKCMB_SAT-SAT_f280_nside512.fits
2023-06-01 23:50:48,930:INFO:mapsims:Replace NaN with UNSEEN
2023-06-01 23:50:48,939:INFO:mapsims:Reorder ring to nest
2023-06-01 23:50:49,129:INFO:mapsims:Writing output map

real	0m26.974s
user	2m33.959s
sys	0m9.566s
