
WARNING: version mismatch between CFITSIO header (v3.47) and linked library (v4.02).


WARNING: version mismatch between CFITSIO header (v3.47) and linked library (v4.02).


WARNING: version mismatch between CFITSIO header (v3.47) and linked library (v4.02).

2023-06-28 16:30:39,165:INFO:mapsims:Parsing configuration from common.toml, dust_d9.toml
2023-06-28 16:30:39,176:INFO:mapsims:Nside: 512, Modeling Nside: 2048, Ellmax: 1280
2023-06-28 16:30:39,177:INFO:mapsims:Initializing the PySM Sky object
2023-06-28 16:30:39,177:INFO:pysm3:Access data from /mnt/sdceph/users/azonca/pysm-data/dust_gnilc/gnilc_dust_template_nside2048.fits
2023-06-28 16:31:13,773:INFO:mapsims:Processing channel Channel SAT_f095
2023-06-28 16:31:13,773:INFO:mapsims:Bandpass integration for Channel SAT_f095
2023-06-28 16:31:27,762:INFO:mapsims:Smoothing and coord-transform for Channel SAT_f095
2023-06-28 16:31:27,766:INFO:pysm3:Using map2alm with pixel weights
2023-06-28 16:31:29,298:INFO:pysm3:Smoothing with fwhm of 22.4 arcmin
2023-06-28 16:31:29,353:INFO:pysm3:Rotate Alm
2023-06-28 16:31:31,671:INFO:pysm3:Alm to map HEALPix
2023-06-28 16:31:31,849:INFO:mapsims:Writing output map cmbs4_dust_d9_uKCMB_SAT_f095_nside512.fits
2023-06-28 16:31:31,850:INFO:mapsims:Replace NaN with UNSEEN
2023-06-28 16:31:31,857:INFO:mapsims:Reorder ring to nest
2023-06-28 16:31:32,066:INFO:mapsims:Writing output map

real	0m55.152s
user	2m34.783s
sys	0m10.568s
