
WARNING: version mismatch between CFITSIO header (v3.47) and linked library (v4.02).


WARNING: version mismatch between CFITSIO header (v3.47) and linked library (v4.02).


WARNING: version mismatch between CFITSIO header (v3.47) and linked library (v4.02).

2023-06-02 00:09:49,320:INFO:mapsims:Parsing configuration from common.toml, freefree_f1.toml
2023-06-02 00:09:49,329:INFO:mapsims:Nside: 4096, Modeling Nside: 512, Ellmax: 1280
2023-06-02 00:09:49,332:INFO:mapsims:Initializing the PySM Sky object
2023-06-02 00:09:49,333:INFO:pysm3:Access data from /mnt/sdceph/users/azonca/pysm-data/pysm_2/ff_t_new.fits
2023-06-02 00:09:49,361:INFO:mapsims:Processing channel Channel SPLAT_f020
2023-06-02 00:09:49,361:INFO:mapsims:Bandpass integration for Channel SPLAT_f020
2023-06-02 00:09:50,999:INFO:mapsims:Smoothing and coord-transform for Channel SPLAT_f020
2023-06-02 00:09:55,179:INFO:pysm3:Used map2alm_lsq, converged in 8 iterations,residual relative error 0.11
2023-06-02 00:09:55,179:INFO:pysm3:Smoothing with fwhm of 11.2 arcmin
2023-06-02 00:09:55,213:INFO:pysm3:Rotate Alm
2023-06-02 00:09:56,412:INFO:pysm3:Alm to map HEALPix
2023-06-02 00:10:03,667:INFO:mapsims:Writing output map cmbs4_freefree_f1_uKCMB_LAT-SPLAT_f020_nside4096.fits
2023-06-02 00:10:03,667:INFO:mapsims:Replace NaN with UNSEEN
2023-06-02 00:10:04,187:INFO:mapsims:Reorder ring to nest
2023-06-02 00:10:16,250:INFO:mapsims:Writing output map

real	0m36.173s
user	2m51.286s
sys	1m33.241s
