
WARNING: version mismatch between CFITSIO header (v3.47) and linked library (v4.02).


WARNING: version mismatch between CFITSIO header (v3.47) and linked library (v4.02).


WARNING: version mismatch between CFITSIO header (v3.47) and linked library (v4.02).

2023-06-02 00:08:56,376:INFO:mapsims:Parsing configuration from common.toml, dust_d9.toml
2023-06-02 00:08:56,385:INFO:mapsims:Nside: 512, Modeling Nside: 2048, Ellmax: 1280
2023-06-02 00:08:56,387:INFO:mapsims:Initializing the PySM Sky object
2023-06-02 00:08:56,388:INFO:pysm3:Access data from /mnt/sdceph/users/azonca/pysm-data/dust_gnilc/gnilc_dust_template_nside2048.fits
2023-06-02 00:08:58,299:INFO:mapsims:Processing channel Channel SAT_f030
2023-06-02 00:08:58,299:INFO:mapsims:Bandpass integration for Channel SAT_f030
2023-06-02 00:09:12,028:INFO:mapsims:Smoothing and coord-transform for Channel SAT_f030
2023-06-02 00:09:12,029:INFO:pysm3:Using map2alm with pixel weights
2023-06-02 00:09:13,601:INFO:pysm3:Smoothing with fwhm of 85.2 arcmin
2023-06-02 00:09:13,656:INFO:pysm3:Rotate Alm
2023-06-02 00:09:16,109:INFO:pysm3:Alm to map HEALPix
2023-06-02 00:09:16,286:INFO:mapsims:Writing output map cmbs4_dust_d9_uKCMB_SAT-SAT_f030_nside512.fits
2023-06-02 00:09:16,286:INFO:mapsims:Replace NaN with UNSEEN
2023-06-02 00:09:16,295:INFO:mapsims:Reorder ring to nest
2023-06-02 00:09:16,501:INFO:mapsims:Writing output map

real	0m22.175s
user	2m39.787s
sys	0m10.120s
