
WARNING: version mismatch between CFITSIO header (v3.47) and linked library (v4.02).


WARNING: version mismatch between CFITSIO header (v3.47) and linked library (v4.02).


WARNING: version mismatch between CFITSIO header (v3.47) and linked library (v4.02).

2023-06-02 00:09:24,813:INFO:mapsims:Parsing configuration from common.toml, freefree_f1.toml
2023-06-02 00:09:24,825:INFO:mapsims:Nside: 4096, Modeling Nside: 512, Ellmax: 1280
2023-06-02 00:09:24,828:INFO:mapsims:Initializing the PySM Sky object
2023-06-02 00:09:24,830:INFO:pysm3:Access data from /mnt/sdceph/users/azonca/pysm-data/pysm_2/ff_t_new.fits
2023-06-02 00:09:24,996:INFO:mapsims:Processing channel Channel CHLAT_f090
2023-06-02 00:09:24,996:INFO:mapsims:Bandpass integration for Channel CHLAT_f090
2023-06-02 00:09:26,675:INFO:mapsims:Smoothing and coord-transform for Channel CHLAT_f090
2023-06-02 00:09:33,609:INFO:pysm3:Used map2alm_lsq, converged in 8 iterations,residual relative error 0.11
2023-06-02 00:09:33,610:INFO:pysm3:Smoothing with fwhm of 2.1 arcmin
2023-06-02 00:09:33,664:INFO:pysm3:Rotate Alm
2023-06-02 00:09:36,053:INFO:pysm3:Alm to map HEALPix
2023-06-02 00:09:46,902:INFO:mapsims:Writing output map cmbs4_freefree_f1_uKCMB_LAT-CHLAT_f090_nside4096.fits
2023-06-02 00:09:46,903:INFO:mapsims:Replace NaN with UNSEEN
2023-06-02 00:09:47,734:INFO:mapsims:Reorder ring to nest
2023-06-02 00:10:03,814:INFO:mapsims:Writing output map

real	0m48.725s
user	5m41.970s
sys	1m17.464s
