
WARNING: version mismatch between CFITSIO header (v3.47) and linked library (v4.02).


WARNING: version mismatch between CFITSIO header (v3.47) and linked library (v4.02).


WARNING: version mismatch between CFITSIO header (v3.47) and linked library (v4.02).

2023-06-02 00:43:23,372:INFO:mapsims:Parsing configuration from common.toml, ame_a1.toml
2023-06-02 00:43:23,392:INFO:mapsims:Nside: 4096, Modeling Nside: 512, Ellmax: 1280
2023-06-02 00:43:23,393:INFO:mapsims:Initializing the PySM Sky object
2023-06-02 00:43:23,394:INFO:pysm3:Access data from /mnt/sdceph/users/azonca/pysm-data/pysm_2/ame_t_new.fits
2023-06-02 00:43:23,425:INFO:pysm3:Access data from /mnt/sdceph/users/azonca/pysm-data/pysm_2/ame_nu_peak_0.fits
2023-06-02 00:43:23,456:INFO:pysm3:Access data from /mnt/sdceph/users/azonca/pysm-data/pysm_2/emissivity.txt
2023-06-02 00:43:23,460:INFO:pysm3:Access data from /mnt/sdceph/users/azonca/pysm-data/pysm_2/ame2_t_new.fits
2023-06-02 00:43:23,489:INFO:pysm3:Access data from /mnt/sdceph/users/azonca/pysm-data/pysm_2/emissivity.txt
2023-06-02 00:43:23,492:INFO:mapsims:Processing channel Channel CHLAT_f150
2023-06-02 00:43:23,492:INFO:mapsims:Bandpass integration for Channel CHLAT_f150
2023-06-02 00:43:30,317:INFO:mapsims:Smoothing and coord-transform for Channel CHLAT_f150
2023-06-02 00:43:34,439:INFO:pysm3:Used map2alm_lsq, converged in 7 iterations,residual relative error 0.19
2023-06-02 00:43:34,439:INFO:pysm3:Smoothing with fwhm of 1.3 arcmin
2023-06-02 00:43:34,485:INFO:pysm3:Rotate Alm
2023-06-02 00:43:36,753:INFO:pysm3:Alm to map HEALPix
2023-06-02 00:43:47,852:INFO:mapsims:Writing output map cmbs4_ame_a1_uKCMB_LAT-CHLAT_f150_nside4096.fits
2023-06-02 00:43:47,852:INFO:mapsims:Replace NaN with UNSEEN
2023-06-02 00:43:49,004:INFO:mapsims:Reorder ring to nest
2023-06-02 00:44:05,344:INFO:mapsims:Writing output map

real	0m53.331s
user	4m11.259s
sys	1m12.745s
