
WARNING: version mismatch between CFITSIO header (v3.47) and linked library (v4.02).


WARNING: version mismatch between CFITSIO header (v3.47) and linked library (v4.02).


WARNING: version mismatch between CFITSIO header (v3.47) and linked library (v4.02).

2023-06-02 00:08:17,282:INFO:mapsims:Parsing configuration from common.toml, dust_d10.toml
2023-06-02 00:08:17,292:INFO:mapsims:Nside: 4096, Modeling Nside: 8192, Ellmax: 10240
2023-06-02 00:08:17,293:INFO:mapsims:Initializing the PySM Sky object
2023-06-02 00:08:17,294:INFO:pysm3:Access data from /mnt/sdceph/users/azonca/pysm-data/dust_gnilc/gnilc_dust_template_nside8192.fits
2023-06-02 00:08:39,309:INFO:pysm3:Access data from /mnt/sdceph/users/azonca/pysm-data/dust_gnilc/gnilc_dust_beta_nside8192.fits
2023-06-02 00:08:47,637:INFO:pysm3:Access data from /mnt/sdceph/users/azonca/pysm-data/dust_gnilc/gnilc_dust_Td_nside8192.fits
2023-06-02 00:08:55,099:INFO:mapsims:Processing channel Channel SPLAT_f280
2023-06-02 00:08:55,099:INFO:mapsims:Bandpass integration for Channel SPLAT_f280
2023-06-02 00:20:52,617:INFO:mapsims:Smoothing and coord-transform for Channel SPLAT_f280
2023-06-02 00:20:52,618:INFO:pysm3:Using map2alm with pixel weights
2023-06-02 00:21:24,728:INFO:pysm3:Smoothing with fwhm of 1.0 arcmin
2023-06-02 00:21:28,348:INFO:pysm3:Rotate Alm
2023-06-02 00:35:13,735:INFO:pysm3:Alm to map HEALPix
2023-06-02 00:35:28,154:INFO:mapsims:Writing output map cmbs4_dust_d10_uKCMB_LAT-SPLAT_f280_nside4096.fits
2023-06-02 00:35:28,154:INFO:mapsims:Replace NaN with UNSEEN
2023-06-02 00:35:28,698:INFO:mapsims:Reorder ring to nest
2023-06-02 00:35:44,690:INFO:mapsims:Writing output map

real	27m37.883s
user	449m29.662s
sys	5m8.826s
