
WARNING: version mismatch between CFITSIO header (v3.47) and linked library (v4.02).


WARNING: version mismatch between CFITSIO header (v3.47) and linked library (v4.02).


WARNING: version mismatch between CFITSIO header (v3.47) and linked library (v4.02).

2023-06-02 00:43:27,158:INFO:mapsims:Parsing configuration from common.toml, ame_a1.toml
2023-06-02 00:43:27,193:INFO:mapsims:Nside: 4096, Modeling Nside: 512, Ellmax: 1280
2023-06-02 00:43:27,194:INFO:mapsims:Initializing the PySM Sky object
2023-06-02 00:43:27,195:INFO:pysm3:Access data from /mnt/sdceph/users/azonca/pysm-data/pysm_2/ame_t_new.fits
2023-06-02 00:43:27,233:INFO:pysm3:Access data from /mnt/sdceph/users/azonca/pysm-data/pysm_2/ame_nu_peak_0.fits
2023-06-02 00:43:27,382:INFO:pysm3:Access data from /mnt/sdceph/users/azonca/pysm-data/pysm_2/emissivity.txt
2023-06-02 00:43:27,389:INFO:pysm3:Access data from /mnt/sdceph/users/azonca/pysm-data/pysm_2/ame2_t_new.fits
2023-06-02 00:43:27,423:INFO:pysm3:Access data from /mnt/sdceph/users/azonca/pysm-data/pysm_2/emissivity.txt
2023-06-02 00:43:27,425:INFO:mapsims:Processing channel Channel CHLAT_f220
2023-06-02 00:43:27,425:INFO:mapsims:Bandpass integration for Channel CHLAT_f220
2023-06-02 00:43:34,134:INFO:mapsims:Smoothing and coord-transform for Channel CHLAT_f220
2023-06-02 00:43:38,414:INFO:pysm3:Used map2alm_lsq, converged in 7 iterations,residual relative error 0.19
2023-06-02 00:43:38,415:INFO:pysm3:Smoothing with fwhm of 0.95 arcmin
2023-06-02 00:43:38,472:INFO:pysm3:Rotate Alm
2023-06-02 00:43:41,011:INFO:pysm3:Alm to map HEALPix
2023-06-02 00:43:50,619:INFO:mapsims:Writing output map cmbs4_ame_a1_uKCMB_LAT-CHLAT_f220_nside4096.fits
2023-06-02 00:43:50,620:INFO:mapsims:Replace NaN with UNSEEN
2023-06-02 00:43:51,252:INFO:mapsims:Reorder ring to nest
2023-06-02 00:44:07,165:INFO:mapsims:Writing output map

real	0m49.319s
user	3m49.557s
sys	1m19.065s
