
WARNING: version mismatch between CFITSIO header (v3.47) and linked library (v4.02).


WARNING: version mismatch between CFITSIO header (v3.47) and linked library (v4.02).


WARNING: version mismatch between CFITSIO header (v3.47) and linked library (v4.02).

2023-06-02 00:08:47,392:INFO:mapsims:Parsing configuration from common.toml, dust_d9.toml
2023-06-02 00:08:47,402:INFO:mapsims:Nside: 4096, Modeling Nside: 8192, Ellmax: 10240
2023-06-02 00:08:47,403:INFO:mapsims:Initializing the PySM Sky object
2023-06-02 00:08:47,405:INFO:pysm3:Access data from /mnt/sdceph/users/azonca/pysm-data/dust_gnilc/gnilc_dust_template_nside8192.fits
2023-06-02 00:09:09,578:INFO:mapsims:Processing channel Channel SPLAT_f090
2023-06-02 00:09:09,578:INFO:mapsims:Bandpass integration for Channel SPLAT_f090
2023-06-02 00:12:19,603:INFO:mapsims:Smoothing and coord-transform for Channel SPLAT_f090
2023-06-02 00:12:19,607:INFO:pysm3:Using map2alm with pixel weights
2023-06-02 00:12:52,785:INFO:pysm3:Smoothing with fwhm of 2.5 arcmin
2023-06-02 00:12:56,484:INFO:pysm3:Rotate Alm
2023-06-02 00:26:21,118:INFO:pysm3:Alm to map HEALPix
2023-06-02 00:26:35,873:INFO:mapsims:Writing output map cmbs4_dust_d9_uKCMB_LAT-SPLAT_f090_nside4096.fits
2023-06-02 00:26:35,873:INFO:mapsims:Replace NaN with UNSEEN
2023-06-02 00:26:36,588:INFO:mapsims:Reorder ring to nest
2023-06-02 00:26:52,754:INFO:mapsims:Writing output map

real	18m16.073s
user	405m45.622s
sys	2m4.941s
