
WARNING: version mismatch between CFITSIO header (v3.47) and linked library (v4.02).


WARNING: version mismatch between CFITSIO header (v3.47) and linked library (v4.02).


WARNING: version mismatch between CFITSIO header (v3.47) and linked library (v4.02).

2023-06-01 23:49:54,088:INFO:mapsims:Parsing configuration from common.toml, synchrotron_s4.toml
2023-06-01 23:49:54,100:INFO:mapsims:Nside: 4096, Modeling Nside: 8192, Ellmax: 10240
2023-06-01 23:49:54,105:INFO:mapsims:Initializing the PySM Sky object
2023-06-01 23:49:54,107:INFO:pysm3:Access data from /mnt/sdceph/users/azonca/pysm-data/synch/synch_template_nside8192_2023.02.25.fits
2023-06-01 23:50:35,084:INFO:mapsims:Processing channel Channel CHLAT_f150
2023-06-01 23:50:35,085:INFO:mapsims:Bandpass integration for Channel CHLAT_f150
2023-06-01 23:52:18,183:INFO:mapsims:Smoothing and coord-transform for Channel CHLAT_f150
2023-06-01 23:52:18,189:INFO:pysm3:Using map2alm with pixel weights
2023-06-01 23:52:52,102:INFO:pysm3:Smoothing with fwhm of 1.3 arcmin
2023-06-01 23:52:55,452:INFO:pysm3:Rotate Alm
2023-06-02 00:06:09,007:INFO:pysm3:Alm to map HEALPix
2023-06-02 00:06:24,799:INFO:mapsims:Writing output map cmbs4_synchrotron_s4_uKCMB_LAT-CHLAT_f150_nside4096.fits
2023-06-02 00:06:24,799:INFO:mapsims:Replace NaN with UNSEEN
2023-06-02 00:06:25,531:INFO:mapsims:Reorder ring to nest
2023-06-02 00:06:41,221:INFO:mapsims:Writing output map

real	16m58.020s
user	460m8.667s
sys	2m58.323s
