
WARNING: version mismatch between CFITSIO header (v3.47) and linked library (v4.02).


WARNING: version mismatch between CFITSIO header (v3.47) and linked library (v4.02).


WARNING: version mismatch between CFITSIO header (v3.47) and linked library (v4.02).

2023-06-01 23:52:21,145:INFO:mapsims:Parsing configuration from common.toml, cmb_c4.toml
2023-06-01 23:52:21,156:INFO:mapsims:Nside: 512, Modeling Nside: 4096, Ellmax: 1280
2023-06-01 23:52:21,158:INFO:mapsims:Initializing the PySM Sky object
2023-06-01 23:52:21,159:INFO:pysm3:Access data from /mnt/sdceph/users/azonca/pysm-data/websky/0.4/cmb/map_I_lensed_alm_seed1_nside4096.fits
2023-06-01 23:52:21,160:INFO:pysm3:Access data from /mnt/sdceph/users/azonca/pysm-data/websky/0.4/cmb/map_Q_lensed_alm_seed1_nside4096.fits
2023-06-01 23:52:21,161:INFO:pysm3:Access data from /mnt/sdceph/users/azonca/pysm-data/websky/0.4/cmb/map_U_lensed_alm_seed1_nside4096.fits
2023-06-01 23:52:21,161:INFO:pysm3:Access data from /mnt/sdceph/users/azonca/pysm-data/websky/0.4/cmb/map_I_lensed_alm_seed1_nside4096.fits
2023-06-01 23:52:22,797:INFO:pysm3:Access data from /mnt/sdceph/users/azonca/pysm-data/websky/0.4/cmb/map_Q_lensed_alm_seed1_nside4096.fits
2023-06-01 23:52:24,561:INFO:pysm3:Access data from /mnt/sdceph/users/azonca/pysm-data/websky/0.4/cmb/map_U_lensed_alm_seed1_nside4096.fits
2023-06-01 23:52:27,596:INFO:mapsims:Processing channel Channel SAT_f030
2023-06-01 23:52:27,596:INFO:mapsims:Bandpass integration for Channel SAT_f030
2023-06-01 23:52:30,397:INFO:mapsims:Smoothing and coord-transform for Channel SAT_f030
2023-06-01 23:52:30,400:INFO:pysm3:Using map2alm with pixel weights
2023-06-01 23:52:35,409:INFO:pysm3:Smoothing with fwhm of 85.2 arcmin
2023-06-01 23:52:35,464:INFO:pysm3:Rotate Alm
2023-06-01 23:52:37,776:INFO:pysm3:Alm to map HEALPix
2023-06-01 23:52:37,957:INFO:mapsims:Writing output map cmbs4_cmb_c4_uKCMB_SAT-SAT_f030_nside512.fits
2023-06-01 23:52:37,957:INFO:mapsims:Replace NaN with UNSEEN
2023-06-01 23:52:37,966:INFO:mapsims:Reorder ring to nest
2023-06-01 23:52:38,160:INFO:mapsims:Writing output map

real	0m20.621s
user	2m24.355s
sys	0m11.160s
