
WARNING: version mismatch between CFITSIO header (v3.47) and linked library (v4.02).


WARNING: version mismatch between CFITSIO header (v3.47) and linked library (v4.02).


WARNING: version mismatch between CFITSIO header (v3.47) and linked library (v4.02).

2023-06-28 16:30:42,003:INFO:mapsims:Parsing configuration from common.toml, dust_d10.toml
2023-06-28 16:30:42,013:INFO:mapsims:Nside: 512, Modeling Nside: 2048, Ellmax: 1280
2023-06-28 16:30:42,015:INFO:mapsims:Initializing the PySM Sky object
2023-06-28 16:30:42,016:INFO:pysm3:Access data from /mnt/sdceph/users/azonca/pysm-data/dust_gnilc/gnilc_dust_template_nside2048.fits
2023-06-28 16:30:57,143:INFO:pysm3:Retrieve data for dust_gnilc/gnilc_dust_beta_nside2048_2023.06.06.fits (if not cached already)
2023-06-28 16:30:57,523:INFO:pysm3:Retrieve data for dust_gnilc/gnilc_dust_Td_nside2048_2023.06.06.fits (if not cached already)
2023-06-28 16:30:57,868:INFO:mapsims:Processing channel Channel SAT_f145
2023-06-28 16:30:57,868:INFO:mapsims:Bandpass integration for Channel SAT_f145
2023-06-28 16:31:46,124:INFO:mapsims:Smoothing and coord-transform for Channel SAT_f145
2023-06-28 16:31:46,129:INFO:pysm3:Using map2alm with pixel weights
2023-06-28 16:31:47,689:INFO:pysm3:Smoothing with fwhm of 15.8 arcmin
2023-06-28 16:31:47,747:INFO:pysm3:Rotate Alm
2023-06-28 16:31:50,198:INFO:pysm3:Alm to map HEALPix
2023-06-28 16:31:50,382:INFO:mapsims:Writing output map cmbs4_dust_d10_uKCMB_SAT_f145_nside512.fits
2023-06-28 16:31:50,382:INFO:mapsims:Replace NaN with UNSEEN
2023-06-28 16:31:50,392:INFO:mapsims:Reorder ring to nest
2023-06-28 16:31:50,585:INFO:mapsims:Writing output map

real	1m11.942s
user	4m2.611s
sys	0m22.999s
