
WARNING: version mismatch between CFITSIO header (v3.47) and linked library (v4.02).


WARNING: version mismatch between CFITSIO header (v3.47) and linked library (v4.02).


WARNING: version mismatch between CFITSIO header (v3.47) and linked library (v4.02).

2023-06-02 00:44:17,156:INFO:mapsims:Parsing configuration from common.toml, radio_rg1.toml
2023-06-02 00:44:17,183:INFO:mapsims:Nside: 4096, Modeling Nside: 4096, Ellmax: 10240
2023-06-02 00:44:17,185:INFO:mapsims:Initializing the PySM Sky object
2023-06-02 00:44:17,366:INFO:mapsims:Processing channel Channel SPLAT_f150
2023-06-02 00:44:17,366:INFO:mapsims:Bandpass integration for Channel SPLAT_f150
2023-06-02 00:44:17,516:INFO:pysm3:Frequencies considered: [111. 129. 143. 153. 164. 189.]
2023-06-02 00:44:17,613:INFO:pysm3:Access data from /mnt/sdceph/users/azonca/pysm-data/websky/0.4/radio/radio_0111.0.fits
2023-06-02 00:44:17,613:INFO:pysm3:Reading map /mnt/sdceph/users/azonca/pysm-data/websky/0.4/radio/radio_0111.0.fits
2023-06-02 00:44:17,614:INFO:pysm3:Access data from /mnt/sdceph/users/azonca/pysm-data/websky/0.4/radio/radio_0111.0.fits
2023-06-02 00:45:56,515:INFO:pysm3:Access data from /mnt/sdceph/users/azonca/pysm-data/websky/0.4/radio/radio_0111.0.fits
2023-06-02 00:46:00,098:INFO:pysm3:Mean emission at 111.0 GHz in I: 0.8136 uK_RJ
2023-06-02 00:46:00,193:INFO:pysm3:Access data from /mnt/sdceph/users/azonca/pysm-data/websky/0.4/radio/radio_0129.0.fits
2023-06-02 00:46:00,193:INFO:pysm3:Reading map /mnt/sdceph/users/azonca/pysm-data/websky/0.4/radio/radio_0129.0.fits
2023-06-02 00:46:00,193:INFO:pysm3:Access data from /mnt/sdceph/users/azonca/pysm-data/websky/0.4/radio/radio_0129.0.fits
2023-06-02 00:46:12,071:INFO:pysm3:Access data from /mnt/sdceph/users/azonca/pysm-data/websky/0.4/radio/radio_0129.0.fits
2023-06-02 00:46:15,222:INFO:pysm3:Mean emission at 129.0 GHz in I: 0.5486 uK_RJ
2023-06-02 00:46:15,224:INFO:pysm3:Access data from /mnt/sdceph/users/azonca/pysm-data/websky/0.4/radio/radio_0143.0.fits
2023-06-02 00:46:15,224:INFO:pysm3:Reading map /mnt/sdceph/users/azonca/pysm-data/websky/0.4/radio/radio_0143.0.fits
2023-06-02 00:46:15,225:INFO:pysm3:Access data from /mnt/sdceph/users/azonca/pysm-data/websky/0.4/radio/radio_0143.0.fits
2023-06-02 00:46:22,573:INFO:pysm3:Access data from /mnt/sdceph/users/azonca/pysm-data/websky/0.4/radio/radio_0143.0.fits
2023-06-02 00:46:25,734:INFO:pysm3:Mean emission at 143.0 GHz in I: 0.4221 uK_RJ
2023-06-02 00:46:25,735:INFO:pysm3:Access data from /mnt/sdceph/users/azonca/pysm-data/websky/0.4/radio/radio_0153.0.fits
2023-06-02 00:46:25,735:INFO:pysm3:Reading map /mnt/sdceph/users/azonca/pysm-data/websky/0.4/radio/radio_0153.0.fits
2023-06-02 00:46:25,735:INFO:pysm3:Access data from /mnt/sdceph/users/azonca/pysm-data/websky/0.4/radio/radio_0153.0.fits
2023-06-02 00:47:42,340:INFO:pysm3:Access data from /mnt/sdceph/users/azonca/pysm-data/websky/0.4/radio/radio_0153.0.fits
2023-06-02 00:47:45,507:INFO:pysm3:Mean emission at 153.0 GHz in I: 0.357 uK_RJ
2023-06-02 00:47:45,508:INFO:pysm3:Access data from /mnt/sdceph/users/azonca/pysm-data/websky/0.4/radio/radio_0164.0.fits
2023-06-02 00:47:45,508:INFO:pysm3:Reading map /mnt/sdceph/users/azonca/pysm-data/websky/0.4/radio/radio_0164.0.fits
2023-06-02 00:47:45,509:INFO:pysm3:Access data from /mnt/sdceph/users/azonca/pysm-data/websky/0.4/radio/radio_0164.0.fits
2023-06-02 00:51:50,188:INFO:pysm3:Access data from /mnt/sdceph/users/azonca/pysm-data/websky/0.4/radio/radio_0164.0.fits
2023-06-02 00:51:53,333:INFO:pysm3:Mean emission at 164.0 GHz in I: 0.3017 uK_RJ
2023-06-02 00:51:53,334:INFO:pysm3:Access data from /mnt/sdceph/users/azonca/pysm-data/websky/0.4/radio/radio_0189.0.fits
2023-06-02 00:51:53,334:INFO:pysm3:Reading map /mnt/sdceph/users/azonca/pysm-data/websky/0.4/radio/radio_0189.0.fits
2023-06-02 00:51:53,335:INFO:pysm3:Access data from /mnt/sdceph/users/azonca/pysm-data/websky/0.4/radio/radio_0189.0.fits
2023-06-02 00:54:40,203:INFO:pysm3:Access data from /mnt/sdceph/users/azonca/pysm-data/websky/0.4/radio/radio_0189.0.fits
2023-06-02 00:54:43,342:INFO:pysm3:Mean emission at 189.0 GHz in I: 0.2159 uK_RJ
2023-06-02 00:55:04,638:INFO:mapsims:Smoothing and coord-transform for Channel SPLAT_f150
2023-06-02 01:00:37,922:WARNING:pysm3:hp.map2alm_lsq did not converge in 10 iterations, residual relative error is 0.69
2023-06-02 01:00:37,922:INFO:pysm3:Smoothing with fwhm of 1.5 arcmin
2023-06-02 01:00:39,948:INFO:pysm3:Rotate Alm
2023-06-02 01:08:09,663:INFO:pysm3:Alm to map HEALPix
2023-06-02 01:08:22,443:INFO:mapsims:Writing output map cmbs4_radio_rg1_uKCMB_LAT-SPLAT_f150_nside4096.fits
2023-06-02 01:08:22,443:INFO:mapsims:Replace NaN with UNSEEN
2023-06-02 01:08:22,943:INFO:mapsims:Reorder ring to nest
2023-06-02 01:08:35,155:INFO:mapsims:Writing output map

real	24m25.679s
user	393m30.745s
sys	4m58.270s
