
WARNING: version mismatch between CFITSIO header (v3.47) and linked library (v4.02).


WARNING: version mismatch between CFITSIO header (v3.47) and linked library (v4.02).


WARNING: version mismatch between CFITSIO header (v3.47) and linked library (v4.02).

2023-06-02 00:27:51,094:INFO:mapsims:Parsing configuration from common.toml, cmb_c3.toml
2023-06-02 00:27:51,108:INFO:mapsims:Nside: 512, Modeling Nside: 4096, Ellmax: 1280
2023-06-02 00:27:51,110:INFO:mapsims:Initializing the PySM Sky object
2023-06-02 00:27:51,111:INFO:pysm3:Access data from /mnt/sdceph/users/azonca/pysm-data/websky/0.4/cmb/map_I_unlensed_alm_seed1_nside4096.fits
2023-06-02 00:27:51,113:INFO:pysm3:Access data from /mnt/sdceph/users/azonca/pysm-data/websky/0.4/cmb/map_Q_unlensed_alm_seed1_nside4096.fits
2023-06-02 00:27:51,114:INFO:pysm3:Access data from /mnt/sdceph/users/azonca/pysm-data/websky/0.4/cmb/map_U_unlensed_alm_seed1_nside4096.fits
2023-06-02 00:27:51,115:INFO:pysm3:Access data from /mnt/sdceph/users/azonca/pysm-data/websky/0.4/cmb/map_I_unlensed_alm_seed1_nside4096.fits
2023-06-02 00:31:13,491:INFO:pysm3:Access data from /mnt/sdceph/users/azonca/pysm-data/websky/0.4/cmb/map_Q_unlensed_alm_seed1_nside4096.fits
2023-06-02 00:32:59,352:INFO:pysm3:Access data from /mnt/sdceph/users/azonca/pysm-data/websky/0.4/cmb/map_U_unlensed_alm_seed1_nside4096.fits
2023-06-02 00:33:21,504:INFO:mapsims:Processing channel Channel SAT_f280
2023-06-02 00:33:21,504:INFO:mapsims:Bandpass integration for Channel SAT_f280
2023-06-02 00:33:24,161:INFO:mapsims:Smoothing and coord-transform for Channel SAT_f280
2023-06-02 00:33:24,161:INFO:pysm3:Using map2alm with pixel weights
2023-06-02 00:33:29,536:INFO:pysm3:Smoothing with fwhm of 7.7 arcmin
2023-06-02 00:33:29,588:INFO:pysm3:Rotate Alm
2023-06-02 00:33:31,852:INFO:pysm3:Alm to map HEALPix
2023-06-02 00:33:32,047:INFO:mapsims:Writing output map cmbs4_cmb_c3_uKCMB_SAT-SAT_f280_nside512.fits
2023-06-02 00:33:32,047:INFO:mapsims:Replace NaN with UNSEEN
2023-06-02 00:33:32,057:INFO:mapsims:Reorder ring to nest
2023-06-02 00:33:32,299:INFO:mapsims:Writing output map

real	5m43.272s
user	2m32.002s
sys	0m9.851s
