
WARNING: version mismatch between CFITSIO header (v3.47) and linked library (v4.02).


WARNING: version mismatch between CFITSIO header (v3.47) and linked library (v4.02).


WARNING: version mismatch between CFITSIO header (v3.47) and linked library (v4.02).

2023-06-01 23:49:54,949:INFO:mapsims:Parsing configuration from common.toml, synchrotron_s7.toml
2023-06-01 23:49:54,959:INFO:mapsims:Nside: 4096, Modeling Nside: 8192, Ellmax: 10240
2023-06-01 23:49:54,961:INFO:mapsims:Initializing the PySM Sky object
2023-06-01 23:49:54,963:INFO:pysm3:Access data from /mnt/sdceph/users/azonca/pysm-data/synch/synch_template_nside8192_2023.02.25.fits
2023-06-01 23:50:39,664:INFO:pysm3:Access data from /mnt/sdceph/users/azonca/pysm-data/synch/synch_beta_nside8192.fits
2023-06-01 23:50:46,844:INFO:pysm3:Access data from /mnt/sdceph/users/azonca/pysm-data/synch/synch_curvature_nside8192.fits
2023-06-01 23:50:53,641:INFO:mapsims:Processing channel Channel CHLAT_f280
2023-06-01 23:50:53,642:INFO:mapsims:Bandpass integration for Channel CHLAT_f280
2023-06-01 23:53:06,655:INFO:mapsims:Smoothing and coord-transform for Channel CHLAT_f280
2023-06-01 23:53:06,661:INFO:pysm3:Using map2alm with pixel weights
2023-06-01 23:53:43,013:INFO:pysm3:Smoothing with fwhm of 0.83 arcmin
2023-06-01 23:53:46,333:INFO:pysm3:Rotate Alm
2023-06-02 00:07:57,251:INFO:pysm3:Alm to map HEALPix
2023-06-02 00:08:13,515:INFO:mapsims:Writing output map cmbs4_synchrotron_s7_uKCMB_LAT-CHLAT_f280_nside4096.fits
2023-06-02 00:08:13,515:INFO:mapsims:Replace NaN with UNSEEN
2023-06-02 00:08:14,459:INFO:mapsims:Reorder ring to nest
2023-06-02 00:08:30,879:INFO:mapsims:Writing output map

real	18m49.435s
user	521m8.804s
sys	3m5.544s
