
WARNING: version mismatch between CFITSIO header (v3.47) and linked library (v4.02).


WARNING: version mismatch between CFITSIO header (v3.47) and linked library (v4.02).


WARNING: version mismatch between CFITSIO header (v3.47) and linked library (v4.02).

2023-06-01 23:49:54,464:INFO:mapsims:Parsing configuration from common.toml, synchrotron_s4.toml
2023-06-01 23:49:54,475:INFO:mapsims:Nside: 4096, Modeling Nside: 8192, Ellmax: 10240
2023-06-01 23:49:54,477:INFO:mapsims:Initializing the PySM Sky object
2023-06-01 23:49:54,479:INFO:pysm3:Access data from /mnt/sdceph/users/azonca/pysm-data/synch/synch_template_nside8192_2023.02.25.fits
2023-06-01 23:50:38,566:INFO:mapsims:Processing channel Channel CHLAT_f090
2023-06-01 23:50:38,568:INFO:mapsims:Bandpass integration for Channel CHLAT_f090
2023-06-01 23:52:21,367:INFO:mapsims:Smoothing and coord-transform for Channel CHLAT_f090
2023-06-01 23:52:21,373:INFO:pysm3:Using map2alm with pixel weights
2023-06-01 23:52:55,393:INFO:pysm3:Smoothing with fwhm of 2.1 arcmin
2023-06-01 23:52:58,706:INFO:pysm3:Rotate Alm
2023-06-02 00:07:12,611:INFO:pysm3:Alm to map HEALPix
2023-06-02 00:07:28,476:INFO:mapsims:Writing output map cmbs4_synchrotron_s4_uKCMB_LAT-CHLAT_f090_nside4096.fits
2023-06-02 00:07:28,476:INFO:mapsims:Replace NaN with UNSEEN
2023-06-02 00:07:29,241:INFO:mapsims:Reorder ring to nest
2023-06-02 00:07:45,073:INFO:mapsims:Writing output map

real	18m3.824s
user	526m14.584s
sys	3m0.746s
