
WARNING: version mismatch between CFITSIO header (v3.47) and linked library (v4.02).


WARNING: version mismatch between CFITSIO header (v3.47) and linked library (v4.02).


WARNING: version mismatch between CFITSIO header (v3.47) and linked library (v4.02).

2023-06-02 00:25:38,721:INFO:mapsims:Parsing configuration from common.toml, tsz_tsz1.toml
2023-06-02 00:25:38,730:INFO:mapsims:Nside: 512, Modeling Nside: 8192, Ellmax: 1280
2023-06-02 00:25:38,732:INFO:mapsims:Initializing the PySM Sky object
2023-06-02 00:25:38,733:INFO:pysm3:Access data from /mnt/sdceph/users/azonca/pysm-data/websky/0.4/tsz_8192_hp.fits
2023-06-02 00:25:38,734:INFO:pysm3:Access data from /mnt/sdceph/users/azonca/pysm-data/websky/0.4/tsz_8192_hp.fits
2023-06-02 00:25:44,232:INFO:mapsims:Processing channel Channel SAT_f280
2023-06-02 00:25:44,232:INFO:mapsims:Bandpass integration for Channel SAT_f280
2023-06-02 00:26:19,728:INFO:mapsims:Smoothing and coord-transform for Channel SAT_f280
2023-06-02 00:26:19,729:INFO:pysm3:Using map2alm with pixel weights
2023-06-02 00:26:41,652:INFO:pysm3:Smoothing with fwhm of 7.7 arcmin
2023-06-02 00:26:41,705:INFO:pysm3:Rotate Alm
2023-06-02 00:26:44,190:INFO:pysm3:Alm to map HEALPix
2023-06-02 00:26:44,394:INFO:mapsims:Writing output map cmbs4_tsz_tsz1_uKCMB_SAT-SAT_f280_nside512.fits
2023-06-02 00:26:44,394:INFO:mapsims:Replace NaN with UNSEEN
2023-06-02 00:26:44,405:INFO:mapsims:Reorder ring to nest
2023-06-02 00:26:44,623:INFO:mapsims:Writing output map

real	1m8.088s
user	4m33.133s
sys	0m42.245s
