
WARNING: version mismatch between CFITSIO header (v3.47) and linked library (v4.02).


WARNING: version mismatch between CFITSIO header (v3.47) and linked library (v4.02).


WARNING: version mismatch between CFITSIO header (v3.47) and linked library (v4.02).

2023-06-01 23:52:25,673:INFO:mapsims:Parsing configuration from common.toml, cmb_c4.toml
2023-06-01 23:52:25,682:INFO:mapsims:Nside: 512, Modeling Nside: 4096, Ellmax: 1280
2023-06-01 23:52:25,684:INFO:mapsims:Initializing the PySM Sky object
2023-06-01 23:52:25,686:INFO:pysm3:Access data from /mnt/sdceph/users/azonca/pysm-data/websky/0.4/cmb/map_I_lensed_alm_seed1_nside4096.fits
2023-06-01 23:52:25,687:INFO:pysm3:Access data from /mnt/sdceph/users/azonca/pysm-data/websky/0.4/cmb/map_Q_lensed_alm_seed1_nside4096.fits
2023-06-01 23:52:25,689:INFO:pysm3:Access data from /mnt/sdceph/users/azonca/pysm-data/websky/0.4/cmb/map_U_lensed_alm_seed1_nside4096.fits
2023-06-01 23:52:25,690:INFO:pysm3:Access data from /mnt/sdceph/users/azonca/pysm-data/websky/0.4/cmb/map_I_lensed_alm_seed1_nside4096.fits
2023-06-01 23:52:27,172:INFO:pysm3:Access data from /mnt/sdceph/users/azonca/pysm-data/websky/0.4/cmb/map_Q_lensed_alm_seed1_nside4096.fits
2023-06-01 23:52:28,671:INFO:pysm3:Access data from /mnt/sdceph/users/azonca/pysm-data/websky/0.4/cmb/map_U_lensed_alm_seed1_nside4096.fits
2023-06-01 23:52:31,071:INFO:mapsims:Processing channel Channel SAT_f085
2023-06-01 23:52:31,071:INFO:mapsims:Bandpass integration for Channel SAT_f085
2023-06-01 23:52:33,658:INFO:mapsims:Smoothing and coord-transform for Channel SAT_f085
2023-06-01 23:52:33,659:INFO:pysm3:Using map2alm with pixel weights
2023-06-01 23:52:38,639:INFO:pysm3:Smoothing with fwhm of 24.6 arcmin
2023-06-01 23:52:38,693:INFO:pysm3:Rotate Alm
2023-06-01 23:52:42,391:INFO:pysm3:Alm to map HEALPix
2023-06-01 23:52:42,568:INFO:mapsims:Writing output map cmbs4_cmb_c4_uKCMB_SAT-SAT_f085_nside512.fits
2023-06-01 23:52:42,568:INFO:mapsims:Replace NaN with UNSEEN
2023-06-01 23:52:42,577:INFO:mapsims:Reorder ring to nest
2023-06-01 23:52:42,771:INFO:mapsims:Writing output map

real	0m19.008s
user	3m28.122s
sys	0m10.766s
