
WARNING: version mismatch between CFITSIO header (v3.47) and linked library (v4.02).


WARNING: version mismatch between CFITSIO header (v3.47) and linked library (v4.02).


WARNING: version mismatch between CFITSIO header (v3.47) and linked library (v4.02).

2023-06-02 00:35:59,001:INFO:mapsims:Parsing configuration from common.toml, ame_a2.toml
2023-06-02 00:35:59,026:INFO:mapsims:Nside: 4096, Modeling Nside: 512, Ellmax: 1280
2023-06-02 00:35:59,028:INFO:mapsims:Initializing the PySM Sky object
2023-06-02 00:35:59,031:INFO:pysm3:Access data from /mnt/sdceph/users/azonca/pysm-data/pysm_2/ame_t_new.fits
2023-06-02 00:35:59,076:INFO:pysm3:Access data from /mnt/sdceph/users/azonca/pysm-data/pysm_2/ame_nu_peak_0.fits
2023-06-02 00:36:01,257:INFO:pysm3:Access data from /mnt/sdceph/users/azonca/pysm-data/pysm_2/emissivity.txt
2023-06-02 00:36:01,263:INFO:pysm3:Access data from /mnt/sdceph/users/azonca/pysm-data/pysm_2/dust_u_new.fits
2023-06-02 00:36:01,310:WARNING:pysm3:No physical unit associated with file /mnt/sdceph/users/azonca/pysm-data/pysm_2/dust_u_new.fits
2023-06-02 00:36:01,311:INFO:pysm3:Access data from /mnt/sdceph/users/azonca/pysm-data/pysm_2/dust_q_new.fits
2023-06-02 00:36:01,355:WARNING:pysm3:No physical unit associated with file /mnt/sdceph/users/azonca/pysm-data/pysm_2/dust_q_new.fits
2023-06-02 00:36:01,417:INFO:pysm3:Access data from /mnt/sdceph/users/azonca/pysm-data/pysm_2/ame2_t_new.fits
2023-06-02 00:36:01,460:INFO:pysm3:Access data from /mnt/sdceph/users/azonca/pysm-data/pysm_2/emissivity.txt
2023-06-02 00:36:01,464:INFO:pysm3:Access data from /mnt/sdceph/users/azonca/pysm-data/pysm_2/dust_u_new.fits
2023-06-02 00:36:01,495:WARNING:pysm3:No physical unit associated with file /mnt/sdceph/users/azonca/pysm-data/pysm_2/dust_u_new.fits
2023-06-02 00:36:01,496:INFO:pysm3:Access data from /mnt/sdceph/users/azonca/pysm-data/pysm_2/dust_q_new.fits
2023-06-02 00:36:01,527:WARNING:pysm3:No physical unit associated with file /mnt/sdceph/users/azonca/pysm-data/pysm_2/dust_q_new.fits
2023-06-02 00:36:01,589:INFO:mapsims:Processing channel Channel CHLAT_f150
2023-06-02 00:36:01,589:INFO:mapsims:Bandpass integration for Channel CHLAT_f150
2023-06-02 00:36:09,961:INFO:mapsims:Smoothing and coord-transform for Channel CHLAT_f150
2023-06-02 00:36:14,399:INFO:pysm3:Used map2alm_lsq, converged in 7 iterations,residual relative error 0.19
2023-06-02 00:36:14,400:INFO:pysm3:Smoothing with fwhm of 1.3 arcmin
2023-06-02 00:36:14,448:INFO:pysm3:Rotate Alm
2023-06-02 00:36:16,824:INFO:pysm3:Alm to map HEALPix
2023-06-02 00:36:28,056:INFO:mapsims:Writing output map cmbs4_ame_a2_uKCMB_LAT-CHLAT_f150_nside4096.fits
2023-06-02 00:36:28,056:INFO:mapsims:Replace NaN with UNSEEN
2023-06-02 00:36:29,200:INFO:mapsims:Reorder ring to nest
2023-06-02 00:36:46,712:INFO:mapsims:Writing output map

real	0m59.716s
user	4m22.627s
sys	1m11.494s
