
WARNING: version mismatch between CFITSIO header (v3.47) and linked library (v4.02).


WARNING: version mismatch between CFITSIO header (v3.47) and linked library (v4.02).


WARNING: version mismatch between CFITSIO header (v3.47) and linked library (v4.02).

2023-06-02 00:42:05,545:INFO:mapsims:Parsing configuration from common.toml, synchrotron_s5.toml
2023-06-02 00:42:05,579:INFO:mapsims:Nside: 512, Modeling Nside: 2048, Ellmax: 1280
2023-06-02 00:42:05,581:INFO:mapsims:Initializing the PySM Sky object
2023-06-02 00:42:05,582:INFO:pysm3:Access data from /mnt/sdceph/users/azonca/pysm-data/synch/synch_template_nside2048_2023.02.25.fits
2023-06-02 00:43:53,487:INFO:pysm3:Access data from /mnt/sdceph/users/azonca/pysm-data/synch/synch_beta_nside2048.fits
2023-06-02 00:43:56,479:INFO:mapsims:Processing channel Channel SAT_f085
2023-06-02 00:43:56,479:INFO:mapsims:Bandpass integration for Channel SAT_f085
2023-06-02 00:44:05,708:INFO:mapsims:Smoothing and coord-transform for Channel SAT_f085
2023-06-02 00:44:05,709:INFO:pysm3:Using map2alm with pixel weights
2023-06-02 00:44:07,248:INFO:pysm3:Smoothing with fwhm of 24.6 arcmin
2023-06-02 00:44:07,304:INFO:pysm3:Rotate Alm
2023-06-02 00:44:09,719:INFO:pysm3:Alm to map HEALPix
2023-06-02 00:44:09,901:INFO:mapsims:Writing output map cmbs4_synchrotron_s5_uKCMB_SAT-SAT_f085_nside512.fits
2023-06-02 00:44:09,901:INFO:mapsims:Replace NaN with UNSEEN
2023-06-02 00:44:09,909:INFO:mapsims:Reorder ring to nest
2023-06-02 00:44:10,166:INFO:mapsims:Writing output map

real	2m6.563s
user	3m14.780s
sys	0m14.904s
