
WARNING: version mismatch between CFITSIO header (v3.47) and linked library (v4.02).


WARNING: version mismatch between CFITSIO header (v3.47) and linked library (v4.02).


WARNING: version mismatch between CFITSIO header (v3.47) and linked library (v4.02).

2023-06-01 23:50:25,435:INFO:mapsims:Parsing configuration from common.toml, cmb_c4.toml
2023-06-01 23:50:25,446:INFO:mapsims:Nside: 4096, Modeling Nside: 4096, Ellmax: 10240
2023-06-01 23:50:25,455:INFO:mapsims:Initializing the PySM Sky object
2023-06-01 23:50:25,457:INFO:pysm3:Access data from /mnt/sdceph/users/azonca/pysm-data/websky/0.4/cmb/map_I_lensed_alm_seed1_nside4096.fits
2023-06-01 23:50:25,458:INFO:pysm3:Access data from /mnt/sdceph/users/azonca/pysm-data/websky/0.4/cmb/map_Q_lensed_alm_seed1_nside4096.fits
2023-06-01 23:50:25,459:INFO:pysm3:Access data from /mnt/sdceph/users/azonca/pysm-data/websky/0.4/cmb/map_U_lensed_alm_seed1_nside4096.fits
2023-06-01 23:50:25,459:INFO:pysm3:Access data from /mnt/sdceph/users/azonca/pysm-data/websky/0.4/cmb/map_I_lensed_alm_seed1_nside4096.fits
2023-06-01 23:50:31,205:INFO:pysm3:Access data from /mnt/sdceph/users/azonca/pysm-data/websky/0.4/cmb/map_Q_lensed_alm_seed1_nside4096.fits
2023-06-01 23:50:36,403:INFO:pysm3:Access data from /mnt/sdceph/users/azonca/pysm-data/websky/0.4/cmb/map_U_lensed_alm_seed1_nside4096.fits
2023-06-01 23:50:42,793:INFO:mapsims:Processing channel Channel SPLAT_f020
2023-06-01 23:50:42,793:INFO:mapsims:Bandpass integration for Channel SPLAT_f020
2023-06-01 23:50:45,445:INFO:mapsims:Smoothing and coord-transform for Channel SPLAT_f020
2023-06-01 23:52:54,258:INFO:pysm3:Used map2alm_lsq, converged in 2 iterations,residual relative error 4.8e-08
2023-06-01 23:52:54,260:INFO:pysm3:Smoothing with fwhm of 11.2 arcmin
2023-06-01 23:52:57,843:INFO:pysm3:Rotate Alm
2023-06-02 00:06:57,700:INFO:pysm3:Alm to map HEALPix
2023-06-02 00:07:12,201:INFO:mapsims:Writing output map cmbs4_cmb_c4_uKCMB_LAT-SPLAT_f020_nside4096.fits
2023-06-02 00:07:12,201:INFO:mapsims:Replace NaN with UNSEEN
2023-06-02 00:07:12,897:INFO:mapsims:Reorder ring to nest
2023-06-02 00:07:28,281:INFO:mapsims:Writing output map

real	17m14.873s
user	450m14.963s
sys	2m14.482s
