
WARNING: version mismatch between CFITSIO header (v3.47) and linked library (v4.02).


WARNING: version mismatch between CFITSIO header (v3.47) and linked library (v4.02).


WARNING: version mismatch between CFITSIO header (v3.47) and linked library (v4.02).

2023-06-02 00:10:17,230:INFO:mapsims:Parsing configuration from common.toml, freefree_f1.toml
2023-06-02 00:10:17,240:INFO:mapsims:Nside: 4096, Modeling Nside: 512, Ellmax: 1280
2023-06-02 00:10:17,243:INFO:mapsims:Initializing the PySM Sky object
2023-06-02 00:10:17,245:INFO:pysm3:Access data from /mnt/sdceph/users/azonca/pysm-data/pysm_2/ff_t_new.fits
2023-06-02 00:10:17,284:INFO:mapsims:Processing channel Channel SPLAT_f280
2023-06-02 00:10:17,284:INFO:mapsims:Bandpass integration for Channel SPLAT_f280
2023-06-02 00:10:18,950:INFO:mapsims:Smoothing and coord-transform for Channel SPLAT_f280
2023-06-02 00:10:23,804:INFO:pysm3:Used map2alm_lsq, converged in 8 iterations,residual relative error 0.11
2023-06-02 00:10:23,805:INFO:pysm3:Smoothing with fwhm of 1.0 arcmin
2023-06-02 00:10:23,860:INFO:pysm3:Rotate Alm
2023-06-02 00:10:26,220:INFO:pysm3:Alm to map HEALPix
2023-06-02 00:10:37,272:INFO:mapsims:Writing output map cmbs4_freefree_f1_uKCMB_LAT-SPLAT_f280_nside4096.fits
2023-06-02 00:10:37,273:INFO:mapsims:Replace NaN with UNSEEN
2023-06-02 00:10:38,148:INFO:mapsims:Reorder ring to nest
2023-06-02 00:10:54,386:INFO:mapsims:Writing output map

real	0m47.310s
user	4m17.068s
sys	1m18.833s
