
WARNING: version mismatch between CFITSIO header (v3.47) and linked library (v4.02).


WARNING: version mismatch between CFITSIO header (v3.47) and linked library (v4.02).


WARNING: version mismatch between CFITSIO header (v3.47) and linked library (v4.02).

2023-06-02 00:08:10,191:INFO:mapsims:Parsing configuration from common.toml, dust_d9.toml
2023-06-02 00:08:10,202:INFO:mapsims:Nside: 4096, Modeling Nside: 8192, Ellmax: 10240
2023-06-02 00:08:10,205:INFO:mapsims:Initializing the PySM Sky object
2023-06-02 00:08:10,206:INFO:pysm3:Access data from /mnt/sdceph/users/azonca/pysm-data/dust_gnilc/gnilc_dust_template_nside8192.fits
2023-06-02 00:08:33,044:INFO:mapsims:Processing channel Channel CHLAT_f030
2023-06-02 00:08:33,045:INFO:mapsims:Bandpass integration for Channel CHLAT_f030
2023-06-02 00:11:41,636:INFO:mapsims:Smoothing and coord-transform for Channel CHLAT_f030
2023-06-02 00:11:41,637:INFO:pysm3:Using map2alm with pixel weights
2023-06-02 00:12:15,617:INFO:pysm3:Smoothing with fwhm of 7.8 arcmin
2023-06-02 00:12:18,974:INFO:pysm3:Rotate Alm
2023-06-02 00:25:37,304:INFO:pysm3:Alm to map HEALPix
2023-06-02 00:25:53,231:INFO:mapsims:Writing output map cmbs4_dust_d9_uKCMB_LAT-CHLAT_f030_nside4096.fits
2023-06-02 00:25:53,232:INFO:mapsims:Replace NaN with UNSEEN
2023-06-02 00:25:54,008:INFO:mapsims:Reorder ring to nest
2023-06-02 00:26:09,992:INFO:mapsims:Writing output map

real	18m44.716s
user	464m15.188s
sys	2m10.856s
