
WARNING: version mismatch between CFITSIO header (v3.47) and linked library (v4.02).


WARNING: version mismatch between CFITSIO header (v3.47) and linked library (v4.02).


WARNING: version mismatch between CFITSIO header (v3.47) and linked library (v4.02).

2023-06-02 00:13:19,263:INFO:mapsims:Parsing configuration from common.toml, tsz_tsz1.toml
2023-06-02 00:13:19,275:INFO:mapsims:Nside: 4096, Modeling Nside: 8192, Ellmax: 10240
2023-06-02 00:13:19,277:INFO:mapsims:Initializing the PySM Sky object
2023-06-02 00:13:19,278:INFO:pysm3:Access data from /mnt/sdceph/users/azonca/pysm-data/websky/0.4/tsz_8192_hp.fits
2023-06-02 00:13:19,279:INFO:pysm3:Access data from /mnt/sdceph/users/azonca/pysm-data/websky/0.4/tsz_8192_hp.fits
2023-06-02 00:13:25,267:INFO:mapsims:Processing channel Channel SPLAT_f220
2023-06-02 00:13:25,267:INFO:mapsims:Bandpass integration for Channel SPLAT_f220
2023-06-02 00:14:00,034:INFO:mapsims:Smoothing and coord-transform for Channel SPLAT_f220
2023-06-02 00:14:00,035:INFO:pysm3:Using map2alm with pixel weights
2023-06-02 00:14:33,159:INFO:pysm3:Smoothing with fwhm of 1.1 arcmin
2023-06-02 00:14:36,760:INFO:pysm3:Rotate Alm
2023-06-02 00:25:05,739:INFO:pysm3:Alm to map HEALPix
2023-06-02 00:25:20,475:INFO:mapsims:Writing output map cmbs4_tsz_tsz1_uKCMB_LAT-SPLAT_f220_nside4096.fits
2023-06-02 00:25:20,475:INFO:mapsims:Replace NaN with UNSEEN
2023-06-02 00:25:21,166:INFO:mapsims:Reorder ring to nest
2023-06-02 00:25:37,201:INFO:mapsims:Writing output map

real	12m28.279s
user	414m11.962s
sys	1m13.055s
