
WARNING: version mismatch between CFITSIO header (v3.47) and linked library (v4.02).


WARNING: version mismatch between CFITSIO header (v3.47) and linked library (v4.02).


WARNING: version mismatch between CFITSIO header (v3.47) and linked library (v4.02).

2023-06-01 23:52:27,626:INFO:mapsims:Parsing configuration from common.toml, cmb_c4.toml
2023-06-01 23:52:27,636:INFO:mapsims:Nside: 512, Modeling Nside: 4096, Ellmax: 1280
2023-06-01 23:52:27,639:INFO:mapsims:Initializing the PySM Sky object
2023-06-01 23:52:27,640:INFO:pysm3:Access data from /mnt/sdceph/users/azonca/pysm-data/websky/0.4/cmb/map_I_lensed_alm_seed1_nside4096.fits
2023-06-01 23:52:27,641:INFO:pysm3:Access data from /mnt/sdceph/users/azonca/pysm-data/websky/0.4/cmb/map_Q_lensed_alm_seed1_nside4096.fits
2023-06-01 23:52:27,642:INFO:pysm3:Access data from /mnt/sdceph/users/azonca/pysm-data/websky/0.4/cmb/map_U_lensed_alm_seed1_nside4096.fits
2023-06-01 23:52:27,642:INFO:pysm3:Access data from /mnt/sdceph/users/azonca/pysm-data/websky/0.4/cmb/map_I_lensed_alm_seed1_nside4096.fits
2023-06-01 23:52:29,135:INFO:pysm3:Access data from /mnt/sdceph/users/azonca/pysm-data/websky/0.4/cmb/map_Q_lensed_alm_seed1_nside4096.fits
2023-06-01 23:52:30,611:INFO:pysm3:Access data from /mnt/sdceph/users/azonca/pysm-data/websky/0.4/cmb/map_U_lensed_alm_seed1_nside4096.fits
2023-06-01 23:52:33,093:INFO:mapsims:Processing channel Channel SAT_f145
2023-06-01 23:52:33,094:INFO:mapsims:Bandpass integration for Channel SAT_f145
2023-06-01 23:52:35,740:INFO:mapsims:Smoothing and coord-transform for Channel SAT_f145
2023-06-01 23:52:35,743:INFO:pysm3:Using map2alm with pixel weights
2023-06-01 23:52:40,707:INFO:pysm3:Smoothing with fwhm of 15.8 arcmin
2023-06-01 23:52:40,761:INFO:pysm3:Rotate Alm
2023-06-01 23:52:43,015:INFO:pysm3:Alm to map HEALPix
2023-06-01 23:52:43,195:INFO:mapsims:Writing output map cmbs4_cmb_c4_uKCMB_SAT-SAT_f145_nside512.fits
2023-06-01 23:52:43,195:INFO:mapsims:Replace NaN with UNSEEN
2023-06-01 23:52:43,203:INFO:mapsims:Reorder ring to nest
2023-06-01 23:52:43,409:INFO:mapsims:Writing output map

real	0m19.624s
user	2m26.803s
sys	0m10.480s
