
WARNING: version mismatch between CFITSIO header (v3.47) and linked library (v4.02).


WARNING: version mismatch between CFITSIO header (v3.47) and linked library (v4.02).


WARNING: version mismatch between CFITSIO header (v3.47) and linked library (v4.02).

2023-06-01 23:52:27,843:INFO:mapsims:Parsing configuration from common.toml, cmb_c4.toml
2023-06-01 23:52:27,854:INFO:mapsims:Nside: 512, Modeling Nside: 4096, Ellmax: 1280
2023-06-01 23:52:27,856:INFO:mapsims:Initializing the PySM Sky object
2023-06-01 23:52:27,858:INFO:pysm3:Access data from /mnt/sdceph/users/azonca/pysm-data/websky/0.4/cmb/map_I_lensed_alm_seed1_nside4096.fits
2023-06-01 23:52:27,859:INFO:pysm3:Access data from /mnt/sdceph/users/azonca/pysm-data/websky/0.4/cmb/map_Q_lensed_alm_seed1_nside4096.fits
2023-06-01 23:52:27,860:INFO:pysm3:Access data from /mnt/sdceph/users/azonca/pysm-data/websky/0.4/cmb/map_U_lensed_alm_seed1_nside4096.fits
2023-06-01 23:52:27,861:INFO:pysm3:Access data from /mnt/sdceph/users/azonca/pysm-data/websky/0.4/cmb/map_I_lensed_alm_seed1_nside4096.fits
2023-06-01 23:52:29,486:INFO:pysm3:Access data from /mnt/sdceph/users/azonca/pysm-data/websky/0.4/cmb/map_Q_lensed_alm_seed1_nside4096.fits
2023-06-01 23:52:31,008:INFO:pysm3:Access data from /mnt/sdceph/users/azonca/pysm-data/websky/0.4/cmb/map_U_lensed_alm_seed1_nside4096.fits
2023-06-01 23:52:33,382:INFO:mapsims:Processing channel Channel SAT_f155
2023-06-01 23:52:33,382:INFO:mapsims:Bandpass integration for Channel SAT_f155
2023-06-01 23:52:36,105:INFO:mapsims:Smoothing and coord-transform for Channel SAT_f155
2023-06-01 23:52:36,108:INFO:pysm3:Using map2alm with pixel weights
2023-06-01 23:52:41,063:INFO:pysm3:Smoothing with fwhm of 14.3 arcmin
2023-06-01 23:52:41,118:INFO:pysm3:Rotate Alm
2023-06-01 23:52:43,522:INFO:pysm3:Alm to map HEALPix
2023-06-01 23:52:43,696:INFO:mapsims:Writing output map cmbs4_cmb_c4_uKCMB_SAT-SAT_f155_nside512.fits
2023-06-01 23:52:43,696:INFO:mapsims:Replace NaN with UNSEEN
2023-06-01 23:52:43,704:INFO:mapsims:Reorder ring to nest
2023-06-01 23:52:43,924:INFO:mapsims:Writing output map

real	0m20.022s
user	2m28.091s
sys	0m10.106s
