
WARNING: version mismatch between CFITSIO header (v3.47) and linked library (v4.02).


WARNING: version mismatch between CFITSIO header (v3.47) and linked library (v4.02).


WARNING: version mismatch between CFITSIO header (v3.47) and linked library (v4.02).

2023-06-01 23:52:48,605:INFO:mapsims:Parsing configuration from common.toml, ksz_ksz1.toml
2023-06-01 23:52:48,618:INFO:mapsims:Nside: 4096, Modeling Nside: 4096, Ellmax: 10240
2023-06-01 23:52:48,620:INFO:mapsims:Initializing the PySM Sky object
2023-06-01 23:52:48,622:INFO:pysm3:Access data from /mnt/sdceph/users/azonca/pysm-data/websky/0.4/ksz.fits
2023-06-01 23:52:48,623:INFO:pysm3:Access data from /mnt/sdceph/users/azonca/pysm-data/websky/0.4/ksz.fits
2023-06-01 23:52:50,070:INFO:mapsims:Processing channel Channel CHLAT_f090
2023-06-01 23:52:50,070:INFO:mapsims:Bandpass integration for Channel CHLAT_f090
2023-06-01 23:53:00,011:INFO:mapsims:Smoothing and coord-transform for Channel CHLAT_f090
2023-06-01 23:59:42,189:WARNING:pysm3:hp.map2alm_lsq did not converge in 10 iterations, residual relative error is 0.19
2023-06-01 23:59:42,189:INFO:pysm3:Smoothing with fwhm of 2.1 arcmin
2023-06-01 23:59:45,761:INFO:pysm3:Rotate Alm
2023-06-02 00:10:04,794:INFO:pysm3:Alm to map HEALPix
2023-06-02 00:10:19,243:INFO:mapsims:Writing output map cmbs4_ksz_ksz1_uKCMB_LAT-CHLAT_f090_nside4096.fits
2023-06-02 00:10:19,243:INFO:mapsims:Replace NaN with UNSEEN
2023-06-02 00:10:19,907:INFO:mapsims:Reorder ring to nest
2023-06-02 00:10:35,468:INFO:mapsims:Writing output map

real	17m59.563s
user	502m47.649s
sys	6m16.341s
