
WARNING: version mismatch between CFITSIO header (v3.47) and linked library (v4.02).


WARNING: version mismatch between CFITSIO header (v3.47) and linked library (v4.02).


WARNING: version mismatch between CFITSIO header (v3.47) and linked library (v4.02).

2023-06-02 00:25:14,454:INFO:mapsims:Parsing configuration from common.toml, tsz_tsz1.toml
2023-06-02 00:25:14,466:INFO:mapsims:Nside: 512, Modeling Nside: 8192, Ellmax: 1280
2023-06-02 00:25:14,468:INFO:mapsims:Initializing the PySM Sky object
2023-06-02 00:25:14,470:INFO:pysm3:Access data from /mnt/sdceph/users/azonca/pysm-data/websky/0.4/tsz_8192_hp.fits
2023-06-02 00:25:14,471:INFO:pysm3:Access data from /mnt/sdceph/users/azonca/pysm-data/websky/0.4/tsz_8192_hp.fits
2023-06-02 00:25:20,271:INFO:mapsims:Processing channel Channel SAT_f155
2023-06-02 00:25:20,271:INFO:mapsims:Bandpass integration for Channel SAT_f155
2023-06-02 00:25:54,525:INFO:mapsims:Smoothing and coord-transform for Channel SAT_f155
2023-06-02 00:25:54,526:INFO:pysm3:Using map2alm with pixel weights
2023-06-02 00:26:15,619:INFO:pysm3:Smoothing with fwhm of 14.3 arcmin
2023-06-02 00:26:15,671:INFO:pysm3:Rotate Alm
2023-06-02 00:26:18,101:INFO:pysm3:Alm to map HEALPix
2023-06-02 00:26:18,315:INFO:mapsims:Writing output map cmbs4_tsz_tsz1_uKCMB_SAT-SAT_f155_nside512.fits
2023-06-02 00:26:18,315:INFO:mapsims:Replace NaN with UNSEEN
2023-06-02 00:26:18,324:INFO:mapsims:Reorder ring to nest
2023-06-02 00:26:18,516:INFO:mapsims:Writing output map

real	1m6.234s
user	4m42.818s
sys	0m43.118s
