
WARNING: version mismatch between CFITSIO header (v3.47) and linked library (v4.02).


WARNING: version mismatch between CFITSIO header (v3.47) and linked library (v4.02).


WARNING: version mismatch between CFITSIO header (v3.47) and linked library (v4.02).

2023-06-01 23:49:54,720:INFO:mapsims:Parsing configuration from common.toml, synchrotron_s7.toml
2023-06-01 23:49:54,730:INFO:mapsims:Nside: 4096, Modeling Nside: 8192, Ellmax: 10240
2023-06-01 23:49:54,732:INFO:mapsims:Initializing the PySM Sky object
2023-06-01 23:49:54,733:INFO:pysm3:Access data from /mnt/sdceph/users/azonca/pysm-data/synch/synch_template_nside8192_2023.02.25.fits
2023-06-01 23:50:38,212:INFO:pysm3:Access data from /mnt/sdceph/users/azonca/pysm-data/synch/synch_beta_nside8192.fits
2023-06-01 23:50:44,935:INFO:pysm3:Access data from /mnt/sdceph/users/azonca/pysm-data/synch/synch_curvature_nside8192.fits
2023-06-01 23:50:52,013:INFO:mapsims:Processing channel Channel CHLAT_f150
2023-06-01 23:50:52,013:INFO:mapsims:Bandpass integration for Channel CHLAT_f150
2023-06-01 23:53:00,940:INFO:mapsims:Smoothing and coord-transform for Channel CHLAT_f150
2023-06-01 23:53:00,946:INFO:pysm3:Using map2alm with pixel weights
2023-06-01 23:53:34,763:INFO:pysm3:Smoothing with fwhm of 1.3 arcmin
2023-06-01 23:53:38,067:INFO:pysm3:Rotate Alm
2023-06-02 00:07:52,000:INFO:pysm3:Alm to map HEALPix
2023-06-02 00:08:07,820:INFO:mapsims:Writing output map cmbs4_synchrotron_s7_uKCMB_LAT-CHLAT_f150_nside4096.fits
2023-06-02 00:08:07,820:INFO:mapsims:Replace NaN with UNSEEN
2023-06-02 00:08:08,570:INFO:mapsims:Reorder ring to nest
2023-06-02 00:08:24,373:INFO:mapsims:Writing output map

real	18m41.149s
user	527m0.843s
sys	3m1.450s
