
WARNING: version mismatch between CFITSIO header (v3.47) and linked library (v4.02).


WARNING: version mismatch between CFITSIO header (v3.47) and linked library (v4.02).


WARNING: version mismatch between CFITSIO header (v3.47) and linked library (v4.02).

2023-06-02 00:12:38,310:INFO:mapsims:Parsing configuration from common.toml, tsz_tsz1.toml
2023-06-02 00:12:38,324:INFO:mapsims:Nside: 4096, Modeling Nside: 8192, Ellmax: 10240
2023-06-02 00:12:38,326:INFO:mapsims:Initializing the PySM Sky object
2023-06-02 00:12:38,327:INFO:pysm3:Access data from /mnt/sdceph/users/azonca/pysm-data/websky/0.4/tsz_8192_hp.fits
2023-06-02 00:12:38,328:INFO:pysm3:Access data from /mnt/sdceph/users/azonca/pysm-data/websky/0.4/tsz_8192_hp.fits
2023-06-02 00:12:43,876:INFO:mapsims:Processing channel Channel SPLAT_f090
2023-06-02 00:12:43,876:INFO:mapsims:Bandpass integration for Channel SPLAT_f090
2023-06-02 00:13:17,094:INFO:mapsims:Smoothing and coord-transform for Channel SPLAT_f090
2023-06-02 00:13:17,095:INFO:pysm3:Using map2alm with pixel weights
2023-06-02 00:13:49,327:INFO:pysm3:Smoothing with fwhm of 2.5 arcmin
2023-06-02 00:13:52,855:INFO:pysm3:Rotate Alm
2023-06-02 00:24:21,599:INFO:pysm3:Alm to map HEALPix
2023-06-02 00:24:36,162:INFO:mapsims:Writing output map cmbs4_tsz_tsz1_uKCMB_LAT-SPLAT_f090_nside4096.fits
2023-06-02 00:24:36,162:INFO:mapsims:Replace NaN with UNSEEN
2023-06-02 00:24:36,776:INFO:mapsims:Reorder ring to nest
2023-06-02 00:24:52,460:INFO:mapsims:Writing output map

real	12m24.404s
user	429m57.794s
sys	1m12.081s
