
WARNING: version mismatch between CFITSIO header (v3.47) and linked library (v4.02).


WARNING: version mismatch between CFITSIO header (v3.47) and linked library (v4.02).


WARNING: version mismatch between CFITSIO header (v3.47) and linked library (v4.02).

2023-06-02 00:26:46,783:INFO:mapsims:Parsing configuration from common.toml, cmb_c3.toml
2023-06-02 00:26:46,793:INFO:mapsims:Nside: 4096, Modeling Nside: 4096, Ellmax: 10240
2023-06-02 00:26:46,795:INFO:mapsims:Initializing the PySM Sky object
2023-06-02 00:26:46,796:INFO:pysm3:Access data from /mnt/sdceph/users/azonca/pysm-data/websky/0.4/cmb/map_I_unlensed_alm_seed1_nside4096.fits
2023-06-02 00:26:46,797:INFO:pysm3:Access data from /mnt/sdceph/users/azonca/pysm-data/websky/0.4/cmb/map_Q_unlensed_alm_seed1_nside4096.fits
2023-06-02 00:26:46,798:INFO:pysm3:Access data from /mnt/sdceph/users/azonca/pysm-data/websky/0.4/cmb/map_U_unlensed_alm_seed1_nside4096.fits
2023-06-02 00:26:46,798:INFO:pysm3:Access data from /mnt/sdceph/users/azonca/pysm-data/websky/0.4/cmb/map_I_unlensed_alm_seed1_nside4096.fits
2023-06-02 00:26:48,339:INFO:pysm3:Access data from /mnt/sdceph/users/azonca/pysm-data/websky/0.4/cmb/map_Q_unlensed_alm_seed1_nside4096.fits
2023-06-02 00:26:49,847:INFO:pysm3:Access data from /mnt/sdceph/users/azonca/pysm-data/websky/0.4/cmb/map_U_unlensed_alm_seed1_nside4096.fits
2023-06-02 00:26:52,162:INFO:mapsims:Processing channel Channel CHLAT_f040
2023-06-02 00:26:52,162:INFO:mapsims:Bandpass integration for Channel CHLAT_f040
2023-06-02 00:26:54,758:INFO:mapsims:Smoothing and coord-transform for Channel CHLAT_f040
2023-06-02 00:29:01,829:INFO:pysm3:Used map2alm_lsq, converged in 2 iterations,residual relative error 4.7e-08
2023-06-02 00:29:01,830:INFO:pysm3:Smoothing with fwhm of 5.3 arcmin
2023-06-02 00:29:05,378:INFO:pysm3:Rotate Alm
2023-06-02 00:42:30,065:INFO:pysm3:Alm to map HEALPix
2023-06-02 00:42:44,535:INFO:mapsims:Writing output map cmbs4_cmb_c3_uKCMB_LAT-CHLAT_f040_nside4096.fits
2023-06-02 00:42:44,535:INFO:mapsims:Replace NaN with UNSEEN
2023-06-02 00:42:45,246:INFO:mapsims:Reorder ring to nest
2023-06-02 00:43:00,729:INFO:mapsims:Writing output map

real	16m27.081s
user	442m0.495s
sys	2m12.893s
