
WARNING: version mismatch between CFITSIO header (v3.47) and linked library (v4.02).


WARNING: version mismatch between CFITSIO header (v3.47) and linked library (v4.02).


WARNING: version mismatch between CFITSIO header (v3.47) and linked library (v4.02).

2023-06-02 00:26:57,481:INFO:mapsims:Parsing configuration from common.toml, cmb_c3.toml
2023-06-02 00:26:57,491:INFO:mapsims:Nside: 4096, Modeling Nside: 4096, Ellmax: 10240
2023-06-02 00:26:57,492:INFO:mapsims:Initializing the PySM Sky object
2023-06-02 00:26:57,493:INFO:pysm3:Access data from /mnt/sdceph/users/azonca/pysm-data/websky/0.4/cmb/map_I_unlensed_alm_seed1_nside4096.fits
2023-06-02 00:26:57,494:INFO:pysm3:Access data from /mnt/sdceph/users/azonca/pysm-data/websky/0.4/cmb/map_Q_unlensed_alm_seed1_nside4096.fits
2023-06-02 00:26:57,495:INFO:pysm3:Access data from /mnt/sdceph/users/azonca/pysm-data/websky/0.4/cmb/map_U_unlensed_alm_seed1_nside4096.fits
2023-06-02 00:26:57,496:INFO:pysm3:Access data from /mnt/sdceph/users/azonca/pysm-data/websky/0.4/cmb/map_I_unlensed_alm_seed1_nside4096.fits
2023-06-02 00:26:59,060:INFO:pysm3:Access data from /mnt/sdceph/users/azonca/pysm-data/websky/0.4/cmb/map_Q_unlensed_alm_seed1_nside4096.fits
2023-06-02 00:27:00,654:INFO:pysm3:Access data from /mnt/sdceph/users/azonca/pysm-data/websky/0.4/cmb/map_U_unlensed_alm_seed1_nside4096.fits
2023-06-02 00:27:03,098:INFO:mapsims:Processing channel Channel CHLAT_f220
2023-06-02 00:27:03,098:INFO:mapsims:Bandpass integration for Channel CHLAT_f220
2023-06-02 00:27:05,826:INFO:mapsims:Smoothing and coord-transform for Channel CHLAT_f220
2023-06-02 00:29:22,377:INFO:pysm3:Used map2alm_lsq, converged in 2 iterations,residual relative error 5e-08
2023-06-02 00:29:22,377:INFO:pysm3:Smoothing with fwhm of 0.95 arcmin
2023-06-02 00:29:25,809:INFO:pysm3:Rotate Alm
2023-06-02 00:42:55,320:INFO:pysm3:Alm to map HEALPix
2023-06-02 00:43:11,559:INFO:mapsims:Writing output map cmbs4_cmb_c3_uKCMB_LAT-CHLAT_f220_nside4096.fits
2023-06-02 00:43:11,559:INFO:mapsims:Replace NaN with UNSEEN
2023-06-02 00:43:12,450:INFO:mapsims:Reorder ring to nest
2023-06-02 00:43:28,681:INFO:mapsims:Writing output map

real	16m40.755s
user	502m28.964s
sys	2m18.372s
