
WARNING: version mismatch between CFITSIO header (v3.47) and linked library (v4.02).


WARNING: version mismatch between CFITSIO header (v3.47) and linked library (v4.02).


WARNING: version mismatch between CFITSIO header (v3.47) and linked library (v4.02).

2023-06-02 00:08:57,417:INFO:mapsims:Parsing configuration from common.toml, dust_d9.toml
2023-06-02 00:08:57,427:INFO:mapsims:Nside: 512, Modeling Nside: 2048, Ellmax: 1280
2023-06-02 00:08:57,428:INFO:mapsims:Initializing the PySM Sky object
2023-06-02 00:08:57,430:INFO:pysm3:Access data from /mnt/sdceph/users/azonca/pysm-data/dust_gnilc/gnilc_dust_template_nside2048.fits
2023-06-02 00:08:58,717:INFO:mapsims:Processing channel Channel SAT_f095
2023-06-02 00:08:58,718:INFO:mapsims:Bandpass integration for Channel SAT_f095
2023-06-02 00:09:13,682:INFO:mapsims:Smoothing and coord-transform for Channel SAT_f095
2023-06-02 00:09:13,684:INFO:pysm3:Using map2alm with pixel weights
2023-06-02 00:09:15,663:INFO:pysm3:Smoothing with fwhm of 22.4 arcmin
2023-06-02 00:09:15,715:INFO:pysm3:Rotate Alm
2023-06-02 00:09:18,398:INFO:pysm3:Alm to map HEALPix
2023-06-02 00:09:18,695:INFO:mapsims:Writing output map cmbs4_dust_d9_uKCMB_SAT-SAT_f095_nside512.fits
2023-06-02 00:09:18,695:INFO:mapsims:Replace NaN with UNSEEN
2023-06-02 00:09:18,705:INFO:mapsims:Reorder ring to nest
2023-06-02 00:09:18,899:INFO:mapsims:Writing output map

real	0m23.669s
user	3m13.023s
sys	0m10.178s
