
WARNING: version mismatch between CFITSIO header (v3.47) and linked library (v4.02).


WARNING: version mismatch between CFITSIO header (v3.47) and linked library (v4.02).


WARNING: version mismatch between CFITSIO header (v3.47) and linked library (v4.02).

2023-06-02 00:26:09,824:INFO:mapsims:Parsing configuration from common.toml, cmb_c3.toml
2023-06-02 00:26:45,160:INFO:mapsims:Nside: 4096, Modeling Nside: 4096, Ellmax: 10240
2023-06-02 00:26:45,162:INFO:mapsims:Initializing the PySM Sky object
2023-06-02 00:26:45,164:INFO:pysm3:Access data from /mnt/sdceph/users/azonca/pysm-data/websky/0.4/cmb/map_I_unlensed_alm_seed1_nside4096.fits
2023-06-02 00:26:45,165:INFO:pysm3:Access data from /mnt/sdceph/users/azonca/pysm-data/websky/0.4/cmb/map_Q_unlensed_alm_seed1_nside4096.fits
2023-06-02 00:26:45,166:INFO:pysm3:Access data from /mnt/sdceph/users/azonca/pysm-data/websky/0.4/cmb/map_U_unlensed_alm_seed1_nside4096.fits
2023-06-02 00:26:45,167:INFO:pysm3:Access data from /mnt/sdceph/users/azonca/pysm-data/websky/0.4/cmb/map_I_unlensed_alm_seed1_nside4096.fits
2023-06-02 00:26:46,845:INFO:pysm3:Access data from /mnt/sdceph/users/azonca/pysm-data/websky/0.4/cmb/map_Q_unlensed_alm_seed1_nside4096.fits
2023-06-02 00:26:48,795:INFO:pysm3:Access data from /mnt/sdceph/users/azonca/pysm-data/websky/0.4/cmb/map_U_unlensed_alm_seed1_nside4096.fits
2023-06-02 00:26:51,275:INFO:mapsims:Processing channel Channel SPLAT_f030
2023-06-02 00:26:51,276:INFO:mapsims:Bandpass integration for Channel SPLAT_f030
2023-06-02 00:26:53,952:INFO:mapsims:Smoothing and coord-transform for Channel SPLAT_f030
2023-06-02 00:29:07,249:INFO:pysm3:Used map2alm_lsq, converged in 2 iterations,residual relative error 4.8e-08
2023-06-02 00:29:07,250:INFO:pysm3:Smoothing with fwhm of 9.1 arcmin
2023-06-02 00:29:10,653:INFO:pysm3:Rotate Alm
2023-06-02 00:42:40,165:INFO:pysm3:Alm to map HEALPix
2023-06-02 00:42:56,235:INFO:mapsims:Writing output map cmbs4_cmb_c3_uKCMB_LAT-SPLAT_f030_nside4096.fits
2023-06-02 00:42:56,236:INFO:mapsims:Replace NaN with UNSEEN
2023-06-02 00:42:57,076:INFO:mapsims:Reorder ring to nest
2023-06-02 00:43:13,240:INFO:mapsims:Writing output map

real	17m14.405s
user	510m55.726s
sys	2m12.705s
