
WARNING: version mismatch between CFITSIO header (v3.47) and linked library (v4.02).


WARNING: version mismatch between CFITSIO header (v3.47) and linked library (v4.02).


WARNING: version mismatch between CFITSIO header (v3.47) and linked library (v4.02).

2023-06-02 00:08:47,433:INFO:mapsims:Parsing configuration from common.toml, dust_d9.toml
2023-06-02 00:08:47,443:INFO:mapsims:Nside: 4096, Modeling Nside: 8192, Ellmax: 10240
2023-06-02 00:08:47,444:INFO:mapsims:Initializing the PySM Sky object
2023-06-02 00:08:47,446:INFO:pysm3:Access data from /mnt/sdceph/users/azonca/pysm-data/dust_gnilc/gnilc_dust_template_nside8192.fits
2023-06-02 00:09:09,034:INFO:mapsims:Processing channel Channel CHLAT_f090
2023-06-02 00:09:09,034:INFO:mapsims:Bandpass integration for Channel CHLAT_f090
2023-06-02 00:12:15,715:INFO:mapsims:Smoothing and coord-transform for Channel CHLAT_f090
2023-06-02 00:12:15,716:INFO:pysm3:Using map2alm with pixel weights
2023-06-02 00:12:48,786:INFO:pysm3:Smoothing with fwhm of 2.1 arcmin
2023-06-02 00:12:52,365:INFO:pysm3:Rotate Alm
2023-06-02 00:26:15,527:INFO:pysm3:Alm to map HEALPix
2023-06-02 00:26:30,160:INFO:mapsims:Writing output map cmbs4_dust_d9_uKCMB_LAT-CHLAT_f090_nside4096.fits
2023-06-02 00:26:30,160:INFO:mapsims:Replace NaN with UNSEEN
2023-06-02 00:26:30,784:INFO:mapsims:Reorder ring to nest
2023-06-02 00:26:47,100:INFO:mapsims:Writing output map

real	18m10.176s
user	375m47.146s
sys	2m1.990s
