
WARNING: version mismatch between CFITSIO header (v3.47) and linked library (v4.02).


WARNING: version mismatch between CFITSIO header (v3.47) and linked library (v4.02).


WARNING: version mismatch between CFITSIO header (v3.47) and linked library (v4.02).

2023-06-02 00:24:58,020:INFO:mapsims:Parsing configuration from common.toml, tsz_tsz1.toml
2023-06-02 00:24:58,031:INFO:mapsims:Nside: 512, Modeling Nside: 8192, Ellmax: 1280
2023-06-02 00:24:58,034:INFO:mapsims:Initializing the PySM Sky object
2023-06-02 00:24:58,035:INFO:pysm3:Access data from /mnt/sdceph/users/azonca/pysm-data/websky/0.4/tsz_8192_hp.fits
2023-06-02 00:24:58,036:INFO:pysm3:Access data from /mnt/sdceph/users/azonca/pysm-data/websky/0.4/tsz_8192_hp.fits
2023-06-02 00:25:04,119:INFO:mapsims:Processing channel Channel SAT_f040
2023-06-02 00:25:04,119:INFO:mapsims:Bandpass integration for Channel SAT_f040
2023-06-02 00:25:39,133:INFO:mapsims:Smoothing and coord-transform for Channel SAT_f040
2023-06-02 00:25:39,134:INFO:pysm3:Using map2alm with pixel weights
2023-06-02 00:26:00,958:INFO:pysm3:Smoothing with fwhm of 61.6 arcmin
2023-06-02 00:26:01,012:INFO:pysm3:Rotate Alm
2023-06-02 00:26:03,525:INFO:pysm3:Alm to map HEALPix
2023-06-02 00:26:03,726:INFO:mapsims:Writing output map cmbs4_tsz_tsz1_uKCMB_SAT-SAT_f040_nside512.fits
2023-06-02 00:26:03,726:INFO:mapsims:Replace NaN with UNSEEN
2023-06-02 00:26:03,737:INFO:mapsims:Reorder ring to nest
2023-06-02 00:26:03,931:INFO:mapsims:Writing output map

real	1m8.099s
user	4m36.131s
sys	0m43.749s
