
WARNING: version mismatch between CFITSIO header (v3.47) and linked library (v4.02).


WARNING: version mismatch between CFITSIO header (v3.47) and linked library (v4.02).


WARNING: version mismatch between CFITSIO header (v3.47) and linked library (v4.02).

2023-06-01 23:50:19,093:INFO:mapsims:Parsing configuration from common.toml, co_co1.toml
2023-06-01 23:50:19,103:INFO:mapsims:Nside: 512, Modeling Nside: 2048, Ellmax: 1280
2023-06-01 23:50:19,104:INFO:mapsims:Initializing the PySM Sky object
2023-06-01 23:50:19,106:INFO:pysm3:Access data from /mnt/sdceph/users/azonca/pysm-data/co/HFI_CompMap_CO-Type1_2048_R2.00_ring.fits
2023-06-01 23:50:19,106:INFO:pysm3:Access data from /mnt/sdceph/users/azonca/pysm-data/co/HFI_CompMap_CO-Type1_2048_R2.00_ring.fits
2023-06-01 23:50:37,086:INFO:mapsims:Processing channel Channel SAT_f085
2023-06-01 23:50:37,088:INFO:mapsims:Bandpass integration for Channel SAT_f085
2023-06-01 23:50:38,405:INFO:mapsims:Smoothing and coord-transform for Channel SAT_f085
2023-06-01 23:50:38,408:INFO:pysm3:Using map2alm with pixel weights
2023-06-01 23:50:39,942:INFO:pysm3:Smoothing with fwhm of 24.6 arcmin
2023-06-01 23:50:40,009:INFO:pysm3:Rotate Alm
2023-06-01 23:50:42,440:INFO:pysm3:Alm to map HEALPix
2023-06-01 23:50:42,629:INFO:mapsims:Writing output map cmbs4_co_co1_uKCMB_SAT-SAT_f085_nside512.fits
2023-06-01 23:50:42,629:INFO:mapsims:Replace NaN with UNSEEN
2023-06-01 23:50:42,637:INFO:mapsims:Reorder ring to nest
2023-06-01 23:50:42,821:INFO:mapsims:Writing output map

real	0m27.049s
user	2m30.549s
sys	0m9.713s
