
WARNING: version mismatch between CFITSIO header (v3.47) and linked library (v4.02).


WARNING: version mismatch between CFITSIO header (v3.47) and linked library (v4.02).


WARNING: version mismatch between CFITSIO header (v3.47) and linked library (v4.02).

2023-06-02 00:10:39,972:INFO:mapsims:Parsing configuration from common.toml, cib_cib1.toml
2023-06-02 00:10:39,981:INFO:mapsims:Nside: 4096, Modeling Nside: 4096, Ellmax: 10240
2023-06-02 00:10:39,983:INFO:mapsims:Initializing the PySM Sky object
2023-06-02 00:10:40,201:INFO:mapsims:Processing channel Channel CHLAT_f150
2023-06-02 00:10:40,202:INFO:mapsims:Bandpass integration for Channel CHLAT_f150
2023-06-02 00:10:40,389:INFO:pysm3:Frequencies considered: [111. 129. 143. 153. 164. 189.]
2023-06-02 00:10:40,511:INFO:pysm3:Access data from /mnt/sdceph/users/azonca/pysm-data/websky/0.4/cib/cib_0111.0.fits
2023-06-02 00:10:40,511:INFO:pysm3:Reading map /mnt/sdceph/users/azonca/pysm-data/websky/0.4/cib/cib_0111.0.fits
2023-06-02 00:10:40,512:INFO:pysm3:Access data from /mnt/sdceph/users/azonca/pysm-data/websky/0.4/cib/cib_0111.0.fits
2023-06-02 00:10:50,582:INFO:pysm3:Access data from /mnt/sdceph/users/azonca/pysm-data/websky/0.4/cib/cib_0111.0.fits
2023-06-02 00:10:55,310:INFO:pysm3:Mean emission at 111.0 GHz in I: 13.31 uK_RJ
2023-06-02 00:10:55,412:INFO:pysm3:Access data from /mnt/sdceph/users/azonca/pysm-data/websky/0.4/cib/cib_0129.0.fits
2023-06-02 00:10:55,412:INFO:pysm3:Reading map /mnt/sdceph/users/azonca/pysm-data/websky/0.4/cib/cib_0129.0.fits
2023-06-02 00:10:55,413:INFO:pysm3:Access data from /mnt/sdceph/users/azonca/pysm-data/websky/0.4/cib/cib_0129.0.fits
2023-06-02 00:11:05,012:INFO:pysm3:Access data from /mnt/sdceph/users/azonca/pysm-data/websky/0.4/cib/cib_0129.0.fits
2023-06-02 00:11:09,219:INFO:pysm3:Mean emission at 129.0 GHz in I: 15.97 uK_RJ
2023-06-02 00:11:09,220:INFO:pysm3:Access data from /mnt/sdceph/users/azonca/pysm-data/websky/0.4/cib/cib_0143.0.fits
2023-06-02 00:11:09,220:INFO:pysm3:Reading map /mnt/sdceph/users/azonca/pysm-data/websky/0.4/cib/cib_0143.0.fits
2023-06-02 00:11:09,221:INFO:pysm3:Access data from /mnt/sdceph/users/azonca/pysm-data/websky/0.4/cib/cib_0143.0.fits
2023-06-02 00:11:19,489:INFO:pysm3:Access data from /mnt/sdceph/users/azonca/pysm-data/websky/0.4/cib/cib_0143.0.fits
2023-06-02 00:11:23,685:INFO:pysm3:Mean emission at 143.0 GHz in I: 17.98 uK_RJ
2023-06-02 00:11:23,687:INFO:pysm3:Access data from /mnt/sdceph/users/azonca/pysm-data/websky/0.4/cib/cib_0153.0.fits
2023-06-02 00:11:23,687:INFO:pysm3:Reading map /mnt/sdceph/users/azonca/pysm-data/websky/0.4/cib/cib_0153.0.fits
2023-06-02 00:11:23,688:INFO:pysm3:Access data from /mnt/sdceph/users/azonca/pysm-data/websky/0.4/cib/cib_0153.0.fits
2023-06-02 00:11:31,584:INFO:pysm3:Access data from /mnt/sdceph/users/azonca/pysm-data/websky/0.4/cib/cib_0153.0.fits
2023-06-02 00:11:35,804:INFO:pysm3:Mean emission at 153.0 GHz in I: 19.36 uK_RJ
2023-06-02 00:11:35,805:INFO:pysm3:Access data from /mnt/sdceph/users/azonca/pysm-data/websky/0.4/cib/cib_0164.0.fits
2023-06-02 00:11:35,805:INFO:pysm3:Reading map /mnt/sdceph/users/azonca/pysm-data/websky/0.4/cib/cib_0164.0.fits
2023-06-02 00:11:35,806:INFO:pysm3:Access data from /mnt/sdceph/users/azonca/pysm-data/websky/0.4/cib/cib_0164.0.fits
2023-06-02 00:11:46,566:INFO:pysm3:Access data from /mnt/sdceph/users/azonca/pysm-data/websky/0.4/cib/cib_0164.0.fits
2023-06-02 00:11:50,764:INFO:pysm3:Mean emission at 164.0 GHz in I: 20.82 uK_RJ
2023-06-02 00:11:50,766:INFO:pysm3:Access data from /mnt/sdceph/users/azonca/pysm-data/websky/0.4/cib/cib_0189.0.fits
2023-06-02 00:11:50,766:INFO:pysm3:Reading map /mnt/sdceph/users/azonca/pysm-data/websky/0.4/cib/cib_0189.0.fits
2023-06-02 00:11:50,767:INFO:pysm3:Access data from /mnt/sdceph/users/azonca/pysm-data/websky/0.4/cib/cib_0189.0.fits
2023-06-02 00:11:56,709:INFO:pysm3:Access data from /mnt/sdceph/users/azonca/pysm-data/websky/0.4/cib/cib_0189.0.fits
2023-06-02 00:12:00,905:INFO:pysm3:Mean emission at 189.0 GHz in I: 23.88 uK_RJ
2023-06-02 00:12:27,377:INFO:mapsims:Smoothing and coord-transform for Channel CHLAT_f150
2023-06-02 00:19:33,362:WARNING:pysm3:hp.map2alm_lsq did not converge in 10 iterations, residual relative error is 0.37
2023-06-02 00:19:33,363:INFO:pysm3:Smoothing with fwhm of 1.3 arcmin
2023-06-02 00:19:36,774:INFO:pysm3:Rotate Alm
2023-06-02 00:29:15,740:INFO:pysm3:Alm to map HEALPix
2023-06-02 00:29:31,562:INFO:mapsims:Writing output map cmbs4_cib_cib1_uKCMB_LAT-CHLAT_f150_nside4096.fits
2023-06-02 00:29:31,563:INFO:mapsims:Replace NaN with UNSEEN
2023-06-02 00:29:32,306:INFO:mapsims:Reorder ring to nest
2023-06-02 00:29:48,203:INFO:mapsims:Writing output map

real	19m19.445s
user	527m55.184s
sys	6m47.060s
