
WARNING: version mismatch between CFITSIO header (v3.47) and linked library (v4.02).


WARNING: version mismatch between CFITSIO header (v3.47) and linked library (v4.02).


WARNING: version mismatch between CFITSIO header (v3.47) and linked library (v4.02).

2023-06-02 00:26:48,854:INFO:mapsims:Parsing configuration from common.toml, cmb_c3.toml
2023-06-02 00:26:48,864:INFO:mapsims:Nside: 4096, Modeling Nside: 4096, Ellmax: 10240
2023-06-02 00:26:48,926:INFO:mapsims:Initializing the PySM Sky object
2023-06-02 00:26:48,927:INFO:pysm3:Access data from /mnt/sdceph/users/azonca/pysm-data/websky/0.4/cmb/map_I_unlensed_alm_seed1_nside4096.fits
2023-06-02 00:26:48,928:INFO:pysm3:Access data from /mnt/sdceph/users/azonca/pysm-data/websky/0.4/cmb/map_Q_unlensed_alm_seed1_nside4096.fits
2023-06-02 00:26:48,929:INFO:pysm3:Access data from /mnt/sdceph/users/azonca/pysm-data/websky/0.4/cmb/map_U_unlensed_alm_seed1_nside4096.fits
2023-06-02 00:26:48,929:INFO:pysm3:Access data from /mnt/sdceph/users/azonca/pysm-data/websky/0.4/cmb/map_I_unlensed_alm_seed1_nside4096.fits
2023-06-02 00:26:50,346:INFO:pysm3:Access data from /mnt/sdceph/users/azonca/pysm-data/websky/0.4/cmb/map_Q_unlensed_alm_seed1_nside4096.fits
2023-06-02 00:26:51,751:INFO:pysm3:Access data from /mnt/sdceph/users/azonca/pysm-data/websky/0.4/cmb/map_U_unlensed_alm_seed1_nside4096.fits
2023-06-02 00:26:53,995:INFO:mapsims:Processing channel Channel SPLAT_f150
2023-06-02 00:26:53,996:INFO:mapsims:Bandpass integration for Channel SPLAT_f150
2023-06-02 00:26:56,553:INFO:mapsims:Smoothing and coord-transform for Channel SPLAT_f150
2023-06-02 00:29:03,358:INFO:pysm3:Used map2alm_lsq, converged in 2 iterations,residual relative error 4.4e-08
2023-06-02 00:29:03,358:INFO:pysm3:Smoothing with fwhm of 1.5 arcmin
2023-06-02 00:29:06,912:INFO:pysm3:Rotate Alm
2023-06-02 00:43:02,473:INFO:pysm3:Alm to map HEALPix
2023-06-02 00:43:16,979:INFO:mapsims:Writing output map cmbs4_cmb_c3_uKCMB_LAT-SPLAT_f150_nside4096.fits
2023-06-02 00:43:16,979:INFO:mapsims:Replace NaN with UNSEEN
2023-06-02 00:43:17,642:INFO:mapsims:Reorder ring to nest
2023-06-02 00:43:34,091:INFO:mapsims:Writing output map

real	17m9.288s
user	432m58.808s
sys	2m13.250s
