
WARNING: version mismatch between CFITSIO header (v3.47) and linked library (v4.02).


WARNING: version mismatch between CFITSIO header (v3.47) and linked library (v4.02).


WARNING: version mismatch between CFITSIO header (v3.47) and linked library (v4.02).

2023-06-02 00:39:40,465:INFO:mapsims:Parsing configuration from common.toml, co_co3.toml
2023-06-02 00:39:40,484:INFO:mapsims:Nside: 512, Modeling Nside: 2048, Ellmax: 1280
2023-06-02 00:39:40,485:INFO:mapsims:Initializing the PySM Sky object
2023-06-02 00:39:40,486:INFO:pysm3:Access data from /mnt/sdceph/users/azonca/pysm-data/co/HFI_CompMap_CO-Type1_2048_R2.00_ring.fits
2023-06-02 00:39:40,487:INFO:pysm3:Access data from /mnt/sdceph/users/azonca/pysm-data/co/HFI_CompMap_CO-Type1_2048_R2.00_ring.fits
2023-06-02 00:39:57,986:INFO:pysm3:Access data from /mnt/sdceph/users/azonca/pysm-data/co/psimap_dust90_2048.fits
2023-06-02 00:39:57,987:INFO:pysm3:Access data from /mnt/sdceph/users/azonca/pysm-data/co/psimap_dust90_2048.fits
2023-06-02 00:39:58,336:WARNING:pysm3:No physical unit associated with file /mnt/sdceph/users/azonca/pysm-data/co/psimap_dust90_2048.fits
2023-06-02 00:39:58,337:INFO:pysm3:Access data from /mnt/sdceph/users/azonca/pysm-data/co/gmap_dust90_2048.fits
2023-06-02 00:39:58,338:INFO:pysm3:Access data from /mnt/sdceph/users/azonca/pysm-data/co/gmap_dust90_2048.fits
2023-06-02 00:39:58,687:WARNING:pysm3:No physical unit associated with file /mnt/sdceph/users/azonca/pysm-data/co/gmap_dust90_2048.fits
2023-06-02 00:39:58,687:INFO:pysm3:Access data from /mnt/sdceph/users/azonca/pysm-data/co/mcmoleCO_HGL_2048.fits
2023-06-02 00:39:58,688:INFO:pysm3:Access data from /mnt/sdceph/users/azonca/pysm-data/co/mcmoleCO_HGL_2048.fits
2023-06-02 00:39:59,896:INFO:mapsims:Processing channel Channel SAT_f220
2023-06-02 00:39:59,896:INFO:mapsims:Bandpass integration for Channel SAT_f220
2023-06-02 00:40:03,236:INFO:mapsims:Smoothing and coord-transform for Channel SAT_f220
2023-06-02 00:40:03,236:INFO:pysm3:Using map2alm with pixel weights
2023-06-02 00:40:05,071:INFO:pysm3:Smoothing with fwhm of 9.4 arcmin
2023-06-02 00:40:05,125:INFO:pysm3:Rotate Alm
2023-06-02 00:40:07,302:INFO:pysm3:Alm to map HEALPix
2023-06-02 00:40:07,500:INFO:mapsims:Writing output map cmbs4_co_co3_uKCMB_SAT-SAT_f220_nside512.fits
2023-06-02 00:40:07,500:INFO:mapsims:Replace NaN with UNSEEN
2023-06-02 00:40:07,510:INFO:mapsims:Reorder ring to nest
2023-06-02 00:40:07,695:INFO:mapsims:Writing output map

real	0m29.241s
user	2m31.086s
sys	0m11.696s
