
WARNING: version mismatch between CFITSIO header (v3.47) and linked library (v4.02).


WARNING: version mismatch between CFITSIO header (v3.47) and linked library (v4.02).


WARNING: version mismatch between CFITSIO header (v3.47) and linked library (v4.02).

2023-06-02 00:30:01,170:INFO:mapsims:Parsing configuration from common.toml, dust_d12.toml
2023-06-02 00:30:01,195:INFO:mapsims:Nside: 512, Modeling Nside: 2048, Ellmax: 1280
2023-06-02 00:30:01,197:INFO:mapsims:Initializing the PySM Sky object
2023-06-02 00:30:03,537:INFO:pysm3:Access data from /mnt/sdceph/users/azonca/pysm-data/mkd_dust/2048/thermaldust_ampl1.fits
2023-06-02 00:32:19,360:INFO:pysm3:Access data from /mnt/sdceph/users/azonca/pysm-data/mkd_dust/2048/thermaldust_ampl2.fits
2023-06-02 00:34:58,489:INFO:pysm3:Access data from /mnt/sdceph/users/azonca/pysm-data/mkd_dust/2048/thermaldust_ampl3.fits
2023-06-02 00:36:33,358:INFO:pysm3:Access data from /mnt/sdceph/users/azonca/pysm-data/mkd_dust/2048/thermaldust_ampl4.fits
2023-06-02 00:36:35,072:INFO:pysm3:Access data from /mnt/sdceph/users/azonca/pysm-data/mkd_dust/2048/thermaldust_ampl5.fits
2023-06-02 00:36:40,104:INFO:pysm3:Access data from /mnt/sdceph/users/azonca/pysm-data/mkd_dust/2048/thermaldust_ampl6.fits
2023-06-02 00:36:48,891:INFO:pysm3:Access data from /mnt/sdceph/users/azonca/pysm-data/mkd_dust/2048/thermaldust_specind1.fits
2023-06-02 00:36:49,378:INFO:pysm3:Access data from /mnt/sdceph/users/azonca/pysm-data/mkd_dust/2048/thermaldust_specind2.fits
2023-06-02 00:36:50,031:INFO:pysm3:Access data from /mnt/sdceph/users/azonca/pysm-data/mkd_dust/2048/thermaldust_specind3.fits
2023-06-02 00:36:50,957:INFO:pysm3:Access data from /mnt/sdceph/users/azonca/pysm-data/mkd_dust/2048/thermaldust_specind4.fits
2023-06-02 00:36:51,453:INFO:pysm3:Access data from /mnt/sdceph/users/azonca/pysm-data/mkd_dust/2048/thermaldust_specind5.fits
2023-06-02 00:36:51,934:INFO:pysm3:Access data from /mnt/sdceph/users/azonca/pysm-data/mkd_dust/2048/thermaldust_specind6.fits
2023-06-02 00:36:53,168:INFO:pysm3:Access data from /mnt/sdceph/users/azonca/pysm-data/mkd_dust/2048/thermaldust_temp1.fits
2023-06-02 00:36:53,650:INFO:pysm3:Access data from /mnt/sdceph/users/azonca/pysm-data/mkd_dust/2048/thermaldust_temp2.fits
2023-06-02 00:36:54,501:INFO:pysm3:Access data from /mnt/sdceph/users/azonca/pysm-data/mkd_dust/2048/thermaldust_temp3.fits
2023-06-02 00:36:54,953:INFO:pysm3:Access data from /mnt/sdceph/users/azonca/pysm-data/mkd_dust/2048/thermaldust_temp4.fits
2023-06-02 00:36:55,551:INFO:pysm3:Access data from /mnt/sdceph/users/azonca/pysm-data/mkd_dust/2048/thermaldust_temp5.fits
2023-06-02 00:36:55,998:INFO:pysm3:Access data from /mnt/sdceph/users/azonca/pysm-data/mkd_dust/2048/thermaldust_temp6.fits
2023-06-02 00:36:56,710:INFO:mapsims:Processing channel Channel SAT_f030
2023-06-02 00:36:56,710:INFO:mapsims:Bandpass integration for Channel SAT_f030
2023-06-02 00:41:54,854:INFO:mapsims:Smoothing and coord-transform for Channel SAT_f030
2023-06-02 00:41:54,855:INFO:pysm3:Using map2alm with pixel weights
2023-06-02 00:41:56,662:INFO:pysm3:Smoothing with fwhm of 85.2 arcmin
2023-06-02 00:41:56,714:INFO:pysm3:Rotate Alm
2023-06-02 00:41:59,328:INFO:pysm3:Alm to map HEALPix
2023-06-02 00:41:59,529:INFO:mapsims:Writing output map cmbs4_dust_d12_uKCMB_SAT-SAT_f030_nside512.fits
2023-06-02 00:41:59,529:INFO:mapsims:Replace NaN with UNSEEN
2023-06-02 00:41:59,540:INFO:mapsims:Reorder ring to nest
2023-06-02 00:41:59,785:INFO:mapsims:Writing output map

real	12m0.810s
user	13m45.768s
sys	2m2.535s
