
WARNING: version mismatch between CFITSIO header (v3.47) and linked library (v4.02).


WARNING: version mismatch between CFITSIO header (v3.47) and linked library (v4.02).


WARNING: version mismatch between CFITSIO header (v3.47) and linked library (v4.02).

2023-06-02 00:10:43,046:INFO:mapsims:Parsing configuration from common.toml, cib_cib1.toml
2023-06-02 00:10:43,056:INFO:mapsims:Nside: 4096, Modeling Nside: 4096, Ellmax: 10240
2023-06-02 00:10:43,057:INFO:mapsims:Initializing the PySM Sky object
2023-06-02 00:10:43,278:INFO:mapsims:Processing channel Channel CHLAT_f220
2023-06-02 00:10:43,279:INFO:mapsims:Bandpass integration for Channel CHLAT_f220
2023-06-02 00:10:43,465:INFO:pysm3:Frequencies considered: [189. 210. 217. 232. 256.]
2023-06-02 00:10:43,591:INFO:pysm3:Access data from /mnt/sdceph/users/azonca/pysm-data/websky/0.4/cib/cib_0189.0.fits
2023-06-02 00:10:43,591:INFO:pysm3:Reading map /mnt/sdceph/users/azonca/pysm-data/websky/0.4/cib/cib_0189.0.fits
2023-06-02 00:10:43,592:INFO:pysm3:Access data from /mnt/sdceph/users/azonca/pysm-data/websky/0.4/cib/cib_0189.0.fits
2023-06-02 00:10:54,180:INFO:pysm3:Access data from /mnt/sdceph/users/azonca/pysm-data/websky/0.4/cib/cib_0189.0.fits
2023-06-02 00:10:58,934:INFO:pysm3:Mean emission at 189.0 GHz in I: 23.88 uK_RJ
2023-06-02 00:10:59,035:INFO:pysm3:Access data from /mnt/sdceph/users/azonca/pysm-data/websky/0.4/cib/cib_0210.0.fits
2023-06-02 00:10:59,036:INFO:pysm3:Reading map /mnt/sdceph/users/azonca/pysm-data/websky/0.4/cib/cib_0210.0.fits
2023-06-02 00:10:59,036:INFO:pysm3:Access data from /mnt/sdceph/users/azonca/pysm-data/websky/0.4/cib/cib_0210.0.fits
2023-06-02 00:11:10,474:INFO:pysm3:Access data from /mnt/sdceph/users/azonca/pysm-data/websky/0.4/cib/cib_0210.0.fits
2023-06-02 00:11:14,711:INFO:pysm3:Mean emission at 210.0 GHz in I: 26.14 uK_RJ
2023-06-02 00:11:14,713:INFO:pysm3:Access data from /mnt/sdceph/users/azonca/pysm-data/websky/0.4/cib/cib_0217.0.fits
2023-06-02 00:11:14,713:INFO:pysm3:Reading map /mnt/sdceph/users/azonca/pysm-data/websky/0.4/cib/cib_0217.0.fits
2023-06-02 00:11:14,714:INFO:pysm3:Access data from /mnt/sdceph/users/azonca/pysm-data/websky/0.4/cib/cib_0217.0.fits
2023-06-02 00:11:25,598:INFO:pysm3:Access data from /mnt/sdceph/users/azonca/pysm-data/websky/0.4/cib/cib_0217.0.fits
2023-06-02 00:11:29,837:INFO:pysm3:Mean emission at 217.0 GHz in I: 26.83 uK_RJ
2023-06-02 00:11:29,838:INFO:pysm3:Access data from /mnt/sdceph/users/azonca/pysm-data/websky/0.4/cib/cib_0232.0.fits
2023-06-02 00:11:29,838:INFO:pysm3:Reading map /mnt/sdceph/users/azonca/pysm-data/websky/0.4/cib/cib_0232.0.fits
2023-06-02 00:11:29,839:INFO:pysm3:Access data from /mnt/sdceph/users/azonca/pysm-data/websky/0.4/cib/cib_0232.0.fits
2023-06-02 00:11:40,833:INFO:pysm3:Access data from /mnt/sdceph/users/azonca/pysm-data/websky/0.4/cib/cib_0232.0.fits
2023-06-02 00:11:45,035:INFO:pysm3:Mean emission at 232.0 GHz in I: 28.19 uK_RJ
2023-06-02 00:11:45,036:INFO:pysm3:Access data from /mnt/sdceph/users/azonca/pysm-data/websky/0.4/cib/cib_0256.0.fits
2023-06-02 00:11:45,037:INFO:pysm3:Reading map /mnt/sdceph/users/azonca/pysm-data/websky/0.4/cib/cib_0256.0.fits
2023-06-02 00:11:45,037:INFO:pysm3:Access data from /mnt/sdceph/users/azonca/pysm-data/websky/0.4/cib/cib_0256.0.fits
2023-06-02 00:11:48,220:INFO:pysm3:Access data from /mnt/sdceph/users/azonca/pysm-data/websky/0.4/cib/cib_0256.0.fits
2023-06-02 00:11:52,420:INFO:pysm3:Mean emission at 256.0 GHz in I: 30.05 uK_RJ
2023-06-02 00:12:18,129:INFO:mapsims:Smoothing and coord-transform for Channel CHLAT_f220
2023-06-02 00:19:13,912:WARNING:pysm3:hp.map2alm_lsq did not converge in 10 iterations, residual relative error is 0.39
2023-06-02 00:19:13,913:INFO:pysm3:Smoothing with fwhm of 0.95 arcmin
2023-06-02 00:19:17,292:INFO:pysm3:Rotate Alm
2023-06-02 00:29:43,608:INFO:pysm3:Alm to map HEALPix
2023-06-02 00:29:59,390:INFO:mapsims:Writing output map cmbs4_cib_cib1_uKCMB_LAT-CHLAT_f220_nside4096.fits
2023-06-02 00:29:59,393:INFO:mapsims:Replace NaN with UNSEEN
2023-06-02 00:30:00,149:INFO:mapsims:Reorder ring to nest
2023-06-02 00:30:15,984:INFO:mapsims:Writing output map

real	19m43.129s
user	567m46.793s
sys	6m33.885s
