
WARNING: version mismatch between CFITSIO header (v3.47) and linked library (v4.02).


WARNING: version mismatch between CFITSIO header (v3.47) and linked library (v4.02).


WARNING: version mismatch between CFITSIO header (v3.47) and linked library (v4.02).

2023-06-02 00:28:09,885:INFO:mapsims:Parsing configuration from common.toml, dust_d12.toml
2023-06-02 00:28:09,913:INFO:mapsims:Nside: 4096, Modeling Nside: 2048, Ellmax: 5120
2023-06-02 00:28:09,914:INFO:mapsims:Initializing the PySM Sky object
2023-06-02 00:28:12,282:INFO:pysm3:Access data from /mnt/sdceph/users/azonca/pysm-data/mkd_dust/2048/thermaldust_ampl1.fits
2023-06-02 00:28:59,346:INFO:pysm3:Access data from /mnt/sdceph/users/azonca/pysm-data/mkd_dust/2048/thermaldust_ampl2.fits
2023-06-02 00:30:44,110:INFO:pysm3:Access data from /mnt/sdceph/users/azonca/pysm-data/mkd_dust/2048/thermaldust_ampl3.fits
2023-06-02 00:32:17,148:INFO:pysm3:Access data from /mnt/sdceph/users/azonca/pysm-data/mkd_dust/2048/thermaldust_ampl4.fits
2023-06-02 00:33:39,571:INFO:pysm3:Access data from /mnt/sdceph/users/azonca/pysm-data/mkd_dust/2048/thermaldust_ampl5.fits
2023-06-02 00:36:22,408:INFO:pysm3:Access data from /mnt/sdceph/users/azonca/pysm-data/mkd_dust/2048/thermaldust_ampl6.fits
2023-06-02 00:36:39,708:INFO:pysm3:Access data from /mnt/sdceph/users/azonca/pysm-data/mkd_dust/2048/thermaldust_specind1.fits
2023-06-02 00:36:40,175:INFO:pysm3:Access data from /mnt/sdceph/users/azonca/pysm-data/mkd_dust/2048/thermaldust_specind2.fits
2023-06-02 00:36:41,656:INFO:pysm3:Access data from /mnt/sdceph/users/azonca/pysm-data/mkd_dust/2048/thermaldust_specind3.fits
2023-06-02 00:36:43,060:INFO:pysm3:Access data from /mnt/sdceph/users/azonca/pysm-data/mkd_dust/2048/thermaldust_specind4.fits
2023-06-02 00:36:43,646:INFO:pysm3:Access data from /mnt/sdceph/users/azonca/pysm-data/mkd_dust/2048/thermaldust_specind5.fits
2023-06-02 00:36:44,339:INFO:pysm3:Access data from /mnt/sdceph/users/azonca/pysm-data/mkd_dust/2048/thermaldust_specind6.fits
2023-06-02 00:36:45,646:INFO:pysm3:Access data from /mnt/sdceph/users/azonca/pysm-data/mkd_dust/2048/thermaldust_temp1.fits
2023-06-02 00:36:46,151:INFO:pysm3:Access data from /mnt/sdceph/users/azonca/pysm-data/mkd_dust/2048/thermaldust_temp2.fits
2023-06-02 00:36:46,895:INFO:pysm3:Access data from /mnt/sdceph/users/azonca/pysm-data/mkd_dust/2048/thermaldust_temp3.fits
2023-06-02 00:36:47,366:INFO:pysm3:Access data from /mnt/sdceph/users/azonca/pysm-data/mkd_dust/2048/thermaldust_temp4.fits
2023-06-02 00:36:47,883:INFO:pysm3:Access data from /mnt/sdceph/users/azonca/pysm-data/mkd_dust/2048/thermaldust_temp5.fits
2023-06-02 00:36:48,390:INFO:pysm3:Access data from /mnt/sdceph/users/azonca/pysm-data/mkd_dust/2048/thermaldust_temp6.fits
2023-06-02 00:36:49,726:INFO:mapsims:Processing channel Channel CHLAT_f040
2023-06-02 00:36:49,726:INFO:mapsims:Bandpass integration for Channel CHLAT_f040
2023-06-02 00:41:48,252:INFO:mapsims:Smoothing and coord-transform for Channel CHLAT_f040
2023-06-02 00:43:24,241:WARNING:pysm3:hp.map2alm_lsq did not converge in 10 iterations, residual relative error is 0.0018
2023-06-02 00:43:24,241:INFO:pysm3:Smoothing with fwhm of 5.3 arcmin
2023-06-02 00:43:25,419:INFO:pysm3:Rotate Alm
2023-06-02 00:44:54,516:INFO:pysm3:Alm to map HEALPix
2023-06-02 00:45:06,654:INFO:mapsims:Writing output map cmbs4_dust_d12_uKCMB_LAT-CHLAT_f040_nside4096.fits
2023-06-02 00:45:06,655:INFO:mapsims:Replace NaN with UNSEEN
2023-06-02 00:45:07,406:INFO:mapsims:Reorder ring to nest
2023-06-02 00:45:23,302:INFO:mapsims:Writing output map

real	17m23.116s
user	103m50.739s
sys	5m21.020s
