
WARNING: version mismatch between CFITSIO header (v3.47) and linked library (v4.02).


WARNING: version mismatch between CFITSIO header (v3.47) and linked library (v4.02).


WARNING: version mismatch between CFITSIO header (v3.47) and linked library (v4.02).

2023-06-02 00:37:05,506:INFO:mapsims:Parsing configuration from common.toml, co_co3.toml
2023-06-02 00:37:05,526:INFO:mapsims:Nside: 4096, Modeling Nside: 2048, Ellmax: 5120
2023-06-02 00:37:05,527:INFO:mapsims:Initializing the PySM Sky object
2023-06-02 00:37:05,528:INFO:pysm3:Access data from /mnt/sdceph/users/azonca/pysm-data/co/HFI_CompMap_CO-Type1_2048_R2.00_ring.fits
2023-06-02 00:37:05,528:INFO:pysm3:Access data from /mnt/sdceph/users/azonca/pysm-data/co/HFI_CompMap_CO-Type1_2048_R2.00_ring.fits
2023-06-02 00:37:34,999:INFO:pysm3:Access data from /mnt/sdceph/users/azonca/pysm-data/co/psimap_dust90_2048.fits
2023-06-02 00:37:35,000:INFO:pysm3:Access data from /mnt/sdceph/users/azonca/pysm-data/co/psimap_dust90_2048.fits
2023-06-02 00:37:45,866:WARNING:pysm3:No physical unit associated with file /mnt/sdceph/users/azonca/pysm-data/co/psimap_dust90_2048.fits
2023-06-02 00:37:45,867:INFO:pysm3:Access data from /mnt/sdceph/users/azonca/pysm-data/co/gmap_dust90_2048.fits
2023-06-02 00:37:45,868:INFO:pysm3:Access data from /mnt/sdceph/users/azonca/pysm-data/co/gmap_dust90_2048.fits
2023-06-02 00:37:56,667:WARNING:pysm3:No physical unit associated with file /mnt/sdceph/users/azonca/pysm-data/co/gmap_dust90_2048.fits
2023-06-02 00:37:56,668:INFO:pysm3:Access data from /mnt/sdceph/users/azonca/pysm-data/co/mcmoleCO_HGL_2048.fits
2023-06-02 00:37:56,668:INFO:pysm3:Access data from /mnt/sdceph/users/azonca/pysm-data/co/mcmoleCO_HGL_2048.fits
2023-06-02 00:38:07,054:INFO:mapsims:Processing channel Channel SPLAT_f030
2023-06-02 00:38:07,054:INFO:mapsims:Bandpass integration for Channel SPLAT_f030
2023-06-02 00:38:08,500:INFO:mapsims:Smoothing and coord-transform for Channel SPLAT_f030
/mnt/home/azonca/mambaforge-pypy3/envs/so/lib/python3.10/site-packages/healpy/sphtfunc.py:414: RuntimeWarning: invalid value encountered in double_scalars
  return realalm2alm(res[0]), res[3] / norm(maps.reshape((-1,))), res[2]
2023-06-02 00:38:18,837:INFO:pysm3:Used map2alm_lsq, converged in 0 iterations,residual relative error nan
2023-06-02 00:38:18,837:INFO:pysm3:Smoothing with fwhm of 9.1 arcmin
2023-06-02 00:38:19,690:INFO:pysm3:Rotate Alm
2023-06-02 00:39:37,034:INFO:pysm3:Alm to map HEALPix
2023-06-02 00:39:49,273:INFO:mapsims:Writing output map cmbs4_co_co3_uKCMB_LAT-SPLAT_f030_nside4096.fits
2023-06-02 00:39:49,273:INFO:mapsims:Replace NaN with UNSEEN
2023-06-02 00:39:50,219:INFO:mapsims:Reorder ring to nest
2023-06-02 00:40:06,446:INFO:mapsims:Writing output map

real	3m11.123s
user	66m5.110s
sys	0m46.300s
