
WARNING: version mismatch between CFITSIO header (v3.47) and linked library (v4.02).


WARNING: version mismatch between CFITSIO header (v3.47) and linked library (v4.02).


WARNING: version mismatch between CFITSIO header (v3.47) and linked library (v4.02).

2023-06-28 16:30:22,491:INFO:mapsims:Parsing configuration from common.toml, dust_d9.toml
2023-06-28 16:30:22,508:INFO:mapsims:Nside: 4096, Modeling Nside: 8192, Ellmax: 10240
2023-06-28 16:30:22,511:INFO:mapsims:Initializing the PySM Sky object
2023-06-28 16:30:22,515:INFO:pysm3:Access data from /mnt/sdceph/users/azonca/pysm-data/dust_gnilc/gnilc_dust_template_nside8192.fits
2023-06-28 16:37:28,511:INFO:mapsims:Processing channel Channel CHLAT_f150
2023-06-28 16:37:28,512:INFO:mapsims:Bandpass integration for Channel CHLAT_f150
2023-06-28 16:40:33,246:INFO:mapsims:Smoothing and coord-transform for Channel CHLAT_f150
2023-06-28 16:40:33,249:INFO:pysm3:Using map2alm with pixel weights
2023-06-28 16:41:05,759:INFO:pysm3:Smoothing with fwhm of 1.3 arcmin
2023-06-28 16:41:09,364:INFO:pysm3:Rotate Alm
2023-06-28 16:54:18,664:INFO:pysm3:Alm to map HEALPix
2023-06-28 16:54:33,276:INFO:mapsims:Writing output map cmbs4_dust_d9_uKCMB_CHLAT_f150_nside4096.fits
2023-06-28 16:54:33,276:INFO:mapsims:Replace NaN with UNSEEN
2023-06-28 16:54:33,959:INFO:mapsims:Reorder ring to nest
2023-06-28 16:54:49,548:INFO:mapsims:Writing output map

real	24m43.355s
user	387m19.579s
sys	2m6.137s
