
WARNING: version mismatch between CFITSIO header (v3.47) and linked library (v4.02).


WARNING: version mismatch between CFITSIO header (v3.47) and linked library (v4.02).


WARNING: version mismatch between CFITSIO header (v3.47) and linked library (v4.02).

2023-06-02 00:10:30,701:INFO:mapsims:Parsing configuration from common.toml, freefree_f1.toml
2023-06-02 00:10:30,710:INFO:mapsims:Nside: 512, Modeling Nside: 512, Ellmax: 1280
2023-06-02 00:10:30,712:INFO:mapsims:Initializing the PySM Sky object
2023-06-02 00:10:30,713:INFO:pysm3:Access data from /mnt/sdceph/users/azonca/pysm-data/pysm_2/ff_t_new.fits
2023-06-02 00:10:30,740:INFO:mapsims:Processing channel Channel SAT_f220
2023-06-02 00:10:30,741:INFO:mapsims:Bandpass integration for Channel SAT_f220
2023-06-02 00:10:32,423:INFO:mapsims:Smoothing and coord-transform for Channel SAT_f220
2023-06-02 00:10:37,362:INFO:pysm3:Used map2alm_lsq, converged in 8 iterations,residual relative error 0.11
2023-06-02 00:10:37,363:INFO:pysm3:Smoothing with fwhm of 9.4 arcmin
2023-06-02 00:10:37,410:INFO:pysm3:Rotate Alm
2023-06-02 00:10:39,939:INFO:pysm3:Alm to map HEALPix
2023-06-02 00:10:40,120:INFO:mapsims:Writing output map cmbs4_freefree_f1_uKCMB_SAT-SAT_f220_nside512.fits
2023-06-02 00:10:40,120:INFO:mapsims:Replace NaN with UNSEEN
2023-06-02 00:10:40,131:INFO:mapsims:Reorder ring to nest
2023-06-02 00:10:40,325:INFO:mapsims:Writing output map

real	0m11.732s
user	3m57.724s
sys	0m59.650s
