
WARNING: version mismatch between CFITSIO header (v3.47) and linked library (v4.02).


WARNING: version mismatch between CFITSIO header (v3.47) and linked library (v4.02).


WARNING: version mismatch between CFITSIO header (v3.47) and linked library (v4.02).

2023-06-02 00:40:20,375:INFO:mapsims:Parsing configuration from common.toml, synchrotron_s5.toml
2023-06-02 00:40:20,388:INFO:mapsims:Nside: 4096, Modeling Nside: 8192, Ellmax: 10240
2023-06-02 00:40:20,389:INFO:mapsims:Initializing the PySM Sky object
2023-06-02 00:40:20,390:INFO:pysm3:Access data from /mnt/sdceph/users/azonca/pysm-data/synch/synch_template_nside8192_2023.02.25.fits
2023-06-02 00:40:41,165:INFO:pysm3:Access data from /mnt/sdceph/users/azonca/pysm-data/synch/synch_beta_nside8192.fits
2023-06-02 00:44:58,920:INFO:mapsims:Processing channel Channel SPLAT_f040
2023-06-02 00:44:58,920:INFO:mapsims:Bandpass integration for Channel SPLAT_f040
2023-06-02 00:47:02,044:INFO:mapsims:Smoothing and coord-transform for Channel SPLAT_f040
2023-06-02 00:47:02,046:INFO:pysm3:Using map2alm with pixel weights
2023-06-02 00:47:36,971:INFO:pysm3:Smoothing with fwhm of 6.2 arcmin
2023-06-02 00:47:40,327:INFO:pysm3:Rotate Alm
2023-06-02 01:02:06,114:INFO:pysm3:Alm to map HEALPix
2023-06-02 01:02:22,544:INFO:mapsims:Writing output map cmbs4_synchrotron_s5_uKCMB_LAT-SPLAT_f040_nside4096.fits
2023-06-02 01:02:22,544:INFO:mapsims:Replace NaN with UNSEEN
2023-06-02 01:02:23,482:INFO:mapsims:Reorder ring to nest
2023-06-02 01:02:41,079:INFO:mapsims:Writing output map

real	22m32.415s
user	549m24.955s
sys	2m48.644s
