
WARNING: version mismatch between CFITSIO header (v3.47) and linked library (v4.02).


WARNING: version mismatch between CFITSIO header (v3.47) and linked library (v4.02).


WARNING: version mismatch between CFITSIO header (v3.47) and linked library (v4.02).

2023-06-02 00:27:39,974:INFO:mapsims:Parsing configuration from common.toml, cmb_c3.toml
2023-06-02 00:27:39,984:INFO:mapsims:Nside: 512, Modeling Nside: 4096, Ellmax: 1280
2023-06-02 00:27:39,986:INFO:mapsims:Initializing the PySM Sky object
2023-06-02 00:27:39,987:INFO:pysm3:Access data from /mnt/sdceph/users/azonca/pysm-data/websky/0.4/cmb/map_I_unlensed_alm_seed1_nside4096.fits
2023-06-02 00:27:39,988:INFO:pysm3:Access data from /mnt/sdceph/users/azonca/pysm-data/websky/0.4/cmb/map_Q_unlensed_alm_seed1_nside4096.fits
2023-06-02 00:27:39,988:INFO:pysm3:Access data from /mnt/sdceph/users/azonca/pysm-data/websky/0.4/cmb/map_U_unlensed_alm_seed1_nside4096.fits
2023-06-02 00:27:39,989:INFO:pysm3:Access data from /mnt/sdceph/users/azonca/pysm-data/websky/0.4/cmb/map_I_unlensed_alm_seed1_nside4096.fits
2023-06-02 00:27:41,515:INFO:pysm3:Access data from /mnt/sdceph/users/azonca/pysm-data/websky/0.4/cmb/map_Q_unlensed_alm_seed1_nside4096.fits
2023-06-02 00:27:45,486:INFO:pysm3:Access data from /mnt/sdceph/users/azonca/pysm-data/websky/0.4/cmb/map_U_unlensed_alm_seed1_nside4096.fits
2023-06-02 00:28:49,316:INFO:mapsims:Processing channel Channel SAT_f095
2023-06-02 00:28:49,316:INFO:mapsims:Bandpass integration for Channel SAT_f095
2023-06-02 00:28:51,910:INFO:mapsims:Smoothing and coord-transform for Channel SAT_f095
2023-06-02 00:28:51,910:INFO:pysm3:Using map2alm with pixel weights
2023-06-02 00:28:56,993:INFO:pysm3:Smoothing with fwhm of 22.4 arcmin
2023-06-02 00:28:57,048:INFO:pysm3:Rotate Alm
2023-06-02 00:28:59,427:INFO:pysm3:Alm to map HEALPix
2023-06-02 00:28:59,604:INFO:mapsims:Writing output map cmbs4_cmb_c3_uKCMB_SAT-SAT_f095_nside512.fits
2023-06-02 00:28:59,604:INFO:mapsims:Replace NaN with UNSEEN
2023-06-02 00:28:59,613:INFO:mapsims:Reorder ring to nest
2023-06-02 00:28:59,835:INFO:mapsims:Writing output map

real	1m21.746s
user	2m29.002s
sys	0m10.511s
