
WARNING: version mismatch between CFITSIO header (v3.47) and linked library (v4.02).


WARNING: version mismatch between CFITSIO header (v3.47) and linked library (v4.02).


WARNING: version mismatch between CFITSIO header (v3.47) and linked library (v4.02).

2023-06-02 00:10:37,101:INFO:mapsims:Parsing configuration from common.toml, cib_cib1.toml
2023-06-02 00:10:37,111:INFO:mapsims:Nside: 4096, Modeling Nside: 4096, Ellmax: 10240
2023-06-02 00:10:37,112:INFO:mapsims:Initializing the PySM Sky object
2023-06-02 00:10:37,335:INFO:mapsims:Processing channel Channel CHLAT_f040
2023-06-02 00:10:37,336:INFO:mapsims:Bandpass integration for Channel CHLAT_f040
2023-06-02 00:10:37,521:INFO:pysm3:Frequencies considered: [27.3 30.  35.9 41.7 44.  47.4]
2023-06-02 00:10:37,645:INFO:pysm3:Access data from /mnt/sdceph/users/azonca/pysm-data/websky/0.4/cib/cib_0027.3.fits
2023-06-02 00:10:37,645:INFO:pysm3:Reading map /mnt/sdceph/users/azonca/pysm-data/websky/0.4/cib/cib_0027.3.fits
2023-06-02 00:10:37,646:INFO:pysm3:Access data from /mnt/sdceph/users/azonca/pysm-data/websky/0.4/cib/cib_0027.3.fits
2023-06-02 00:10:48,112:INFO:pysm3:Access data from /mnt/sdceph/users/azonca/pysm-data/websky/0.4/cib/cib_0027.3.fits
2023-06-02 00:10:53,098:INFO:pysm3:Mean emission at 27.3 GHz in I: 1.805 uK_RJ
2023-06-02 00:10:53,198:INFO:pysm3:Access data from /mnt/sdceph/users/azonca/pysm-data/websky/0.4/cib/cib_0030.0.fits
2023-06-02 00:10:53,198:INFO:pysm3:Reading map /mnt/sdceph/users/azonca/pysm-data/websky/0.4/cib/cib_0030.0.fits
2023-06-02 00:10:53,199:INFO:pysm3:Access data from /mnt/sdceph/users/azonca/pysm-data/websky/0.4/cib/cib_0030.0.fits
2023-06-02 00:11:04,001:INFO:pysm3:Access data from /mnt/sdceph/users/azonca/pysm-data/websky/0.4/cib/cib_0030.0.fits
2023-06-02 00:11:08,468:INFO:pysm3:Mean emission at 30.0 GHz in I: 2.083 uK_RJ
2023-06-02 00:11:08,469:INFO:pysm3:Access data from /mnt/sdceph/users/azonca/pysm-data/websky/0.4/cib/cib_0035.9.fits
2023-06-02 00:11:08,469:INFO:pysm3:Reading map /mnt/sdceph/users/azonca/pysm-data/websky/0.4/cib/cib_0035.9.fits
2023-06-02 00:11:08,470:INFO:pysm3:Access data from /mnt/sdceph/users/azonca/pysm-data/websky/0.4/cib/cib_0035.9.fits
2023-06-02 00:11:18,539:INFO:pysm3:Access data from /mnt/sdceph/users/azonca/pysm-data/websky/0.4/cib/cib_0035.9.fits
2023-06-02 00:11:23,000:INFO:pysm3:Mean emission at 35.9 GHz in I: 2.731 uK_RJ
2023-06-02 00:11:23,002:INFO:pysm3:Access data from /mnt/sdceph/users/azonca/pysm-data/websky/0.4/cib/cib_0041.7.fits
2023-06-02 00:11:23,002:INFO:pysm3:Reading map /mnt/sdceph/users/azonca/pysm-data/websky/0.4/cib/cib_0041.7.fits
2023-06-02 00:11:23,003:INFO:pysm3:Access data from /mnt/sdceph/users/azonca/pysm-data/websky/0.4/cib/cib_0041.7.fits
2023-06-02 00:11:33,282:INFO:pysm3:Access data from /mnt/sdceph/users/azonca/pysm-data/websky/0.4/cib/cib_0041.7.fits
2023-06-02 00:11:37,740:INFO:pysm3:Mean emission at 41.7 GHz in I: 3.415 uK_RJ
2023-06-02 00:11:37,742:INFO:pysm3:Access data from /mnt/sdceph/users/azonca/pysm-data/websky/0.4/cib/cib_0044.0.fits
2023-06-02 00:11:37,742:INFO:pysm3:Reading map /mnt/sdceph/users/azonca/pysm-data/websky/0.4/cib/cib_0044.0.fits
2023-06-02 00:11:37,743:INFO:pysm3:Access data from /mnt/sdceph/users/azonca/pysm-data/websky/0.4/cib/cib_0044.0.fits
2023-06-02 00:11:46,995:INFO:pysm3:Access data from /mnt/sdceph/users/azonca/pysm-data/websky/0.4/cib/cib_0044.0.fits
2023-06-02 00:11:51,448:INFO:pysm3:Mean emission at 44.0 GHz in I: 3.698 uK_RJ
2023-06-02 00:11:51,449:INFO:pysm3:Access data from /mnt/sdceph/users/azonca/pysm-data/websky/0.4/cib/cib_0047.4.fits
2023-06-02 00:11:51,449:INFO:pysm3:Reading map /mnt/sdceph/users/azonca/pysm-data/websky/0.4/cib/cib_0047.4.fits
2023-06-02 00:11:51,450:INFO:pysm3:Access data from /mnt/sdceph/users/azonca/pysm-data/websky/0.4/cib/cib_0047.4.fits
2023-06-02 00:12:01,437:INFO:pysm3:Access data from /mnt/sdceph/users/azonca/pysm-data/websky/0.4/cib/cib_0047.4.fits
2023-06-02 00:12:05,886:INFO:pysm3:Mean emission at 47.4 GHz in I: 4.126 uK_RJ
2023-06-02 00:12:33,826:INFO:mapsims:Smoothing and coord-transform for Channel CHLAT_f040
2023-06-02 00:19:37,551:WARNING:pysm3:hp.map2alm_lsq did not converge in 10 iterations, residual relative error is 0.36
2023-06-02 00:19:37,552:INFO:pysm3:Smoothing with fwhm of 5.3 arcmin
2023-06-02 00:19:40,991:INFO:pysm3:Rotate Alm
2023-06-02 00:30:39,875:INFO:pysm3:Alm to map HEALPix
2023-06-02 00:30:56,117:INFO:mapsims:Writing output map cmbs4_cib_cib1_uKCMB_LAT-CHLAT_f040_nside4096.fits
2023-06-02 00:30:56,118:INFO:mapsims:Replace NaN with UNSEEN
2023-06-02 00:30:57,033:INFO:mapsims:Reorder ring to nest
2023-06-02 00:31:13,450:INFO:mapsims:Writing output map

real	20m46.629s
user	590m53.881s
sys	6m39.636s
