
WARNING: version mismatch between CFITSIO header (v3.47) and linked library (v4.02).


WARNING: version mismatch between CFITSIO header (v3.47) and linked library (v4.02).


WARNING: version mismatch between CFITSIO header (v3.47) and linked library (v4.02).

2023-06-02 00:08:17,485:INFO:mapsims:Parsing configuration from common.toml, dust_d10.toml
2023-06-02 00:08:17,495:INFO:mapsims:Nside: 512, Modeling Nside: 2048, Ellmax: 1280
2023-06-02 00:08:17,496:INFO:mapsims:Initializing the PySM Sky object
2023-06-02 00:08:17,497:INFO:pysm3:Access data from /mnt/sdceph/users/azonca/pysm-data/dust_gnilc/gnilc_dust_template_nside2048.fits
2023-06-02 00:08:19,353:INFO:pysm3:Access data from /mnt/sdceph/users/azonca/pysm-data/dust_gnilc/gnilc_dust_beta_nside2048.fits
2023-06-02 00:08:19,784:INFO:pysm3:Access data from /mnt/sdceph/users/azonca/pysm-data/dust_gnilc/gnilc_dust_Td_nside2048.fits
2023-06-02 00:08:20,319:INFO:mapsims:Processing channel Channel SAT_f280
2023-06-02 00:08:20,319:INFO:mapsims:Bandpass integration for Channel SAT_f280
2023-06-02 00:09:10,340:INFO:mapsims:Smoothing and coord-transform for Channel SAT_f280
2023-06-02 00:09:10,341:INFO:pysm3:Using map2alm with pixel weights
2023-06-02 00:09:12,021:INFO:pysm3:Smoothing with fwhm of 7.7 arcmin
2023-06-02 00:09:12,073:INFO:pysm3:Rotate Alm
2023-06-02 00:09:14,285:INFO:pysm3:Alm to map HEALPix
2023-06-02 00:09:14,490:INFO:mapsims:Writing output map cmbs4_dust_d10_uKCMB_SAT-SAT_f280_nside512.fits
2023-06-02 00:09:14,490:INFO:mapsims:Replace NaN with UNSEEN
2023-06-02 00:09:14,501:INFO:mapsims:Reorder ring to nest
2023-06-02 00:09:14,691:INFO:mapsims:Writing output map

real	0m59.438s
user	4m4.736s
sys	0m23.197s
