
WARNING: version mismatch between CFITSIO header (v3.47) and linked library (v4.02).


WARNING: version mismatch between CFITSIO header (v3.47) and linked library (v4.02).


WARNING: version mismatch between CFITSIO header (v3.47) and linked library (v4.02).

2023-06-28 16:39:16,413:INFO:mapsims:Parsing configuration from common.toml, dust_d9.toml
2023-06-28 16:39:16,423:INFO:mapsims:Nside: 4096, Modeling Nside: 8192, Ellmax: 10240
2023-06-28 16:39:16,424:INFO:mapsims:Initializing the PySM Sky object
2023-06-28 16:39:16,425:INFO:pysm3:Access data from /mnt/sdceph/users/azonca/pysm-data/dust_gnilc/gnilc_dust_template_nside8192.fits
2023-06-28 16:51:44,186:INFO:mapsims:Processing channel Channel CHLAT_f030
2023-06-28 16:51:44,186:INFO:mapsims:Bandpass integration for Channel CHLAT_f030
2023-06-28 16:54:45,975:INFO:mapsims:Smoothing and coord-transform for Channel CHLAT_f030
2023-06-28 16:54:45,976:INFO:pysm3:Using map2alm with pixel weights
2023-06-28 16:55:18,395:INFO:pysm3:Smoothing with fwhm of 7.8 arcmin
2023-06-28 16:55:21,903:INFO:pysm3:Rotate Alm
2023-06-28 17:08:51,620:INFO:pysm3:Alm to map HEALPix
2023-06-28 17:09:06,211:INFO:mapsims:Writing output map cmbs4_dust_d9_uKCMB_CHLAT_f030_nside4096.fits
2023-06-28 17:09:06,211:INFO:mapsims:Replace NaN with UNSEEN
2023-06-28 17:09:06,835:INFO:mapsims:Reorder ring to nest
2023-06-28 17:09:22,839:INFO:mapsims:Writing output map

real	30m17.158s
user	422m41.625s
sys	2m12.945s
