
WARNING: version mismatch between CFITSIO header (v3.47) and linked library (v4.02).


WARNING: version mismatch between CFITSIO header (v3.47) and linked library (v4.02).


WARNING: version mismatch between CFITSIO header (v3.47) and linked library (v4.02).

2023-06-02 00:24:13,405:INFO:mapsims:Parsing configuration from common.toml, tsz_tsz1.toml
2023-06-02 00:24:13,415:INFO:mapsims:Nside: 4096, Modeling Nside: 8192, Ellmax: 10240
2023-06-02 00:24:13,417:INFO:mapsims:Initializing the PySM Sky object
2023-06-02 00:24:13,419:INFO:pysm3:Access data from /mnt/sdceph/users/azonca/pysm-data/websky/0.4/tsz_8192_hp.fits
2023-06-02 00:24:13,420:INFO:pysm3:Access data from /mnt/sdceph/users/azonca/pysm-data/websky/0.4/tsz_8192_hp.fits
2023-06-02 00:24:25,021:INFO:mapsims:Processing channel Channel CHLAT_f280
2023-06-02 00:24:25,021:INFO:mapsims:Bandpass integration for Channel CHLAT_f280
2023-06-02 00:24:59,701:INFO:mapsims:Smoothing and coord-transform for Channel CHLAT_f280
2023-06-02 00:24:59,702:INFO:pysm3:Using map2alm with pixel weights
2023-06-02 00:25:33,943:INFO:pysm3:Smoothing with fwhm of 0.83 arcmin
2023-06-02 00:25:37,278:INFO:pysm3:Rotate Alm
2023-06-02 00:36:37,897:INFO:pysm3:Alm to map HEALPix
2023-06-02 00:36:54,092:INFO:mapsims:Writing output map cmbs4_tsz_tsz1_uKCMB_LAT-CHLAT_f280_nside4096.fits
2023-06-02 00:36:54,092:INFO:mapsims:Replace NaN with UNSEEN
2023-06-02 00:36:54,830:INFO:mapsims:Reorder ring to nest
2023-06-02 00:37:11,055:INFO:mapsims:Writing output map

real	13m7.042s
user	498m42.103s
sys	1m13.920s
