
WARNING: version mismatch between CFITSIO header (v3.47) and linked library (v4.02).


WARNING: version mismatch between CFITSIO header (v3.47) and linked library (v4.02).


WARNING: version mismatch between CFITSIO header (v3.47) and linked library (v4.02).

2023-06-02 00:37:28,130:INFO:mapsims:Parsing configuration from common.toml, co_co3.toml
2023-06-02 00:37:28,155:INFO:mapsims:Nside: 512, Modeling Nside: 2048, Ellmax: 1280
2023-06-02 00:37:28,157:INFO:mapsims:Initializing the PySM Sky object
2023-06-02 00:37:28,159:INFO:pysm3:Access data from /mnt/sdceph/users/azonca/pysm-data/co/HFI_CompMap_CO-Type1_2048_R2.00_ring.fits
2023-06-02 00:37:28,159:INFO:pysm3:Access data from /mnt/sdceph/users/azonca/pysm-data/co/HFI_CompMap_CO-Type1_2048_R2.00_ring.fits
2023-06-02 00:37:51,302:INFO:pysm3:Access data from /mnt/sdceph/users/azonca/pysm-data/co/psimap_dust90_2048.fits
2023-06-02 00:37:51,304:INFO:pysm3:Access data from /mnt/sdceph/users/azonca/pysm-data/co/psimap_dust90_2048.fits
2023-06-02 00:38:01,579:WARNING:pysm3:No physical unit associated with file /mnt/sdceph/users/azonca/pysm-data/co/psimap_dust90_2048.fits
2023-06-02 00:38:01,580:INFO:pysm3:Access data from /mnt/sdceph/users/azonca/pysm-data/co/gmap_dust90_2048.fits
2023-06-02 00:38:01,581:INFO:pysm3:Access data from /mnt/sdceph/users/azonca/pysm-data/co/gmap_dust90_2048.fits
2023-06-02 00:39:12,391:WARNING:pysm3:No physical unit associated with file /mnt/sdceph/users/azonca/pysm-data/co/gmap_dust90_2048.fits
2023-06-02 00:39:12,392:INFO:pysm3:Access data from /mnt/sdceph/users/azonca/pysm-data/co/mcmoleCO_HGL_2048.fits
2023-06-02 00:39:12,393:INFO:pysm3:Access data from /mnt/sdceph/users/azonca/pysm-data/co/mcmoleCO_HGL_2048.fits
2023-06-02 00:39:14,603:INFO:mapsims:Processing channel Channel SAT_f040
2023-06-02 00:39:14,603:INFO:mapsims:Bandpass integration for Channel SAT_f040
2023-06-02 00:39:16,052:INFO:mapsims:Smoothing and coord-transform for Channel SAT_f040
2023-06-02 00:39:16,052:INFO:pysm3:Using map2alm with pixel weights
2023-06-02 00:39:18,106:INFO:pysm3:Smoothing with fwhm of 61.6 arcmin
2023-06-02 00:39:18,159:INFO:pysm3:Rotate Alm
2023-06-02 00:39:20,210:INFO:pysm3:Alm to map HEALPix
2023-06-02 00:39:20,405:INFO:mapsims:Writing output map cmbs4_co_co3_uKCMB_SAT-SAT_f040_nside512.fits
2023-06-02 00:39:20,405:INFO:mapsims:Replace NaN with UNSEEN
2023-06-02 00:39:20,415:INFO:mapsims:Reorder ring to nest
2023-06-02 00:39:20,602:INFO:mapsims:Writing output map

real	1m54.475s
user	2m34.583s
sys	0m10.988s
