
WARNING: version mismatch between CFITSIO header (v3.47) and linked library (v4.02).


WARNING: version mismatch between CFITSIO header (v3.47) and linked library (v4.02).


WARNING: version mismatch between CFITSIO header (v3.47) and linked library (v4.02).

2023-06-02 00:08:20,422:INFO:mapsims:Parsing configuration from common.toml, dust_d9.toml
2023-06-02 00:08:20,433:INFO:mapsims:Nside: 4096, Modeling Nside: 8192, Ellmax: 10240
2023-06-02 00:08:20,434:INFO:mapsims:Initializing the PySM Sky object
2023-06-02 00:08:20,436:INFO:pysm3:Access data from /mnt/sdceph/users/azonca/pysm-data/dust_gnilc/gnilc_dust_template_nside8192.fits
2023-06-02 00:08:44,558:INFO:mapsims:Processing channel Channel SPLAT_f030
2023-06-02 00:08:44,559:INFO:mapsims:Bandpass integration for Channel SPLAT_f030
2023-06-02 00:12:04,123:INFO:mapsims:Smoothing and coord-transform for Channel SPLAT_f030
2023-06-02 00:12:04,124:INFO:pysm3:Using map2alm with pixel weights
2023-06-02 00:12:39,589:INFO:pysm3:Smoothing with fwhm of 9.1 arcmin
2023-06-02 00:12:42,947:INFO:pysm3:Rotate Alm
2023-06-02 00:27:02,595:INFO:pysm3:Alm to map HEALPix
2023-06-02 00:27:18,938:INFO:mapsims:Writing output map cmbs4_dust_d9_uKCMB_LAT-SPLAT_f030_nside4096.fits
2023-06-02 00:27:18,938:INFO:mapsims:Replace NaN with UNSEEN
2023-06-02 00:27:19,904:INFO:mapsims:Reorder ring to nest
2023-06-02 00:27:36,478:INFO:mapsims:Writing output map

real	19m29.244s
user	517m5.673s
sys	2m14.226s
