
WARNING: version mismatch between CFITSIO header (v3.47) and linked library (v4.02).


WARNING: version mismatch between CFITSIO header (v3.47) and linked library (v4.02).


WARNING: version mismatch between CFITSIO header (v3.47) and linked library (v4.02).

2023-06-28 16:30:42,082:INFO:mapsims:Parsing configuration from common.toml, dust_d10.toml
2023-06-28 16:30:42,093:INFO:mapsims:Nside: 512, Modeling Nside: 2048, Ellmax: 1280
2023-06-28 16:30:42,095:INFO:mapsims:Initializing the PySM Sky object
2023-06-28 16:30:42,096:INFO:pysm3:Access data from /mnt/sdceph/users/azonca/pysm-data/dust_gnilc/gnilc_dust_template_nside2048.fits
2023-06-28 16:31:03,026:INFO:pysm3:Retrieve data for dust_gnilc/gnilc_dust_beta_nside2048_2023.06.06.fits (if not cached already)
2023-06-28 16:31:03,409:INFO:pysm3:Retrieve data for dust_gnilc/gnilc_dust_Td_nside2048_2023.06.06.fits (if not cached already)
2023-06-28 16:31:03,755:INFO:mapsims:Processing channel Channel SAT_f280
2023-06-28 16:31:03,755:INFO:mapsims:Bandpass integration for Channel SAT_f280
2023-06-28 16:31:52,960:INFO:mapsims:Smoothing and coord-transform for Channel SAT_f280
2023-06-28 16:31:52,963:INFO:pysm3:Using map2alm with pixel weights
2023-06-28 16:31:54,543:INFO:pysm3:Smoothing with fwhm of 7.7 arcmin
2023-06-28 16:31:54,601:INFO:pysm3:Rotate Alm
2023-06-28 16:31:57,327:INFO:pysm3:Alm to map HEALPix
2023-06-28 16:31:57,521:INFO:mapsims:Writing output map cmbs4_dust_d10_uKCMB_SAT_f280_nside512.fits
2023-06-28 16:31:57,521:INFO:mapsims:Replace NaN with UNSEEN
2023-06-28 16:31:57,530:INFO:mapsims:Reorder ring to nest
2023-06-28 16:31:57,722:INFO:mapsims:Writing output map

real	1m19.130s
user	4m23.079s
sys	0m22.891s
