
WARNING: version mismatch between CFITSIO header (v3.47) and linked library (v4.02).


WARNING: version mismatch between CFITSIO header (v3.47) and linked library (v4.02).


WARNING: version mismatch between CFITSIO header (v3.47) and linked library (v4.02).

2023-06-02 00:36:34,960:INFO:mapsims:Parsing configuration from common.toml, ame_a2.toml
2023-06-02 00:36:34,989:INFO:mapsims:Nside: 512, Modeling Nside: 512, Ellmax: 1280
2023-06-02 00:36:34,991:INFO:mapsims:Initializing the PySM Sky object
2023-06-02 00:36:34,992:INFO:pysm3:Access data from /mnt/sdceph/users/azonca/pysm-data/pysm_2/ame_t_new.fits
2023-06-02 00:36:35,037:INFO:pysm3:Access data from /mnt/sdceph/users/azonca/pysm-data/pysm_2/ame_nu_peak_0.fits
2023-06-02 00:36:35,109:INFO:pysm3:Access data from /mnt/sdceph/users/azonca/pysm-data/pysm_2/emissivity.txt
2023-06-02 00:36:35,113:INFO:pysm3:Access data from /mnt/sdceph/users/azonca/pysm-data/pysm_2/dust_u_new.fits
2023-06-02 00:36:35,161:WARNING:pysm3:No physical unit associated with file /mnt/sdceph/users/azonca/pysm-data/pysm_2/dust_u_new.fits
2023-06-02 00:36:35,162:INFO:pysm3:Access data from /mnt/sdceph/users/azonca/pysm-data/pysm_2/dust_q_new.fits
2023-06-02 00:36:35,216:WARNING:pysm3:No physical unit associated with file /mnt/sdceph/users/azonca/pysm-data/pysm_2/dust_q_new.fits
2023-06-02 00:36:35,280:INFO:pysm3:Access data from /mnt/sdceph/users/azonca/pysm-data/pysm_2/ame2_t_new.fits
2023-06-02 00:36:35,350:INFO:pysm3:Access data from /mnt/sdceph/users/azonca/pysm-data/pysm_2/emissivity.txt
2023-06-02 00:36:35,352:INFO:pysm3:Access data from /mnt/sdceph/users/azonca/pysm-data/pysm_2/dust_u_new.fits
2023-06-02 00:36:35,380:WARNING:pysm3:No physical unit associated with file /mnt/sdceph/users/azonca/pysm-data/pysm_2/dust_u_new.fits
2023-06-02 00:36:35,381:INFO:pysm3:Access data from /mnt/sdceph/users/azonca/pysm-data/pysm_2/dust_q_new.fits
2023-06-02 00:36:35,408:WARNING:pysm3:No physical unit associated with file /mnt/sdceph/users/azonca/pysm-data/pysm_2/dust_q_new.fits
2023-06-02 00:36:35,471:INFO:mapsims:Processing channel Channel SAT_f040
2023-06-02 00:36:35,471:INFO:mapsims:Bandpass integration for Channel SAT_f040
2023-06-02 00:36:43,799:INFO:mapsims:Smoothing and coord-transform for Channel SAT_f040
2023-06-02 00:36:48,525:INFO:pysm3:Used map2alm_lsq, converged in 8 iterations,residual relative error 0.044
2023-06-02 00:36:48,526:INFO:pysm3:Smoothing with fwhm of 61.6 arcmin
2023-06-02 00:36:48,577:INFO:pysm3:Rotate Alm
2023-06-02 00:36:50,917:INFO:pysm3:Alm to map HEALPix
2023-06-02 00:36:51,100:INFO:mapsims:Writing output map cmbs4_ame_a2_uKCMB_SAT-SAT_f040_nside512.fits
2023-06-02 00:36:51,100:INFO:mapsims:Replace NaN with UNSEEN
2023-06-02 00:36:51,109:INFO:mapsims:Reorder ring to nest
2023-06-02 00:36:51,363:INFO:mapsims:Writing output map

real	0m18.419s
user	3m14.220s
sys	1m19.789s
