
WARNING: version mismatch between CFITSIO header (v3.47) and linked library (v4.02).


WARNING: version mismatch between CFITSIO header (v3.47) and linked library (v4.02).


WARNING: version mismatch between CFITSIO header (v3.47) and linked library (v4.02).

2023-06-01 23:49:55,069:INFO:mapsims:Parsing configuration from common.toml, synchrotron_s4.toml
2023-06-01 23:49:55,079:INFO:mapsims:Nside: 512, Modeling Nside: 2048, Ellmax: 1280
2023-06-01 23:49:55,082:INFO:mapsims:Initializing the PySM Sky object
2023-06-01 23:49:55,082:INFO:pysm3:Access data from /mnt/sdceph/users/azonca/pysm-data/synch/synch_template_nside2048_2023.02.25.fits
2023-06-01 23:49:59,247:INFO:mapsims:Processing channel Channel SAT_f085
2023-06-01 23:49:59,247:INFO:mapsims:Bandpass integration for Channel SAT_f085
2023-06-01 23:50:07,838:INFO:mapsims:Smoothing and coord-transform for Channel SAT_f085
2023-06-01 23:50:07,844:INFO:pysm3:Using map2alm with pixel weights
2023-06-01 23:50:09,552:INFO:pysm3:Smoothing with fwhm of 24.6 arcmin
2023-06-01 23:50:09,605:INFO:pysm3:Rotate Alm
2023-06-01 23:50:11,871:INFO:pysm3:Alm to map HEALPix
2023-06-01 23:50:12,092:INFO:mapsims:Writing output map cmbs4_synchrotron_s4_uKCMB_SAT-SAT_f085_nside512.fits
2023-06-01 23:50:12,092:INFO:mapsims:Replace NaN with UNSEEN
2023-06-01 23:50:12,103:INFO:mapsims:Reorder ring to nest
2023-06-01 23:50:12,326:INFO:mapsims:Writing output map

real	0m21.104s
user	2m29.566s
sys	0m13.238s
