
WARNING: version mismatch between CFITSIO header (v3.47) and linked library (v4.02).


WARNING: version mismatch between CFITSIO header (v3.47) and linked library (v4.02).


WARNING: version mismatch between CFITSIO header (v3.47) and linked library (v4.02).

2023-06-01 23:54:04,471:INFO:mapsims:Parsing configuration from common.toml, ksz_ksz1.toml
2023-06-01 23:54:04,480:INFO:mapsims:Nside: 4096, Modeling Nside: 4096, Ellmax: 10240
2023-06-01 23:54:04,482:INFO:mapsims:Initializing the PySM Sky object
2023-06-01 23:54:04,483:INFO:pysm3:Access data from /mnt/sdceph/users/azonca/pysm-data/websky/0.4/ksz.fits
2023-06-01 23:54:04,484:INFO:pysm3:Access data from /mnt/sdceph/users/azonca/pysm-data/websky/0.4/ksz.fits
2023-06-01 23:54:05,844:INFO:mapsims:Processing channel Channel SPLAT_f220
2023-06-01 23:54:05,844:INFO:mapsims:Bandpass integration for Channel SPLAT_f220
2023-06-01 23:54:15,623:INFO:mapsims:Smoothing and coord-transform for Channel SPLAT_f220
2023-06-02 00:01:12,248:WARNING:pysm3:hp.map2alm_lsq did not converge in 10 iterations, residual relative error is 0.19
2023-06-02 00:01:12,249:INFO:pysm3:Smoothing with fwhm of 1.1 arcmin
2023-06-02 00:01:16,095:INFO:pysm3:Rotate Alm
2023-06-02 00:11:54,388:INFO:pysm3:Alm to map HEALPix
2023-06-02 00:12:09,003:INFO:mapsims:Writing output map cmbs4_ksz_ksz1_uKCMB_LAT-SPLAT_f220_nside4096.fits
2023-06-02 00:12:09,003:INFO:mapsims:Replace NaN with UNSEEN
2023-06-02 00:12:09,769:INFO:mapsims:Reorder ring to nest
2023-06-02 00:12:25,927:INFO:mapsims:Writing output map

real	18m30.223s
user	520m19.995s
sys	6m22.840s
