
WARNING: version mismatch between CFITSIO header (v3.47) and linked library (v4.02).


WARNING: version mismatch between CFITSIO header (v3.47) and linked library (v4.02).


WARNING: version mismatch between CFITSIO header (v3.47) and linked library (v4.02).

2023-06-28 16:30:40,792:INFO:mapsims:Parsing configuration from common.toml, dust_d10.toml
2023-06-28 16:30:40,802:INFO:mapsims:Nside: 512, Modeling Nside: 2048, Ellmax: 1280
2023-06-28 16:30:40,804:INFO:mapsims:Initializing the PySM Sky object
2023-06-28 16:30:40,805:INFO:pysm3:Access data from /mnt/sdceph/users/azonca/pysm-data/dust_gnilc/gnilc_dust_template_nside2048.fits
2023-06-28 16:30:58,262:INFO:pysm3:Retrieve data for dust_gnilc/gnilc_dust_beta_nside2048_2023.06.06.fits (if not cached already)
2023-06-28 16:30:58,650:INFO:pysm3:Retrieve data for dust_gnilc/gnilc_dust_Td_nside2048_2023.06.06.fits (if not cached already)
2023-06-28 16:30:58,995:INFO:mapsims:Processing channel Channel SAT_f040
2023-06-28 16:30:58,995:INFO:mapsims:Bandpass integration for Channel SAT_f040
2023-06-28 16:31:45,409:INFO:mapsims:Smoothing and coord-transform for Channel SAT_f040
2023-06-28 16:31:45,413:INFO:pysm3:Using map2alm with pixel weights
2023-06-28 16:31:46,932:INFO:pysm3:Smoothing with fwhm of 61.6 arcmin
2023-06-28 16:31:46,989:INFO:pysm3:Rotate Alm
2023-06-28 16:31:49,275:INFO:pysm3:Alm to map HEALPix
2023-06-28 16:31:49,467:INFO:mapsims:Writing output map cmbs4_dust_d10_uKCMB_SAT_f040_nside512.fits
2023-06-28 16:31:49,467:INFO:mapsims:Replace NaN with UNSEEN
2023-06-28 16:31:49,476:INFO:mapsims:Reorder ring to nest
2023-06-28 16:31:49,666:INFO:mapsims:Writing output map

real	1m11.221s
user	3m54.978s
sys	0m22.618s
