
WARNING: version mismatch between CFITSIO header (v3.47) and linked library (v4.02).


WARNING: version mismatch between CFITSIO header (v3.47) and linked library (v4.02).


WARNING: version mismatch between CFITSIO header (v3.47) and linked library (v4.02).

2023-06-28 16:30:41,803:INFO:mapsims:Parsing configuration from common.toml, dust_d10.toml
2023-06-28 16:30:41,813:INFO:mapsims:Nside: 512, Modeling Nside: 2048, Ellmax: 1280
2023-06-28 16:30:41,815:INFO:mapsims:Initializing the PySM Sky object
2023-06-28 16:30:41,816:INFO:pysm3:Access data from /mnt/sdceph/users/azonca/pysm-data/dust_gnilc/gnilc_dust_template_nside2048.fits
2023-06-28 16:30:58,627:INFO:pysm3:Retrieve data for dust_gnilc/gnilc_dust_beta_nside2048_2023.06.06.fits (if not cached already)
2023-06-28 16:30:59,003:INFO:pysm3:Retrieve data for dust_gnilc/gnilc_dust_Td_nside2048_2023.06.06.fits (if not cached already)
2023-06-28 16:30:59,338:INFO:mapsims:Processing channel Channel SAT_f095
2023-06-28 16:30:59,339:INFO:mapsims:Bandpass integration for Channel SAT_f095
2023-06-28 16:31:44,789:INFO:mapsims:Smoothing and coord-transform for Channel SAT_f095
2023-06-28 16:31:44,793:INFO:pysm3:Using map2alm with pixel weights
2023-06-28 16:31:46,307:INFO:pysm3:Smoothing with fwhm of 22.4 arcmin
2023-06-28 16:31:46,361:INFO:pysm3:Rotate Alm
2023-06-28 16:31:48,719:INFO:pysm3:Alm to map HEALPix
2023-06-28 16:31:48,897:INFO:mapsims:Writing output map cmbs4_dust_d10_uKCMB_SAT_f095_nside512.fits
2023-06-28 16:31:48,897:INFO:mapsims:Replace NaN with UNSEEN
2023-06-28 16:31:48,906:INFO:mapsims:Reorder ring to nest
2023-06-28 16:31:49,093:INFO:mapsims:Writing output map

real	1m10.402s
user	3m57.507s
sys	0m21.878s
