
WARNING: version mismatch between CFITSIO header (v3.47) and linked library (v4.02).


WARNING: version mismatch between CFITSIO header (v3.47) and linked library (v4.02).


WARNING: version mismatch between CFITSIO header (v3.47) and linked library (v4.02).

2023-06-02 00:10:24,908:INFO:mapsims:Parsing configuration from common.toml, freefree_f1.toml
2023-06-02 00:10:24,918:INFO:mapsims:Nside: 512, Modeling Nside: 512, Ellmax: 1280
2023-06-02 00:10:24,920:INFO:mapsims:Initializing the PySM Sky object
2023-06-02 00:10:24,921:INFO:pysm3:Access data from /mnt/sdceph/users/azonca/pysm-data/pysm_2/ff_t_new.fits
2023-06-02 00:10:24,959:INFO:mapsims:Processing channel Channel SAT_f085
2023-06-02 00:10:24,959:INFO:mapsims:Bandpass integration for Channel SAT_f085
2023-06-02 00:10:26,647:INFO:mapsims:Smoothing and coord-transform for Channel SAT_f085
2023-06-02 00:10:31,455:INFO:pysm3:Used map2alm_lsq, converged in 8 iterations,residual relative error 0.11
2023-06-02 00:10:31,455:INFO:pysm3:Smoothing with fwhm of 24.6 arcmin
2023-06-02 00:10:31,509:INFO:pysm3:Rotate Alm
2023-06-02 00:10:34,287:INFO:pysm3:Alm to map HEALPix
2023-06-02 00:10:34,486:INFO:mapsims:Writing output map cmbs4_freefree_f1_uKCMB_SAT-SAT_f085_nside512.fits
2023-06-02 00:10:34,486:INFO:mapsims:Replace NaN with UNSEEN
2023-06-02 00:10:34,495:INFO:mapsims:Reorder ring to nest
2023-06-02 00:10:34,686:INFO:mapsims:Writing output map

real	0m11.934s
user	3m58.848s
sys	1m3.930s
