
WARNING: version mismatch between CFITSIO header (v3.47) and linked library (v4.02).


WARNING: version mismatch between CFITSIO header (v3.47) and linked library (v4.02).


WARNING: version mismatch between CFITSIO header (v3.47) and linked library (v4.02).

2023-06-02 00:12:11,358:INFO:mapsims:Parsing configuration from common.toml, tsz_tsz1.toml
2023-06-02 00:12:11,370:INFO:mapsims:Nside: 4096, Modeling Nside: 8192, Ellmax: 10240
2023-06-02 00:12:11,373:INFO:mapsims:Initializing the PySM Sky object
2023-06-02 00:12:11,377:INFO:pysm3:Access data from /mnt/sdceph/users/azonca/pysm-data/websky/0.4/tsz_8192_hp.fits
2023-06-02 00:12:11,377:INFO:pysm3:Access data from /mnt/sdceph/users/azonca/pysm-data/websky/0.4/tsz_8192_hp.fits
2023-06-02 00:12:30,668:INFO:mapsims:Processing channel Channel CHLAT_f030
2023-06-02 00:12:30,668:INFO:mapsims:Bandpass integration for Channel CHLAT_f030
2023-06-02 00:13:06,374:INFO:mapsims:Smoothing and coord-transform for Channel CHLAT_f030
2023-06-02 00:13:06,375:INFO:pysm3:Using map2alm with pixel weights
2023-06-02 00:13:39,347:INFO:pysm3:Smoothing with fwhm of 7.8 arcmin
2023-06-02 00:13:43,007:INFO:pysm3:Rotate Alm
2023-06-02 00:24:28,542:INFO:pysm3:Alm to map HEALPix
2023-06-02 00:24:43,179:INFO:mapsims:Writing output map cmbs4_tsz_tsz1_uKCMB_LAT-CHLAT_f030_nside4096.fits
2023-06-02 00:24:43,179:INFO:mapsims:Replace NaN with UNSEEN
2023-06-02 00:24:43,964:INFO:mapsims:Reorder ring to nest
2023-06-02 00:25:00,487:INFO:mapsims:Writing output map

real	12m59.171s
user	413m59.276s
sys	1m14.197s
