
WARNING: version mismatch between CFITSIO header (v3.47) and linked library (v4.02).


WARNING: version mismatch between CFITSIO header (v3.47) and linked library (v4.02).


WARNING: version mismatch between CFITSIO header (v3.47) and linked library (v4.02).

2023-06-02 00:38:17,592:INFO:mapsims:Parsing configuration from common.toml, co_co3.toml
2023-06-02 00:38:17,624:INFO:mapsims:Nside: 512, Modeling Nside: 2048, Ellmax: 1280
2023-06-02 00:38:17,626:INFO:mapsims:Initializing the PySM Sky object
2023-06-02 00:38:17,628:INFO:pysm3:Access data from /mnt/sdceph/users/azonca/pysm-data/co/HFI_CompMap_CO-Type1_2048_R2.00_ring.fits
2023-06-02 00:38:17,628:INFO:pysm3:Access data from /mnt/sdceph/users/azonca/pysm-data/co/HFI_CompMap_CO-Type1_2048_R2.00_ring.fits
2023-06-02 00:39:33,622:INFO:pysm3:Access data from /mnt/sdceph/users/azonca/pysm-data/co/psimap_dust90_2048.fits
2023-06-02 00:39:33,623:INFO:pysm3:Access data from /mnt/sdceph/users/azonca/pysm-data/co/psimap_dust90_2048.fits
2023-06-02 00:39:39,260:WARNING:pysm3:No physical unit associated with file /mnt/sdceph/users/azonca/pysm-data/co/psimap_dust90_2048.fits
2023-06-02 00:39:39,261:INFO:pysm3:Access data from /mnt/sdceph/users/azonca/pysm-data/co/gmap_dust90_2048.fits
2023-06-02 00:39:39,261:INFO:pysm3:Access data from /mnt/sdceph/users/azonca/pysm-data/co/gmap_dust90_2048.fits
2023-06-02 00:40:32,712:WARNING:pysm3:No physical unit associated with file /mnt/sdceph/users/azonca/pysm-data/co/gmap_dust90_2048.fits
2023-06-02 00:40:32,713:INFO:pysm3:Access data from /mnt/sdceph/users/azonca/pysm-data/co/mcmoleCO_HGL_2048.fits
2023-06-02 00:40:32,713:INFO:pysm3:Access data from /mnt/sdceph/users/azonca/pysm-data/co/mcmoleCO_HGL_2048.fits
2023-06-02 00:40:39,806:INFO:mapsims:Processing channel Channel SAT_f095
2023-06-02 00:40:39,806:INFO:mapsims:Bandpass integration for Channel SAT_f095
2023-06-02 00:40:40,962:INFO:mapsims:Smoothing and coord-transform for Channel SAT_f095
2023-06-02 00:40:40,963:INFO:pysm3:Using map2alm with pixel weights
2023-06-02 00:40:42,618:INFO:pysm3:Smoothing with fwhm of 22.4 arcmin
2023-06-02 00:40:42,675:INFO:pysm3:Rotate Alm
2023-06-02 00:40:45,182:INFO:pysm3:Alm to map HEALPix
2023-06-02 00:40:45,360:INFO:mapsims:Writing output map cmbs4_co_co3_uKCMB_SAT-SAT_f095_nside512.fits
2023-06-02 00:40:45,360:INFO:mapsims:Replace NaN with UNSEEN
2023-06-02 00:40:45,369:INFO:mapsims:Reorder ring to nest
2023-06-02 00:40:45,559:INFO:mapsims:Writing output map

real	2m29.865s
user	2m38.017s
sys	0m10.615s
