
WARNING: version mismatch between CFITSIO header (v3.47) and linked library (v4.02).


WARNING: version mismatch between CFITSIO header (v3.47) and linked library (v4.02).


WARNING: version mismatch between CFITSIO header (v3.47) and linked library (v4.02).

2023-06-02 00:42:27,813:INFO:mapsims:Parsing configuration from common.toml, ame_a1.toml
2023-06-02 00:42:27,823:INFO:mapsims:Nside: 4096, Modeling Nside: 512, Ellmax: 1280
2023-06-02 00:42:27,824:INFO:mapsims:Initializing the PySM Sky object
2023-06-02 00:42:27,825:INFO:pysm3:Access data from /mnt/sdceph/users/azonca/pysm-data/pysm_2/ame_t_new.fits
2023-06-02 00:42:27,863:INFO:pysm3:Access data from /mnt/sdceph/users/azonca/pysm-data/pysm_2/ame_nu_peak_0.fits
2023-06-02 00:42:28,782:INFO:pysm3:Access data from /mnt/sdceph/users/azonca/pysm-data/pysm_2/emissivity.txt
2023-06-02 00:42:28,794:INFO:pysm3:Access data from /mnt/sdceph/users/azonca/pysm-data/pysm_2/ame2_t_new.fits
2023-06-02 00:42:28,834:INFO:pysm3:Access data from /mnt/sdceph/users/azonca/pysm-data/pysm_2/emissivity.txt
2023-06-02 00:42:28,837:INFO:mapsims:Processing channel Channel SPLAT_f020
2023-06-02 00:42:28,837:INFO:mapsims:Bandpass integration for Channel SPLAT_f020
2023-06-02 00:42:35,676:INFO:mapsims:Smoothing and coord-transform for Channel SPLAT_f020
2023-06-02 00:42:40,669:INFO:pysm3:Used map2alm_lsq, converged in 8 iterations,residual relative error 0.042
2023-06-02 00:42:40,670:INFO:pysm3:Smoothing with fwhm of 11.2 arcmin
2023-06-02 00:42:40,722:INFO:pysm3:Rotate Alm
2023-06-02 00:42:42,959:INFO:pysm3:Alm to map HEALPix
2023-06-02 00:42:53,599:INFO:mapsims:Writing output map cmbs4_ame_a1_uKCMB_LAT-SPLAT_f020_nside4096.fits
2023-06-02 00:42:53,599:INFO:mapsims:Replace NaN with UNSEEN
2023-06-02 00:42:54,324:INFO:mapsims:Reorder ring to nest
2023-06-02 00:43:10,058:INFO:mapsims:Writing output map

real	0m51.905s
user	4m24.599s
sys	1m17.775s
