
WARNING: version mismatch between CFITSIO header (v3.47) and linked library (v4.02).


WARNING: version mismatch between CFITSIO header (v3.47) and linked library (v4.02).


WARNING: version mismatch between CFITSIO header (v3.47) and linked library (v4.02).

2023-06-02 00:30:29,847:INFO:mapsims:Parsing configuration from common.toml, dust_d12.toml
2023-06-02 00:30:29,873:INFO:mapsims:Nside: 4096, Modeling Nside: 2048, Ellmax: 5120
2023-06-02 00:30:29,875:INFO:mapsims:Initializing the PySM Sky object
2023-06-02 00:30:32,257:INFO:pysm3:Access data from /mnt/sdceph/users/azonca/pysm-data/mkd_dust/2048/thermaldust_ampl1.fits
2023-06-02 00:32:21,415:INFO:pysm3:Access data from /mnt/sdceph/users/azonca/pysm-data/mkd_dust/2048/thermaldust_ampl2.fits
2023-06-02 00:36:07,644:INFO:pysm3:Access data from /mnt/sdceph/users/azonca/pysm-data/mkd_dust/2048/thermaldust_ampl3.fits
2023-06-02 00:36:35,160:INFO:pysm3:Access data from /mnt/sdceph/users/azonca/pysm-data/mkd_dust/2048/thermaldust_ampl4.fits
2023-06-02 00:36:36,876:INFO:pysm3:Access data from /mnt/sdceph/users/azonca/pysm-data/mkd_dust/2048/thermaldust_ampl5.fits
2023-06-02 00:36:41,695:INFO:pysm3:Access data from /mnt/sdceph/users/azonca/pysm-data/mkd_dust/2048/thermaldust_ampl6.fits
2023-06-02 00:36:50,033:INFO:pysm3:Access data from /mnt/sdceph/users/azonca/pysm-data/mkd_dust/2048/thermaldust_specind1.fits
2023-06-02 00:36:50,491:INFO:pysm3:Access data from /mnt/sdceph/users/azonca/pysm-data/mkd_dust/2048/thermaldust_specind2.fits
2023-06-02 00:36:51,058:INFO:pysm3:Access data from /mnt/sdceph/users/azonca/pysm-data/mkd_dust/2048/thermaldust_specind3.fits
2023-06-02 00:36:52,063:INFO:pysm3:Access data from /mnt/sdceph/users/azonca/pysm-data/mkd_dust/2048/thermaldust_specind4.fits
2023-06-02 00:36:52,537:INFO:pysm3:Access data from /mnt/sdceph/users/azonca/pysm-data/mkd_dust/2048/thermaldust_specind5.fits
2023-06-02 00:36:53,153:INFO:pysm3:Access data from /mnt/sdceph/users/azonca/pysm-data/mkd_dust/2048/thermaldust_specind6.fits
2023-06-02 00:36:54,456:INFO:pysm3:Access data from /mnt/sdceph/users/azonca/pysm-data/mkd_dust/2048/thermaldust_temp1.fits
2023-06-02 00:36:54,920:INFO:pysm3:Access data from /mnt/sdceph/users/azonca/pysm-data/mkd_dust/2048/thermaldust_temp2.fits
2023-06-02 00:36:55,593:INFO:pysm3:Access data from /mnt/sdceph/users/azonca/pysm-data/mkd_dust/2048/thermaldust_temp3.fits
2023-06-02 00:36:56,055:INFO:pysm3:Access data from /mnt/sdceph/users/azonca/pysm-data/mkd_dust/2048/thermaldust_temp4.fits
2023-06-02 00:36:56,544:INFO:pysm3:Access data from /mnt/sdceph/users/azonca/pysm-data/mkd_dust/2048/thermaldust_temp5.fits
2023-06-02 00:36:57,041:INFO:pysm3:Access data from /mnt/sdceph/users/azonca/pysm-data/mkd_dust/2048/thermaldust_temp6.fits
2023-06-02 00:36:57,768:INFO:mapsims:Processing channel Channel SPLAT_f280
2023-06-02 00:36:57,769:INFO:mapsims:Bandpass integration for Channel SPLAT_f280
2023-06-02 00:42:10,946:INFO:mapsims:Smoothing and coord-transform for Channel SPLAT_f280
2023-06-02 00:43:44,501:WARNING:pysm3:hp.map2alm_lsq did not converge in 10 iterations, residual relative error is 0.00062
2023-06-02 00:43:44,502:INFO:pysm3:Smoothing with fwhm of 1.0 arcmin
2023-06-02 00:43:45,451:INFO:pysm3:Rotate Alm
2023-06-02 00:45:17,113:INFO:pysm3:Alm to map HEALPix
2023-06-02 00:45:29,617:INFO:mapsims:Writing output map cmbs4_dust_d12_uKCMB_LAT-SPLAT_f280_nside4096.fits
2023-06-02 00:45:29,617:INFO:mapsims:Replace NaN with UNSEEN
2023-06-02 00:45:30,518:INFO:mapsims:Reorder ring to nest
2023-06-02 00:45:46,989:INFO:mapsims:Writing output map

real	15m27.242s
user	104m19.947s
sys	5m26.966s
