
WARNING: version mismatch between CFITSIO header (v3.47) and linked library (v4.02).


WARNING: version mismatch between CFITSIO header (v3.47) and linked library (v4.02).


WARNING: version mismatch between CFITSIO header (v3.47) and linked library (v4.02).

2023-06-02 00:07:47,257:INFO:mapsims:Parsing configuration from common.toml, dust_d10.toml
2023-06-02 00:07:47,267:INFO:mapsims:Nside: 4096, Modeling Nside: 8192, Ellmax: 10240
2023-06-02 00:07:47,269:INFO:mapsims:Initializing the PySM Sky object
2023-06-02 00:07:47,270:INFO:pysm3:Access data from /mnt/sdceph/users/azonca/pysm-data/dust_gnilc/gnilc_dust_template_nside8192.fits
2023-06-02 00:08:12,816:INFO:pysm3:Access data from /mnt/sdceph/users/azonca/pysm-data/dust_gnilc/gnilc_dust_beta_nside8192.fits
2023-06-02 00:08:23,628:INFO:pysm3:Access data from /mnt/sdceph/users/azonca/pysm-data/dust_gnilc/gnilc_dust_Td_nside8192.fits
2023-06-02 00:08:45,093:INFO:mapsims:Processing channel Channel CHLAT_f220
2023-06-02 00:08:45,093:INFO:mapsims:Bandpass integration for Channel CHLAT_f220
2023-06-02 00:20:51,599:INFO:mapsims:Smoothing and coord-transform for Channel CHLAT_f220
2023-06-02 00:20:51,600:INFO:pysm3:Using map2alm with pixel weights
2023-06-02 00:21:23,884:INFO:pysm3:Smoothing with fwhm of 0.95 arcmin
2023-06-02 00:21:27,514:INFO:pysm3:Rotate Alm
2023-06-02 00:35:40,723:INFO:pysm3:Alm to map HEALPix
2023-06-02 00:35:55,438:INFO:mapsims:Writing output map cmbs4_dust_d10_uKCMB_LAT-CHLAT_f220_nside4096.fits
2023-06-02 00:35:55,438:INFO:mapsims:Replace NaN with UNSEEN
2023-06-02 00:35:55,983:INFO:mapsims:Reorder ring to nest
2023-06-02 00:36:11,696:INFO:mapsims:Writing output map

real	28m33.745s
user	465m23.070s
sys	5m4.730s
