
WARNING: version mismatch between CFITSIO header (v3.47) and linked library (v4.02).


WARNING: version mismatch between CFITSIO header (v3.47) and linked library (v4.02).


WARNING: version mismatch between CFITSIO header (v3.47) and linked library (v4.02).

2023-06-02 00:07:57,880:INFO:mapsims:Parsing configuration from common.toml, dust_d10.toml
2023-06-02 00:07:57,890:INFO:mapsims:Nside: 512, Modeling Nside: 2048, Ellmax: 1280
2023-06-02 00:07:57,892:INFO:mapsims:Initializing the PySM Sky object
2023-06-02 00:07:57,893:INFO:pysm3:Access data from /mnt/sdceph/users/azonca/pysm-data/dust_gnilc/gnilc_dust_template_nside2048.fits
2023-06-02 00:07:59,294:INFO:pysm3:Access data from /mnt/sdceph/users/azonca/pysm-data/dust_gnilc/gnilc_dust_beta_nside2048.fits
2023-06-02 00:07:59,682:INFO:pysm3:Access data from /mnt/sdceph/users/azonca/pysm-data/dust_gnilc/gnilc_dust_Td_nside2048.fits
2023-06-02 00:08:00,138:INFO:mapsims:Processing channel Channel SAT_f220
2023-06-02 00:08:00,138:INFO:mapsims:Bandpass integration for Channel SAT_f220
2023-06-02 00:08:49,676:INFO:mapsims:Smoothing and coord-transform for Channel SAT_f220
2023-06-02 00:08:49,677:INFO:pysm3:Using map2alm with pixel weights
2023-06-02 00:08:51,258:INFO:pysm3:Smoothing with fwhm of 9.4 arcmin
2023-06-02 00:08:51,316:INFO:pysm3:Rotate Alm
2023-06-02 00:08:53,665:INFO:pysm3:Alm to map HEALPix
2023-06-02 00:08:53,843:INFO:mapsims:Writing output map cmbs4_dust_d10_uKCMB_SAT-SAT_f220_nside512.fits
2023-06-02 00:08:53,843:INFO:mapsims:Replace NaN with UNSEEN
2023-06-02 00:08:53,852:INFO:mapsims:Reorder ring to nest
2023-06-02 00:08:54,101:INFO:mapsims:Writing output map

real	0m58.287s
user	4m3.253s
sys	0m22.608s
