
WARNING: version mismatch between CFITSIO header (v3.47) and linked library (v4.02).


WARNING: version mismatch between CFITSIO header (v3.47) and linked library (v4.02).


WARNING: version mismatch between CFITSIO header (v3.47) and linked library (v4.02).

2023-06-02 00:36:24,635:INFO:mapsims:Parsing configuration from common.toml, ame_a2.toml
2023-06-02 00:36:24,668:INFO:mapsims:Nside: 4096, Modeling Nside: 512, Ellmax: 1280
2023-06-02 00:36:24,669:INFO:mapsims:Initializing the PySM Sky object
2023-06-02 00:36:24,670:INFO:pysm3:Access data from /mnt/sdceph/users/azonca/pysm-data/pysm_2/ame_t_new.fits
2023-06-02 00:36:24,709:INFO:pysm3:Access data from /mnt/sdceph/users/azonca/pysm-data/pysm_2/ame_nu_peak_0.fits
2023-06-02 00:36:24,789:INFO:pysm3:Access data from /mnt/sdceph/users/azonca/pysm-data/pysm_2/emissivity.txt
2023-06-02 00:36:24,798:INFO:pysm3:Access data from /mnt/sdceph/users/azonca/pysm-data/pysm_2/dust_u_new.fits
2023-06-02 00:36:24,834:WARNING:pysm3:No physical unit associated with file /mnt/sdceph/users/azonca/pysm-data/pysm_2/dust_u_new.fits
2023-06-02 00:36:24,835:INFO:pysm3:Access data from /mnt/sdceph/users/azonca/pysm-data/pysm_2/dust_q_new.fits
2023-06-02 00:36:24,869:WARNING:pysm3:No physical unit associated with file /mnt/sdceph/users/azonca/pysm-data/pysm_2/dust_q_new.fits
2023-06-02 00:36:24,929:INFO:pysm3:Access data from /mnt/sdceph/users/azonca/pysm-data/pysm_2/ame2_t_new.fits
2023-06-02 00:36:24,967:INFO:pysm3:Access data from /mnt/sdceph/users/azonca/pysm-data/pysm_2/emissivity.txt
2023-06-02 00:36:24,969:INFO:pysm3:Access data from /mnt/sdceph/users/azonca/pysm-data/pysm_2/dust_u_new.fits
2023-06-02 00:36:24,994:WARNING:pysm3:No physical unit associated with file /mnt/sdceph/users/azonca/pysm-data/pysm_2/dust_u_new.fits
2023-06-02 00:36:24,995:INFO:pysm3:Access data from /mnt/sdceph/users/azonca/pysm-data/pysm_2/dust_q_new.fits
2023-06-02 00:36:25,020:WARNING:pysm3:No physical unit associated with file /mnt/sdceph/users/azonca/pysm-data/pysm_2/dust_q_new.fits
2023-06-02 00:36:25,080:INFO:mapsims:Processing channel Channel SPLAT_f280
2023-06-02 00:36:25,080:INFO:mapsims:Bandpass integration for Channel SPLAT_f280
2023-06-02 00:36:33,177:INFO:mapsims:Smoothing and coord-transform for Channel SPLAT_f280
2023-06-02 00:36:37,482:INFO:pysm3:Used map2alm_lsq, converged in 7 iterations,residual relative error 0.19
2023-06-02 00:36:37,483:INFO:pysm3:Smoothing with fwhm of 1.0 arcmin
2023-06-02 00:36:37,536:INFO:pysm3:Rotate Alm
2023-06-02 00:36:40,009:INFO:pysm3:Alm to map HEALPix
2023-06-02 00:36:49,529:INFO:mapsims:Writing output map cmbs4_ame_a2_uKCMB_LAT-SPLAT_f280_nside4096.fits
2023-06-02 00:36:49,530:INFO:mapsims:Replace NaN with UNSEEN
2023-06-02 00:36:50,232:INFO:mapsims:Reorder ring to nest
2023-06-02 00:37:05,707:INFO:mapsims:Writing output map

real	0m50.403s
user	3m51.959s
sys	1m18.082s
