
WARNING: version mismatch between CFITSIO header (v3.47) and linked library (v4.02).


WARNING: version mismatch between CFITSIO header (v3.47) and linked library (v4.02).


WARNING: version mismatch between CFITSIO header (v3.47) and linked library (v4.02).

2023-06-02 00:37:22,694:INFO:mapsims:Parsing configuration from common.toml, co_co3.toml
2023-06-02 00:37:22,725:INFO:mapsims:Nside: 512, Modeling Nside: 2048, Ellmax: 1280
2023-06-02 00:37:22,727:INFO:mapsims:Initializing the PySM Sky object
2023-06-02 00:37:22,728:INFO:pysm3:Access data from /mnt/sdceph/users/azonca/pysm-data/co/HFI_CompMap_CO-Type1_2048_R2.00_ring.fits
2023-06-02 00:37:22,728:INFO:pysm3:Access data from /mnt/sdceph/users/azonca/pysm-data/co/HFI_CompMap_CO-Type1_2048_R2.00_ring.fits
2023-06-02 00:37:44,958:INFO:pysm3:Access data from /mnt/sdceph/users/azonca/pysm-data/co/psimap_dust90_2048.fits
2023-06-02 00:37:44,959:INFO:pysm3:Access data from /mnt/sdceph/users/azonca/pysm-data/co/psimap_dust90_2048.fits
2023-06-02 00:37:47,136:WARNING:pysm3:No physical unit associated with file /mnt/sdceph/users/azonca/pysm-data/co/psimap_dust90_2048.fits
2023-06-02 00:37:47,137:INFO:pysm3:Access data from /mnt/sdceph/users/azonca/pysm-data/co/gmap_dust90_2048.fits
2023-06-02 00:37:47,137:INFO:pysm3:Access data from /mnt/sdceph/users/azonca/pysm-data/co/gmap_dust90_2048.fits
2023-06-02 00:37:59,426:WARNING:pysm3:No physical unit associated with file /mnt/sdceph/users/azonca/pysm-data/co/gmap_dust90_2048.fits
2023-06-02 00:37:59,428:INFO:pysm3:Access data from /mnt/sdceph/users/azonca/pysm-data/co/mcmoleCO_HGL_2048.fits
2023-06-02 00:37:59,428:INFO:pysm3:Access data from /mnt/sdceph/users/azonca/pysm-data/co/mcmoleCO_HGL_2048.fits
2023-06-02 00:38:06,839:INFO:mapsims:Processing channel Channel SAT_f030
2023-06-02 00:38:06,839:INFO:mapsims:Bandpass integration for Channel SAT_f030
2023-06-02 00:38:07,992:INFO:mapsims:Smoothing and coord-transform for Channel SAT_f030
2023-06-02 00:38:07,992:INFO:pysm3:Using map2alm with pixel weights
2023-06-02 00:38:09,559:INFO:pysm3:Smoothing with fwhm of 85.2 arcmin
2023-06-02 00:38:09,613:INFO:pysm3:Rotate Alm
2023-06-02 00:38:11,831:INFO:pysm3:Alm to map HEALPix
2023-06-02 00:38:12,005:INFO:mapsims:Writing output map cmbs4_co_co3_uKCMB_SAT-SAT_f030_nside512.fits
2023-06-02 00:38:12,006:INFO:mapsims:Replace NaN with UNSEEN
2023-06-02 00:38:12,013:INFO:mapsims:Reorder ring to nest
2023-06-02 00:38:12,200:INFO:mapsims:Writing output map

real	0m51.425s
user	2m20.792s
sys	0m10.322s
