
WARNING: version mismatch between CFITSIO header (v3.47) and linked library (v4.02).


WARNING: version mismatch between CFITSIO header (v3.47) and linked library (v4.02).


WARNING: version mismatch between CFITSIO header (v3.47) and linked library (v4.02).

2023-06-02 00:36:08,441:INFO:mapsims:Parsing configuration from common.toml, ame_a2.toml
2023-06-02 00:36:08,460:INFO:mapsims:Nside: 4096, Modeling Nside: 512, Ellmax: 1280
2023-06-02 00:36:08,461:INFO:mapsims:Initializing the PySM Sky object
2023-06-02 00:36:08,462:INFO:pysm3:Access data from /mnt/sdceph/users/azonca/pysm-data/pysm_2/ame_t_new.fits
2023-06-02 00:36:08,492:INFO:pysm3:Access data from /mnt/sdceph/users/azonca/pysm-data/pysm_2/ame_nu_peak_0.fits
2023-06-02 00:36:08,524:INFO:pysm3:Access data from /mnt/sdceph/users/azonca/pysm-data/pysm_2/emissivity.txt
2023-06-02 00:36:08,530:INFO:pysm3:Access data from /mnt/sdceph/users/azonca/pysm-data/pysm_2/dust_u_new.fits
2023-06-02 00:36:08,561:WARNING:pysm3:No physical unit associated with file /mnt/sdceph/users/azonca/pysm-data/pysm_2/dust_u_new.fits
2023-06-02 00:36:08,562:INFO:pysm3:Access data from /mnt/sdceph/users/azonca/pysm-data/pysm_2/dust_q_new.fits
2023-06-02 00:36:08,593:WARNING:pysm3:No physical unit associated with file /mnt/sdceph/users/azonca/pysm-data/pysm_2/dust_q_new.fits
2023-06-02 00:36:08,655:INFO:pysm3:Access data from /mnt/sdceph/users/azonca/pysm-data/pysm_2/ame2_t_new.fits
2023-06-02 00:36:08,685:INFO:pysm3:Access data from /mnt/sdceph/users/azonca/pysm-data/pysm_2/emissivity.txt
2023-06-02 00:36:08,689:INFO:pysm3:Access data from /mnt/sdceph/users/azonca/pysm-data/pysm_2/dust_u_new.fits
2023-06-02 00:36:08,720:WARNING:pysm3:No physical unit associated with file /mnt/sdceph/users/azonca/pysm-data/pysm_2/dust_u_new.fits
2023-06-02 00:36:08,721:INFO:pysm3:Access data from /mnt/sdceph/users/azonca/pysm-data/pysm_2/dust_q_new.fits
2023-06-02 00:36:08,751:WARNING:pysm3:No physical unit associated with file /mnt/sdceph/users/azonca/pysm-data/pysm_2/dust_q_new.fits
2023-06-02 00:36:08,812:INFO:mapsims:Processing channel Channel SPLAT_f220
2023-06-02 00:36:08,812:INFO:mapsims:Bandpass integration for Channel SPLAT_f220
2023-06-02 00:36:17,247:INFO:mapsims:Smoothing and coord-transform for Channel SPLAT_f220
2023-06-02 00:36:21,577:INFO:pysm3:Used map2alm_lsq, converged in 7 iterations,residual relative error 0.19
2023-06-02 00:36:21,577:INFO:pysm3:Smoothing with fwhm of 1.1 arcmin
2023-06-02 00:36:21,624:INFO:pysm3:Rotate Alm
2023-06-02 00:36:23,870:INFO:pysm3:Alm to map HEALPix
2023-06-02 00:36:35,032:INFO:mapsims:Writing output map cmbs4_ame_a2_uKCMB_LAT-SPLAT_f220_nside4096.fits
2023-06-02 00:36:35,032:INFO:mapsims:Replace NaN with UNSEEN
2023-06-02 00:36:35,993:INFO:mapsims:Reorder ring to nest
2023-06-02 00:36:51,712:INFO:mapsims:Writing output map

real	0m53.367s
user	4m5.551s
sys	1m13.455s
