
WARNING: version mismatch between CFITSIO header (v3.47) and linked library (v4.02).


WARNING: version mismatch between CFITSIO header (v3.47) and linked library (v4.02).


WARNING: version mismatch between CFITSIO header (v3.47) and linked library (v4.02).

2023-06-01 23:49:55,052:INFO:mapsims:Parsing configuration from common.toml, synchrotron_s7.toml
2023-06-01 23:49:55,064:INFO:mapsims:Nside: 512, Modeling Nside: 2048, Ellmax: 1280
2023-06-01 23:49:55,065:INFO:mapsims:Initializing the PySM Sky object
2023-06-01 23:49:55,067:INFO:pysm3:Access data from /mnt/sdceph/users/azonca/pysm-data/synch/synch_template_nside2048_2023.02.25.fits
2023-06-01 23:49:59,184:INFO:pysm3:Access data from /mnt/sdceph/users/azonca/pysm-data/synch/synch_beta_nside2048.fits
2023-06-01 23:50:01,634:INFO:pysm3:Access data from /mnt/sdceph/users/azonca/pysm-data/synch/synch_curvature_nside2048.fits
2023-06-01 23:50:03,709:INFO:mapsims:Processing channel Channel SAT_f085
2023-06-01 23:50:03,709:INFO:mapsims:Bandpass integration for Channel SAT_f085
2023-06-01 23:50:14,046:INFO:mapsims:Smoothing and coord-transform for Channel SAT_f085
2023-06-01 23:50:14,051:INFO:pysm3:Using map2alm with pixel weights
2023-06-01 23:50:15,722:INFO:pysm3:Smoothing with fwhm of 24.6 arcmin
2023-06-01 23:50:15,774:INFO:pysm3:Rotate Alm
2023-06-01 23:50:18,169:INFO:pysm3:Alm to map HEALPix
2023-06-01 23:50:18,378:INFO:mapsims:Writing output map cmbs4_synchrotron_s7_uKCMB_SAT-SAT_f085_nside512.fits
2023-06-01 23:50:18,378:INFO:mapsims:Replace NaN with UNSEEN
2023-06-01 23:50:18,388:INFO:mapsims:Reorder ring to nest
2023-06-01 23:50:18,579:INFO:mapsims:Writing output map

real	0m27.287s
user	3m48.364s
sys	0m16.616s
