
WARNING: version mismatch between CFITSIO header (v3.47) and linked library (v4.02).


WARNING: version mismatch between CFITSIO header (v3.47) and linked library (v4.02).


WARNING: version mismatch between CFITSIO header (v3.47) and linked library (v4.02).

2023-06-02 00:07:17,290:INFO:mapsims:Parsing configuration from common.toml, ksz_ksz1.toml
2023-06-02 00:07:17,300:INFO:mapsims:Nside: 512, Modeling Nside: 4096, Ellmax: 1280
2023-06-02 00:07:17,301:INFO:mapsims:Initializing the PySM Sky object
2023-06-02 00:07:17,302:INFO:pysm3:Access data from /mnt/sdceph/users/azonca/pysm-data/websky/0.4/ksz.fits
2023-06-02 00:07:17,303:INFO:pysm3:Access data from /mnt/sdceph/users/azonca/pysm-data/websky/0.4/ksz.fits
2023-06-02 00:07:18,825:INFO:mapsims:Processing channel Channel SAT_f145
2023-06-02 00:07:18,826:INFO:mapsims:Bandpass integration for Channel SAT_f145
2023-06-02 00:07:28,254:INFO:mapsims:Smoothing and coord-transform for Channel SAT_f145
2023-06-02 00:07:28,255:INFO:pysm3:Using map2alm with pixel weights
2023-06-02 00:07:33,437:INFO:pysm3:Smoothing with fwhm of 15.8 arcmin
2023-06-02 00:07:33,494:INFO:pysm3:Rotate Alm
2023-06-02 00:07:35,994:INFO:pysm3:Alm to map HEALPix
2023-06-02 00:07:36,170:INFO:mapsims:Writing output map cmbs4_ksz_ksz1_uKCMB_SAT-SAT_f145_nside512.fits
2023-06-02 00:07:36,170:INFO:mapsims:Replace NaN with UNSEEN
2023-06-02 00:07:36,179:INFO:mapsims:Reorder ring to nest
2023-06-02 00:07:36,370:INFO:mapsims:Writing output map

real	0m21.032s
user	2m45.447s
sys	0m10.949s
