
WARNING: version mismatch between CFITSIO header (v3.47) and linked library (v4.02).


WARNING: version mismatch between CFITSIO header (v3.47) and linked library (v4.02).


WARNING: version mismatch between CFITSIO header (v3.47) and linked library (v4.02).

2023-06-02 00:11:23,381:INFO:mapsims:Parsing configuration from common.toml, cib_cib1.toml
2023-06-02 00:11:23,392:INFO:mapsims:Nside: 512, Modeling Nside: 4096, Ellmax: 1280
2023-06-02 00:11:23,393:INFO:mapsims:Initializing the PySM Sky object
2023-06-02 00:11:23,615:INFO:mapsims:Processing channel Channel SAT_f220
2023-06-02 00:11:23,615:INFO:mapsims:Bandpass integration for Channel SAT_f220
2023-06-02 00:11:23,781:INFO:pysm3:Frequencies considered: [189. 210. 217. 232. 256.]
2023-06-02 00:11:23,914:INFO:pysm3:Access data from /mnt/sdceph/users/azonca/pysm-data/websky/0.4/cib/cib_0189.0.fits
2023-06-02 00:11:23,914:INFO:pysm3:Reading map /mnt/sdceph/users/azonca/pysm-data/websky/0.4/cib/cib_0189.0.fits
2023-06-02 00:11:23,916:INFO:pysm3:Access data from /mnt/sdceph/users/azonca/pysm-data/websky/0.4/cib/cib_0189.0.fits
2023-06-02 00:11:30,411:INFO:pysm3:Access data from /mnt/sdceph/users/azonca/pysm-data/websky/0.4/cib/cib_0189.0.fits
2023-06-02 00:11:34,989:INFO:pysm3:Mean emission at 189.0 GHz in I: 23.88 uK_RJ
2023-06-02 00:11:35,091:INFO:pysm3:Access data from /mnt/sdceph/users/azonca/pysm-data/websky/0.4/cib/cib_0210.0.fits
2023-06-02 00:11:35,091:INFO:pysm3:Reading map /mnt/sdceph/users/azonca/pysm-data/websky/0.4/cib/cib_0210.0.fits
2023-06-02 00:11:35,092:INFO:pysm3:Access data from /mnt/sdceph/users/azonca/pysm-data/websky/0.4/cib/cib_0210.0.fits
2023-06-02 00:11:41,558:INFO:pysm3:Access data from /mnt/sdceph/users/azonca/pysm-data/websky/0.4/cib/cib_0210.0.fits
2023-06-02 00:11:45,626:INFO:pysm3:Mean emission at 210.0 GHz in I: 26.14 uK_RJ
2023-06-02 00:11:45,627:INFO:pysm3:Access data from /mnt/sdceph/users/azonca/pysm-data/websky/0.4/cib/cib_0217.0.fits
2023-06-02 00:11:45,627:INFO:pysm3:Reading map /mnt/sdceph/users/azonca/pysm-data/websky/0.4/cib/cib_0217.0.fits
2023-06-02 00:11:45,628:INFO:pysm3:Access data from /mnt/sdceph/users/azonca/pysm-data/websky/0.4/cib/cib_0217.0.fits
2023-06-02 00:11:50,507:INFO:pysm3:Access data from /mnt/sdceph/users/azonca/pysm-data/websky/0.4/cib/cib_0217.0.fits
2023-06-02 00:11:54,573:INFO:pysm3:Mean emission at 217.0 GHz in I: 26.83 uK_RJ
2023-06-02 00:11:54,574:INFO:pysm3:Access data from /mnt/sdceph/users/azonca/pysm-data/websky/0.4/cib/cib_0232.0.fits
2023-06-02 00:11:54,574:INFO:pysm3:Reading map /mnt/sdceph/users/azonca/pysm-data/websky/0.4/cib/cib_0232.0.fits
2023-06-02 00:11:54,575:INFO:pysm3:Access data from /mnt/sdceph/users/azonca/pysm-data/websky/0.4/cib/cib_0232.0.fits
2023-06-02 00:11:58,654:INFO:pysm3:Access data from /mnt/sdceph/users/azonca/pysm-data/websky/0.4/cib/cib_0232.0.fits
2023-06-02 00:12:02,723:INFO:pysm3:Mean emission at 232.0 GHz in I: 28.19 uK_RJ
2023-06-02 00:12:02,724:INFO:pysm3:Access data from /mnt/sdceph/users/azonca/pysm-data/websky/0.4/cib/cib_0256.0.fits
2023-06-02 00:12:02,724:INFO:pysm3:Reading map /mnt/sdceph/users/azonca/pysm-data/websky/0.4/cib/cib_0256.0.fits
2023-06-02 00:12:02,725:INFO:pysm3:Access data from /mnt/sdceph/users/azonca/pysm-data/websky/0.4/cib/cib_0256.0.fits
2023-06-02 00:12:07,378:INFO:pysm3:Access data from /mnt/sdceph/users/azonca/pysm-data/websky/0.4/cib/cib_0256.0.fits
2023-06-02 00:12:11,445:INFO:pysm3:Mean emission at 256.0 GHz in I: 30.05 uK_RJ
2023-06-02 00:12:37,349:INFO:mapsims:Smoothing and coord-transform for Channel SAT_f220
2023-06-02 00:12:37,350:INFO:pysm3:Using map2alm with pixel weights
2023-06-02 00:12:42,539:INFO:pysm3:Smoothing with fwhm of 9.4 arcmin
2023-06-02 00:12:42,596:INFO:pysm3:Rotate Alm
2023-06-02 00:12:44,932:INFO:pysm3:Alm to map HEALPix
2023-06-02 00:12:45,112:INFO:mapsims:Writing output map cmbs4_cib_cib1_uKCMB_SAT-SAT_f220_nside512.fits
2023-06-02 00:12:45,113:INFO:mapsims:Replace NaN with UNSEEN
2023-06-02 00:12:45,123:INFO:mapsims:Reorder ring to nest
2023-06-02 00:12:45,321:INFO:mapsims:Writing output map

real	1m24.014s
user	2m59.848s
sys	0m32.704s
