
WARNING: version mismatch between CFITSIO header (v3.47) and linked library (v4.02).


WARNING: version mismatch between CFITSIO header (v3.47) and linked library (v4.02).


WARNING: version mismatch between CFITSIO header (v3.47) and linked library (v4.02).

2023-06-02 00:26:46,762:INFO:mapsims:Parsing configuration from common.toml, cmb_c3.toml
2023-06-02 00:26:46,773:INFO:mapsims:Nside: 4096, Modeling Nside: 4096, Ellmax: 10240
2023-06-02 00:26:46,775:INFO:mapsims:Initializing the PySM Sky object
2023-06-02 00:26:46,776:INFO:pysm3:Access data from /mnt/sdceph/users/azonca/pysm-data/websky/0.4/cmb/map_I_unlensed_alm_seed1_nside4096.fits
2023-06-02 00:26:46,777:INFO:pysm3:Access data from /mnt/sdceph/users/azonca/pysm-data/websky/0.4/cmb/map_Q_unlensed_alm_seed1_nside4096.fits
2023-06-02 00:26:46,778:INFO:pysm3:Access data from /mnt/sdceph/users/azonca/pysm-data/websky/0.4/cmb/map_U_unlensed_alm_seed1_nside4096.fits
2023-06-02 00:26:46,778:INFO:pysm3:Access data from /mnt/sdceph/users/azonca/pysm-data/websky/0.4/cmb/map_I_unlensed_alm_seed1_nside4096.fits
2023-06-02 00:26:48,417:INFO:pysm3:Access data from /mnt/sdceph/users/azonca/pysm-data/websky/0.4/cmb/map_Q_unlensed_alm_seed1_nside4096.fits
2023-06-02 00:26:49,974:INFO:pysm3:Access data from /mnt/sdceph/users/azonca/pysm-data/websky/0.4/cmb/map_U_unlensed_alm_seed1_nside4096.fits
2023-06-02 00:26:52,354:INFO:mapsims:Processing channel Channel SPLAT_f090
2023-06-02 00:26:52,354:INFO:mapsims:Bandpass integration for Channel SPLAT_f090
2023-06-02 00:26:54,921:INFO:mapsims:Smoothing and coord-transform for Channel SPLAT_f090
2023-06-02 00:29:04,945:INFO:pysm3:Used map2alm_lsq, converged in 2 iterations,residual relative error 5e-08
2023-06-02 00:29:04,946:INFO:pysm3:Smoothing with fwhm of 2.5 arcmin
2023-06-02 00:29:08,598:INFO:pysm3:Rotate Alm
2023-06-02 00:42:40,879:INFO:pysm3:Alm to map HEALPix
2023-06-02 00:42:55,306:INFO:mapsims:Writing output map cmbs4_cmb_c3_uKCMB_LAT-SPLAT_f090_nside4096.fits
2023-06-02 00:42:55,306:INFO:mapsims:Replace NaN with UNSEEN
2023-06-02 00:42:55,852:INFO:mapsims:Reorder ring to nest
2023-06-02 00:43:11,892:INFO:mapsims:Writing output map

real	16m36.624s
user	403m24.599s
sys	2m12.648s
