
WARNING: version mismatch between CFITSIO header (v3.47) and linked library (v4.02).


WARNING: version mismatch between CFITSIO header (v3.47) and linked library (v4.02).


WARNING: version mismatch between CFITSIO header (v3.47) and linked library (v4.02).

2023-06-02 00:08:19,236:INFO:mapsims:Parsing configuration from common.toml, dust_d10.toml
2023-06-02 00:08:19,248:INFO:mapsims:Nside: 512, Modeling Nside: 2048, Ellmax: 1280
2023-06-02 00:08:19,250:INFO:mapsims:Initializing the PySM Sky object
2023-06-02 00:08:19,251:INFO:pysm3:Access data from /mnt/sdceph/users/azonca/pysm-data/dust_gnilc/gnilc_dust_template_nside2048.fits
2023-06-02 00:08:20,508:INFO:pysm3:Access data from /mnt/sdceph/users/azonca/pysm-data/dust_gnilc/gnilc_dust_beta_nside2048.fits
2023-06-02 00:08:20,808:INFO:pysm3:Access data from /mnt/sdceph/users/azonca/pysm-data/dust_gnilc/gnilc_dust_Td_nside2048.fits
2023-06-02 00:08:21,125:INFO:mapsims:Processing channel Channel SAT_f030
2023-06-02 00:08:21,125:INFO:mapsims:Bandpass integration for Channel SAT_f030
2023-06-02 00:08:59,052:INFO:mapsims:Smoothing and coord-transform for Channel SAT_f030
2023-06-02 00:08:59,055:INFO:pysm3:Using map2alm with pixel weights
2023-06-02 00:09:00,047:INFO:pysm3:Smoothing with fwhm of 85.2 arcmin
2023-06-02 00:09:00,082:INFO:pysm3:Rotate Alm
2023-06-02 00:09:01,155:INFO:pysm3:Alm to map HEALPix
2023-06-02 00:09:01,292:INFO:mapsims:Writing output map cmbs4_dust_d10_uKCMB_SAT-SAT_f030_nside512.fits
2023-06-02 00:09:01,292:INFO:mapsims:Replace NaN with UNSEEN
2023-06-02 00:09:01,299:INFO:mapsims:Reorder ring to nest
2023-06-02 00:09:01,453:INFO:mapsims:Writing output map

real	0m46.074s
user	2m20.078s
sys	0m17.248s
