
WARNING: version mismatch between CFITSIO header (v3.47) and linked library (v4.02).


WARNING: version mismatch between CFITSIO header (v3.47) and linked library (v4.02).


WARNING: version mismatch between CFITSIO header (v3.47) and linked library (v4.02).

2023-06-02 00:43:15,823:INFO:mapsims:Parsing configuration from common.toml, ame_a1.toml
2023-06-02 00:43:15,833:INFO:mapsims:Nside: 4096, Modeling Nside: 512, Ellmax: 1280
2023-06-02 00:43:15,835:INFO:mapsims:Initializing the PySM Sky object
2023-06-02 00:43:15,836:INFO:pysm3:Access data from /mnt/sdceph/users/azonca/pysm-data/pysm_2/ame_t_new.fits
2023-06-02 00:43:15,866:INFO:pysm3:Access data from /mnt/sdceph/users/azonca/pysm-data/pysm_2/ame_nu_peak_0.fits
2023-06-02 00:43:15,898:INFO:pysm3:Access data from /mnt/sdceph/users/azonca/pysm-data/pysm_2/emissivity.txt
2023-06-02 00:43:15,902:INFO:pysm3:Access data from /mnt/sdceph/users/azonca/pysm-data/pysm_2/ame2_t_new.fits
2023-06-02 00:43:15,929:INFO:pysm3:Access data from /mnt/sdceph/users/azonca/pysm-data/pysm_2/emissivity.txt
2023-06-02 00:43:15,931:INFO:mapsims:Processing channel Channel SPLAT_f040
2023-06-02 00:43:15,931:INFO:mapsims:Bandpass integration for Channel SPLAT_f040
2023-06-02 00:43:22,772:INFO:mapsims:Smoothing and coord-transform for Channel SPLAT_f040
2023-06-02 00:43:27,679:INFO:pysm3:Used map2alm_lsq, converged in 8 iterations,residual relative error 0.044
2023-06-02 00:43:27,680:INFO:pysm3:Smoothing with fwhm of 6.2 arcmin
2023-06-02 00:43:27,727:INFO:pysm3:Rotate Alm
2023-06-02 00:43:30,348:INFO:pysm3:Alm to map HEALPix
2023-06-02 00:43:41,454:INFO:mapsims:Writing output map cmbs4_ame_a1_uKCMB_LAT-SPLAT_f040_nside4096.fits
2023-06-02 00:43:41,454:INFO:mapsims:Replace NaN with UNSEEN
2023-06-02 00:43:42,271:INFO:mapsims:Reorder ring to nest
2023-06-02 00:43:57,915:INFO:mapsims:Writing output map

real	0m53.395s
user	4m35.268s
sys	1m18.648s
