
WARNING: version mismatch between CFITSIO header (v3.47) and linked library (v4.02).


WARNING: version mismatch between CFITSIO header (v3.47) and linked library (v4.02).


WARNING: version mismatch between CFITSIO header (v3.47) and linked library (v4.02).

2023-06-02 00:41:24,425:INFO:mapsims:Parsing configuration from common.toml, synchrotron_s5.toml
2023-06-02 00:41:24,452:INFO:mapsims:Nside: 4096, Modeling Nside: 8192, Ellmax: 10240
2023-06-02 00:41:24,454:INFO:mapsims:Initializing the PySM Sky object
2023-06-02 00:41:24,455:INFO:pysm3:Access data from /mnt/sdceph/users/azonca/pysm-data/synch/synch_template_nside8192_2023.02.25.fits
2023-06-02 00:41:44,385:INFO:pysm3:Access data from /mnt/sdceph/users/azonca/pysm-data/synch/synch_beta_nside8192.fits
2023-06-02 00:41:49,660:INFO:mapsims:Processing channel Channel SPLAT_f150
2023-06-02 00:41:49,661:INFO:mapsims:Bandpass integration for Channel SPLAT_f150
2023-06-02 00:43:46,724:INFO:mapsims:Smoothing and coord-transform for Channel SPLAT_f150
2023-06-02 00:43:46,725:INFO:pysm3:Using map2alm with pixel weights
2023-06-02 00:44:20,629:INFO:pysm3:Smoothing with fwhm of 1.5 arcmin
2023-06-02 00:44:23,975:INFO:pysm3:Rotate Alm
2023-06-02 00:58:00,765:INFO:pysm3:Alm to map HEALPix
2023-06-02 00:58:16,734:INFO:mapsims:Writing output map cmbs4_synchrotron_s5_uKCMB_LAT-SPLAT_f150_nside4096.fits
2023-06-02 00:58:16,734:INFO:mapsims:Replace NaN with UNSEEN
2023-06-02 00:58:17,475:INFO:mapsims:Reorder ring to nest
2023-06-02 00:58:33,550:INFO:mapsims:Writing output map

real	17m19.386s
user	507m13.467s
sys	2m45.092s
