
WARNING: version mismatch between CFITSIO header (v3.47) and linked library (v4.02).


WARNING: version mismatch between CFITSIO header (v3.47) and linked library (v4.02).


WARNING: version mismatch between CFITSIO header (v3.47) and linked library (v4.02).

2023-06-28 16:30:41,419:INFO:mapsims:Parsing configuration from common.toml, dust_d10.toml
2023-06-28 16:30:41,429:INFO:mapsims:Nside: 4096, Modeling Nside: 8192, Ellmax: 10240
2023-06-28 16:30:41,431:INFO:mapsims:Initializing the PySM Sky object
2023-06-28 16:30:41,432:INFO:pysm3:Access data from /mnt/sdceph/users/azonca/pysm-data/dust_gnilc/gnilc_dust_template_nside8192.fits
2023-06-28 16:31:02,433:INFO:pysm3:Retrieve data for dust_gnilc/gnilc_dust_beta_nside8192_2023.06.06.fits (if not cached already)
2023-06-28 16:31:07,914:INFO:pysm3:Retrieve data for dust_gnilc/gnilc_dust_Td_nside8192_2023.06.06.fits (if not cached already)
2023-06-28 16:31:13,664:INFO:mapsims:Processing channel Channel SPLAT_f020
2023-06-28 16:31:13,664:INFO:mapsims:Bandpass integration for Channel SPLAT_f020
2023-06-28 16:43:29,080:INFO:mapsims:Smoothing and coord-transform for Channel SPLAT_f020
2023-06-28 16:43:29,081:INFO:pysm3:Using map2alm with pixel weights
2023-06-28 16:44:03,503:INFO:pysm3:Smoothing with fwhm of 11.2 arcmin
2023-06-28 16:44:06,966:INFO:pysm3:Rotate Alm
2023-06-28 16:58:35,848:INFO:pysm3:Alm to map HEALPix
2023-06-28 16:58:51,293:INFO:mapsims:Writing output map cmbs4_dust_d10_uKCMB_SPLAT_f020_nside4096.fits
2023-06-28 16:58:51,293:INFO:mapsims:Replace NaN with UNSEEN
2023-06-28 16:58:52,072:INFO:mapsims:Reorder ring to nest
2023-06-28 16:59:08,878:INFO:mapsims:Writing output map

real	28m38.151s
user	460m19.597s
sys	5m15.629s
