
WARNING: version mismatch between CFITSIO header (v3.47) and linked library (v4.02).


WARNING: version mismatch between CFITSIO header (v3.47) and linked library (v4.02).


WARNING: version mismatch between CFITSIO header (v3.47) and linked library (v4.02).

2023-06-01 23:52:43,019:INFO:mapsims:Parsing configuration from common.toml, cmb_c4.toml
2023-06-01 23:52:43,028:INFO:mapsims:Nside: 512, Modeling Nside: 4096, Ellmax: 1280
2023-06-01 23:52:43,029:INFO:mapsims:Initializing the PySM Sky object
2023-06-01 23:52:43,030:INFO:pysm3:Access data from /mnt/sdceph/users/azonca/pysm-data/websky/0.4/cmb/map_I_lensed_alm_seed1_nside4096.fits
2023-06-01 23:52:43,031:INFO:pysm3:Access data from /mnt/sdceph/users/azonca/pysm-data/websky/0.4/cmb/map_Q_lensed_alm_seed1_nside4096.fits
2023-06-01 23:52:43,031:INFO:pysm3:Access data from /mnt/sdceph/users/azonca/pysm-data/websky/0.4/cmb/map_U_lensed_alm_seed1_nside4096.fits
2023-06-01 23:52:43,032:INFO:pysm3:Access data from /mnt/sdceph/users/azonca/pysm-data/websky/0.4/cmb/map_I_lensed_alm_seed1_nside4096.fits
2023-06-01 23:52:44,320:INFO:pysm3:Access data from /mnt/sdceph/users/azonca/pysm-data/websky/0.4/cmb/map_Q_lensed_alm_seed1_nside4096.fits
2023-06-01 23:52:45,607:INFO:pysm3:Access data from /mnt/sdceph/users/azonca/pysm-data/websky/0.4/cmb/map_U_lensed_alm_seed1_nside4096.fits
2023-06-01 23:52:47,759:INFO:mapsims:Processing channel Channel SAT_f280
2023-06-01 23:52:47,759:INFO:mapsims:Bandpass integration for Channel SAT_f280
2023-06-01 23:52:50,352:INFO:mapsims:Smoothing and coord-transform for Channel SAT_f280
2023-06-01 23:52:50,353:INFO:pysm3:Using map2alm with pixel weights
2023-06-01 23:52:55,421:INFO:pysm3:Smoothing with fwhm of 7.7 arcmin
2023-06-01 23:52:55,476:INFO:pysm3:Rotate Alm
2023-06-01 23:52:57,946:INFO:pysm3:Alm to map HEALPix
2023-06-01 23:52:58,123:INFO:mapsims:Writing output map cmbs4_cmb_c4_uKCMB_SAT-SAT_f280_nside512.fits
2023-06-01 23:52:58,123:INFO:mapsims:Replace NaN with UNSEEN
2023-06-01 23:52:58,131:INFO:mapsims:Reorder ring to nest
2023-06-01 23:52:58,360:INFO:mapsims:Writing output map

real	0m17.239s
user	2m32.282s
sys	0m10.385s
