
WARNING: version mismatch between CFITSIO header (v3.47) and linked library (v4.02).


WARNING: version mismatch between CFITSIO header (v3.47) and linked library (v4.02).


WARNING: version mismatch between CFITSIO header (v3.47) and linked library (v4.02).

2023-06-02 00:36:07,077:INFO:mapsims:Parsing configuration from common.toml, ame_a2.toml
2023-06-02 00:36:07,104:INFO:mapsims:Nside: 4096, Modeling Nside: 512, Ellmax: 1280
2023-06-02 00:36:07,105:INFO:mapsims:Initializing the PySM Sky object
2023-06-02 00:36:07,107:INFO:pysm3:Access data from /mnt/sdceph/users/azonca/pysm-data/pysm_2/ame_t_new.fits
2023-06-02 00:36:07,147:INFO:pysm3:Access data from /mnt/sdceph/users/azonca/pysm-data/pysm_2/ame_nu_peak_0.fits
2023-06-02 00:36:09,001:INFO:pysm3:Access data from /mnt/sdceph/users/azonca/pysm-data/pysm_2/emissivity.txt
2023-06-02 00:36:09,021:INFO:pysm3:Access data from /mnt/sdceph/users/azonca/pysm-data/pysm_2/dust_u_new.fits
2023-06-02 00:36:09,065:WARNING:pysm3:No physical unit associated with file /mnt/sdceph/users/azonca/pysm-data/pysm_2/dust_u_new.fits
2023-06-02 00:36:09,066:INFO:pysm3:Access data from /mnt/sdceph/users/azonca/pysm-data/pysm_2/dust_q_new.fits
2023-06-02 00:36:09,107:WARNING:pysm3:No physical unit associated with file /mnt/sdceph/users/azonca/pysm-data/pysm_2/dust_q_new.fits
2023-06-02 00:36:09,169:INFO:pysm3:Access data from /mnt/sdceph/users/azonca/pysm-data/pysm_2/ame2_t_new.fits
2023-06-02 00:36:09,209:INFO:pysm3:Access data from /mnt/sdceph/users/azonca/pysm-data/pysm_2/emissivity.txt
2023-06-02 00:36:09,213:INFO:pysm3:Access data from /mnt/sdceph/users/azonca/pysm-data/pysm_2/dust_u_new.fits
2023-06-02 00:36:09,245:WARNING:pysm3:No physical unit associated with file /mnt/sdceph/users/azonca/pysm-data/pysm_2/dust_u_new.fits
2023-06-02 00:36:09,246:INFO:pysm3:Access data from /mnt/sdceph/users/azonca/pysm-data/pysm_2/dust_q_new.fits
2023-06-02 00:36:09,276:WARNING:pysm3:No physical unit associated with file /mnt/sdceph/users/azonca/pysm-data/pysm_2/dust_q_new.fits
2023-06-02 00:36:09,339:INFO:mapsims:Processing channel Channel SPLAT_f150
2023-06-02 00:36:09,340:INFO:mapsims:Bandpass integration for Channel SPLAT_f150
2023-06-02 00:36:17,711:INFO:mapsims:Smoothing and coord-transform for Channel SPLAT_f150
2023-06-02 00:36:22,338:INFO:pysm3:Used map2alm_lsq, converged in 7 iterations,residual relative error 0.19
2023-06-02 00:36:22,338:INFO:pysm3:Smoothing with fwhm of 1.5 arcmin
2023-06-02 00:36:22,385:INFO:pysm3:Rotate Alm
2023-06-02 00:36:24,819:INFO:pysm3:Alm to map HEALPix
2023-06-02 00:36:35,772:INFO:mapsims:Writing output map cmbs4_ame_a2_uKCMB_LAT-SPLAT_f150_nside4096.fits
2023-06-02 00:36:35,773:INFO:mapsims:Replace NaN with UNSEEN
2023-06-02 00:36:36,587:INFO:mapsims:Reorder ring to nest
2023-06-02 00:36:52,234:INFO:mapsims:Writing output map

real	0m56.807s
user	4m29.366s
sys	1m11.278s
