
WARNING: version mismatch between CFITSIO header (v3.47) and linked library (v4.02).


WARNING: version mismatch between CFITSIO header (v3.47) and linked library (v4.02).


WARNING: version mismatch between CFITSIO header (v3.47) and linked library (v4.02).

2023-06-02 00:26:38,306:INFO:mapsims:Parsing configuration from common.toml, cmb_c3.toml
2023-06-02 00:26:45,161:INFO:mapsims:Nside: 4096, Modeling Nside: 4096, Ellmax: 10240
2023-06-02 00:26:45,163:INFO:mapsims:Initializing the PySM Sky object
2023-06-02 00:26:45,164:INFO:pysm3:Access data from /mnt/sdceph/users/azonca/pysm-data/websky/0.4/cmb/map_I_unlensed_alm_seed1_nside4096.fits
2023-06-02 00:26:45,166:INFO:pysm3:Access data from /mnt/sdceph/users/azonca/pysm-data/websky/0.4/cmb/map_Q_unlensed_alm_seed1_nside4096.fits
2023-06-02 00:26:45,167:INFO:pysm3:Access data from /mnt/sdceph/users/azonca/pysm-data/websky/0.4/cmb/map_U_unlensed_alm_seed1_nside4096.fits
2023-06-02 00:26:45,168:INFO:pysm3:Access data from /mnt/sdceph/users/azonca/pysm-data/websky/0.4/cmb/map_I_unlensed_alm_seed1_nside4096.fits
2023-06-02 00:26:46,691:INFO:pysm3:Access data from /mnt/sdceph/users/azonca/pysm-data/websky/0.4/cmb/map_Q_unlensed_alm_seed1_nside4096.fits
2023-06-02 00:26:48,255:INFO:pysm3:Access data from /mnt/sdceph/users/azonca/pysm-data/websky/0.4/cmb/map_U_unlensed_alm_seed1_nside4096.fits
2023-06-02 00:26:50,714:INFO:mapsims:Processing channel Channel CHLAT_f150
2023-06-02 00:26:50,714:INFO:mapsims:Bandpass integration for Channel CHLAT_f150
2023-06-02 00:26:53,373:INFO:mapsims:Smoothing and coord-transform for Channel CHLAT_f150
2023-06-02 00:29:03,384:INFO:pysm3:Used map2alm_lsq, converged in 2 iterations,residual relative error 4.4e-08
2023-06-02 00:29:03,385:INFO:pysm3:Smoothing with fwhm of 1.3 arcmin
2023-06-02 00:29:06,741:INFO:pysm3:Rotate Alm
2023-06-02 00:42:49,427:INFO:pysm3:Alm to map HEALPix
2023-06-02 00:43:05,328:INFO:mapsims:Writing output map cmbs4_cmb_c3_uKCMB_LAT-CHLAT_f150_nside4096.fits
2023-06-02 00:43:05,328:INFO:mapsims:Replace NaN with UNSEEN
2023-06-02 00:43:06,157:INFO:mapsims:Reorder ring to nest
2023-06-02 00:43:22,139:INFO:mapsims:Writing output map

real	16m54.557s
user	509m28.775s
sys	2m16.434s
