
WARNING: version mismatch between CFITSIO header (v3.47) and linked library (v4.02).


WARNING: version mismatch between CFITSIO header (v3.47) and linked library (v4.02).


WARNING: version mismatch between CFITSIO header (v3.47) and linked library (v4.02).

2023-06-02 00:07:24,918:INFO:mapsims:Parsing configuration from common.toml, ksz_ksz1.toml
2023-06-02 00:07:24,931:INFO:mapsims:Nside: 512, Modeling Nside: 4096, Ellmax: 1280
2023-06-02 00:07:24,933:INFO:mapsims:Initializing the PySM Sky object
2023-06-02 00:07:24,935:INFO:pysm3:Access data from /mnt/sdceph/users/azonca/pysm-data/websky/0.4/ksz.fits
2023-06-02 00:07:24,936:INFO:pysm3:Access data from /mnt/sdceph/users/azonca/pysm-data/websky/0.4/ksz.fits
2023-06-02 00:07:26,595:INFO:mapsims:Processing channel Channel SAT_f280
2023-06-02 00:07:26,595:INFO:mapsims:Bandpass integration for Channel SAT_f280
2023-06-02 00:07:36,386:INFO:mapsims:Smoothing and coord-transform for Channel SAT_f280
2023-06-02 00:07:36,387:INFO:pysm3:Using map2alm with pixel weights
2023-06-02 00:07:41,677:INFO:pysm3:Smoothing with fwhm of 7.7 arcmin
2023-06-02 00:07:41,734:INFO:pysm3:Rotate Alm
2023-06-02 00:07:44,157:INFO:pysm3:Alm to map HEALPix
2023-06-02 00:07:44,345:INFO:mapsims:Writing output map cmbs4_ksz_ksz1_uKCMB_SAT-SAT_f280_nside512.fits
2023-06-02 00:07:44,345:INFO:mapsims:Replace NaN with UNSEEN
2023-06-02 00:07:44,354:INFO:mapsims:Reorder ring to nest
2023-06-02 00:07:44,553:INFO:mapsims:Writing output map

real	0m21.686s
user	2m41.470s
sys	0m11.641s
