
WARNING: version mismatch between CFITSIO header (v3.47) and linked library (v4.02).


WARNING: version mismatch between CFITSIO header (v3.47) and linked library (v4.02).


WARNING: version mismatch between CFITSIO header (v3.47) and linked library (v4.02).

2023-06-28 16:30:47,929:INFO:mapsims:Parsing configuration from common.toml, dust_d10.toml
2023-06-28 16:30:47,949:INFO:mapsims:Nside: 4096, Modeling Nside: 8192, Ellmax: 10240
2023-06-28 16:30:47,952:INFO:mapsims:Initializing the PySM Sky object
2023-06-28 16:30:47,956:INFO:pysm3:Access data from /mnt/sdceph/users/azonca/pysm-data/dust_gnilc/gnilc_dust_template_nside8192.fits
2023-06-28 16:37:51,321:INFO:pysm3:Retrieve data for dust_gnilc/gnilc_dust_beta_nside8192_2023.06.06.fits (if not cached already)
2023-06-28 16:37:56,206:INFO:pysm3:Retrieve data for dust_gnilc/gnilc_dust_Td_nside8192_2023.06.06.fits (if not cached already)
2023-06-28 16:38:01,309:INFO:mapsims:Processing channel Channel CHLAT_f280
2023-06-28 16:38:01,309:INFO:mapsims:Bandpass integration for Channel CHLAT_f280
2023-06-28 16:50:02,217:INFO:mapsims:Smoothing and coord-transform for Channel CHLAT_f280
2023-06-28 16:50:02,220:INFO:pysm3:Using map2alm with pixel weights
2023-06-28 16:50:33,891:INFO:pysm3:Smoothing with fwhm of 0.83 arcmin
2023-06-28 16:50:37,371:INFO:pysm3:Rotate Alm
2023-06-28 17:04:06,543:INFO:pysm3:Alm to map HEALPix
2023-06-28 17:04:20,958:INFO:mapsims:Writing output map cmbs4_dust_d10_uKCMB_CHLAT_f280_nside4096.fits
2023-06-28 17:04:20,958:INFO:mapsims:Replace NaN with UNSEEN
2023-06-28 17:04:21,507:INFO:mapsims:Reorder ring to nest
2023-06-28 17:04:37,178:INFO:mapsims:Writing output map

real	34m6.700s
user	445m41.478s
sys	5m7.393s
