
WARNING: version mismatch between CFITSIO header (v3.47) and linked library (v4.02).


WARNING: version mismatch between CFITSIO header (v3.47) and linked library (v4.02).


WARNING: version mismatch between CFITSIO header (v3.47) and linked library (v4.02).

2023-06-01 23:50:48,558:INFO:mapsims:Parsing configuration from common.toml, cmb_c4.toml
2023-06-01 23:50:48,568:INFO:mapsims:Nside: 4096, Modeling Nside: 4096, Ellmax: 10240
2023-06-01 23:50:48,569:INFO:mapsims:Initializing the PySM Sky object
2023-06-01 23:50:48,571:INFO:pysm3:Access data from /mnt/sdceph/users/azonca/pysm-data/websky/0.4/cmb/map_I_lensed_alm_seed1_nside4096.fits
2023-06-01 23:50:48,573:INFO:pysm3:Access data from /mnt/sdceph/users/azonca/pysm-data/websky/0.4/cmb/map_Q_lensed_alm_seed1_nside4096.fits
2023-06-01 23:50:48,573:INFO:pysm3:Access data from /mnt/sdceph/users/azonca/pysm-data/websky/0.4/cmb/map_U_lensed_alm_seed1_nside4096.fits
2023-06-01 23:50:48,574:INFO:pysm3:Access data from /mnt/sdceph/users/azonca/pysm-data/websky/0.4/cmb/map_I_lensed_alm_seed1_nside4096.fits
2023-06-01 23:50:50,439:INFO:pysm3:Access data from /mnt/sdceph/users/azonca/pysm-data/websky/0.4/cmb/map_Q_lensed_alm_seed1_nside4096.fits
2023-06-01 23:50:52,124:INFO:pysm3:Access data from /mnt/sdceph/users/azonca/pysm-data/websky/0.4/cmb/map_U_lensed_alm_seed1_nside4096.fits
2023-06-01 23:50:54,761:INFO:mapsims:Processing channel Channel CHLAT_f090
2023-06-01 23:50:54,761:INFO:mapsims:Bandpass integration for Channel CHLAT_f090
2023-06-01 23:50:57,421:INFO:mapsims:Smoothing and coord-transform for Channel CHLAT_f090
2023-06-01 23:53:10,530:INFO:pysm3:Used map2alm_lsq, converged in 2 iterations,residual relative error 4.8e-08
2023-06-01 23:53:10,532:INFO:pysm3:Smoothing with fwhm of 2.1 arcmin
2023-06-01 23:53:13,947:INFO:pysm3:Rotate Alm
2023-06-02 00:07:09,175:INFO:pysm3:Alm to map HEALPix
2023-06-02 00:07:25,461:INFO:mapsims:Writing output map cmbs4_cmb_c4_uKCMB_LAT-CHLAT_f090_nside4096.fits
2023-06-02 00:07:25,462:INFO:mapsims:Replace NaN with UNSEEN
2023-06-02 00:07:26,450:INFO:mapsims:Reorder ring to nest
2023-06-02 00:07:42,855:INFO:mapsims:Writing output map

real	17m5.636s
user	515m29.578s
sys	2m13.702s
