
WARNING: version mismatch between CFITSIO header (v3.47) and linked library (v4.02).


WARNING: version mismatch between CFITSIO header (v3.47) and linked library (v4.02).


WARNING: version mismatch between CFITSIO header (v3.47) and linked library (v4.02).

2023-06-02 00:08:56,592:INFO:mapsims:Parsing configuration from common.toml, dust_d9.toml
2023-06-02 00:08:56,602:INFO:mapsims:Nside: 4096, Modeling Nside: 8192, Ellmax: 10240
2023-06-02 00:08:56,604:INFO:mapsims:Initializing the PySM Sky object
2023-06-02 00:08:56,605:INFO:pysm3:Access data from /mnt/sdceph/users/azonca/pysm-data/dust_gnilc/gnilc_dust_template_nside8192.fits
2023-06-02 00:09:20,621:INFO:mapsims:Processing channel Channel SPLAT_f280
2023-06-02 00:09:20,621:INFO:mapsims:Bandpass integration for Channel SPLAT_f280
2023-06-02 00:12:40,725:INFO:mapsims:Smoothing and coord-transform for Channel SPLAT_f280
2023-06-02 00:12:40,726:INFO:pysm3:Using map2alm with pixel weights
2023-06-02 00:13:15,846:INFO:pysm3:Smoothing with fwhm of 1.0 arcmin
2023-06-02 00:13:19,166:INFO:pysm3:Rotate Alm
2023-06-02 00:26:53,539:INFO:pysm3:Alm to map HEALPix
2023-06-02 00:27:09,691:INFO:mapsims:Writing output map cmbs4_dust_d9_uKCMB_LAT-SPLAT_f280_nside4096.fits
2023-06-02 00:27:09,691:INFO:mapsims:Replace NaN with UNSEEN
2023-06-02 00:27:10,697:INFO:mapsims:Reorder ring to nest
2023-06-02 00:27:27,026:INFO:mapsims:Writing output map

real	18m42.811s
user	480m13.379s
sys	2m14.645s
