
WARNING: version mismatch between CFITSIO header (v3.47) and linked library (v4.02).


WARNING: version mismatch between CFITSIO header (v3.47) and linked library (v4.02).


WARNING: version mismatch between CFITSIO header (v3.47) and linked library (v4.02).

2023-06-02 00:07:58,017:INFO:mapsims:Parsing configuration from common.toml, dust_d10.toml
2023-06-02 00:07:58,027:INFO:mapsims:Nside: 512, Modeling Nside: 2048, Ellmax: 1280
2023-06-02 00:07:58,028:INFO:mapsims:Initializing the PySM Sky object
2023-06-02 00:07:58,029:INFO:pysm3:Access data from /mnt/sdceph/users/azonca/pysm-data/dust_gnilc/gnilc_dust_template_nside2048.fits
2023-06-02 00:07:59,469:INFO:pysm3:Access data from /mnt/sdceph/users/azonca/pysm-data/dust_gnilc/gnilc_dust_beta_nside2048.fits
2023-06-02 00:07:59,881:INFO:pysm3:Access data from /mnt/sdceph/users/azonca/pysm-data/dust_gnilc/gnilc_dust_Td_nside2048.fits
2023-06-02 00:08:00,346:INFO:mapsims:Processing channel Channel SAT_f155
2023-06-02 00:08:00,346:INFO:mapsims:Bandpass integration for Channel SAT_f155
2023-06-02 00:08:50,329:INFO:mapsims:Smoothing and coord-transform for Channel SAT_f155
2023-06-02 00:08:50,330:INFO:pysm3:Using map2alm with pixel weights
2023-06-02 00:08:52,087:INFO:pysm3:Smoothing with fwhm of 14.3 arcmin
2023-06-02 00:08:52,138:INFO:pysm3:Rotate Alm
2023-06-02 00:08:54,633:INFO:pysm3:Alm to map HEALPix
2023-06-02 00:08:54,831:INFO:mapsims:Writing output map cmbs4_dust_d10_uKCMB_SAT-SAT_f155_nside512.fits
2023-06-02 00:08:54,831:INFO:mapsims:Replace NaN with UNSEEN
2023-06-02 00:08:54,842:INFO:mapsims:Reorder ring to nest
2023-06-02 00:08:55,040:INFO:mapsims:Writing output map

real	0m59.235s
user	4m16.689s
sys	0m23.278s
