
WARNING: version mismatch between CFITSIO header (v3.47) and linked library (v4.02).


WARNING: version mismatch between CFITSIO header (v3.47) and linked library (v4.02).


WARNING: version mismatch between CFITSIO header (v3.47) and linked library (v4.02).

2023-06-02 00:27:07,104:INFO:mapsims:Parsing configuration from common.toml, cmb_c3.toml
2023-06-02 00:27:07,114:INFO:mapsims:Nside: 4096, Modeling Nside: 4096, Ellmax: 10240
2023-06-02 00:27:07,499:INFO:mapsims:Initializing the PySM Sky object
2023-06-02 00:27:07,501:INFO:pysm3:Access data from /mnt/sdceph/users/azonca/pysm-data/websky/0.4/cmb/map_I_unlensed_alm_seed1_nside4096.fits
2023-06-02 00:27:07,502:INFO:pysm3:Access data from /mnt/sdceph/users/azonca/pysm-data/websky/0.4/cmb/map_Q_unlensed_alm_seed1_nside4096.fits
2023-06-02 00:27:07,503:INFO:pysm3:Access data from /mnt/sdceph/users/azonca/pysm-data/websky/0.4/cmb/map_U_unlensed_alm_seed1_nside4096.fits
2023-06-02 00:27:07,503:INFO:pysm3:Access data from /mnt/sdceph/users/azonca/pysm-data/websky/0.4/cmb/map_I_unlensed_alm_seed1_nside4096.fits
2023-06-02 00:27:08,975:INFO:pysm3:Access data from /mnt/sdceph/users/azonca/pysm-data/websky/0.4/cmb/map_Q_unlensed_alm_seed1_nside4096.fits
2023-06-02 00:27:10,458:INFO:pysm3:Access data from /mnt/sdceph/users/azonca/pysm-data/websky/0.4/cmb/map_U_unlensed_alm_seed1_nside4096.fits
2023-06-02 00:27:12,790:INFO:mapsims:Processing channel Channel SPLAT_f280
2023-06-02 00:27:12,791:INFO:mapsims:Bandpass integration for Channel SPLAT_f280
2023-06-02 00:27:15,341:INFO:mapsims:Smoothing and coord-transform for Channel SPLAT_f280
2023-06-02 00:29:25,923:INFO:pysm3:Used map2alm_lsq, converged in 2 iterations,residual relative error 5e-08
2023-06-02 00:29:25,924:INFO:pysm3:Smoothing with fwhm of 1.0 arcmin
2023-06-02 00:29:29,374:INFO:pysm3:Rotate Alm
2023-06-02 00:43:33,951:INFO:pysm3:Alm to map HEALPix
2023-06-02 00:43:48,301:INFO:mapsims:Writing output map cmbs4_cmb_c3_uKCMB_LAT-SPLAT_f280_nside4096.fits
2023-06-02 00:43:48,301:INFO:mapsims:Replace NaN with UNSEEN
2023-06-02 00:43:48,874:INFO:mapsims:Reorder ring to nest
2023-06-02 00:44:04,504:INFO:mapsims:Writing output map

real	17m6.285s
user	439m57.160s
sys	2m23.440s
