
WARNING: version mismatch between CFITSIO header (v3.47) and linked library (v4.02).


WARNING: version mismatch between CFITSIO header (v3.47) and linked library (v4.02).


WARNING: version mismatch between CFITSIO header (v3.47) and linked library (v4.02).

2023-06-02 00:10:43,232:INFO:mapsims:Parsing configuration from common.toml, cib_cib1.toml
2023-06-02 00:10:43,242:INFO:mapsims:Nside: 4096, Modeling Nside: 4096, Ellmax: 10240
2023-06-02 00:10:43,243:INFO:mapsims:Initializing the PySM Sky object
2023-06-02 00:10:43,451:INFO:mapsims:Processing channel Channel CHLAT_f280
2023-06-02 00:10:43,451:INFO:mapsims:Bandpass integration for Channel CHLAT_f280
2023-06-02 00:10:43,613:INFO:pysm3:Frequencies considered: [256. 275. 294. 306. 314. 340.]
2023-06-02 00:10:43,733:INFO:pysm3:Access data from /mnt/sdceph/users/azonca/pysm-data/websky/0.4/cib/cib_0256.0.fits
2023-06-02 00:10:43,733:INFO:pysm3:Reading map /mnt/sdceph/users/azonca/pysm-data/websky/0.4/cib/cib_0256.0.fits
2023-06-02 00:10:43,734:INFO:pysm3:Access data from /mnt/sdceph/users/azonca/pysm-data/websky/0.4/cib/cib_0256.0.fits
2023-06-02 00:10:53,080:INFO:pysm3:Access data from /mnt/sdceph/users/azonca/pysm-data/websky/0.4/cib/cib_0256.0.fits
2023-06-02 00:10:57,622:INFO:pysm3:Mean emission at 256.0 GHz in I: 30.05 uK_RJ
2023-06-02 00:10:57,722:INFO:pysm3:Access data from /mnt/sdceph/users/azonca/pysm-data/websky/0.4/cib/cib_0275.0.fits
2023-06-02 00:10:57,722:INFO:pysm3:Reading map /mnt/sdceph/users/azonca/pysm-data/websky/0.4/cib/cib_0275.0.fits
2023-06-02 00:10:57,723:INFO:pysm3:Access data from /mnt/sdceph/users/azonca/pysm-data/websky/0.4/cib/cib_0275.0.fits
2023-06-02 00:11:09,663:INFO:pysm3:Access data from /mnt/sdceph/users/azonca/pysm-data/websky/0.4/cib/cib_0275.0.fits
2023-06-02 00:11:13,711:INFO:pysm3:Mean emission at 275.0 GHz in I: 31.29 uK_RJ
2023-06-02 00:11:13,716:INFO:pysm3:Access data from /mnt/sdceph/users/azonca/pysm-data/websky/0.4/cib/cib_0294.0.fits
2023-06-02 00:11:13,716:INFO:pysm3:Reading map /mnt/sdceph/users/azonca/pysm-data/websky/0.4/cib/cib_0294.0.fits
2023-06-02 00:11:13,717:INFO:pysm3:Access data from /mnt/sdceph/users/azonca/pysm-data/websky/0.4/cib/cib_0294.0.fits
2023-06-02 00:11:24,490:INFO:pysm3:Access data from /mnt/sdceph/users/azonca/pysm-data/websky/0.4/cib/cib_0294.0.fits
2023-06-02 00:11:28,539:INFO:pysm3:Mean emission at 294.0 GHz in I: 32.34 uK_RJ
2023-06-02 00:11:28,540:INFO:pysm3:Access data from /mnt/sdceph/users/azonca/pysm-data/websky/0.4/cib/cib_0306.0.fits
2023-06-02 00:11:28,540:INFO:pysm3:Reading map /mnt/sdceph/users/azonca/pysm-data/websky/0.4/cib/cib_0306.0.fits
2023-06-02 00:11:28,541:INFO:pysm3:Access data from /mnt/sdceph/users/azonca/pysm-data/websky/0.4/cib/cib_0306.0.fits
2023-06-02 00:11:39,294:INFO:pysm3:Access data from /mnt/sdceph/users/azonca/pysm-data/websky/0.4/cib/cib_0306.0.fits
2023-06-02 00:11:43,342:INFO:pysm3:Mean emission at 306.0 GHz in I: 32.93 uK_RJ
2023-06-02 00:11:43,343:INFO:pysm3:Access data from /mnt/sdceph/users/azonca/pysm-data/websky/0.4/cib/cib_0314.0.fits
2023-06-02 00:11:43,344:INFO:pysm3:Reading map /mnt/sdceph/users/azonca/pysm-data/websky/0.4/cib/cib_0314.0.fits
2023-06-02 00:11:43,344:INFO:pysm3:Access data from /mnt/sdceph/users/azonca/pysm-data/websky/0.4/cib/cib_0314.0.fits
2023-06-02 00:11:54,561:INFO:pysm3:Access data from /mnt/sdceph/users/azonca/pysm-data/websky/0.4/cib/cib_0314.0.fits
2023-06-02 00:11:58,610:INFO:pysm3:Mean emission at 314.0 GHz in I: 33.28 uK_RJ
2023-06-02 00:11:58,612:INFO:pysm3:Access data from /mnt/sdceph/users/azonca/pysm-data/websky/0.4/cib/cib_0340.0.fits
2023-06-02 00:11:58,612:INFO:pysm3:Reading map /mnt/sdceph/users/azonca/pysm-data/websky/0.4/cib/cib_0340.0.fits
2023-06-02 00:11:58,613:INFO:pysm3:Access data from /mnt/sdceph/users/azonca/pysm-data/websky/0.4/cib/cib_0340.0.fits
2023-06-02 00:12:10,222:INFO:pysm3:Access data from /mnt/sdceph/users/azonca/pysm-data/websky/0.4/cib/cib_0340.0.fits
2023-06-02 00:12:14,296:INFO:pysm3:Mean emission at 340.0 GHz in I: 34.28 uK_RJ
2023-06-02 00:12:40,394:INFO:mapsims:Smoothing and coord-transform for Channel CHLAT_f280
2023-06-02 00:19:28,628:WARNING:pysm3:hp.map2alm_lsq did not converge in 10 iterations, residual relative error is 0.4
2023-06-02 00:19:28,629:INFO:pysm3:Smoothing with fwhm of 0.83 arcmin
2023-06-02 00:19:32,303:INFO:pysm3:Rotate Alm
2023-06-02 00:29:46,886:INFO:pysm3:Alm to map HEALPix
2023-06-02 00:30:01,313:INFO:mapsims:Writing output map cmbs4_cib_cib1_uKCMB_LAT-CHLAT_f280_nside4096.fits
2023-06-02 00:30:01,314:INFO:mapsims:Replace NaN with UNSEEN
2023-06-02 00:30:01,935:INFO:mapsims:Reorder ring to nest
2023-06-02 00:30:17,818:INFO:mapsims:Writing output map

real	19m44.416s
user	504m43.004s
sys	6m40.010s
