
WARNING: version mismatch between CFITSIO header (v3.47) and linked library (v4.02).


WARNING: version mismatch between CFITSIO header (v3.47) and linked library (v4.02).


WARNING: version mismatch between CFITSIO header (v3.47) and linked library (v4.02).

2023-06-28 16:30:41,957:INFO:mapsims:Parsing configuration from common.toml, dust_d10.toml
2023-06-28 16:30:41,967:INFO:mapsims:Nside: 4096, Modeling Nside: 8192, Ellmax: 10240
2023-06-28 16:30:41,968:INFO:mapsims:Initializing the PySM Sky object
2023-06-28 16:30:41,969:INFO:pysm3:Access data from /mnt/sdceph/users/azonca/pysm-data/dust_gnilc/gnilc_dust_template_nside8192.fits
2023-06-28 16:37:16,778:INFO:pysm3:Retrieve data for dust_gnilc/gnilc_dust_beta_nside8192_2023.06.06.fits (if not cached already)
2023-06-28 16:37:21,826:INFO:pysm3:Retrieve data for dust_gnilc/gnilc_dust_Td_nside8192_2023.06.06.fits (if not cached already)
2023-06-28 16:37:27,173:INFO:mapsims:Processing channel Channel CHLAT_f150
2023-06-28 16:37:27,173:INFO:mapsims:Bandpass integration for Channel CHLAT_f150
2023-06-28 16:49:21,269:INFO:mapsims:Smoothing and coord-transform for Channel CHLAT_f150
2023-06-28 16:49:21,273:INFO:pysm3:Using map2alm with pixel weights
2023-06-28 16:49:53,623:INFO:pysm3:Smoothing with fwhm of 1.3 arcmin
2023-06-28 16:49:57,210:INFO:pysm3:Rotate Alm
2023-06-28 17:04:08,433:INFO:pysm3:Alm to map HEALPix
2023-06-28 17:04:22,845:INFO:mapsims:Writing output map cmbs4_dust_d10_uKCMB_CHLAT_f150_nside4096.fits
2023-06-28 17:04:22,845:INFO:mapsims:Replace NaN with UNSEEN
2023-06-28 17:04:23,519:INFO:mapsims:Reorder ring to nest
2023-06-28 17:04:39,585:INFO:mapsims:Writing output map

real	34m8.215s
user	449m40.723s
sys	5m2.917s
