
WARNING: version mismatch between CFITSIO header (v3.47) and linked library (v4.02).


WARNING: version mismatch between CFITSIO header (v3.47) and linked library (v4.02).


WARNING: version mismatch between CFITSIO header (v3.47) and linked library (v4.02).

2023-06-02 00:43:52,832:INFO:mapsims:Parsing configuration from common.toml, ame_a1.toml
2023-06-02 00:43:52,852:INFO:mapsims:Nside: 512, Modeling Nside: 512, Ellmax: 1280
2023-06-02 00:43:52,854:INFO:mapsims:Initializing the PySM Sky object
2023-06-02 00:43:52,857:INFO:pysm3:Access data from /mnt/sdceph/users/azonca/pysm-data/pysm_2/ame_t_new.fits
2023-06-02 00:43:52,952:INFO:pysm3:Access data from /mnt/sdceph/users/azonca/pysm-data/pysm_2/ame_nu_peak_0.fits
2023-06-02 00:43:53,175:INFO:pysm3:Access data from /mnt/sdceph/users/azonca/pysm-data/pysm_2/emissivity.txt
2023-06-02 00:43:53,200:INFO:pysm3:Access data from /mnt/sdceph/users/azonca/pysm-data/pysm_2/ame2_t_new.fits
2023-06-02 00:43:53,246:INFO:pysm3:Access data from /mnt/sdceph/users/azonca/pysm-data/pysm_2/emissivity.txt
2023-06-02 00:43:53,250:INFO:mapsims:Processing channel Channel SAT_f220
2023-06-02 00:43:53,250:INFO:mapsims:Bandpass integration for Channel SAT_f220
2023-06-02 00:44:00,294:INFO:mapsims:Smoothing and coord-transform for Channel SAT_f220
2023-06-02 00:44:04,431:INFO:pysm3:Used map2alm_lsq, converged in 7 iterations,residual relative error 0.19
2023-06-02 00:44:04,432:INFO:pysm3:Smoothing with fwhm of 9.4 arcmin
2023-06-02 00:44:04,483:INFO:pysm3:Rotate Alm
2023-06-02 00:44:06,711:INFO:pysm3:Alm to map HEALPix
2023-06-02 00:44:06,867:INFO:mapsims:Writing output map cmbs4_ame_a1_uKCMB_SAT-SAT_f220_nside512.fits
2023-06-02 00:44:06,867:INFO:mapsims:Replace NaN with UNSEEN
2023-06-02 00:44:06,875:INFO:mapsims:Reorder ring to nest
2023-06-02 00:44:07,080:INFO:mapsims:Writing output map

real	0m16.272s
user	2m56.541s
sys	1m13.077s
