
WARNING: version mismatch between CFITSIO header (v3.47) and linked library (v4.02).


WARNING: version mismatch between CFITSIO header (v3.47) and linked library (v4.02).


WARNING: version mismatch between CFITSIO header (v3.47) and linked library (v4.02).

2023-06-02 00:37:05,334:INFO:mapsims:Parsing configuration from common.toml, co_co3.toml
2023-06-02 00:37:05,362:INFO:mapsims:Nside: 4096, Modeling Nside: 2048, Ellmax: 5120
2023-06-02 00:37:05,363:INFO:mapsims:Initializing the PySM Sky object
2023-06-02 00:37:05,364:INFO:pysm3:Access data from /mnt/sdceph/users/azonca/pysm-data/co/HFI_CompMap_CO-Type1_2048_R2.00_ring.fits
2023-06-02 00:37:05,364:INFO:pysm3:Access data from /mnt/sdceph/users/azonca/pysm-data/co/HFI_CompMap_CO-Type1_2048_R2.00_ring.fits
2023-06-02 00:37:23,212:INFO:pysm3:Access data from /mnt/sdceph/users/azonca/pysm-data/co/psimap_dust90_2048.fits
2023-06-02 00:37:23,213:INFO:pysm3:Access data from /mnt/sdceph/users/azonca/pysm-data/co/psimap_dust90_2048.fits
2023-06-02 00:38:33,811:WARNING:pysm3:No physical unit associated with file /mnt/sdceph/users/azonca/pysm-data/co/psimap_dust90_2048.fits
2023-06-02 00:38:33,812:INFO:pysm3:Access data from /mnt/sdceph/users/azonca/pysm-data/co/gmap_dust90_2048.fits
2023-06-02 00:38:33,812:INFO:pysm3:Access data from /mnt/sdceph/users/azonca/pysm-data/co/gmap_dust90_2048.fits
2023-06-02 00:39:11,313:WARNING:pysm3:No physical unit associated with file /mnt/sdceph/users/azonca/pysm-data/co/gmap_dust90_2048.fits
2023-06-02 00:39:11,314:INFO:pysm3:Access data from /mnt/sdceph/users/azonca/pysm-data/co/mcmoleCO_HGL_2048.fits
2023-06-02 00:39:11,315:INFO:pysm3:Access data from /mnt/sdceph/users/azonca/pysm-data/co/mcmoleCO_HGL_2048.fits
2023-06-02 00:39:21,586:INFO:mapsims:Processing channel Channel SPLAT_f090
2023-06-02 00:39:21,586:INFO:mapsims:Bandpass integration for Channel SPLAT_f090
2023-06-02 00:39:22,747:INFO:mapsims:Smoothing and coord-transform for Channel SPLAT_f090
/mnt/home/azonca/mambaforge-pypy3/envs/so/lib/python3.10/site-packages/healpy/sphtfunc.py:414: RuntimeWarning: invalid value encountered in double_scalars
  return realalm2alm(res[0]), res[3] / norm(maps.reshape((-1,))), res[2]
2023-06-02 00:39:32,519:INFO:pysm3:Used map2alm_lsq, converged in 0 iterations,residual relative error nan
2023-06-02 00:39:32,519:INFO:pysm3:Smoothing with fwhm of 2.5 arcmin
2023-06-02 00:39:33,432:INFO:pysm3:Rotate Alm
2023-06-02 00:40:50,744:INFO:pysm3:Alm to map HEALPix
2023-06-02 00:41:01,458:INFO:mapsims:Writing output map cmbs4_co_co3_uKCMB_LAT-SPLAT_f090_nside4096.fits
2023-06-02 00:41:01,458:INFO:mapsims:Replace NaN with UNSEEN
2023-06-02 00:41:02,141:INFO:mapsims:Reorder ring to nest
2023-06-02 00:41:18,438:INFO:mapsims:Writing output map

real	4m25.519s
user	64m30.034s
sys	0m47.459s
