
WARNING: version mismatch between CFITSIO header (v3.47) and linked library (v4.02).


WARNING: version mismatch between CFITSIO header (v3.47) and linked library (v4.02).


WARNING: version mismatch between CFITSIO header (v3.47) and linked library (v4.02).

2023-06-02 00:29:57,783:INFO:mapsims:Parsing configuration from common.toml, dust_d12.toml
2023-06-02 00:29:57,804:INFO:mapsims:Nside: 4096, Modeling Nside: 2048, Ellmax: 5120
2023-06-02 00:29:57,806:INFO:mapsims:Initializing the PySM Sky object
2023-06-02 00:30:00,241:INFO:pysm3:Access data from /mnt/sdceph/users/azonca/pysm-data/mkd_dust/2048/thermaldust_ampl1.fits
2023-06-02 00:32:13,062:INFO:pysm3:Access data from /mnt/sdceph/users/azonca/pysm-data/mkd_dust/2048/thermaldust_ampl2.fits
2023-06-02 00:34:52,910:INFO:pysm3:Access data from /mnt/sdceph/users/azonca/pysm-data/mkd_dust/2048/thermaldust_ampl3.fits
2023-06-02 00:36:35,130:INFO:pysm3:Access data from /mnt/sdceph/users/azonca/pysm-data/mkd_dust/2048/thermaldust_ampl4.fits
2023-06-02 00:36:36,887:INFO:pysm3:Access data from /mnt/sdceph/users/azonca/pysm-data/mkd_dust/2048/thermaldust_ampl5.fits
2023-06-02 00:36:39,990:INFO:pysm3:Access data from /mnt/sdceph/users/azonca/pysm-data/mkd_dust/2048/thermaldust_ampl6.fits
2023-06-02 00:36:49,720:INFO:pysm3:Access data from /mnt/sdceph/users/azonca/pysm-data/mkd_dust/2048/thermaldust_specind1.fits
2023-06-02 00:36:50,194:INFO:pysm3:Access data from /mnt/sdceph/users/azonca/pysm-data/mkd_dust/2048/thermaldust_specind2.fits
2023-06-02 00:36:50,921:INFO:pysm3:Access data from /mnt/sdceph/users/azonca/pysm-data/mkd_dust/2048/thermaldust_specind3.fits
2023-06-02 00:36:52,040:INFO:pysm3:Access data from /mnt/sdceph/users/azonca/pysm-data/mkd_dust/2048/thermaldust_specind4.fits
2023-06-02 00:36:52,483:INFO:pysm3:Access data from /mnt/sdceph/users/azonca/pysm-data/mkd_dust/2048/thermaldust_specind5.fits
2023-06-02 00:36:53,169:INFO:pysm3:Access data from /mnt/sdceph/users/azonca/pysm-data/mkd_dust/2048/thermaldust_specind6.fits
2023-06-02 00:36:54,456:INFO:pysm3:Access data from /mnt/sdceph/users/azonca/pysm-data/mkd_dust/2048/thermaldust_temp1.fits
2023-06-02 00:36:54,926:INFO:pysm3:Access data from /mnt/sdceph/users/azonca/pysm-data/mkd_dust/2048/thermaldust_temp2.fits
2023-06-02 00:36:55,596:INFO:pysm3:Access data from /mnt/sdceph/users/azonca/pysm-data/mkd_dust/2048/thermaldust_temp3.fits
2023-06-02 00:36:56,062:INFO:pysm3:Access data from /mnt/sdceph/users/azonca/pysm-data/mkd_dust/2048/thermaldust_temp4.fits
2023-06-02 00:36:56,584:INFO:pysm3:Access data from /mnt/sdceph/users/azonca/pysm-data/mkd_dust/2048/thermaldust_temp5.fits
2023-06-02 00:36:57,048:INFO:pysm3:Access data from /mnt/sdceph/users/azonca/pysm-data/mkd_dust/2048/thermaldust_temp6.fits
2023-06-02 00:36:57,730:INFO:mapsims:Processing channel Channel CHLAT_f280
2023-06-02 00:36:57,730:INFO:mapsims:Bandpass integration for Channel CHLAT_f280
2023-06-02 00:42:12,169:INFO:mapsims:Smoothing and coord-transform for Channel CHLAT_f280
2023-06-02 00:43:47,437:WARNING:pysm3:hp.map2alm_lsq did not converge in 10 iterations, residual relative error is 0.00062
2023-06-02 00:43:47,438:INFO:pysm3:Smoothing with fwhm of 0.83 arcmin
2023-06-02 00:43:48,286:INFO:pysm3:Rotate Alm
2023-06-02 00:45:17,775:INFO:pysm3:Alm to map HEALPix
2023-06-02 00:45:30,106:INFO:mapsims:Writing output map cmbs4_dust_d12_uKCMB_LAT-CHLAT_f280_nside4096.fits
2023-06-02 00:45:30,106:INFO:mapsims:Replace NaN with UNSEEN
2023-06-02 00:45:30,866:INFO:mapsims:Reorder ring to nest
2023-06-02 00:45:47,510:INFO:mapsims:Writing output map

real	15m59.330s
user	106m31.944s
sys	5m22.815s
