
WARNING: version mismatch between CFITSIO header (v3.47) and linked library (v4.02).


WARNING: version mismatch between CFITSIO header (v3.47) and linked library (v4.02).


WARNING: version mismatch between CFITSIO header (v3.47) and linked library (v4.02).

2023-06-28 16:30:47,929:INFO:mapsims:Parsing configuration from common.toml, dust_d10.toml
2023-06-28 16:30:47,948:INFO:mapsims:Nside: 4096, Modeling Nside: 8192, Ellmax: 10240
2023-06-28 16:30:47,951:INFO:mapsims:Initializing the PySM Sky object
2023-06-28 16:30:47,954:INFO:pysm3:Access data from /mnt/sdceph/users/azonca/pysm-data/dust_gnilc/gnilc_dust_template_nside8192.fits
2023-06-28 16:41:12,976:INFO:pysm3:Retrieve data for dust_gnilc/gnilc_dust_beta_nside8192_2023.06.06.fits (if not cached already)
2023-06-28 16:41:18,081:INFO:pysm3:Retrieve data for dust_gnilc/gnilc_dust_Td_nside8192_2023.06.06.fits (if not cached already)
2023-06-28 16:41:23,423:INFO:mapsims:Processing channel Channel SPLAT_f220
2023-06-28 16:41:23,423:INFO:mapsims:Bandpass integration for Channel SPLAT_f220
2023-06-28 16:53:36,604:INFO:mapsims:Smoothing and coord-transform for Channel SPLAT_f220
2023-06-28 16:53:36,608:INFO:pysm3:Using map2alm with pixel weights
2023-06-28 16:54:09,070:INFO:pysm3:Smoothing with fwhm of 1.1 arcmin
2023-06-28 16:54:12,687:INFO:pysm3:Rotate Alm
2023-06-28 17:08:38,907:INFO:pysm3:Alm to map HEALPix
2023-06-28 17:08:53,530:INFO:mapsims:Writing output map cmbs4_dust_d10_uKCMB_SPLAT_f220_nside4096.fits
2023-06-28 17:08:53,530:INFO:mapsims:Replace NaN with UNSEEN
2023-06-28 17:08:54,173:INFO:mapsims:Reorder ring to nest
2023-06-28 17:09:10,336:INFO:mapsims:Writing output map

real	38m40.511s
user	483m33.683s
sys	5m2.774s
