
WARNING: version mismatch between CFITSIO header (v3.47) and linked library (v4.02).


WARNING: version mismatch between CFITSIO header (v3.47) and linked library (v4.02).


WARNING: version mismatch between CFITSIO header (v3.47) and linked library (v4.02).

2023-06-02 00:27:25,765:INFO:mapsims:Parsing configuration from common.toml, cmb_c3.toml
2023-06-02 00:27:25,777:INFO:mapsims:Nside: 512, Modeling Nside: 4096, Ellmax: 1280
2023-06-02 00:27:25,778:INFO:mapsims:Initializing the PySM Sky object
2023-06-02 00:27:25,780:INFO:pysm3:Access data from /mnt/sdceph/users/azonca/pysm-data/websky/0.4/cmb/map_I_unlensed_alm_seed1_nside4096.fits
2023-06-02 00:27:25,781:INFO:pysm3:Access data from /mnt/sdceph/users/azonca/pysm-data/websky/0.4/cmb/map_Q_unlensed_alm_seed1_nside4096.fits
2023-06-02 00:27:25,782:INFO:pysm3:Access data from /mnt/sdceph/users/azonca/pysm-data/websky/0.4/cmb/map_U_unlensed_alm_seed1_nside4096.fits
2023-06-02 00:27:25,782:INFO:pysm3:Access data from /mnt/sdceph/users/azonca/pysm-data/websky/0.4/cmb/map_I_unlensed_alm_seed1_nside4096.fits
2023-06-02 00:27:27,283:INFO:pysm3:Access data from /mnt/sdceph/users/azonca/pysm-data/websky/0.4/cmb/map_Q_unlensed_alm_seed1_nside4096.fits
2023-06-02 00:27:28,785:INFO:pysm3:Access data from /mnt/sdceph/users/azonca/pysm-data/websky/0.4/cmb/map_U_unlensed_alm_seed1_nside4096.fits
2023-06-02 00:27:31,107:INFO:mapsims:Processing channel Channel SAT_f040
2023-06-02 00:27:31,107:INFO:mapsims:Bandpass integration for Channel SAT_f040
2023-06-02 00:27:33,747:INFO:mapsims:Smoothing and coord-transform for Channel SAT_f040
2023-06-02 00:27:33,747:INFO:pysm3:Using map2alm with pixel weights
2023-06-02 00:27:39,260:INFO:pysm3:Smoothing with fwhm of 61.6 arcmin
2023-06-02 00:27:39,313:INFO:pysm3:Rotate Alm
2023-06-02 00:27:41,647:INFO:pysm3:Alm to map HEALPix
2023-06-02 00:27:41,846:INFO:mapsims:Writing output map cmbs4_cmb_c3_uKCMB_SAT-SAT_f040_nside512.fits
2023-06-02 00:27:41,847:INFO:mapsims:Replace NaN with UNSEEN
2023-06-02 00:27:41,857:INFO:mapsims:Reorder ring to nest
2023-06-02 00:27:42,100:INFO:mapsims:Writing output map

real	0m18.364s
user	2m37.940s
sys	0m10.045s
