
WARNING: version mismatch between CFITSIO header (v3.47) and linked library (v4.02).


WARNING: version mismatch between CFITSIO header (v3.47) and linked library (v4.02).


WARNING: version mismatch between CFITSIO header (v3.47) and linked library (v4.02).

2023-06-01 23:50:24,028:INFO:mapsims:Parsing configuration from common.toml, co_co1.toml
2023-06-01 23:50:24,037:INFO:mapsims:Nside: 512, Modeling Nside: 2048, Ellmax: 1280
2023-06-01 23:50:24,038:INFO:mapsims:Initializing the PySM Sky object
2023-06-01 23:50:24,040:INFO:pysm3:Access data from /mnt/sdceph/users/azonca/pysm-data/co/HFI_CompMap_CO-Type1_2048_R2.00_ring.fits
2023-06-01 23:50:24,040:INFO:pysm3:Access data from /mnt/sdceph/users/azonca/pysm-data/co/HFI_CompMap_CO-Type1_2048_R2.00_ring.fits
2023-06-01 23:50:41,091:INFO:mapsims:Processing channel Channel SAT_f095
2023-06-01 23:50:41,092:INFO:mapsims:Bandpass integration for Channel SAT_f095
2023-06-01 23:50:42,255:INFO:mapsims:Smoothing and coord-transform for Channel SAT_f095
2023-06-01 23:50:42,255:INFO:pysm3:Using map2alm with pixel weights
2023-06-01 23:50:43,860:INFO:pysm3:Smoothing with fwhm of 22.4 arcmin
2023-06-01 23:50:43,917:INFO:pysm3:Rotate Alm
2023-06-01 23:50:46,042:INFO:pysm3:Alm to map HEALPix
2023-06-01 23:50:46,291:INFO:mapsims:Writing output map cmbs4_co_co1_uKCMB_SAT-SAT_f095_nside512.fits
2023-06-01 23:50:46,291:INFO:mapsims:Replace NaN with UNSEEN
2023-06-01 23:50:46,300:INFO:mapsims:Reorder ring to nest
2023-06-01 23:50:46,492:INFO:mapsims:Writing output map

real	0m24.333s
user	2m19.937s
sys	0m9.464s
