
WARNING: version mismatch between CFITSIO header (v3.47) and linked library (v4.02).


WARNING: version mismatch between CFITSIO header (v3.47) and linked library (v4.02).


WARNING: version mismatch between CFITSIO header (v3.47) and linked library (v4.02).

2023-06-28 16:30:41,685:INFO:mapsims:Parsing configuration from common.toml, dust_d9.toml
2023-06-28 16:30:41,695:INFO:mapsims:Nside: 4096, Modeling Nside: 8192, Ellmax: 10240
2023-06-28 16:30:41,696:INFO:mapsims:Initializing the PySM Sky object
2023-06-28 16:30:41,696:INFO:pysm3:Access data from /mnt/sdceph/users/azonca/pysm-data/dust_gnilc/gnilc_dust_template_nside8192.fits
2023-06-28 16:35:51,879:INFO:mapsims:Processing channel Channel CHLAT_f220
2023-06-28 16:35:51,879:INFO:mapsims:Bandpass integration for Channel CHLAT_f220
2023-06-28 16:38:19,863:INFO:mapsims:Smoothing and coord-transform for Channel CHLAT_f220
2023-06-28 16:38:19,866:INFO:pysm3:Using map2alm with pixel weights
2023-06-28 16:38:46,641:INFO:pysm3:Smoothing with fwhm of 0.95 arcmin
2023-06-28 16:38:48,663:INFO:pysm3:Rotate Alm
2023-06-28 16:48:49,325:INFO:pysm3:Alm to map HEALPix
2023-06-28 16:49:02,077:INFO:mapsims:Writing output map cmbs4_dust_d9_uKCMB_CHLAT_f220_nside4096.fits
2023-06-28 16:49:02,077:INFO:mapsims:Replace NaN with UNSEEN
2023-06-28 16:49:02,595:INFO:mapsims:Reorder ring to nest
2023-06-28 16:49:14,826:INFO:mapsims:Writing output map

real	18m41.833s
user	280m39.694s
sys	1m23.632s
