
WARNING: version mismatch between CFITSIO header (v3.47) and linked library (v4.02).


WARNING: version mismatch between CFITSIO header (v3.47) and linked library (v4.02).


WARNING: version mismatch between CFITSIO header (v3.47) and linked library (v4.02).

2023-06-01 23:49:54,746:INFO:mapsims:Parsing configuration from common.toml, synchrotron_s4.toml
2023-06-01 23:49:54,756:INFO:mapsims:Nside: 4096, Modeling Nside: 8192, Ellmax: 10240
2023-06-01 23:49:54,759:INFO:mapsims:Initializing the PySM Sky object
2023-06-01 23:49:54,760:INFO:pysm3:Access data from /mnt/sdceph/users/azonca/pysm-data/synch/synch_template_nside8192_2023.02.25.fits
2023-06-01 23:50:39,312:INFO:mapsims:Processing channel Channel SPLAT_f030
2023-06-01 23:50:39,314:INFO:mapsims:Bandpass integration for Channel SPLAT_f030
2023-06-01 23:52:24,578:INFO:mapsims:Smoothing and coord-transform for Channel SPLAT_f030
2023-06-01 23:52:24,583:INFO:pysm3:Using map2alm with pixel weights
2023-06-01 23:52:59,399:INFO:pysm3:Smoothing with fwhm of 9.1 arcmin
2023-06-01 23:53:02,723:INFO:pysm3:Rotate Alm
2023-06-02 00:07:09,652:INFO:pysm3:Alm to map HEALPix
2023-06-02 00:07:25,825:INFO:mapsims:Writing output map cmbs4_synchrotron_s4_uKCMB_LAT-SPLAT_f030_nside4096.fits
2023-06-02 00:07:25,825:INFO:mapsims:Replace NaN with UNSEEN
2023-06-02 00:07:26,673:INFO:mapsims:Reorder ring to nest
2023-06-02 00:07:42,901:INFO:mapsims:Writing output map

real	18m1.060s
user	502m29.761s
sys	2m54.710s
