
WARNING: version mismatch between CFITSIO header (v3.47) and linked library (v4.02).


WARNING: version mismatch between CFITSIO header (v3.47) and linked library (v4.02).


WARNING: version mismatch between CFITSIO header (v3.47) and linked library (v4.02).

2023-06-01 23:49:54,738:INFO:mapsims:Parsing configuration from common.toml, synchrotron_s4.toml
2023-06-01 23:49:54,748:INFO:mapsims:Nside: 4096, Modeling Nside: 8192, Ellmax: 10240
2023-06-01 23:49:54,751:INFO:mapsims:Initializing the PySM Sky object
2023-06-01 23:49:54,753:INFO:pysm3:Access data from /mnt/sdceph/users/azonca/pysm-data/synch/synch_template_nside8192_2023.02.25.fits
2023-06-01 23:50:38,739:INFO:mapsims:Processing channel Channel SPLAT_f040
2023-06-01 23:50:38,741:INFO:mapsims:Bandpass integration for Channel SPLAT_f040
2023-06-01 23:52:22,677:INFO:mapsims:Smoothing and coord-transform for Channel SPLAT_f040
2023-06-01 23:52:22,681:INFO:pysm3:Using map2alm with pixel weights
2023-06-01 23:52:57,719:INFO:pysm3:Smoothing with fwhm of 6.2 arcmin
2023-06-01 23:53:01,043:INFO:pysm3:Rotate Alm
2023-06-02 00:06:21,823:INFO:pysm3:Alm to map HEALPix
2023-06-02 00:06:37,760:INFO:mapsims:Writing output map cmbs4_synchrotron_s4_uKCMB_LAT-SPLAT_f040_nside4096.fits
2023-06-02 00:06:37,760:INFO:mapsims:Replace NaN with UNSEEN
2023-06-02 00:06:38,566:INFO:mapsims:Reorder ring to nest
2023-06-02 00:06:54,510:INFO:mapsims:Writing output map

real	17m13.362s
user	470m17.997s
sys	2m49.934s
