
WARNING: version mismatch between CFITSIO header (v3.47) and linked library (v4.02).


WARNING: version mismatch between CFITSIO header (v3.47) and linked library (v4.02).


WARNING: version mismatch between CFITSIO header (v3.47) and linked library (v4.02).

2023-06-28 16:30:48,591:INFO:mapsims:Parsing configuration from common.toml, dust_d10.toml
2023-06-28 16:30:48,612:INFO:mapsims:Nside: 512, Modeling Nside: 2048, Ellmax: 1280
2023-06-28 16:30:48,616:INFO:mapsims:Initializing the PySM Sky object
2023-06-28 16:30:48,620:INFO:pysm3:Access data from /mnt/sdceph/users/azonca/pysm-data/dust_gnilc/gnilc_dust_template_nside2048.fits
2023-06-28 16:31:25,222:INFO:pysm3:Retrieve data for dust_gnilc/gnilc_dust_beta_nside2048_2023.06.06.fits (if not cached already)
2023-06-28 16:31:25,620:INFO:pysm3:Retrieve data for dust_gnilc/gnilc_dust_Td_nside2048_2023.06.06.fits (if not cached already)
2023-06-28 16:31:25,968:INFO:mapsims:Processing channel Channel SAT_f155
2023-06-28 16:31:25,968:INFO:mapsims:Bandpass integration for Channel SAT_f155
2023-06-28 16:32:15,905:INFO:mapsims:Smoothing and coord-transform for Channel SAT_f155
2023-06-28 16:32:15,914:INFO:pysm3:Using map2alm with pixel weights
2023-06-28 16:32:17,214:INFO:pysm3:Smoothing with fwhm of 14.3 arcmin
2023-06-28 16:32:17,269:INFO:pysm3:Rotate Alm
2023-06-28 16:32:19,791:INFO:pysm3:Alm to map HEALPix
2023-06-28 16:32:19,976:INFO:mapsims:Writing output map cmbs4_dust_d10_uKCMB_SAT_f155_nside512.fits
2023-06-28 16:32:19,976:INFO:mapsims:Replace NaN with UNSEEN
2023-06-28 16:32:19,985:INFO:mapsims:Reorder ring to nest
2023-06-28 16:32:20,176:INFO:mapsims:Writing output map

real	1m41.521s
user	3m58.499s
sys	0m22.466s
