
WARNING: version mismatch between CFITSIO header (v3.47) and linked library (v4.02).


WARNING: version mismatch between CFITSIO header (v3.47) and linked library (v4.02).


WARNING: version mismatch between CFITSIO header (v3.47) and linked library (v4.02).

2023-06-02 00:27:40,035:INFO:mapsims:Parsing configuration from common.toml, cmb_c3.toml
2023-06-02 00:27:40,045:INFO:mapsims:Nside: 512, Modeling Nside: 4096, Ellmax: 1280
2023-06-02 00:27:40,048:INFO:mapsims:Initializing the PySM Sky object
2023-06-02 00:27:40,049:INFO:pysm3:Access data from /mnt/sdceph/users/azonca/pysm-data/websky/0.4/cmb/map_I_unlensed_alm_seed1_nside4096.fits
2023-06-02 00:27:40,050:INFO:pysm3:Access data from /mnt/sdceph/users/azonca/pysm-data/websky/0.4/cmb/map_Q_unlensed_alm_seed1_nside4096.fits
2023-06-02 00:27:40,051:INFO:pysm3:Access data from /mnt/sdceph/users/azonca/pysm-data/websky/0.4/cmb/map_U_unlensed_alm_seed1_nside4096.fits
2023-06-02 00:27:40,051:INFO:pysm3:Access data from /mnt/sdceph/users/azonca/pysm-data/websky/0.4/cmb/map_I_unlensed_alm_seed1_nside4096.fits
2023-06-02 00:27:41,528:INFO:pysm3:Access data from /mnt/sdceph/users/azonca/pysm-data/websky/0.4/cmb/map_Q_unlensed_alm_seed1_nside4096.fits
2023-06-02 00:27:43,882:INFO:pysm3:Access data from /mnt/sdceph/users/azonca/pysm-data/websky/0.4/cmb/map_U_unlensed_alm_seed1_nside4096.fits
2023-06-02 00:27:56,310:INFO:mapsims:Processing channel Channel SAT_f145
2023-06-02 00:27:56,310:INFO:mapsims:Bandpass integration for Channel SAT_f145
2023-06-02 00:27:58,916:INFO:mapsims:Smoothing and coord-transform for Channel SAT_f145
2023-06-02 00:27:58,917:INFO:pysm3:Using map2alm with pixel weights
2023-06-02 00:28:03,969:INFO:pysm3:Smoothing with fwhm of 15.8 arcmin
2023-06-02 00:28:04,023:INFO:pysm3:Rotate Alm
2023-06-02 00:28:06,244:INFO:pysm3:Alm to map HEALPix
2023-06-02 00:28:06,420:INFO:mapsims:Writing output map cmbs4_cmb_c3_uKCMB_SAT-SAT_f145_nside512.fits
2023-06-02 00:28:06,420:INFO:mapsims:Replace NaN with UNSEEN
2023-06-02 00:28:06,427:INFO:mapsims:Reorder ring to nest
2023-06-02 00:28:06,649:INFO:mapsims:Writing output map

real	0m28.541s
user	2m23.907s
sys	0m10.697s
