
WARNING: version mismatch between CFITSIO header (v3.47) and linked library (v4.02).


WARNING: version mismatch between CFITSIO header (v3.47) and linked library (v4.02).


WARNING: version mismatch between CFITSIO header (v3.47) and linked library (v4.02).

2023-06-02 00:43:32,497:INFO:mapsims:Parsing configuration from common.toml, ame_a1.toml
2023-06-02 00:43:32,516:INFO:mapsims:Nside: 4096, Modeling Nside: 512, Ellmax: 1280
2023-06-02 00:43:32,517:INFO:mapsims:Initializing the PySM Sky object
2023-06-02 00:43:32,518:INFO:pysm3:Access data from /mnt/sdceph/users/azonca/pysm-data/pysm_2/ame_t_new.fits
2023-06-02 00:43:32,545:INFO:pysm3:Access data from /mnt/sdceph/users/azonca/pysm-data/pysm_2/ame_nu_peak_0.fits
2023-06-02 00:43:32,572:INFO:pysm3:Access data from /mnt/sdceph/users/azonca/pysm-data/pysm_2/emissivity.txt
2023-06-02 00:43:32,575:INFO:pysm3:Access data from /mnt/sdceph/users/azonca/pysm-data/pysm_2/ame2_t_new.fits
2023-06-02 00:43:32,600:INFO:pysm3:Access data from /mnt/sdceph/users/azonca/pysm-data/pysm_2/emissivity.txt
2023-06-02 00:43:32,602:INFO:mapsims:Processing channel Channel SPLAT_f220
2023-06-02 00:43:32,602:INFO:mapsims:Bandpass integration for Channel SPLAT_f220
2023-06-02 00:43:39,410:INFO:mapsims:Smoothing and coord-transform for Channel SPLAT_f220
2023-06-02 00:43:43,707:INFO:pysm3:Used map2alm_lsq, converged in 7 iterations,residual relative error 0.19
2023-06-02 00:43:43,707:INFO:pysm3:Smoothing with fwhm of 1.1 arcmin
2023-06-02 00:43:43,761:INFO:pysm3:Rotate Alm
2023-06-02 00:43:46,203:INFO:pysm3:Alm to map HEALPix
2023-06-02 00:43:57,242:INFO:mapsims:Writing output map cmbs4_ame_a1_uKCMB_LAT-SPLAT_f220_nside4096.fits
2023-06-02 00:43:57,242:INFO:mapsims:Replace NaN with UNSEEN
2023-06-02 00:43:58,150:INFO:mapsims:Reorder ring to nest
2023-06-02 00:44:14,930:INFO:mapsims:Writing output map

real	0m52.492s
user	4m11.867s
sys	1m13.613s
