
WARNING: version mismatch between CFITSIO header (v3.47) and linked library (v4.02).


WARNING: version mismatch between CFITSIO header (v3.47) and linked library (v4.02).


WARNING: version mismatch between CFITSIO header (v3.47) and linked library (v4.02).

2023-06-02 00:10:49,659:INFO:mapsims:Parsing configuration from common.toml, cib_cib1.toml
2023-06-02 00:10:49,670:INFO:mapsims:Nside: 512, Modeling Nside: 4096, Ellmax: 1280
2023-06-02 00:10:49,671:INFO:mapsims:Initializing the PySM Sky object
2023-06-02 00:10:49,879:INFO:mapsims:Processing channel Channel SAT_f030
2023-06-02 00:10:49,879:INFO:mapsims:Bandpass integration for Channel SAT_f030
2023-06-02 00:10:50,041:INFO:pysm3:Frequencies considered: [18.7 21.6 24.5 27.3 30. ]
2023-06-02 00:10:50,160:INFO:pysm3:Access data from /mnt/sdceph/users/azonca/pysm-data/websky/0.4/cib/cib_0018.7.fits
2023-06-02 00:10:50,161:INFO:pysm3:Reading map /mnt/sdceph/users/azonca/pysm-data/websky/0.4/cib/cib_0018.7.fits
2023-06-02 00:10:50,161:INFO:pysm3:Access data from /mnt/sdceph/users/azonca/pysm-data/websky/0.4/cib/cib_0018.7.fits
2023-06-02 00:10:53,658:INFO:pysm3:Access data from /mnt/sdceph/users/azonca/pysm-data/websky/0.4/cib/cib_0018.7.fits
2023-06-02 00:10:58,146:INFO:pysm3:Mean emission at 18.7 GHz in I: 1.008 uK_RJ
2023-06-02 00:10:58,246:INFO:pysm3:Access data from /mnt/sdceph/users/azonca/pysm-data/websky/0.4/cib/cib_0021.6.fits
2023-06-02 00:10:58,246:INFO:pysm3:Reading map /mnt/sdceph/users/azonca/pysm-data/websky/0.4/cib/cib_0021.6.fits
2023-06-02 00:10:58,246:INFO:pysm3:Access data from /mnt/sdceph/users/azonca/pysm-data/websky/0.4/cib/cib_0021.6.fits
2023-06-02 00:11:01,291:INFO:pysm3:Access data from /mnt/sdceph/users/azonca/pysm-data/websky/0.4/cib/cib_0021.6.fits
2023-06-02 00:11:05,307:INFO:pysm3:Mean emission at 21.6 GHz in I: 1.26 uK_RJ
2023-06-02 00:11:05,309:INFO:pysm3:Access data from /mnt/sdceph/users/azonca/pysm-data/websky/0.4/cib/cib_0024.5.fits
2023-06-02 00:11:05,309:INFO:pysm3:Reading map /mnt/sdceph/users/azonca/pysm-data/websky/0.4/cib/cib_0024.5.fits
2023-06-02 00:11:05,310:INFO:pysm3:Access data from /mnt/sdceph/users/azonca/pysm-data/websky/0.4/cib/cib_0024.5.fits
2023-06-02 00:11:11,114:INFO:pysm3:Access data from /mnt/sdceph/users/azonca/pysm-data/websky/0.4/cib/cib_0024.5.fits
2023-06-02 00:11:15,126:INFO:pysm3:Mean emission at 24.5 GHz in I: 1.529 uK_RJ
2023-06-02 00:11:15,129:INFO:pysm3:Access data from /mnt/sdceph/users/azonca/pysm-data/websky/0.4/cib/cib_0027.3.fits
2023-06-02 00:11:15,129:INFO:pysm3:Reading map /mnt/sdceph/users/azonca/pysm-data/websky/0.4/cib/cib_0027.3.fits
2023-06-02 00:11:15,129:INFO:pysm3:Access data from /mnt/sdceph/users/azonca/pysm-data/websky/0.4/cib/cib_0027.3.fits
2023-06-02 00:11:19,552:INFO:pysm3:Access data from /mnt/sdceph/users/azonca/pysm-data/websky/0.4/cib/cib_0027.3.fits
2023-06-02 00:11:23,567:INFO:pysm3:Mean emission at 27.3 GHz in I: 1.805 uK_RJ
2023-06-02 00:11:23,568:INFO:pysm3:Access data from /mnt/sdceph/users/azonca/pysm-data/websky/0.4/cib/cib_0030.0.fits
2023-06-02 00:11:23,568:INFO:pysm3:Reading map /mnt/sdceph/users/azonca/pysm-data/websky/0.4/cib/cib_0030.0.fits
2023-06-02 00:11:23,569:INFO:pysm3:Access data from /mnt/sdceph/users/azonca/pysm-data/websky/0.4/cib/cib_0030.0.fits
2023-06-02 00:11:27,221:INFO:pysm3:Access data from /mnt/sdceph/users/azonca/pysm-data/websky/0.4/cib/cib_0030.0.fits
2023-06-02 00:11:31,231:INFO:pysm3:Mean emission at 30.0 GHz in I: 2.083 uK_RJ
2023-06-02 00:11:57,607:INFO:mapsims:Smoothing and coord-transform for Channel SAT_f030
2023-06-02 00:11:57,608:INFO:pysm3:Using map2alm with pixel weights
2023-06-02 00:12:02,579:INFO:pysm3:Smoothing with fwhm of 85.2 arcmin
2023-06-02 00:12:02,635:INFO:pysm3:Rotate Alm
2023-06-02 00:12:05,340:INFO:pysm3:Alm to map HEALPix
2023-06-02 00:12:05,518:INFO:mapsims:Writing output map cmbs4_cib_cib1_uKCMB_SAT-SAT_f030_nside512.fits
2023-06-02 00:12:05,519:INFO:mapsims:Replace NaN with UNSEEN
2023-06-02 00:12:05,527:INFO:mapsims:Reorder ring to nest
2023-06-02 00:12:05,733:INFO:mapsims:Writing output map

real	1m18.107s
user	3m10.205s
sys	0m31.963s
