
WARNING: version mismatch between CFITSIO header (v3.47) and linked library (v4.02).


WARNING: version mismatch between CFITSIO header (v3.47) and linked library (v4.02).


WARNING: version mismatch between CFITSIO header (v3.47) and linked library (v4.02).

2023-06-01 23:52:25,658:INFO:mapsims:Parsing configuration from common.toml, cmb_c4.toml
2023-06-01 23:52:25,667:INFO:mapsims:Nside: 512, Modeling Nside: 4096, Ellmax: 1280
2023-06-01 23:52:25,668:INFO:mapsims:Initializing the PySM Sky object
2023-06-01 23:52:25,670:INFO:pysm3:Access data from /mnt/sdceph/users/azonca/pysm-data/websky/0.4/cmb/map_I_lensed_alm_seed1_nside4096.fits
2023-06-01 23:52:25,671:INFO:pysm3:Access data from /mnt/sdceph/users/azonca/pysm-data/websky/0.4/cmb/map_Q_lensed_alm_seed1_nside4096.fits
2023-06-01 23:52:25,671:INFO:pysm3:Access data from /mnt/sdceph/users/azonca/pysm-data/websky/0.4/cmb/map_U_lensed_alm_seed1_nside4096.fits
2023-06-01 23:52:25,672:INFO:pysm3:Access data from /mnt/sdceph/users/azonca/pysm-data/websky/0.4/cmb/map_I_lensed_alm_seed1_nside4096.fits
2023-06-01 23:52:27,193:INFO:pysm3:Access data from /mnt/sdceph/users/azonca/pysm-data/websky/0.4/cmb/map_Q_lensed_alm_seed1_nside4096.fits
2023-06-01 23:52:28,776:INFO:pysm3:Access data from /mnt/sdceph/users/azonca/pysm-data/websky/0.4/cmb/map_U_lensed_alm_seed1_nside4096.fits
2023-06-01 23:52:31,212:INFO:mapsims:Processing channel Channel SAT_f095
2023-06-01 23:52:31,213:INFO:mapsims:Bandpass integration for Channel SAT_f095
2023-06-01 23:52:33,782:INFO:mapsims:Smoothing and coord-transform for Channel SAT_f095
2023-06-01 23:52:33,783:INFO:pysm3:Using map2alm with pixel weights
2023-06-01 23:52:38,762:INFO:pysm3:Smoothing with fwhm of 22.4 arcmin
2023-06-01 23:52:38,817:INFO:pysm3:Rotate Alm
2023-06-01 23:52:41,080:INFO:pysm3:Alm to map HEALPix
2023-06-01 23:52:41,260:INFO:mapsims:Writing output map cmbs4_cmb_c4_uKCMB_SAT-SAT_f095_nside512.fits
2023-06-01 23:52:41,260:INFO:mapsims:Replace NaN with UNSEEN
2023-06-01 23:52:41,268:INFO:mapsims:Reorder ring to nest
2023-06-01 23:52:41,510:INFO:mapsims:Writing output map

real	0m17.785s
user	2m22.920s
sys	0m10.656s
