
WARNING: version mismatch between CFITSIO header (v3.47) and linked library (v4.02).


WARNING: version mismatch between CFITSIO header (v3.47) and linked library (v4.02).


WARNING: version mismatch between CFITSIO header (v3.47) and linked library (v4.02).

2023-06-02 00:13:09,944:INFO:mapsims:Parsing configuration from common.toml, tsz_tsz1.toml
2023-06-02 00:13:09,954:INFO:mapsims:Nside: 4096, Modeling Nside: 8192, Ellmax: 10240
2023-06-02 00:13:09,955:INFO:mapsims:Initializing the PySM Sky object
2023-06-02 00:13:09,956:INFO:pysm3:Access data from /mnt/sdceph/users/azonca/pysm-data/websky/0.4/tsz_8192_hp.fits
2023-06-02 00:13:09,957:INFO:pysm3:Access data from /mnt/sdceph/users/azonca/pysm-data/websky/0.4/tsz_8192_hp.fits
2023-06-02 00:13:15,789:INFO:mapsims:Processing channel Channel CHLAT_f220
2023-06-02 00:13:15,789:INFO:mapsims:Bandpass integration for Channel CHLAT_f220
2023-06-02 00:13:49,495:INFO:mapsims:Smoothing and coord-transform for Channel CHLAT_f220
2023-06-02 00:13:49,495:INFO:pysm3:Using map2alm with pixel weights
2023-06-02 00:14:21,782:INFO:pysm3:Smoothing with fwhm of 0.95 arcmin
2023-06-02 00:14:25,344:INFO:pysm3:Rotate Alm
2023-06-02 00:24:41,022:INFO:pysm3:Alm to map HEALPix
2023-06-02 00:24:55,433:INFO:mapsims:Writing output map cmbs4_tsz_tsz1_uKCMB_LAT-CHLAT_f220_nside4096.fits
2023-06-02 00:24:55,433:INFO:mapsims:Replace NaN with UNSEEN
2023-06-02 00:24:56,058:INFO:mapsims:Reorder ring to nest
2023-06-02 00:25:11,596:INFO:mapsims:Writing output map

real	12m12.289s
user	408m17.298s
sys	1m9.738s
