
WARNING: version mismatch between CFITSIO header (v3.47) and linked library (v4.02).


WARNING: version mismatch between CFITSIO header (v3.47) and linked library (v4.02).


WARNING: version mismatch between CFITSIO header (v3.47) and linked library (v4.02).

2023-06-01 23:50:31,102:INFO:mapsims:Parsing configuration from common.toml, cmb_c4.toml
2023-06-01 23:50:31,112:INFO:mapsims:Nside: 4096, Modeling Nside: 4096, Ellmax: 10240
2023-06-01 23:50:31,114:INFO:mapsims:Initializing the PySM Sky object
2023-06-01 23:50:31,116:INFO:pysm3:Access data from /mnt/sdceph/users/azonca/pysm-data/websky/0.4/cmb/map_I_lensed_alm_seed1_nside4096.fits
2023-06-01 23:50:31,117:INFO:pysm3:Access data from /mnt/sdceph/users/azonca/pysm-data/websky/0.4/cmb/map_Q_lensed_alm_seed1_nside4096.fits
2023-06-01 23:50:31,117:INFO:pysm3:Access data from /mnt/sdceph/users/azonca/pysm-data/websky/0.4/cmb/map_U_lensed_alm_seed1_nside4096.fits
2023-06-01 23:50:31,118:INFO:pysm3:Access data from /mnt/sdceph/users/azonca/pysm-data/websky/0.4/cmb/map_I_lensed_alm_seed1_nside4096.fits
2023-06-01 23:50:32,707:INFO:pysm3:Access data from /mnt/sdceph/users/azonca/pysm-data/websky/0.4/cmb/map_Q_lensed_alm_seed1_nside4096.fits
2023-06-01 23:50:36,534:INFO:pysm3:Access data from /mnt/sdceph/users/azonca/pysm-data/websky/0.4/cmb/map_U_lensed_alm_seed1_nside4096.fits
2023-06-01 23:50:42,950:INFO:mapsims:Processing channel Channel CHLAT_f040
2023-06-01 23:50:42,952:INFO:mapsims:Bandpass integration for Channel CHLAT_f040
2023-06-01 23:50:45,637:INFO:mapsims:Smoothing and coord-transform for Channel CHLAT_f040
2023-06-01 23:52:58,450:INFO:pysm3:Used map2alm_lsq, converged in 2 iterations,residual relative error 4.6e-08
2023-06-01 23:52:58,451:INFO:pysm3:Smoothing with fwhm of 5.3 arcmin
2023-06-01 23:53:01,855:INFO:pysm3:Rotate Alm
2023-06-02 00:06:56,117:INFO:pysm3:Alm to map HEALPix
2023-06-02 00:07:12,262:INFO:mapsims:Writing output map cmbs4_cmb_c4_uKCMB_LAT-CHLAT_f040_nside4096.fits
2023-06-02 00:07:12,262:INFO:mapsims:Replace NaN with UNSEEN
2023-06-02 00:07:13,101:INFO:mapsims:Reorder ring to nest
2023-06-02 00:07:29,136:INFO:mapsims:Writing output map

real	17m9.473s
user	514m8.646s
sys	2m16.464s
