
WARNING: version mismatch between CFITSIO header (v3.47) and linked library (v4.02).


WARNING: version mismatch between CFITSIO header (v3.47) and linked library (v4.02).


WARNING: version mismatch between CFITSIO header (v3.47) and linked library (v4.02).

2023-06-01 23:49:54,970:INFO:mapsims:Parsing configuration from common.toml, synchrotron_s7.toml
2023-06-01 23:49:54,981:INFO:mapsims:Nside: 4096, Modeling Nside: 8192, Ellmax: 10240
2023-06-01 23:49:54,983:INFO:mapsims:Initializing the PySM Sky object
2023-06-01 23:49:54,984:INFO:pysm3:Access data from /mnt/sdceph/users/azonca/pysm-data/synch/synch_template_nside8192_2023.02.25.fits
2023-06-01 23:50:39,084:INFO:pysm3:Access data from /mnt/sdceph/users/azonca/pysm-data/synch/synch_beta_nside8192.fits
2023-06-01 23:50:45,332:INFO:pysm3:Access data from /mnt/sdceph/users/azonca/pysm-data/synch/synch_curvature_nside8192.fits
2023-06-01 23:50:52,513:INFO:mapsims:Processing channel Channel SPLAT_f090
2023-06-01 23:50:52,513:INFO:mapsims:Bandpass integration for Channel SPLAT_f090
2023-06-01 23:52:59,489:INFO:mapsims:Smoothing and coord-transform for Channel SPLAT_f090
2023-06-01 23:52:59,495:INFO:pysm3:Using map2alm with pixel weights
2023-06-01 23:53:33,586:INFO:pysm3:Smoothing with fwhm of 2.5 arcmin
2023-06-01 23:53:36,941:INFO:pysm3:Rotate Alm
2023-06-02 00:07:52,093:INFO:pysm3:Alm to map HEALPix
2023-06-02 00:08:08,064:INFO:mapsims:Writing output map cmbs4_synchrotron_s7_uKCMB_LAT-SPLAT_f090_nside4096.fits
2023-06-02 00:08:08,065:INFO:mapsims:Replace NaN with UNSEEN
2023-06-02 00:08:08,921:INFO:mapsims:Reorder ring to nest
2023-06-02 00:08:25,001:INFO:mapsims:Writing output map

real	18m43.594s
user	523m52.867s
sys	3m6.169s
