
WARNING: version mismatch between CFITSIO header (v3.47) and linked library (v4.02).


WARNING: version mismatch between CFITSIO header (v3.47) and linked library (v4.02).


WARNING: version mismatch between CFITSIO header (v3.47) and linked library (v4.02).

2023-06-28 16:30:40,906:INFO:mapsims:Parsing configuration from common.toml, dust_d9.toml
2023-06-28 16:30:40,917:INFO:mapsims:Nside: 4096, Modeling Nside: 8192, Ellmax: 10240
2023-06-28 16:30:40,919:INFO:mapsims:Initializing the PySM Sky object
2023-06-28 16:30:40,920:INFO:pysm3:Access data from /mnt/sdceph/users/azonca/pysm-data/dust_gnilc/gnilc_dust_template_nside8192.fits
2023-06-28 16:37:03,786:INFO:mapsims:Processing channel Channel CHLAT_f280
2023-06-28 16:37:03,787:INFO:mapsims:Bandpass integration for Channel CHLAT_f280
2023-06-28 16:40:45,379:INFO:mapsims:Smoothing and coord-transform for Channel CHLAT_f280
2023-06-28 16:40:45,383:INFO:pysm3:Using map2alm with pixel weights
2023-06-28 16:41:20,555:INFO:pysm3:Smoothing with fwhm of 0.83 arcmin
2023-06-28 16:41:23,882:INFO:pysm3:Rotate Alm
2023-06-28 16:54:50,438:INFO:pysm3:Alm to map HEALPix
2023-06-28 16:55:07,015:INFO:mapsims:Writing output map cmbs4_dust_d9_uKCMB_CHLAT_f280_nside4096.fits
2023-06-28 16:55:07,015:INFO:mapsims:Replace NaN with UNSEEN
2023-06-28 16:55:07,910:INFO:mapsims:Reorder ring to nest
2023-06-28 16:55:24,645:INFO:mapsims:Writing output map

real	24m56.370s
user	464m41.614s
sys	2m0.479s
