
WARNING: version mismatch between CFITSIO header (v3.47) and linked library (v4.02).


WARNING: version mismatch between CFITSIO header (v3.47) and linked library (v4.02).


WARNING: version mismatch between CFITSIO header (v3.47) and linked library (v4.02).

2023-06-02 00:36:07,036:INFO:mapsims:Parsing configuration from common.toml, ame_a2.toml
2023-06-02 00:36:07,061:INFO:mapsims:Nside: 4096, Modeling Nside: 512, Ellmax: 1280
2023-06-02 00:36:07,063:INFO:mapsims:Initializing the PySM Sky object
2023-06-02 00:36:07,066:INFO:pysm3:Access data from /mnt/sdceph/users/azonca/pysm-data/pysm_2/ame_t_new.fits
2023-06-02 00:36:07,111:INFO:pysm3:Access data from /mnt/sdceph/users/azonca/pysm-data/pysm_2/ame_nu_peak_0.fits
2023-06-02 00:36:09,060:INFO:pysm3:Access data from /mnt/sdceph/users/azonca/pysm-data/pysm_2/emissivity.txt
2023-06-02 00:36:09,065:INFO:pysm3:Access data from /mnt/sdceph/users/azonca/pysm-data/pysm_2/dust_u_new.fits
2023-06-02 00:36:09,108:WARNING:pysm3:No physical unit associated with file /mnt/sdceph/users/azonca/pysm-data/pysm_2/dust_u_new.fits
2023-06-02 00:36:09,109:INFO:pysm3:Access data from /mnt/sdceph/users/azonca/pysm-data/pysm_2/dust_q_new.fits
2023-06-02 00:36:09,151:WARNING:pysm3:No physical unit associated with file /mnt/sdceph/users/azonca/pysm-data/pysm_2/dust_q_new.fits
2023-06-02 00:36:09,213:INFO:pysm3:Access data from /mnt/sdceph/users/azonca/pysm-data/pysm_2/ame2_t_new.fits
2023-06-02 00:36:09,253:INFO:pysm3:Access data from /mnt/sdceph/users/azonca/pysm-data/pysm_2/emissivity.txt
2023-06-02 00:36:09,257:INFO:pysm3:Access data from /mnt/sdceph/users/azonca/pysm-data/pysm_2/dust_u_new.fits
2023-06-02 00:36:09,288:WARNING:pysm3:No physical unit associated with file /mnt/sdceph/users/azonca/pysm-data/pysm_2/dust_u_new.fits
2023-06-02 00:36:09,289:INFO:pysm3:Access data from /mnt/sdceph/users/azonca/pysm-data/pysm_2/dust_q_new.fits
2023-06-02 00:36:09,320:WARNING:pysm3:No physical unit associated with file /mnt/sdceph/users/azonca/pysm-data/pysm_2/dust_q_new.fits
2023-06-02 00:36:09,384:INFO:mapsims:Processing channel Channel CHLAT_f220
2023-06-02 00:36:09,384:INFO:mapsims:Bandpass integration for Channel CHLAT_f220
2023-06-02 00:36:17,754:INFO:mapsims:Smoothing and coord-transform for Channel CHLAT_f220
2023-06-02 00:36:22,127:INFO:pysm3:Used map2alm_lsq, converged in 7 iterations,residual relative error 0.19
2023-06-02 00:36:22,127:INFO:pysm3:Smoothing with fwhm of 0.95 arcmin
2023-06-02 00:36:22,174:INFO:pysm3:Rotate Alm
2023-06-02 00:36:24,603:INFO:pysm3:Alm to map HEALPix
2023-06-02 00:36:36,011:INFO:mapsims:Writing output map cmbs4_ame_a2_uKCMB_LAT-CHLAT_f220_nside4096.fits
2023-06-02 00:36:36,012:INFO:mapsims:Replace NaN with UNSEEN
2023-06-02 00:36:36,947:INFO:mapsims:Reorder ring to nest
2023-06-02 00:36:52,294:INFO:mapsims:Writing output map

real	0m57.319s
user	4m18.119s
sys	1m14.220s
