
WARNING: version mismatch between CFITSIO header (v3.47) and linked library (v4.02).


WARNING: version mismatch between CFITSIO header (v3.47) and linked library (v4.02).


WARNING: version mismatch between CFITSIO header (v3.47) and linked library (v4.02).

2023-06-28 16:30:42,015:INFO:mapsims:Parsing configuration from common.toml, dust_d10.toml
2023-06-28 16:30:42,026:INFO:mapsims:Nside: 4096, Modeling Nside: 8192, Ellmax: 10240
2023-06-28 16:30:42,027:INFO:mapsims:Initializing the PySM Sky object
2023-06-28 16:30:42,028:INFO:pysm3:Access data from /mnt/sdceph/users/azonca/pysm-data/dust_gnilc/gnilc_dust_template_nside8192.fits
2023-06-28 16:37:47,358:INFO:pysm3:Retrieve data for dust_gnilc/gnilc_dust_beta_nside8192_2023.06.06.fits (if not cached already)
2023-06-28 16:37:52,247:INFO:pysm3:Retrieve data for dust_gnilc/gnilc_dust_Td_nside8192_2023.06.06.fits (if not cached already)
2023-06-28 16:37:57,345:INFO:mapsims:Processing channel Channel CHLAT_f090
2023-06-28 16:37:57,345:INFO:mapsims:Bandpass integration for Channel CHLAT_f090
2023-06-28 16:48:52,341:INFO:mapsims:Smoothing and coord-transform for Channel CHLAT_f090
2023-06-28 16:48:52,345:INFO:pysm3:Using map2alm with pixel weights
2023-06-28 16:49:23,920:INFO:pysm3:Smoothing with fwhm of 2.1 arcmin
2023-06-28 16:49:27,336:INFO:pysm3:Rotate Alm
2023-06-28 17:03:53,490:INFO:pysm3:Alm to map HEALPix
2023-06-28 17:04:07,810:INFO:mapsims:Writing output map cmbs4_dust_d10_uKCMB_CHLAT_f090_nside4096.fits
2023-06-28 17:04:07,810:INFO:mapsims:Replace NaN with UNSEEN
2023-06-28 17:04:08,354:INFO:mapsims:Reorder ring to nest
2023-06-28 17:04:23,911:INFO:mapsims:Writing output map

real	33m52.847s
user	492m22.701s
sys	5m0.294s
