
WARNING: version mismatch between CFITSIO header (v3.47) and linked library (v4.02).


WARNING: version mismatch between CFITSIO header (v3.47) and linked library (v4.02).


WARNING: version mismatch between CFITSIO header (v3.47) and linked library (v4.02).

2023-06-02 00:43:32,434:INFO:mapsims:Parsing configuration from common.toml, ame_a1.toml
2023-06-02 00:43:32,466:INFO:mapsims:Nside: 512, Modeling Nside: 512, Ellmax: 1280
2023-06-02 00:43:32,469:INFO:mapsims:Initializing the PySM Sky object
2023-06-02 00:43:32,470:INFO:pysm3:Access data from /mnt/sdceph/users/azonca/pysm-data/pysm_2/ame_t_new.fits
2023-06-02 00:43:32,498:INFO:pysm3:Access data from /mnt/sdceph/users/azonca/pysm-data/pysm_2/ame_nu_peak_0.fits
2023-06-02 00:43:32,526:INFO:pysm3:Access data from /mnt/sdceph/users/azonca/pysm-data/pysm_2/emissivity.txt
2023-06-02 00:43:32,529:INFO:pysm3:Access data from /mnt/sdceph/users/azonca/pysm-data/pysm_2/ame2_t_new.fits
2023-06-02 00:43:32,555:INFO:pysm3:Access data from /mnt/sdceph/users/azonca/pysm-data/pysm_2/emissivity.txt
2023-06-02 00:43:32,558:INFO:mapsims:Processing channel Channel SAT_f030
2023-06-02 00:43:32,558:INFO:mapsims:Bandpass integration for Channel SAT_f030
2023-06-02 00:43:39,394:INFO:mapsims:Smoothing and coord-transform for Channel SAT_f030
2023-06-02 00:43:44,210:INFO:pysm3:Used map2alm_lsq, converged in 8 iterations,residual relative error 0.038
2023-06-02 00:43:44,211:INFO:pysm3:Smoothing with fwhm of 85.2 arcmin
2023-06-02 00:43:44,268:INFO:pysm3:Rotate Alm
2023-06-02 00:43:46,698:INFO:pysm3:Alm to map HEALPix
2023-06-02 00:43:46,884:INFO:mapsims:Writing output map cmbs4_ame_a1_uKCMB_SAT-SAT_f030_nside512.fits
2023-06-02 00:43:46,884:INFO:mapsims:Replace NaN with UNSEEN
2023-06-02 00:43:46,893:INFO:mapsims:Reorder ring to nest
2023-06-02 00:43:47,092:INFO:mapsims:Writing output map

real	0m16.685s
user	3m15.080s
sys	1m20.375s
