
WARNING: version mismatch between CFITSIO header (v3.47) and linked library (v4.02).


WARNING: version mismatch between CFITSIO header (v3.47) and linked library (v4.02).


WARNING: version mismatch between CFITSIO header (v3.47) and linked library (v4.02).

2023-06-02 00:09:34,156:INFO:mapsims:Parsing configuration from common.toml, freefree_f1.toml
2023-06-02 00:09:34,166:INFO:mapsims:Nside: 4096, Modeling Nside: 512, Ellmax: 1280
2023-06-02 00:09:34,168:INFO:mapsims:Initializing the PySM Sky object
2023-06-02 00:09:34,170:INFO:pysm3:Access data from /mnt/sdceph/users/azonca/pysm-data/pysm_2/ff_t_new.fits
2023-06-02 00:09:34,207:INFO:mapsims:Processing channel Channel CHLAT_f150
2023-06-02 00:09:34,208:INFO:mapsims:Bandpass integration for Channel CHLAT_f150
2023-06-02 00:09:35,877:INFO:mapsims:Smoothing and coord-transform for Channel CHLAT_f150
2023-06-02 00:09:40,978:INFO:pysm3:Used map2alm_lsq, converged in 8 iterations,residual relative error 0.11
2023-06-02 00:09:40,978:INFO:pysm3:Smoothing with fwhm of 1.3 arcmin
2023-06-02 00:09:41,026:INFO:pysm3:Rotate Alm
2023-06-02 00:09:44,071:INFO:pysm3:Alm to map HEALPix
2023-06-02 00:09:54,896:INFO:mapsims:Writing output map cmbs4_freefree_f1_uKCMB_LAT-CHLAT_f150_nside4096.fits
2023-06-02 00:09:54,896:INFO:mapsims:Replace NaN with UNSEEN
2023-06-02 00:09:55,644:INFO:mapsims:Reorder ring to nest
2023-06-02 00:10:11,184:INFO:mapsims:Writing output map

real	0m46.963s
user	4m57.965s
sys	1m15.633s
