
WARNING: version mismatch between CFITSIO header (v3.47) and linked library (v4.02).


WARNING: version mismatch between CFITSIO header (v3.47) and linked library (v4.02).


WARNING: version mismatch between CFITSIO header (v3.47) and linked library (v4.02).

2023-06-02 00:37:31,755:INFO:mapsims:Parsing configuration from common.toml, co_co3.toml
2023-06-02 00:37:31,799:INFO:mapsims:Nside: 512, Modeling Nside: 2048, Ellmax: 1280
2023-06-02 00:37:31,800:INFO:mapsims:Initializing the PySM Sky object
2023-06-02 00:37:31,801:INFO:pysm3:Access data from /mnt/sdceph/users/azonca/pysm-data/co/HFI_CompMap_CO-Type1_2048_R2.00_ring.fits
2023-06-02 00:37:31,802:INFO:pysm3:Access data from /mnt/sdceph/users/azonca/pysm-data/co/HFI_CompMap_CO-Type1_2048_R2.00_ring.fits
2023-06-02 00:38:35,898:INFO:pysm3:Access data from /mnt/sdceph/users/azonca/pysm-data/co/psimap_dust90_2048.fits
2023-06-02 00:38:35,899:INFO:pysm3:Access data from /mnt/sdceph/users/azonca/pysm-data/co/psimap_dust90_2048.fits
2023-06-02 00:38:50,601:WARNING:pysm3:No physical unit associated with file /mnt/sdceph/users/azonca/pysm-data/co/psimap_dust90_2048.fits
2023-06-02 00:38:50,602:INFO:pysm3:Access data from /mnt/sdceph/users/azonca/pysm-data/co/gmap_dust90_2048.fits
2023-06-02 00:38:50,603:INFO:pysm3:Access data from /mnt/sdceph/users/azonca/pysm-data/co/gmap_dust90_2048.fits
2023-06-02 00:39:16,845:WARNING:pysm3:No physical unit associated with file /mnt/sdceph/users/azonca/pysm-data/co/gmap_dust90_2048.fits
2023-06-02 00:39:16,845:INFO:pysm3:Access data from /mnt/sdceph/users/azonca/pysm-data/co/mcmoleCO_HGL_2048.fits
2023-06-02 00:39:16,846:INFO:pysm3:Access data from /mnt/sdceph/users/azonca/pysm-data/co/mcmoleCO_HGL_2048.fits
2023-06-02 00:39:18,395:INFO:mapsims:Processing channel Channel SAT_f085
2023-06-02 00:39:18,395:INFO:mapsims:Bandpass integration for Channel SAT_f085
2023-06-02 00:39:19,538:INFO:mapsims:Smoothing and coord-transform for Channel SAT_f085
2023-06-02 00:39:19,539:INFO:pysm3:Using map2alm with pixel weights
2023-06-02 00:39:21,109:INFO:pysm3:Smoothing with fwhm of 24.6 arcmin
2023-06-02 00:39:21,165:INFO:pysm3:Rotate Alm
2023-06-02 00:39:23,777:INFO:pysm3:Alm to map HEALPix
2023-06-02 00:39:23,961:INFO:mapsims:Writing output map cmbs4_co_co3_uKCMB_SAT-SAT_f085_nside512.fits
2023-06-02 00:39:23,961:INFO:mapsims:Replace NaN with UNSEEN
2023-06-02 00:39:23,969:INFO:mapsims:Reorder ring to nest
2023-06-02 00:39:24,156:INFO:mapsims:Writing output map

real	1m54.282s
user	2m39.859s
sys	0m10.318s
