
WARNING: version mismatch between CFITSIO header (v3.47) and linked library (v4.02).


WARNING: version mismatch between CFITSIO header (v3.47) and linked library (v4.02).


WARNING: version mismatch between CFITSIO header (v3.47) and linked library (v4.02).

2023-06-02 00:07:42,041:INFO:mapsims:Parsing configuration from common.toml, dust_d10.toml
2023-06-02 00:07:42,051:INFO:mapsims:Nside: 4096, Modeling Nside: 8192, Ellmax: 10240
2023-06-02 00:07:42,053:INFO:mapsims:Initializing the PySM Sky object
2023-06-02 00:07:42,054:INFO:pysm3:Access data from /mnt/sdceph/users/azonca/pysm-data/dust_gnilc/gnilc_dust_template_nside8192.fits
2023-06-02 00:08:06,268:INFO:pysm3:Access data from /mnt/sdceph/users/azonca/pysm-data/dust_gnilc/gnilc_dust_beta_nside8192.fits
2023-06-02 00:08:23,582:INFO:pysm3:Access data from /mnt/sdceph/users/azonca/pysm-data/dust_gnilc/gnilc_dust_Td_nside8192.fits
2023-06-02 00:08:45,217:INFO:mapsims:Processing channel Channel SPLAT_f090
2023-06-02 00:08:45,217:INFO:mapsims:Bandpass integration for Channel SPLAT_f090
2023-06-02 00:20:00,347:INFO:mapsims:Smoothing and coord-transform for Channel SPLAT_f090
2023-06-02 00:20:00,348:INFO:pysm3:Using map2alm with pixel weights
2023-06-02 00:20:32,536:INFO:pysm3:Smoothing with fwhm of 2.5 arcmin
2023-06-02 00:20:36,000:INFO:pysm3:Rotate Alm
2023-06-02 00:34:52,003:INFO:pysm3:Alm to map HEALPix
2023-06-02 00:35:06,617:INFO:mapsims:Writing output map cmbs4_dust_d10_uKCMB_LAT-SPLAT_f090_nside4096.fits
2023-06-02 00:35:06,617:INFO:mapsims:Replace NaN with UNSEEN
2023-06-02 00:35:07,212:INFO:mapsims:Reorder ring to nest
2023-06-02 00:35:23,560:INFO:mapsims:Writing output map

real	27m51.960s
user	488m36.442s
sys	5m11.660s
