
WARNING: version mismatch between CFITSIO header (v3.47) and linked library (v4.02).


WARNING: version mismatch between CFITSIO header (v3.47) and linked library (v4.02).


WARNING: version mismatch between CFITSIO header (v3.47) and linked library (v4.02).

2023-06-02 00:10:59,846:INFO:mapsims:Parsing configuration from common.toml, cib_cib1.toml
2023-06-02 00:10:59,856:INFO:mapsims:Nside: 512, Modeling Nside: 4096, Ellmax: 1280
2023-06-02 00:10:59,857:INFO:mapsims:Initializing the PySM Sky object
2023-06-02 00:11:00,067:INFO:mapsims:Processing channel Channel SAT_f040
2023-06-02 00:11:00,067:INFO:mapsims:Bandpass integration for Channel SAT_f040
2023-06-02 00:11:00,232:INFO:pysm3:Frequencies considered: [27.3 30.  35.9 41.7 44.  47.4]
2023-06-02 00:11:00,354:INFO:pysm3:Access data from /mnt/sdceph/users/azonca/pysm-data/websky/0.4/cib/cib_0027.3.fits
2023-06-02 00:11:00,354:INFO:pysm3:Reading map /mnt/sdceph/users/azonca/pysm-data/websky/0.4/cib/cib_0027.3.fits
2023-06-02 00:11:00,355:INFO:pysm3:Access data from /mnt/sdceph/users/azonca/pysm-data/websky/0.4/cib/cib_0027.3.fits
2023-06-02 00:11:04,823:INFO:pysm3:Access data from /mnt/sdceph/users/azonca/pysm-data/websky/0.4/cib/cib_0027.3.fits
2023-06-02 00:11:09,215:INFO:pysm3:Mean emission at 27.3 GHz in I: 1.805 uK_RJ
2023-06-02 00:11:09,317:INFO:pysm3:Access data from /mnt/sdceph/users/azonca/pysm-data/websky/0.4/cib/cib_0030.0.fits
2023-06-02 00:11:09,317:INFO:pysm3:Reading map /mnt/sdceph/users/azonca/pysm-data/websky/0.4/cib/cib_0030.0.fits
2023-06-02 00:11:09,317:INFO:pysm3:Access data from /mnt/sdceph/users/azonca/pysm-data/websky/0.4/cib/cib_0030.0.fits
2023-06-02 00:11:13,813:INFO:pysm3:Access data from /mnt/sdceph/users/azonca/pysm-data/websky/0.4/cib/cib_0030.0.fits
2023-06-02 00:11:17,693:INFO:pysm3:Mean emission at 30.0 GHz in I: 2.083 uK_RJ
2023-06-02 00:11:17,696:INFO:pysm3:Access data from /mnt/sdceph/users/azonca/pysm-data/websky/0.4/cib/cib_0035.9.fits
2023-06-02 00:11:17,696:INFO:pysm3:Reading map /mnt/sdceph/users/azonca/pysm-data/websky/0.4/cib/cib_0035.9.fits
2023-06-02 00:11:17,697:INFO:pysm3:Access data from /mnt/sdceph/users/azonca/pysm-data/websky/0.4/cib/cib_0035.9.fits
2023-06-02 00:11:20,143:INFO:pysm3:Access data from /mnt/sdceph/users/azonca/pysm-data/websky/0.4/cib/cib_0035.9.fits
2023-06-02 00:11:24,020:INFO:pysm3:Mean emission at 35.9 GHz in I: 2.731 uK_RJ
2023-06-02 00:11:24,021:INFO:pysm3:Access data from /mnt/sdceph/users/azonca/pysm-data/websky/0.4/cib/cib_0041.7.fits
2023-06-02 00:11:24,022:INFO:pysm3:Reading map /mnt/sdceph/users/azonca/pysm-data/websky/0.4/cib/cib_0041.7.fits
2023-06-02 00:11:24,023:INFO:pysm3:Access data from /mnt/sdceph/users/azonca/pysm-data/websky/0.4/cib/cib_0041.7.fits
2023-06-02 00:11:33,005:INFO:pysm3:Access data from /mnt/sdceph/users/azonca/pysm-data/websky/0.4/cib/cib_0041.7.fits
2023-06-02 00:11:36,881:INFO:pysm3:Mean emission at 41.7 GHz in I: 3.415 uK_RJ
2023-06-02 00:11:36,882:INFO:pysm3:Access data from /mnt/sdceph/users/azonca/pysm-data/websky/0.4/cib/cib_0044.0.fits
2023-06-02 00:11:36,882:INFO:pysm3:Reading map /mnt/sdceph/users/azonca/pysm-data/websky/0.4/cib/cib_0044.0.fits
2023-06-02 00:11:36,883:INFO:pysm3:Access data from /mnt/sdceph/users/azonca/pysm-data/websky/0.4/cib/cib_0044.0.fits
2023-06-02 00:11:46,722:INFO:pysm3:Access data from /mnt/sdceph/users/azonca/pysm-data/websky/0.4/cib/cib_0044.0.fits
2023-06-02 00:11:50,599:INFO:pysm3:Mean emission at 44.0 GHz in I: 3.698 uK_RJ
2023-06-02 00:11:50,600:INFO:pysm3:Access data from /mnt/sdceph/users/azonca/pysm-data/websky/0.4/cib/cib_0047.4.fits
2023-06-02 00:11:50,600:INFO:pysm3:Reading map /mnt/sdceph/users/azonca/pysm-data/websky/0.4/cib/cib_0047.4.fits
2023-06-02 00:11:50,601:INFO:pysm3:Access data from /mnt/sdceph/users/azonca/pysm-data/websky/0.4/cib/cib_0047.4.fits
2023-06-02 00:12:01,165:INFO:pysm3:Access data from /mnt/sdceph/users/azonca/pysm-data/websky/0.4/cib/cib_0047.4.fits
2023-06-02 00:12:05,038:INFO:pysm3:Mean emission at 47.4 GHz in I: 4.126 uK_RJ
2023-06-02 00:12:30,556:INFO:mapsims:Smoothing and coord-transform for Channel SAT_f040
2023-06-02 00:12:30,557:INFO:pysm3:Using map2alm with pixel weights
2023-06-02 00:12:35,535:INFO:pysm3:Smoothing with fwhm of 61.6 arcmin
2023-06-02 00:12:35,589:INFO:pysm3:Rotate Alm
2023-06-02 00:12:37,751:INFO:pysm3:Alm to map HEALPix
2023-06-02 00:12:37,924:INFO:mapsims:Writing output map cmbs4_cib_cib1_uKCMB_SAT-SAT_f040_nside512.fits
2023-06-02 00:12:37,924:INFO:mapsims:Replace NaN with UNSEEN
2023-06-02 00:12:37,932:INFO:mapsims:Reorder ring to nest
2023-06-02 00:12:38,126:INFO:mapsims:Writing output map

real	1m40.347s
user	2m49.161s
sys	0m35.819s
