
WARNING: version mismatch between CFITSIO header (v3.47) and linked library (v4.02).


WARNING: version mismatch between CFITSIO header (v3.47) and linked library (v4.02).


WARNING: version mismatch between CFITSIO header (v3.47) and linked library (v4.02).

2023-06-02 00:09:14,450:INFO:mapsims:Parsing configuration from common.toml, dust_d9.toml
2023-06-02 00:09:14,459:INFO:mapsims:Nside: 512, Modeling Nside: 2048, Ellmax: 1280
2023-06-02 00:09:14,460:INFO:mapsims:Initializing the PySM Sky object
2023-06-02 00:09:14,461:INFO:pysm3:Access data from /mnt/sdceph/users/azonca/pysm-data/dust_gnilc/gnilc_dust_template_nside2048.fits
2023-06-02 00:09:15,662:INFO:mapsims:Processing channel Channel SAT_f220
2023-06-02 00:09:15,662:INFO:mapsims:Bandpass integration for Channel SAT_f220
2023-06-02 00:09:29,998:INFO:mapsims:Smoothing and coord-transform for Channel SAT_f220
2023-06-02 00:09:29,999:INFO:pysm3:Using map2alm with pixel weights
2023-06-02 00:09:31,461:INFO:pysm3:Smoothing with fwhm of 9.4 arcmin
2023-06-02 00:09:31,518:INFO:pysm3:Rotate Alm
2023-06-02 00:09:34,011:INFO:pysm3:Alm to map HEALPix
2023-06-02 00:09:34,191:INFO:mapsims:Writing output map cmbs4_dust_d9_uKCMB_SAT-SAT_f220_nside512.fits
2023-06-02 00:09:34,192:INFO:mapsims:Replace NaN with UNSEEN
2023-06-02 00:09:34,200:INFO:mapsims:Reorder ring to nest
2023-06-02 00:09:34,447:INFO:mapsims:Writing output map

real	0m22.017s
user	2m37.390s
sys	0m10.286s
