
WARNING: version mismatch between CFITSIO header (v3.47) and linked library (v4.02).


WARNING: version mismatch between CFITSIO header (v3.47) and linked library (v4.02).


WARNING: version mismatch between CFITSIO header (v3.47) and linked library (v4.02).

2023-06-01 23:50:19,085:INFO:mapsims:Parsing configuration from common.toml, co_co1.toml
2023-06-01 23:50:19,095:INFO:mapsims:Nside: 4096, Modeling Nside: 2048, Ellmax: 5120
2023-06-01 23:50:19,097:INFO:mapsims:Initializing the PySM Sky object
2023-06-01 23:50:19,098:INFO:pysm3:Access data from /mnt/sdceph/users/azonca/pysm-data/co/HFI_CompMap_CO-Type1_2048_R2.00_ring.fits
2023-06-01 23:50:19,099:INFO:pysm3:Access data from /mnt/sdceph/users/azonca/pysm-data/co/HFI_CompMap_CO-Type1_2048_R2.00_ring.fits
2023-06-01 23:50:38,628:INFO:mapsims:Processing channel Channel CHLAT_f280
2023-06-01 23:50:38,629:INFO:mapsims:Bandpass integration for Channel CHLAT_f280
2023-06-01 23:50:39,966:INFO:mapsims:Smoothing and coord-transform for Channel CHLAT_f280
/mnt/home/azonca/mambaforge-pypy3/envs/so/lib/python3.10/site-packages/healpy/sphtfunc.py:414: RuntimeWarning: invalid value encountered in double_scalars
  return realalm2alm(res[0]), res[3] / norm(maps.reshape((-1,))), res[2]
2023-06-01 23:50:49,593:INFO:pysm3:Used map2alm_lsq, converged in 0 iterations,residual relative error nan
2023-06-01 23:50:49,593:INFO:pysm3:Smoothing with fwhm of 0.83 arcmin
2023-06-01 23:50:50,476:INFO:pysm3:Rotate Alm
2023-06-01 23:52:06,574:INFO:pysm3:Alm to map HEALPix
2023-06-01 23:52:17,528:INFO:mapsims:Writing output map cmbs4_co_co1_uKCMB_LAT-CHLAT_f280_nside4096.fits
2023-06-01 23:52:17,528:INFO:mapsims:Replace NaN with UNSEEN
2023-06-01 23:52:18,307:INFO:mapsims:Reorder ring to nest
2023-06-01 23:52:33,964:INFO:mapsims:Writing output map

real	2m26.001s
user	63m35.285s
sys	0m47.339s
