
WARNING: version mismatch between CFITSIO header (v3.47) and linked library (v4.02).


WARNING: version mismatch between CFITSIO header (v3.47) and linked library (v4.02).


WARNING: version mismatch between CFITSIO header (v3.47) and linked library (v4.02).

2023-06-02 00:42:33,267:INFO:mapsims:Parsing configuration from common.toml, ame_a1.toml
2023-06-02 00:42:33,277:INFO:mapsims:Nside: 4096, Modeling Nside: 512, Ellmax: 1280
2023-06-02 00:42:33,278:INFO:mapsims:Initializing the PySM Sky object
2023-06-02 00:42:33,279:INFO:pysm3:Access data from /mnt/sdceph/users/azonca/pysm-data/pysm_2/ame_t_new.fits
2023-06-02 00:42:33,315:INFO:pysm3:Access data from /mnt/sdceph/users/azonca/pysm-data/pysm_2/ame_nu_peak_0.fits
2023-06-02 00:42:34,966:INFO:pysm3:Access data from /mnt/sdceph/users/azonca/pysm-data/pysm_2/emissivity.txt
2023-06-02 00:42:34,977:INFO:pysm3:Access data from /mnt/sdceph/users/azonca/pysm-data/pysm_2/ame2_t_new.fits
2023-06-02 00:42:35,014:INFO:pysm3:Access data from /mnt/sdceph/users/azonca/pysm-data/pysm_2/emissivity.txt
2023-06-02 00:42:35,016:INFO:mapsims:Processing channel Channel CHLAT_f030
2023-06-02 00:42:35,016:INFO:mapsims:Bandpass integration for Channel CHLAT_f030
2023-06-02 00:42:41,865:INFO:mapsims:Smoothing and coord-transform for Channel CHLAT_f030
2023-06-02 00:42:46,886:INFO:pysm3:Used map2alm_lsq, converged in 8 iterations,residual relative error 0.038
2023-06-02 00:42:46,887:INFO:pysm3:Smoothing with fwhm of 7.8 arcmin
2023-06-02 00:42:46,934:INFO:pysm3:Rotate Alm
2023-06-02 00:42:49,233:INFO:pysm3:Alm to map HEALPix
2023-06-02 00:43:00,528:INFO:mapsims:Writing output map cmbs4_ame_a1_uKCMB_LAT-CHLAT_f030_nside4096.fits
2023-06-02 00:43:00,529:INFO:mapsims:Replace NaN with UNSEEN
2023-06-02 00:43:01,444:INFO:mapsims:Reorder ring to nest
2023-06-02 00:43:18,375:INFO:mapsims:Writing output map

real	0m55.428s
user	4m22.527s
sys	1m22.432s
