
WARNING: version mismatch between CFITSIO header (v3.47) and linked library (v4.02).


WARNING: version mismatch between CFITSIO header (v3.47) and linked library (v4.02).


WARNING: version mismatch between CFITSIO header (v3.47) and linked library (v4.02).

2023-06-28 16:30:40,646:INFO:mapsims:Parsing configuration from common.toml, dust_d10.toml
2023-06-28 16:30:40,659:INFO:mapsims:Nside: 512, Modeling Nside: 2048, Ellmax: 1280
2023-06-28 16:30:40,663:INFO:mapsims:Initializing the PySM Sky object
2023-06-28 16:30:40,663:INFO:pysm3:Access data from /mnt/sdceph/users/azonca/pysm-data/dust_gnilc/gnilc_dust_template_nside2048.fits
2023-06-28 16:30:41,837:INFO:pysm3:Retrieve data for dust_gnilc/gnilc_dust_beta_nside2048_2023.06.06.fits (if not cached already)
2023-06-28 16:30:42,185:INFO:pysm3:Retrieve data for dust_gnilc/gnilc_dust_Td_nside2048_2023.06.06.fits (if not cached already)
2023-06-28 16:30:42,514:INFO:mapsims:Processing channel Channel SAT_f085
2023-06-28 16:30:42,514:INFO:mapsims:Bandpass integration for Channel SAT_f085
2023-06-28 16:31:27,425:INFO:mapsims:Smoothing and coord-transform for Channel SAT_f085
2023-06-28 16:31:27,430:INFO:pysm3:Using map2alm with pixel weights
2023-06-28 16:31:28,961:INFO:pysm3:Smoothing with fwhm of 24.6 arcmin
2023-06-28 16:31:29,016:INFO:pysm3:Rotate Alm
2023-06-28 16:31:31,735:INFO:pysm3:Alm to map HEALPix
2023-06-28 16:31:31,918:INFO:mapsims:Writing output map cmbs4_dust_d10_uKCMB_SAT_f085_nside512.fits
2023-06-28 16:31:31,918:INFO:mapsims:Replace NaN with UNSEEN
2023-06-28 16:31:31,926:INFO:mapsims:Reorder ring to nest
2023-06-28 16:31:32,166:INFO:mapsims:Writing output map

real	0m53.490s
user	4m17.635s
sys	0m21.499s
