
WARNING: version mismatch between CFITSIO header (v3.47) and linked library (v4.02).


WARNING: version mismatch between CFITSIO header (v3.47) and linked library (v4.02).


WARNING: version mismatch between CFITSIO header (v3.47) and linked library (v4.02).

2023-06-02 00:44:12,800:INFO:mapsims:Parsing configuration from common.toml, radio_rg1.toml
2023-06-02 00:44:12,811:INFO:mapsims:Nside: 4096, Modeling Nside: 4096, Ellmax: 10240
2023-06-02 00:44:12,812:INFO:mapsims:Initializing the PySM Sky object
2023-06-02 00:44:13,021:INFO:mapsims:Processing channel Channel CHLAT_f090
2023-06-02 00:44:13,021:INFO:mapsims:Bandpass integration for Channel CHLAT_f090
2023-06-02 00:44:13,185:INFO:pysm3:Frequencies considered: [ 73.7  79.6  90.2 100.  111. ]
2023-06-02 00:44:13,303:INFO:pysm3:Access data from /mnt/sdceph/users/azonca/pysm-data/websky/0.4/radio/radio_0073.7.fits
2023-06-02 00:44:13,304:INFO:pysm3:Reading map /mnt/sdceph/users/azonca/pysm-data/websky/0.4/radio/radio_0073.7.fits
2023-06-02 00:44:13,305:INFO:pysm3:Access data from /mnt/sdceph/users/azonca/pysm-data/websky/0.4/radio/radio_0073.7.fits
2023-06-02 00:45:33,436:INFO:pysm3:Access data from /mnt/sdceph/users/azonca/pysm-data/websky/0.4/radio/radio_0073.7.fits
2023-06-02 00:45:37,657:INFO:pysm3:Mean emission at 73.7 GHz in I: 2.397 uK_RJ
2023-06-02 00:45:37,758:INFO:pysm3:Access data from /mnt/sdceph/users/azonca/pysm-data/websky/0.4/radio/radio_0079.6.fits
2023-06-02 00:45:37,758:INFO:pysm3:Reading map /mnt/sdceph/users/azonca/pysm-data/websky/0.4/radio/radio_0079.6.fits
2023-06-02 00:45:37,759:INFO:pysm3:Access data from /mnt/sdceph/users/azonca/pysm-data/websky/0.4/radio/radio_0079.6.fits
2023-06-02 00:46:09,328:INFO:pysm3:Access data from /mnt/sdceph/users/azonca/pysm-data/websky/0.4/radio/radio_0079.6.fits
2023-06-02 00:46:13,080:INFO:pysm3:Mean emission at 79.6 GHz in I: 1.951 uK_RJ
2023-06-02 00:46:13,081:INFO:pysm3:Access data from /mnt/sdceph/users/azonca/pysm-data/websky/0.4/radio/radio_0090.2.fits
2023-06-02 00:46:13,081:INFO:pysm3:Reading map /mnt/sdceph/users/azonca/pysm-data/websky/0.4/radio/radio_0090.2.fits
2023-06-02 00:46:13,082:INFO:pysm3:Access data from /mnt/sdceph/users/azonca/pysm-data/websky/0.4/radio/radio_0090.2.fits
2023-06-02 00:46:19,324:INFO:pysm3:Access data from /mnt/sdceph/users/azonca/pysm-data/websky/0.4/radio/radio_0090.2.fits
2023-06-02 00:46:23,065:INFO:pysm3:Mean emission at 90.2 GHz in I: 1.403 uK_RJ
2023-06-02 00:46:23,066:INFO:pysm3:Access data from /mnt/sdceph/users/azonca/pysm-data/websky/0.4/radio/radio_0100.0.fits
2023-06-02 00:46:23,066:INFO:pysm3:Reading map /mnt/sdceph/users/azonca/pysm-data/websky/0.4/radio/radio_0100.0.fits
2023-06-02 00:46:23,067:INFO:pysm3:Access data from /mnt/sdceph/users/azonca/pysm-data/websky/0.4/radio/radio_0100.0.fits
2023-06-02 00:48:32,588:INFO:pysm3:Access data from /mnt/sdceph/users/azonca/pysm-data/websky/0.4/radio/radio_0100.0.fits
2023-06-02 00:48:36,323:INFO:pysm3:Mean emission at 100.0 GHz in I: 1.07 uK_RJ
2023-06-02 00:48:36,324:INFO:pysm3:Access data from /mnt/sdceph/users/azonca/pysm-data/websky/0.4/radio/radio_0111.0.fits
2023-06-02 00:48:36,325:INFO:pysm3:Reading map /mnt/sdceph/users/azonca/pysm-data/websky/0.4/radio/radio_0111.0.fits
2023-06-02 00:48:36,325:INFO:pysm3:Access data from /mnt/sdceph/users/azonca/pysm-data/websky/0.4/radio/radio_0111.0.fits
2023-06-02 00:54:30,568:INFO:pysm3:Access data from /mnt/sdceph/users/azonca/pysm-data/websky/0.4/radio/radio_0111.0.fits
2023-06-02 00:54:34,310:INFO:pysm3:Mean emission at 111.0 GHz in I: 0.8136 uK_RJ
2023-06-02 00:55:00,013:INFO:mapsims:Smoothing and coord-transform for Channel CHLAT_f090
2023-06-02 01:01:45,439:WARNING:pysm3:hp.map2alm_lsq did not converge in 10 iterations, residual relative error is 0.69
2023-06-02 01:01:45,440:INFO:pysm3:Smoothing with fwhm of 2.1 arcmin
2023-06-02 01:01:49,039:INFO:pysm3:Rotate Alm
2023-06-02 01:11:18,759:INFO:pysm3:Alm to map HEALPix
2023-06-02 01:11:33,306:INFO:mapsims:Writing output map cmbs4_radio_rg1_uKCMB_LAT-CHLAT_f090_nside4096.fits
2023-06-02 01:11:33,308:INFO:mapsims:Replace NaN with UNSEEN
2023-06-02 01:11:33,897:INFO:mapsims:Reorder ring to nest
2023-06-02 01:11:49,950:INFO:mapsims:Writing output map

real	27m47.186s
user	475m51.322s
sys	6m46.783s
