
WARNING: version mismatch between CFITSIO header (v3.47) and linked library (v4.02).


WARNING: version mismatch between CFITSIO header (v3.47) and linked library (v4.02).


WARNING: version mismatch between CFITSIO header (v3.47) and linked library (v4.02).

2023-06-02 00:37:01,359:INFO:mapsims:Parsing configuration from common.toml, co_co3.toml
2023-06-02 00:37:01,386:INFO:mapsims:Nside: 4096, Modeling Nside: 2048, Ellmax: 5120
2023-06-02 00:37:01,388:INFO:mapsims:Initializing the PySM Sky object
2023-06-02 00:37:01,389:INFO:pysm3:Access data from /mnt/sdceph/users/azonca/pysm-data/co/HFI_CompMap_CO-Type1_2048_R2.00_ring.fits
2023-06-02 00:37:01,390:INFO:pysm3:Access data from /mnt/sdceph/users/azonca/pysm-data/co/HFI_CompMap_CO-Type1_2048_R2.00_ring.fits
2023-06-02 00:37:28,975:INFO:pysm3:Access data from /mnt/sdceph/users/azonca/pysm-data/co/psimap_dust90_2048.fits
2023-06-02 00:37:28,976:INFO:pysm3:Access data from /mnt/sdceph/users/azonca/pysm-data/co/psimap_dust90_2048.fits
2023-06-02 00:37:52,421:WARNING:pysm3:No physical unit associated with file /mnt/sdceph/users/azonca/pysm-data/co/psimap_dust90_2048.fits
2023-06-02 00:37:52,422:INFO:pysm3:Access data from /mnt/sdceph/users/azonca/pysm-data/co/gmap_dust90_2048.fits
2023-06-02 00:37:52,423:INFO:pysm3:Access data from /mnt/sdceph/users/azonca/pysm-data/co/gmap_dust90_2048.fits
2023-06-02 00:39:10,815:WARNING:pysm3:No physical unit associated with file /mnt/sdceph/users/azonca/pysm-data/co/gmap_dust90_2048.fits
2023-06-02 00:39:10,816:INFO:pysm3:Access data from /mnt/sdceph/users/azonca/pysm-data/co/mcmoleCO_HGL_2048.fits
2023-06-02 00:39:10,816:INFO:pysm3:Access data from /mnt/sdceph/users/azonca/pysm-data/co/mcmoleCO_HGL_2048.fits
2023-06-02 00:39:12,995:INFO:mapsims:Processing channel Channel CHLAT_f040
2023-06-02 00:39:12,996:INFO:mapsims:Bandpass integration for Channel CHLAT_f040
2023-06-02 00:39:14,474:INFO:mapsims:Smoothing and coord-transform for Channel CHLAT_f040
/mnt/home/azonca/mambaforge-pypy3/envs/so/lib/python3.10/site-packages/healpy/sphtfunc.py:414: RuntimeWarning: invalid value encountered in double_scalars
  return realalm2alm(res[0]), res[3] / norm(maps.reshape((-1,))), res[2]
2023-06-02 00:39:24,896:INFO:pysm3:Used map2alm_lsq, converged in 0 iterations,residual relative error nan
2023-06-02 00:39:24,897:INFO:pysm3:Smoothing with fwhm of 5.3 arcmin
2023-06-02 00:39:25,759:INFO:pysm3:Rotate Alm
2023-06-02 00:40:41,567:INFO:pysm3:Alm to map HEALPix
2023-06-02 00:40:53,851:INFO:mapsims:Writing output map cmbs4_co_co3_uKCMB_LAT-CHLAT_f040_nside4096.fits
2023-06-02 00:40:53,852:INFO:mapsims:Replace NaN with UNSEEN
2023-06-02 00:40:54,763:INFO:mapsims:Reorder ring to nest
2023-06-02 00:41:10,971:INFO:mapsims:Writing output map

real	4m19.445s
user	64m49.600s
sys	0m47.354s
