
WARNING: version mismatch between CFITSIO header (v3.47) and linked library (v4.02).


WARNING: version mismatch between CFITSIO header (v3.47) and linked library (v4.02).


WARNING: version mismatch between CFITSIO header (v3.47) and linked library (v4.02).

2023-06-02 00:08:56,369:INFO:mapsims:Parsing configuration from common.toml, dust_d9.toml
2023-06-02 00:08:56,379:INFO:mapsims:Nside: 512, Modeling Nside: 2048, Ellmax: 1280
2023-06-02 00:08:56,380:INFO:mapsims:Initializing the PySM Sky object
2023-06-02 00:08:56,381:INFO:pysm3:Access data from /mnt/sdceph/users/azonca/pysm-data/dust_gnilc/gnilc_dust_template_nside2048.fits
2023-06-02 00:08:58,281:INFO:mapsims:Processing channel Channel SAT_f040
2023-06-02 00:08:58,281:INFO:mapsims:Bandpass integration for Channel SAT_f040
2023-06-02 00:09:12,099:INFO:mapsims:Smoothing and coord-transform for Channel SAT_f040
2023-06-02 00:09:12,100:INFO:pysm3:Using map2alm with pixel weights
2023-06-02 00:09:13,483:INFO:pysm3:Smoothing with fwhm of 61.6 arcmin
2023-06-02 00:09:13,539:INFO:pysm3:Rotate Alm
2023-06-02 00:09:15,972:INFO:pysm3:Alm to map HEALPix
2023-06-02 00:09:16,151:INFO:mapsims:Writing output map cmbs4_dust_d9_uKCMB_SAT-SAT_f040_nside512.fits
2023-06-02 00:09:16,151:INFO:mapsims:Replace NaN with UNSEEN
2023-06-02 00:09:16,160:INFO:mapsims:Reorder ring to nest
2023-06-02 00:09:16,351:INFO:mapsims:Writing output map

real	0m21.991s
user	2m32.011s
sys	0m10.257s
