
WARNING: version mismatch between CFITSIO header (v3.47) and linked library (v4.02).


WARNING: version mismatch between CFITSIO header (v3.47) and linked library (v4.02).


WARNING: version mismatch between CFITSIO header (v3.47) and linked library (v4.02).

2023-06-28 16:30:24,659:INFO:mapsims:Parsing configuration from common.toml, dust_d9.toml
2023-06-28 16:30:24,677:INFO:mapsims:Nside: 4096, Modeling Nside: 8192, Ellmax: 10240
2023-06-28 16:30:24,680:INFO:mapsims:Initializing the PySM Sky object
2023-06-28 16:30:24,683:INFO:pysm3:Access data from /mnt/sdceph/users/azonca/pysm-data/dust_gnilc/gnilc_dust_template_nside8192.fits
2023-06-28 16:37:04,997:INFO:mapsims:Processing channel Channel SPLAT_f030
2023-06-28 16:37:04,997:INFO:mapsims:Bandpass integration for Channel SPLAT_f030
2023-06-28 16:40:07,483:INFO:mapsims:Smoothing and coord-transform for Channel SPLAT_f030
2023-06-28 16:40:07,487:INFO:pysm3:Using map2alm with pixel weights
2023-06-28 16:40:40,168:INFO:pysm3:Smoothing with fwhm of 9.1 arcmin
2023-06-28 16:40:43,661:INFO:pysm3:Rotate Alm
2023-06-28 16:54:08,915:INFO:pysm3:Alm to map HEALPix
2023-06-28 16:54:23,386:INFO:mapsims:Writing output map cmbs4_dust_d9_uKCMB_SPLAT_f030_nside4096.fits
2023-06-28 16:54:23,386:INFO:mapsims:Replace NaN with UNSEEN
2023-06-28 16:54:23,943:INFO:mapsims:Reorder ring to nest
2023-06-28 16:54:40,019:INFO:mapsims:Writing output map

real	24m33.067s
user	412m14.082s
sys	2m9.427s
