
WARNING: version mismatch between CFITSIO header (v3.47) and linked library (v4.02).


WARNING: version mismatch between CFITSIO header (v3.47) and linked library (v4.02).


WARNING: version mismatch between CFITSIO header (v3.47) and linked library (v4.02).

2023-06-02 00:11:32,792:INFO:mapsims:Parsing configuration from common.toml, cib_cib1.toml
2023-06-02 00:11:32,802:INFO:mapsims:Nside: 512, Modeling Nside: 4096, Ellmax: 1280
2023-06-02 00:11:32,804:INFO:mapsims:Initializing the PySM Sky object
2023-06-02 00:11:33,012:INFO:mapsims:Processing channel Channel SAT_f280
2023-06-02 00:11:33,012:INFO:mapsims:Bandpass integration for Channel SAT_f280
2023-06-02 00:11:33,174:INFO:pysm3:Frequencies considered: [256. 275. 294. 306. 314. 340.]
2023-06-02 00:11:33,293:INFO:pysm3:Access data from /mnt/sdceph/users/azonca/pysm-data/websky/0.4/cib/cib_0256.0.fits
2023-06-02 00:11:33,293:INFO:pysm3:Reading map /mnt/sdceph/users/azonca/pysm-data/websky/0.4/cib/cib_0256.0.fits
2023-06-02 00:11:33,294:INFO:pysm3:Access data from /mnt/sdceph/users/azonca/pysm-data/websky/0.4/cib/cib_0256.0.fits
2023-06-02 00:11:40,655:INFO:pysm3:Access data from /mnt/sdceph/users/azonca/pysm-data/websky/0.4/cib/cib_0256.0.fits
2023-06-02 00:11:45,049:INFO:pysm3:Mean emission at 256.0 GHz in I: 30.05 uK_RJ
2023-06-02 00:11:45,148:INFO:pysm3:Access data from /mnt/sdceph/users/azonca/pysm-data/websky/0.4/cib/cib_0275.0.fits
2023-06-02 00:11:45,148:INFO:pysm3:Reading map /mnt/sdceph/users/azonca/pysm-data/websky/0.4/cib/cib_0275.0.fits
2023-06-02 00:11:45,149:INFO:pysm3:Access data from /mnt/sdceph/users/azonca/pysm-data/websky/0.4/cib/cib_0275.0.fits
2023-06-02 00:11:52,583:INFO:pysm3:Access data from /mnt/sdceph/users/azonca/pysm-data/websky/0.4/cib/cib_0275.0.fits
2023-06-02 00:11:56,496:INFO:pysm3:Mean emission at 275.0 GHz in I: 31.29 uK_RJ
2023-06-02 00:11:56,497:INFO:pysm3:Access data from /mnt/sdceph/users/azonca/pysm-data/websky/0.4/cib/cib_0294.0.fits
2023-06-02 00:11:56,497:INFO:pysm3:Reading map /mnt/sdceph/users/azonca/pysm-data/websky/0.4/cib/cib_0294.0.fits
2023-06-02 00:11:56,498:INFO:pysm3:Access data from /mnt/sdceph/users/azonca/pysm-data/websky/0.4/cib/cib_0294.0.fits
2023-06-02 00:12:03,004:INFO:pysm3:Access data from /mnt/sdceph/users/azonca/pysm-data/websky/0.4/cib/cib_0294.0.fits
2023-06-02 00:12:06,911:INFO:pysm3:Mean emission at 294.0 GHz in I: 32.34 uK_RJ
2023-06-02 00:12:06,913:INFO:pysm3:Access data from /mnt/sdceph/users/azonca/pysm-data/websky/0.4/cib/cib_0306.0.fits
2023-06-02 00:12:06,913:INFO:pysm3:Reading map /mnt/sdceph/users/azonca/pysm-data/websky/0.4/cib/cib_0306.0.fits
2023-06-02 00:12:06,914:INFO:pysm3:Access data from /mnt/sdceph/users/azonca/pysm-data/websky/0.4/cib/cib_0306.0.fits
2023-06-02 00:12:12,900:INFO:pysm3:Access data from /mnt/sdceph/users/azonca/pysm-data/websky/0.4/cib/cib_0306.0.fits
2023-06-02 00:12:16,805:INFO:pysm3:Mean emission at 306.0 GHz in I: 32.93 uK_RJ
2023-06-02 00:12:16,806:INFO:pysm3:Access data from /mnt/sdceph/users/azonca/pysm-data/websky/0.4/cib/cib_0314.0.fits
2023-06-02 00:12:16,806:INFO:pysm3:Reading map /mnt/sdceph/users/azonca/pysm-data/websky/0.4/cib/cib_0314.0.fits
2023-06-02 00:12:16,807:INFO:pysm3:Access data from /mnt/sdceph/users/azonca/pysm-data/websky/0.4/cib/cib_0314.0.fits
2023-06-02 00:12:20,416:INFO:pysm3:Access data from /mnt/sdceph/users/azonca/pysm-data/websky/0.4/cib/cib_0314.0.fits
2023-06-02 00:12:24,366:INFO:pysm3:Mean emission at 314.0 GHz in I: 33.28 uK_RJ
2023-06-02 00:12:24,367:INFO:pysm3:Access data from /mnt/sdceph/users/azonca/pysm-data/websky/0.4/cib/cib_0340.0.fits
2023-06-02 00:12:24,367:INFO:pysm3:Reading map /mnt/sdceph/users/azonca/pysm-data/websky/0.4/cib/cib_0340.0.fits
2023-06-02 00:12:24,367:INFO:pysm3:Access data from /mnt/sdceph/users/azonca/pysm-data/websky/0.4/cib/cib_0340.0.fits
2023-06-02 00:12:27,100:INFO:pysm3:Access data from /mnt/sdceph/users/azonca/pysm-data/websky/0.4/cib/cib_0340.0.fits
2023-06-02 00:12:31,049:INFO:pysm3:Mean emission at 340.0 GHz in I: 34.28 uK_RJ
2023-06-02 00:12:56,380:INFO:mapsims:Smoothing and coord-transform for Channel SAT_f280
2023-06-02 00:12:56,381:INFO:pysm3:Using map2alm with pixel weights
2023-06-02 00:13:01,250:INFO:pysm3:Smoothing with fwhm of 7.7 arcmin
2023-06-02 00:13:01,306:INFO:pysm3:Rotate Alm
2023-06-02 00:13:03,888:INFO:pysm3:Alm to map HEALPix
2023-06-02 00:13:04,077:INFO:mapsims:Writing output map cmbs4_cib_cib1_uKCMB_SAT-SAT_f280_nside512.fits
2023-06-02 00:13:04,077:INFO:mapsims:Replace NaN with UNSEEN
2023-06-02 00:13:04,086:INFO:mapsims:Reorder ring to nest
2023-06-02 00:13:04,283:INFO:mapsims:Writing output map

real	1m33.531s
user	3m5.504s
sys	0m36.058s
