
WARNING: version mismatch between CFITSIO header (v3.47) and linked library (v4.02).


WARNING: version mismatch between CFITSIO header (v3.47) and linked library (v4.02).


WARNING: version mismatch between CFITSIO header (v3.47) and linked library (v4.02).

2023-06-28 16:30:41,692:INFO:mapsims:Parsing configuration from common.toml, dust_d10.toml
2023-06-28 16:30:41,703:INFO:mapsims:Nside: 4096, Modeling Nside: 8192, Ellmax: 10240
2023-06-28 16:30:41,705:INFO:mapsims:Initializing the PySM Sky object
2023-06-28 16:30:41,706:INFO:pysm3:Access data from /mnt/sdceph/users/azonca/pysm-data/dust_gnilc/gnilc_dust_template_nside8192.fits
2023-06-28 16:35:47,205:INFO:pysm3:Retrieve data for dust_gnilc/gnilc_dust_beta_nside8192_2023.06.06.fits (if not cached already)
2023-06-28 16:35:52,304:INFO:pysm3:Retrieve data for dust_gnilc/gnilc_dust_Td_nside8192_2023.06.06.fits (if not cached already)
2023-06-28 16:35:57,653:INFO:mapsims:Processing channel Channel SPLAT_f040
2023-06-28 16:35:57,653:INFO:mapsims:Bandpass integration for Channel SPLAT_f040
2023-06-28 16:47:18,450:INFO:mapsims:Smoothing and coord-transform for Channel SPLAT_f040
2023-06-28 16:47:18,451:INFO:pysm3:Using map2alm with pixel weights
2023-06-28 16:47:51,176:INFO:pysm3:Smoothing with fwhm of 6.2 arcmin
2023-06-28 16:47:54,883:INFO:pysm3:Rotate Alm
2023-06-28 17:02:35,448:INFO:pysm3:Alm to map HEALPix
2023-06-28 17:02:50,053:INFO:mapsims:Writing output map cmbs4_dust_d10_uKCMB_SPLAT_f040_nside4096.fits
2023-06-28 17:02:50,053:INFO:mapsims:Replace NaN with UNSEEN
2023-06-28 17:02:50,777:INFO:mapsims:Reorder ring to nest
2023-06-28 17:03:07,175:INFO:mapsims:Writing output map

real	32m37.192s
user	521m8.678s
sys	5m1.895s
