
WARNING: version mismatch between CFITSIO header (v3.47) and linked library (v4.02).


WARNING: version mismatch between CFITSIO header (v3.47) and linked library (v4.02).


WARNING: version mismatch between CFITSIO header (v3.47) and linked library (v4.02).

2023-06-28 16:30:41,245:INFO:mapsims:Parsing configuration from common.toml, dust_d9.toml
2023-06-28 16:30:41,260:INFO:mapsims:Nside: 4096, Modeling Nside: 8192, Ellmax: 10240
2023-06-28 16:30:41,263:INFO:mapsims:Initializing the PySM Sky object
2023-06-28 16:30:41,264:INFO:pysm3:Access data from /mnt/sdceph/users/azonca/pysm-data/dust_gnilc/gnilc_dust_template_nside8192.fits
2023-06-28 16:37:03,035:INFO:mapsims:Processing channel Channel SPLAT_f150
2023-06-28 16:37:03,035:INFO:mapsims:Bandpass integration for Channel SPLAT_f150
2023-06-28 16:40:10,063:INFO:mapsims:Smoothing and coord-transform for Channel SPLAT_f150
2023-06-28 16:40:10,064:INFO:pysm3:Using map2alm with pixel weights
2023-06-28 16:40:42,972:INFO:pysm3:Smoothing with fwhm of 1.5 arcmin
2023-06-28 16:40:47,431:INFO:pysm3:Rotate Alm
2023-06-28 16:55:00,453:INFO:pysm3:Alm to map HEALPix
2023-06-28 16:55:15,028:INFO:mapsims:Writing output map cmbs4_dust_d9_uKCMB_SPLAT_f150_nside4096.fits
2023-06-28 16:55:15,028:INFO:mapsims:Replace NaN with UNSEEN
2023-06-28 16:55:15,709:INFO:mapsims:Reorder ring to nest
2023-06-28 16:55:31,751:INFO:mapsims:Writing output map

real	25m2.002s
user	437m32.251s
sys	2m13.231s
