
WARNING: version mismatch between CFITSIO header (v3.47) and linked library (v4.02).


WARNING: version mismatch between CFITSIO header (v3.47) and linked library (v4.02).


WARNING: version mismatch between CFITSIO header (v3.47) and linked library (v4.02).

2023-06-01 23:49:54,717:INFO:mapsims:Parsing configuration from common.toml, synchrotron_s7.toml
2023-06-01 23:49:54,728:INFO:mapsims:Nside: 4096, Modeling Nside: 8192, Ellmax: 10240
2023-06-01 23:49:54,732:INFO:mapsims:Initializing the PySM Sky object
2023-06-01 23:49:54,733:INFO:pysm3:Access data from /mnt/sdceph/users/azonca/pysm-data/synch/synch_template_nside8192_2023.02.25.fits
2023-06-01 23:50:37,287:INFO:pysm3:Access data from /mnt/sdceph/users/azonca/pysm-data/synch/synch_beta_nside8192.fits
2023-06-01 23:50:43,405:INFO:pysm3:Access data from /mnt/sdceph/users/azonca/pysm-data/synch/synch_curvature_nside8192.fits
2023-06-01 23:50:51,342:INFO:mapsims:Processing channel Channel CHLAT_f030
2023-06-01 23:50:51,342:INFO:mapsims:Bandpass integration for Channel CHLAT_f030
2023-06-01 23:52:58,382:INFO:mapsims:Smoothing and coord-transform for Channel CHLAT_f030
2023-06-01 23:52:58,387:INFO:pysm3:Using map2alm with pixel weights
2023-06-01 23:53:31,975:INFO:pysm3:Smoothing with fwhm of 7.8 arcmin
2023-06-01 23:53:35,277:INFO:pysm3:Rotate Alm
2023-06-02 00:07:32,729:INFO:pysm3:Alm to map HEALPix
2023-06-02 00:07:48,624:INFO:mapsims:Writing output map cmbs4_synchrotron_s7_uKCMB_LAT-CHLAT_f030_nside4096.fits
2023-06-02 00:07:48,624:INFO:mapsims:Replace NaN with UNSEEN
2023-06-02 00:07:49,364:INFO:mapsims:Reorder ring to nest
2023-06-02 00:08:05,322:INFO:mapsims:Writing output map

real	18m23.295s
user	516m34.531s
sys	3m5.703s
