
WARNING: version mismatch between CFITSIO header (v3.47) and linked library (v4.02).


WARNING: version mismatch between CFITSIO header (v3.47) and linked library (v4.02).


WARNING: version mismatch between CFITSIO header (v3.47) and linked library (v4.02).

2023-06-02 00:28:01,000:INFO:mapsims:Parsing configuration from common.toml, dust_d12.toml
2023-06-02 00:28:01,021:INFO:mapsims:Nside: 4096, Modeling Nside: 2048, Ellmax: 5120
2023-06-02 00:28:01,022:INFO:mapsims:Initializing the PySM Sky object
2023-06-02 00:28:03,375:INFO:pysm3:Access data from /mnt/sdceph/users/azonca/pysm-data/mkd_dust/2048/thermaldust_ampl1.fits
2023-06-02 00:28:26,292:INFO:pysm3:Access data from /mnt/sdceph/users/azonca/pysm-data/mkd_dust/2048/thermaldust_ampl2.fits
2023-06-02 00:28:45,390:INFO:pysm3:Access data from /mnt/sdceph/users/azonca/pysm-data/mkd_dust/2048/thermaldust_ampl3.fits
2023-06-02 00:29:24,155:INFO:pysm3:Access data from /mnt/sdceph/users/azonca/pysm-data/mkd_dust/2048/thermaldust_ampl4.fits
2023-06-02 00:31:17,250:INFO:pysm3:Access data from /mnt/sdceph/users/azonca/pysm-data/mkd_dust/2048/thermaldust_ampl5.fits
2023-06-02 00:34:20,323:INFO:pysm3:Access data from /mnt/sdceph/users/azonca/pysm-data/mkd_dust/2048/thermaldust_ampl6.fits
2023-06-02 00:35:46,840:INFO:pysm3:Access data from /mnt/sdceph/users/azonca/pysm-data/mkd_dust/2048/thermaldust_specind1.fits
2023-06-02 00:35:48,382:INFO:pysm3:Access data from /mnt/sdceph/users/azonca/pysm-data/mkd_dust/2048/thermaldust_specind2.fits
2023-06-02 00:36:03,271:INFO:pysm3:Access data from /mnt/sdceph/users/azonca/pysm-data/mkd_dust/2048/thermaldust_specind3.fits
2023-06-02 00:36:30,797:INFO:pysm3:Access data from /mnt/sdceph/users/azonca/pysm-data/mkd_dust/2048/thermaldust_specind4.fits
2023-06-02 00:36:32,417:INFO:pysm3:Access data from /mnt/sdceph/users/azonca/pysm-data/mkd_dust/2048/thermaldust_specind5.fits
2023-06-02 00:36:36,055:INFO:pysm3:Access data from /mnt/sdceph/users/azonca/pysm-data/mkd_dust/2048/thermaldust_specind6.fits
2023-06-02 00:36:38,335:INFO:pysm3:Access data from /mnt/sdceph/users/azonca/pysm-data/mkd_dust/2048/thermaldust_temp1.fits
2023-06-02 00:36:39,740:INFO:pysm3:Access data from /mnt/sdceph/users/azonca/pysm-data/mkd_dust/2048/thermaldust_temp2.fits
2023-06-02 00:36:43,306:INFO:pysm3:Access data from /mnt/sdceph/users/azonca/pysm-data/mkd_dust/2048/thermaldust_temp3.fits
2023-06-02 00:36:44,831:INFO:pysm3:Access data from /mnt/sdceph/users/azonca/pysm-data/mkd_dust/2048/thermaldust_temp4.fits
2023-06-02 00:36:46,295:INFO:pysm3:Access data from /mnt/sdceph/users/azonca/pysm-data/mkd_dust/2048/thermaldust_temp5.fits
2023-06-02 00:36:47,675:INFO:pysm3:Access data from /mnt/sdceph/users/azonca/pysm-data/mkd_dust/2048/thermaldust_temp6.fits
2023-06-02 00:36:49,664:INFO:mapsims:Processing channel Channel SPLAT_f030
2023-06-02 00:36:49,664:INFO:mapsims:Bandpass integration for Channel SPLAT_f030
2023-06-02 00:41:41,690:INFO:mapsims:Smoothing and coord-transform for Channel SPLAT_f030
2023-06-02 00:43:12,496:WARNING:pysm3:hp.map2alm_lsq did not converge in 10 iterations, residual relative error is 0.0022
2023-06-02 00:43:12,496:INFO:pysm3:Smoothing with fwhm of 9.1 arcmin
2023-06-02 00:43:13,438:INFO:pysm3:Rotate Alm
2023-06-02 00:44:38,026:INFO:pysm3:Alm to map HEALPix
2023-06-02 00:44:49,006:INFO:mapsims:Writing output map cmbs4_dust_d12_uKCMB_LAT-SPLAT_f030_nside4096.fits
2023-06-02 00:44:49,007:INFO:mapsims:Replace NaN with UNSEEN
2023-06-02 00:44:49,667:INFO:mapsims:Reorder ring to nest
2023-06-02 00:45:05,358:INFO:mapsims:Writing output map

real	17m13.382s
user	92m11.809s
sys	5m41.366s
