
WARNING: version mismatch between CFITSIO header (v3.47) and linked library (v4.02).


WARNING: version mismatch between CFITSIO header (v3.47) and linked library (v4.02).


WARNING: version mismatch between CFITSIO header (v3.47) and linked library (v4.02).

2023-06-02 00:43:32,381:INFO:mapsims:Parsing configuration from common.toml, ame_a1.toml
2023-06-02 00:43:32,417:INFO:mapsims:Nside: 4096, Modeling Nside: 512, Ellmax: 1280
2023-06-02 00:43:32,419:INFO:mapsims:Initializing the PySM Sky object
2023-06-02 00:43:32,420:INFO:pysm3:Access data from /mnt/sdceph/users/azonca/pysm-data/pysm_2/ame_t_new.fits
2023-06-02 00:43:32,448:INFO:pysm3:Access data from /mnt/sdceph/users/azonca/pysm-data/pysm_2/ame_nu_peak_0.fits
2023-06-02 00:43:32,476:INFO:pysm3:Access data from /mnt/sdceph/users/azonca/pysm-data/pysm_2/emissivity.txt
2023-06-02 00:43:32,479:INFO:pysm3:Access data from /mnt/sdceph/users/azonca/pysm-data/pysm_2/ame2_t_new.fits
2023-06-02 00:43:32,504:INFO:pysm3:Access data from /mnt/sdceph/users/azonca/pysm-data/pysm_2/emissivity.txt
2023-06-02 00:43:32,507:INFO:mapsims:Processing channel Channel SPLAT_f280
2023-06-02 00:43:32,507:INFO:mapsims:Bandpass integration for Channel SPLAT_f280
2023-06-02 00:43:39,241:INFO:mapsims:Smoothing and coord-transform for Channel SPLAT_f280
2023-06-02 00:43:43,294:INFO:pysm3:Used map2alm_lsq, converged in 7 iterations,residual relative error 0.19
2023-06-02 00:43:43,294:INFO:pysm3:Smoothing with fwhm of 1.0 arcmin
2023-06-02 00:43:43,354:INFO:pysm3:Rotate Alm
2023-06-02 00:43:45,928:INFO:pysm3:Alm to map HEALPix
2023-06-02 00:43:55,850:INFO:mapsims:Writing output map cmbs4_ame_a1_uKCMB_LAT-SPLAT_f280_nside4096.fits
2023-06-02 00:43:55,850:INFO:mapsims:Replace NaN with UNSEEN
2023-06-02 00:43:56,592:INFO:mapsims:Reorder ring to nest
2023-06-02 00:44:13,181:INFO:mapsims:Writing output map

real	1m5.735s
user	3m42.261s
sys	1m26.245s
