
WARNING: version mismatch between CFITSIO header (v3.47) and linked library (v4.02).


WARNING: version mismatch between CFITSIO header (v3.47) and linked library (v4.02).


WARNING: version mismatch between CFITSIO header (v3.47) and linked library (v4.02).

2023-06-02 00:42:15,095:INFO:mapsims:Parsing configuration from common.toml, synchrotron_s5.toml
2023-06-02 00:42:15,128:INFO:mapsims:Nside: 512, Modeling Nside: 2048, Ellmax: 1280
2023-06-02 00:42:15,129:INFO:mapsims:Initializing the PySM Sky object
2023-06-02 00:42:15,131:INFO:pysm3:Access data from /mnt/sdceph/users/azonca/pysm-data/synch/synch_template_nside2048_2023.02.25.fits
2023-06-02 00:43:53,841:INFO:pysm3:Access data from /mnt/sdceph/users/azonca/pysm-data/synch/synch_beta_nside2048.fits
2023-06-02 00:43:56,477:INFO:mapsims:Processing channel Channel SAT_f280
2023-06-02 00:43:56,477:INFO:mapsims:Bandpass integration for Channel SAT_f280
2023-06-02 00:44:05,803:INFO:mapsims:Smoothing and coord-transform for Channel SAT_f280
2023-06-02 00:44:05,804:INFO:pysm3:Using map2alm with pixel weights
2023-06-02 00:44:07,309:INFO:pysm3:Smoothing with fwhm of 7.7 arcmin
2023-06-02 00:44:07,365:INFO:pysm3:Rotate Alm
2023-06-02 00:44:09,693:INFO:pysm3:Alm to map HEALPix
2023-06-02 00:44:09,869:INFO:mapsims:Writing output map cmbs4_synchrotron_s5_uKCMB_SAT-SAT_f280_nside512.fits
2023-06-02 00:44:09,869:INFO:mapsims:Replace NaN with UNSEEN
2023-06-02 00:44:09,877:INFO:mapsims:Reorder ring to nest
2023-06-02 00:44:10,124:INFO:mapsims:Writing output map

real	1m57.081s
user	3m10.094s
sys	0m14.110s
