
WARNING: version mismatch between CFITSIO header (v3.47) and linked library (v4.02).


WARNING: version mismatch between CFITSIO header (v3.47) and linked library (v4.02).


WARNING: version mismatch between CFITSIO header (v3.47) and linked library (v4.02).

2023-06-02 00:11:08,170:INFO:mapsims:Parsing configuration from common.toml, cib_cib1.toml
2023-06-02 00:11:08,181:INFO:mapsims:Nside: 512, Modeling Nside: 4096, Ellmax: 1280
2023-06-02 00:11:08,182:INFO:mapsims:Initializing the PySM Sky object
2023-06-02 00:11:08,392:INFO:mapsims:Processing channel Channel SAT_f095
2023-06-02 00:11:08,392:INFO:mapsims:Bandpass integration for Channel SAT_f095
2023-06-02 00:11:08,557:INFO:pysm3:Frequencies considered: [ 79.6  90.2 100.  111. ]
2023-06-02 00:11:08,680:INFO:pysm3:Access data from /mnt/sdceph/users/azonca/pysm-data/websky/0.4/cib/cib_0079.6.fits
2023-06-02 00:11:08,681:INFO:pysm3:Reading map /mnt/sdceph/users/azonca/pysm-data/websky/0.4/cib/cib_0079.6.fits
2023-06-02 00:11:08,682:INFO:pysm3:Access data from /mnt/sdceph/users/azonca/pysm-data/websky/0.4/cib/cib_0079.6.fits
2023-06-02 00:11:11,840:INFO:pysm3:Access data from /mnt/sdceph/users/azonca/pysm-data/websky/0.4/cib/cib_0079.6.fits
2023-06-02 00:11:16,191:INFO:pysm3:Mean emission at 79.6 GHz in I: 8.612 uK_RJ
2023-06-02 00:11:16,292:INFO:pysm3:Access data from /mnt/sdceph/users/azonca/pysm-data/websky/0.4/cib/cib_0090.2.fits
2023-06-02 00:11:16,292:INFO:pysm3:Reading map /mnt/sdceph/users/azonca/pysm-data/websky/0.4/cib/cib_0090.2.fits
2023-06-02 00:11:16,293:INFO:pysm3:Access data from /mnt/sdceph/users/azonca/pysm-data/websky/0.4/cib/cib_0090.2.fits
2023-06-02 00:11:18,931:INFO:pysm3:Access data from /mnt/sdceph/users/azonca/pysm-data/websky/0.4/cib/cib_0090.2.fits
2023-06-02 00:11:22,770:INFO:pysm3:Mean emission at 90.2 GHz in I: 10.19 uK_RJ
2023-06-02 00:11:22,771:INFO:pysm3:Access data from /mnt/sdceph/users/azonca/pysm-data/websky/0.4/cib/cib_0100.0.fits
2023-06-02 00:11:22,771:INFO:pysm3:Reading map /mnt/sdceph/users/azonca/pysm-data/websky/0.4/cib/cib_0100.0.fits
2023-06-02 00:11:22,772:INFO:pysm3:Access data from /mnt/sdceph/users/azonca/pysm-data/websky/0.4/cib/cib_0100.0.fits
2023-06-02 00:11:32,221:INFO:pysm3:Access data from /mnt/sdceph/users/azonca/pysm-data/websky/0.4/cib/cib_0100.0.fits
2023-06-02 00:11:36,050:INFO:pysm3:Mean emission at 100.0 GHz in I: 11.66 uK_RJ
2023-06-02 00:11:36,051:INFO:pysm3:Access data from /mnt/sdceph/users/azonca/pysm-data/websky/0.4/cib/cib_0111.0.fits
2023-06-02 00:11:36,051:INFO:pysm3:Reading map /mnt/sdceph/users/azonca/pysm-data/websky/0.4/cib/cib_0111.0.fits
2023-06-02 00:11:36,052:INFO:pysm3:Access data from /mnt/sdceph/users/azonca/pysm-data/websky/0.4/cib/cib_0111.0.fits
2023-06-02 00:11:41,733:INFO:pysm3:Access data from /mnt/sdceph/users/azonca/pysm-data/websky/0.4/cib/cib_0111.0.fits
2023-06-02 00:11:45,559:INFO:pysm3:Mean emission at 111.0 GHz in I: 13.31 uK_RJ
2023-06-02 00:12:10,692:INFO:mapsims:Smoothing and coord-transform for Channel SAT_f095
2023-06-02 00:12:10,693:INFO:pysm3:Using map2alm with pixel weights
2023-06-02 00:12:15,525:INFO:pysm3:Smoothing with fwhm of 22.4 arcmin
2023-06-02 00:12:15,579:INFO:pysm3:Rotate Alm
2023-06-02 00:12:17,899:INFO:pysm3:Alm to map HEALPix
2023-06-02 00:12:18,075:INFO:mapsims:Writing output map cmbs4_cib_cib1_uKCMB_SAT-SAT_f095_nside512.fits
2023-06-02 00:12:18,076:INFO:mapsims:Replace NaN with UNSEEN
2023-06-02 00:12:18,083:INFO:mapsims:Reorder ring to nest
2023-06-02 00:12:18,272:INFO:mapsims:Writing output map

real	1m12.097s
user	2m48.159s
sys	0m29.470s
