
WARNING: version mismatch between CFITSIO header (v3.47) and linked library (v4.02).


WARNING: version mismatch between CFITSIO header (v3.47) and linked library (v4.02).


WARNING: version mismatch between CFITSIO header (v3.47) and linked library (v4.02).

2023-06-02 00:35:37,955:INFO:mapsims:Parsing configuration from common.toml, ame_a2.toml
2023-06-02 00:35:37,980:INFO:mapsims:Nside: 4096, Modeling Nside: 512, Ellmax: 1280
2023-06-02 00:35:37,982:INFO:mapsims:Initializing the PySM Sky object
2023-06-02 00:35:37,983:INFO:pysm3:Access data from /mnt/sdceph/users/azonca/pysm-data/pysm_2/ame_t_new.fits
2023-06-02 00:35:38,024:INFO:pysm3:Access data from /mnt/sdceph/users/azonca/pysm-data/pysm_2/ame_nu_peak_0.fits
2023-06-02 00:35:42,292:INFO:pysm3:Access data from /mnt/sdceph/users/azonca/pysm-data/pysm_2/emissivity.txt
2023-06-02 00:35:42,298:INFO:pysm3:Access data from /mnt/sdceph/users/azonca/pysm-data/pysm_2/dust_u_new.fits
2023-06-02 00:35:42,341:WARNING:pysm3:No physical unit associated with file /mnt/sdceph/users/azonca/pysm-data/pysm_2/dust_u_new.fits
2023-06-02 00:35:42,341:INFO:pysm3:Access data from /mnt/sdceph/users/azonca/pysm-data/pysm_2/dust_q_new.fits
2023-06-02 00:35:42,381:WARNING:pysm3:No physical unit associated with file /mnt/sdceph/users/azonca/pysm-data/pysm_2/dust_q_new.fits
2023-06-02 00:35:42,443:INFO:pysm3:Access data from /mnt/sdceph/users/azonca/pysm-data/pysm_2/ame2_t_new.fits
2023-06-02 00:35:42,480:INFO:pysm3:Access data from /mnt/sdceph/users/azonca/pysm-data/pysm_2/emissivity.txt
2023-06-02 00:35:42,482:INFO:pysm3:Access data from /mnt/sdceph/users/azonca/pysm-data/pysm_2/dust_u_new.fits
2023-06-02 00:35:42,510:WARNING:pysm3:No physical unit associated with file /mnt/sdceph/users/azonca/pysm-data/pysm_2/dust_u_new.fits
2023-06-02 00:35:42,511:INFO:pysm3:Access data from /mnt/sdceph/users/azonca/pysm-data/pysm_2/dust_q_new.fits
2023-06-02 00:35:42,537:WARNING:pysm3:No physical unit associated with file /mnt/sdceph/users/azonca/pysm-data/pysm_2/dust_q_new.fits
2023-06-02 00:35:42,599:INFO:mapsims:Processing channel Channel CHLAT_f040
2023-06-02 00:35:42,599:INFO:mapsims:Bandpass integration for Channel CHLAT_f040
2023-06-02 00:35:50,966:INFO:mapsims:Smoothing and coord-transform for Channel CHLAT_f040
2023-06-02 00:35:55,717:INFO:pysm3:Used map2alm_lsq, converged in 8 iterations,residual relative error 0.044
2023-06-02 00:35:55,718:INFO:pysm3:Smoothing with fwhm of 5.3 arcmin
2023-06-02 00:35:55,766:INFO:pysm3:Rotate Alm
2023-06-02 00:35:58,565:INFO:pysm3:Alm to map HEALPix
2023-06-02 00:36:09,659:INFO:mapsims:Writing output map cmbs4_ame_a2_uKCMB_LAT-CHLAT_f040_nside4096.fits
2023-06-02 00:36:09,659:INFO:mapsims:Replace NaN with UNSEEN
2023-06-02 00:36:10,571:INFO:mapsims:Reorder ring to nest
2023-06-02 00:36:26,268:INFO:mapsims:Writing output map

real	0m58.349s
user	4m45.360s
sys	1m17.701s
