
WARNING: version mismatch between CFITSIO header (v3.47) and linked library (v4.02).


WARNING: version mismatch between CFITSIO header (v3.47) and linked library (v4.02).


WARNING: version mismatch between CFITSIO header (v3.47) and linked library (v4.02).

2023-06-28 16:30:40,584:INFO:mapsims:Parsing configuration from common.toml, dust_d9.toml
2023-06-28 16:30:40,595:INFO:mapsims:Nside: 512, Modeling Nside: 2048, Ellmax: 1280
2023-06-28 16:30:40,596:INFO:mapsims:Initializing the PySM Sky object
2023-06-28 16:30:40,597:INFO:pysm3:Access data from /mnt/sdceph/users/azonca/pysm-data/dust_gnilc/gnilc_dust_template_nside2048.fits
2023-06-28 16:30:58,376:INFO:mapsims:Processing channel Channel SAT_f220
2023-06-28 16:30:58,376:INFO:mapsims:Bandpass integration for Channel SAT_f220
2023-06-28 16:31:12,678:INFO:mapsims:Smoothing and coord-transform for Channel SAT_f220
2023-06-28 16:31:12,682:INFO:pysm3:Using map2alm with pixel weights
2023-06-28 16:31:14,256:INFO:pysm3:Smoothing with fwhm of 9.4 arcmin
2023-06-28 16:31:14,312:INFO:pysm3:Rotate Alm
2023-06-28 16:31:16,621:INFO:pysm3:Alm to map HEALPix
2023-06-28 16:31:16,812:INFO:mapsims:Writing output map cmbs4_dust_d9_uKCMB_SAT_f220_nside512.fits
2023-06-28 16:31:16,813:INFO:mapsims:Replace NaN with UNSEEN
2023-06-28 16:31:16,822:INFO:mapsims:Reorder ring to nest
2023-06-28 16:31:17,013:INFO:mapsims:Writing output map

real	0m38.826s
user	2m33.162s
sys	0m10.034s
