
WARNING: version mismatch between CFITSIO header (v3.47) and linked library (v4.02).


WARNING: version mismatch between CFITSIO header (v3.47) and linked library (v4.02).


WARNING: version mismatch between CFITSIO header (v3.47) and linked library (v4.02).

2023-06-02 00:37:05,506:INFO:mapsims:Parsing configuration from common.toml, co_co3.toml
2023-06-02 00:37:05,515:INFO:mapsims:Nside: 4096, Modeling Nside: 2048, Ellmax: 5120
2023-06-02 00:37:05,517:INFO:mapsims:Initializing the PySM Sky object
2023-06-02 00:37:05,518:INFO:pysm3:Access data from /mnt/sdceph/users/azonca/pysm-data/co/HFI_CompMap_CO-Type1_2048_R2.00_ring.fits
2023-06-02 00:37:05,519:INFO:pysm3:Access data from /mnt/sdceph/users/azonca/pysm-data/co/HFI_CompMap_CO-Type1_2048_R2.00_ring.fits
2023-06-02 00:37:24,712:INFO:pysm3:Access data from /mnt/sdceph/users/azonca/pysm-data/co/psimap_dust90_2048.fits
2023-06-02 00:37:24,713:INFO:pysm3:Access data from /mnt/sdceph/users/azonca/pysm-data/co/psimap_dust90_2048.fits
2023-06-02 00:37:27,733:WARNING:pysm3:No physical unit associated with file /mnt/sdceph/users/azonca/pysm-data/co/psimap_dust90_2048.fits
2023-06-02 00:37:27,734:INFO:pysm3:Access data from /mnt/sdceph/users/azonca/pysm-data/co/gmap_dust90_2048.fits
2023-06-02 00:37:27,734:INFO:pysm3:Access data from /mnt/sdceph/users/azonca/pysm-data/co/gmap_dust90_2048.fits
2023-06-02 00:37:33,047:WARNING:pysm3:No physical unit associated with file /mnt/sdceph/users/azonca/pysm-data/co/gmap_dust90_2048.fits
2023-06-02 00:37:33,047:INFO:pysm3:Access data from /mnt/sdceph/users/azonca/pysm-data/co/mcmoleCO_HGL_2048.fits
2023-06-02 00:37:33,048:INFO:pysm3:Access data from /mnt/sdceph/users/azonca/pysm-data/co/mcmoleCO_HGL_2048.fits
2023-06-02 00:37:44,398:INFO:mapsims:Processing channel Channel SPLAT_f040
2023-06-02 00:37:44,398:INFO:mapsims:Bandpass integration for Channel SPLAT_f040
2023-06-02 00:37:45,882:INFO:mapsims:Smoothing and coord-transform for Channel SPLAT_f040
/mnt/home/azonca/mambaforge-pypy3/envs/so/lib/python3.10/site-packages/healpy/sphtfunc.py:414: RuntimeWarning: invalid value encountered in double_scalars
  return realalm2alm(res[0]), res[3] / norm(maps.reshape((-1,))), res[2]
2023-06-02 00:37:56,901:INFO:pysm3:Used map2alm_lsq, converged in 0 iterations,residual relative error nan
2023-06-02 00:37:56,902:INFO:pysm3:Smoothing with fwhm of 6.2 arcmin
2023-06-02 00:37:57,759:INFO:pysm3:Rotate Alm
2023-06-02 00:39:14,092:INFO:pysm3:Alm to map HEALPix
2023-06-02 00:39:26,784:INFO:mapsims:Writing output map cmbs4_co_co3_uKCMB_LAT-SPLAT_f040_nside4096.fits
2023-06-02 00:39:26,785:INFO:mapsims:Replace NaN with UNSEEN
2023-06-02 00:39:27,623:INFO:mapsims:Reorder ring to nest
2023-06-02 00:39:43,928:INFO:mapsims:Writing output map

real	2m48.391s
user	65m43.767s
sys	0m46.046s
