
WARNING: version mismatch between CFITSIO header (v3.47) and linked library (v4.02).


WARNING: version mismatch between CFITSIO header (v3.47) and linked library (v4.02).


WARNING: version mismatch between CFITSIO header (v3.47) and linked library (v4.02).

2023-06-28 16:30:40,599:INFO:mapsims:Parsing configuration from common.toml, dust_d9.toml
2023-06-28 16:30:40,610:INFO:mapsims:Nside: 512, Modeling Nside: 2048, Ellmax: 1280
2023-06-28 16:30:40,611:INFO:mapsims:Initializing the PySM Sky object
2023-06-28 16:30:40,612:INFO:pysm3:Access data from /mnt/sdceph/users/azonca/pysm-data/dust_gnilc/gnilc_dust_template_nside2048.fits
2023-06-28 16:31:09,784:INFO:mapsims:Processing channel Channel SAT_f085
2023-06-28 16:31:09,784:INFO:mapsims:Bandpass integration for Channel SAT_f085
2023-06-28 16:31:23,623:INFO:mapsims:Smoothing and coord-transform for Channel SAT_f085
2023-06-28 16:31:23,624:INFO:pysm3:Using map2alm with pixel weights
2023-06-28 16:31:25,191:INFO:pysm3:Smoothing with fwhm of 24.6 arcmin
2023-06-28 16:31:25,245:INFO:pysm3:Rotate Alm
2023-06-28 16:31:27,694:INFO:pysm3:Alm to map HEALPix
2023-06-28 16:31:27,871:INFO:mapsims:Writing output map cmbs4_dust_d9_uKCMB_SAT_f085_nside512.fits
2023-06-28 16:31:27,871:INFO:mapsims:Replace NaN with UNSEEN
2023-06-28 16:31:27,880:INFO:mapsims:Reorder ring to nest
2023-06-28 16:31:28,068:INFO:mapsims:Writing output map

real	0m49.793s
user	2m41.267s
sys	0m10.721s
