
WARNING: version mismatch between CFITSIO header (v3.47) and linked library (v4.02).


WARNING: version mismatch between CFITSIO header (v3.47) and linked library (v4.02).


WARNING: version mismatch between CFITSIO header (v3.47) and linked library (v4.02).

2023-06-28 16:30:40,610:INFO:mapsims:Parsing configuration from common.toml, dust_d9.toml
2023-06-28 16:30:40,621:INFO:mapsims:Nside: 512, Modeling Nside: 2048, Ellmax: 1280
2023-06-28 16:30:40,622:INFO:mapsims:Initializing the PySM Sky object
2023-06-28 16:30:40,623:INFO:pysm3:Access data from /mnt/sdceph/users/azonca/pysm-data/dust_gnilc/gnilc_dust_template_nside2048.fits
2023-06-28 16:30:57,713:INFO:mapsims:Processing channel Channel SAT_f155
2023-06-28 16:30:57,713:INFO:mapsims:Bandpass integration for Channel SAT_f155
2023-06-28 16:31:11,549:INFO:mapsims:Smoothing and coord-transform for Channel SAT_f155
2023-06-28 16:31:11,550:INFO:pysm3:Using map2alm with pixel weights
2023-06-28 16:31:13,081:INFO:pysm3:Smoothing with fwhm of 14.3 arcmin
2023-06-28 16:31:13,137:INFO:pysm3:Rotate Alm
2023-06-28 16:31:15,964:INFO:pysm3:Alm to map HEALPix
2023-06-28 16:31:16,140:INFO:mapsims:Writing output map cmbs4_dust_d9_uKCMB_SAT_f155_nside512.fits
2023-06-28 16:31:16,140:INFO:mapsims:Replace NaN with UNSEEN
2023-06-28 16:31:16,149:INFO:mapsims:Reorder ring to nest
2023-06-28 16:31:16,337:INFO:mapsims:Writing output map

real	0m38.056s
user	2m54.675s
sys	0m10.308s
