
WARNING: version mismatch between CFITSIO header (v3.47) and linked library (v4.02).


WARNING: version mismatch between CFITSIO header (v3.47) and linked library (v4.02).


WARNING: version mismatch between CFITSIO header (v3.47) and linked library (v4.02).

2023-06-02 00:37:17,802:INFO:mapsims:Parsing configuration from common.toml, co_co3.toml
2023-06-02 00:37:17,835:INFO:mapsims:Nside: 4096, Modeling Nside: 2048, Ellmax: 5120
2023-06-02 00:37:17,837:INFO:mapsims:Initializing the PySM Sky object
2023-06-02 00:37:17,838:INFO:pysm3:Access data from /mnt/sdceph/users/azonca/pysm-data/co/HFI_CompMap_CO-Type1_2048_R2.00_ring.fits
2023-06-02 00:37:17,839:INFO:pysm3:Access data from /mnt/sdceph/users/azonca/pysm-data/co/HFI_CompMap_CO-Type1_2048_R2.00_ring.fits
2023-06-02 00:37:36,547:INFO:pysm3:Access data from /mnt/sdceph/users/azonca/pysm-data/co/psimap_dust90_2048.fits
2023-06-02 00:37:36,549:INFO:pysm3:Access data from /mnt/sdceph/users/azonca/pysm-data/co/psimap_dust90_2048.fits
2023-06-02 00:37:41,421:WARNING:pysm3:No physical unit associated with file /mnt/sdceph/users/azonca/pysm-data/co/psimap_dust90_2048.fits
2023-06-02 00:37:41,422:INFO:pysm3:Access data from /mnt/sdceph/users/azonca/pysm-data/co/gmap_dust90_2048.fits
2023-06-02 00:37:41,423:INFO:pysm3:Access data from /mnt/sdceph/users/azonca/pysm-data/co/gmap_dust90_2048.fits
2023-06-02 00:37:46,339:WARNING:pysm3:No physical unit associated with file /mnt/sdceph/users/azonca/pysm-data/co/gmap_dust90_2048.fits
2023-06-02 00:37:46,340:INFO:pysm3:Access data from /mnt/sdceph/users/azonca/pysm-data/co/mcmoleCO_HGL_2048.fits
2023-06-02 00:37:46,341:INFO:pysm3:Access data from /mnt/sdceph/users/azonca/pysm-data/co/mcmoleCO_HGL_2048.fits
2023-06-02 00:38:00,705:INFO:mapsims:Processing channel Channel CHLAT_f030
2023-06-02 00:38:00,706:INFO:mapsims:Bandpass integration for Channel CHLAT_f030
2023-06-02 00:38:02,154:INFO:mapsims:Smoothing and coord-transform for Channel CHLAT_f030
/mnt/home/azonca/mambaforge-pypy3/envs/so/lib/python3.10/site-packages/healpy/sphtfunc.py:414: RuntimeWarning: invalid value encountered in double_scalars
  return realalm2alm(res[0]), res[3] / norm(maps.reshape((-1,))), res[2]
2023-06-02 00:38:12,469:INFO:pysm3:Used map2alm_lsq, converged in 0 iterations,residual relative error nan
2023-06-02 00:38:12,469:INFO:pysm3:Smoothing with fwhm of 7.8 arcmin
2023-06-02 00:38:13,316:INFO:pysm3:Rotate Alm
2023-06-02 00:39:30,256:INFO:pysm3:Alm to map HEALPix
2023-06-02 00:39:42,549:INFO:mapsims:Writing output map cmbs4_co_co3_uKCMB_LAT-CHLAT_f030_nside4096.fits
2023-06-02 00:39:42,549:INFO:mapsims:Replace NaN with UNSEEN
2023-06-02 00:39:43,508:INFO:mapsims:Reorder ring to nest
2023-06-02 00:39:59,896:INFO:mapsims:Writing output map

real	2m52.696s
user	65m46.238s
sys	0m47.918s
