
WARNING: version mismatch between CFITSIO header (v3.47) and linked library (v4.02).


WARNING: version mismatch between CFITSIO header (v3.47) and linked library (v4.02).


WARNING: version mismatch between CFITSIO header (v3.47) and linked library (v4.02).

2023-06-02 00:39:57,593:INFO:mapsims:Parsing configuration from common.toml, co_co3.toml
2023-06-02 00:39:57,630:INFO:mapsims:Nside: 512, Modeling Nside: 2048, Ellmax: 1280
2023-06-02 00:39:57,632:INFO:mapsims:Initializing the PySM Sky object
2023-06-02 00:39:57,634:INFO:pysm3:Access data from /mnt/sdceph/users/azonca/pysm-data/co/HFI_CompMap_CO-Type1_2048_R2.00_ring.fits
2023-06-02 00:39:57,634:INFO:pysm3:Access data from /mnt/sdceph/users/azonca/pysm-data/co/HFI_CompMap_CO-Type1_2048_R2.00_ring.fits
2023-06-02 00:41:07,885:INFO:pysm3:Access data from /mnt/sdceph/users/azonca/pysm-data/co/psimap_dust90_2048.fits
2023-06-02 00:41:07,886:INFO:pysm3:Access data from /mnt/sdceph/users/azonca/pysm-data/co/psimap_dust90_2048.fits
2023-06-02 00:41:22,675:WARNING:pysm3:No physical unit associated with file /mnt/sdceph/users/azonca/pysm-data/co/psimap_dust90_2048.fits
2023-06-02 00:41:22,676:INFO:pysm3:Access data from /mnt/sdceph/users/azonca/pysm-data/co/gmap_dust90_2048.fits
2023-06-02 00:41:22,677:INFO:pysm3:Access data from /mnt/sdceph/users/azonca/pysm-data/co/gmap_dust90_2048.fits
2023-06-02 00:42:01,454:WARNING:pysm3:No physical unit associated with file /mnt/sdceph/users/azonca/pysm-data/co/gmap_dust90_2048.fits
2023-06-02 00:42:01,456:INFO:pysm3:Access data from /mnt/sdceph/users/azonca/pysm-data/co/mcmoleCO_HGL_2048.fits
2023-06-02 00:42:01,457:INFO:pysm3:Access data from /mnt/sdceph/users/azonca/pysm-data/co/mcmoleCO_HGL_2048.fits
2023-06-02 00:42:03,250:INFO:mapsims:Processing channel Channel SAT_f280
2023-06-02 00:42:03,250:INFO:mapsims:Bandpass integration for Channel SAT_f280
2023-06-02 00:42:04,695:INFO:mapsims:Smoothing and coord-transform for Channel SAT_f280
2023-06-02 00:42:04,696:INFO:pysm3:Using map2alm with pixel weights
2023-06-02 00:42:06,392:INFO:pysm3:Smoothing with fwhm of 7.7 arcmin
2023-06-02 00:42:06,458:INFO:pysm3:Rotate Alm
2023-06-02 00:42:08,853:INFO:pysm3:Alm to map HEALPix
2023-06-02 00:42:09,055:INFO:mapsims:Writing output map cmbs4_co_co3_uKCMB_SAT-SAT_f280_nside512.fits
2023-06-02 00:42:09,055:INFO:mapsims:Replace NaN with UNSEEN
2023-06-02 00:42:09,065:INFO:mapsims:Reorder ring to nest
2023-06-02 00:42:09,255:INFO:mapsims:Writing output map

real	2m13.727s
user	2m36.274s
sys	0m10.840s
