
WARNING: version mismatch between CFITSIO header (v3.47) and linked library (v4.02).


WARNING: version mismatch between CFITSIO header (v3.47) and linked library (v4.02).


WARNING: version mismatch between CFITSIO header (v3.47) and linked library (v4.02).

2023-06-01 23:49:54,674:INFO:mapsims:Parsing configuration from common.toml, synchrotron_s4.toml
2023-06-01 23:49:54,684:INFO:mapsims:Nside: 4096, Modeling Nside: 8192, Ellmax: 10240
2023-06-01 23:49:54,686:INFO:mapsims:Initializing the PySM Sky object
2023-06-01 23:49:54,687:INFO:pysm3:Access data from /mnt/sdceph/users/azonca/pysm-data/synch/synch_template_nside8192_2023.02.25.fits
2023-06-01 23:50:38,510:INFO:mapsims:Processing channel Channel SPLAT_f090
2023-06-01 23:50:38,511:INFO:mapsims:Bandpass integration for Channel SPLAT_f090
2023-06-01 23:52:25,522:INFO:mapsims:Smoothing and coord-transform for Channel SPLAT_f090
2023-06-01 23:52:25,527:INFO:pysm3:Using map2alm with pixel weights
2023-06-01 23:53:00,493:INFO:pysm3:Smoothing with fwhm of 2.5 arcmin
2023-06-01 23:53:03,847:INFO:pysm3:Rotate Alm
2023-06-02 00:07:11,532:INFO:pysm3:Alm to map HEALPix
2023-06-02 00:07:27,758:INFO:mapsims:Writing output map cmbs4_synchrotron_s4_uKCMB_LAT-SPLAT_f090_nside4096.fits
2023-06-02 00:07:27,758:INFO:mapsims:Replace NaN with UNSEEN
2023-06-02 00:07:28,645:INFO:mapsims:Reorder ring to nest
2023-06-02 00:07:44,849:INFO:mapsims:Writing output map

real	18m1.550s
user	517m30.931s
sys	2m59.459s
