
WARNING: version mismatch between CFITSIO header (v3.47) and linked library (v4.02).


WARNING: version mismatch between CFITSIO header (v3.47) and linked library (v4.02).


WARNING: version mismatch between CFITSIO header (v3.47) and linked library (v4.02).

2023-06-02 00:44:12,868:INFO:mapsims:Parsing configuration from common.toml, radio_rg1.toml
2023-06-02 00:44:12,878:INFO:mapsims:Nside: 4096, Modeling Nside: 4096, Ellmax: 10240
2023-06-02 00:44:12,879:INFO:mapsims:Initializing the PySM Sky object
2023-06-02 00:44:13,106:INFO:mapsims:Processing channel Channel SPLAT_f280
2023-06-02 00:44:13,106:INFO:mapsims:Bandpass integration for Channel SPLAT_f280
2023-06-02 00:44:13,294:INFO:pysm3:Frequencies considered: [256. 275. 294. 306. 314. 340.]
2023-06-02 00:44:13,424:INFO:pysm3:Access data from /mnt/sdceph/users/azonca/pysm-data/websky/0.4/radio/radio_0256.0.fits
2023-06-02 00:44:13,424:INFO:pysm3:Reading map /mnt/sdceph/users/azonca/pysm-data/websky/0.4/radio/radio_0256.0.fits
2023-06-02 00:44:13,425:INFO:pysm3:Access data from /mnt/sdceph/users/azonca/pysm-data/websky/0.4/radio/radio_0256.0.fits
2023-06-02 00:45:23,158:INFO:pysm3:Access data from /mnt/sdceph/users/azonca/pysm-data/websky/0.4/radio/radio_0256.0.fits
2023-06-02 00:45:27,786:INFO:pysm3:Mean emission at 256.0 GHz in I: 0.1068 uK_RJ
2023-06-02 00:45:27,888:INFO:pysm3:Access data from /mnt/sdceph/users/azonca/pysm-data/websky/0.4/radio/radio_0275.0.fits
2023-06-02 00:45:27,888:INFO:pysm3:Reading map /mnt/sdceph/users/azonca/pysm-data/websky/0.4/radio/radio_0275.0.fits
2023-06-02 00:45:27,889:INFO:pysm3:Access data from /mnt/sdceph/users/azonca/pysm-data/websky/0.4/radio/radio_0275.0.fits
2023-06-02 00:48:52,234:INFO:pysm3:Access data from /mnt/sdceph/users/azonca/pysm-data/websky/0.4/radio/radio_0275.0.fits
2023-06-02 00:48:56,406:INFO:pysm3:Mean emission at 275.0 GHz in I: 0.09058 uK_RJ
2023-06-02 00:48:56,407:INFO:pysm3:Access data from /mnt/sdceph/users/azonca/pysm-data/websky/0.4/radio/radio_0294.0.fits
2023-06-02 00:48:56,407:INFO:pysm3:Reading map /mnt/sdceph/users/azonca/pysm-data/websky/0.4/radio/radio_0294.0.fits
2023-06-02 00:48:56,408:INFO:pysm3:Access data from /mnt/sdceph/users/azonca/pysm-data/websky/0.4/radio/radio_0294.0.fits
2023-06-02 00:54:26,702:INFO:pysm3:Access data from /mnt/sdceph/users/azonca/pysm-data/websky/0.4/radio/radio_0294.0.fits
2023-06-02 00:54:30,870:INFO:pysm3:Mean emission at 294.0 GHz in I: 0.07775 uK_RJ
2023-06-02 00:54:30,872:INFO:pysm3:Access data from /mnt/sdceph/users/azonca/pysm-data/websky/0.4/radio/radio_0306.0.fits
2023-06-02 00:54:30,872:INFO:pysm3:Reading map /mnt/sdceph/users/azonca/pysm-data/websky/0.4/radio/radio_0306.0.fits
2023-06-02 00:54:30,873:INFO:pysm3:Access data from /mnt/sdceph/users/azonca/pysm-data/websky/0.4/radio/radio_0306.0.fits
2023-06-02 00:55:00,664:INFO:pysm3:Access data from /mnt/sdceph/users/azonca/pysm-data/websky/0.4/radio/radio_0306.0.fits
2023-06-02 00:55:04,821:INFO:pysm3:Mean emission at 306.0 GHz in I: 0.07098 uK_RJ
2023-06-02 00:55:04,823:INFO:pysm3:Access data from /mnt/sdceph/users/azonca/pysm-data/websky/0.4/radio/radio_0314.0.fits
2023-06-02 00:55:04,823:INFO:pysm3:Reading map /mnt/sdceph/users/azonca/pysm-data/websky/0.4/radio/radio_0314.0.fits
2023-06-02 00:55:04,823:INFO:pysm3:Access data from /mnt/sdceph/users/azonca/pysm-data/websky/0.4/radio/radio_0314.0.fits
2023-06-02 00:55:07,754:INFO:pysm3:Access data from /mnt/sdceph/users/azonca/pysm-data/websky/0.4/radio/radio_0314.0.fits
2023-06-02 00:55:11,921:INFO:pysm3:Mean emission at 314.0 GHz in I: 0.06693 uK_RJ
2023-06-02 00:55:11,922:INFO:pysm3:Access data from /mnt/sdceph/users/azonca/pysm-data/websky/0.4/radio/radio_0340.0.fits
2023-06-02 00:55:11,922:INFO:pysm3:Reading map /mnt/sdceph/users/azonca/pysm-data/websky/0.4/radio/radio_0340.0.fits
2023-06-02 00:55:11,923:INFO:pysm3:Access data from /mnt/sdceph/users/azonca/pysm-data/websky/0.4/radio/radio_0340.0.fits
2023-06-02 00:55:29,139:INFO:pysm3:Access data from /mnt/sdceph/users/azonca/pysm-data/websky/0.4/radio/radio_0340.0.fits
2023-06-02 00:55:33,310:INFO:pysm3:Mean emission at 340.0 GHz in I: 0.05588 uK_RJ
2023-06-02 00:55:59,677:INFO:mapsims:Smoothing and coord-transform for Channel SPLAT_f280
2023-06-02 01:02:58,732:WARNING:pysm3:hp.map2alm_lsq did not converge in 10 iterations, residual relative error is 0.69
2023-06-02 01:02:58,732:INFO:pysm3:Smoothing with fwhm of 1.0 arcmin
2023-06-02 01:03:02,131:INFO:pysm3:Rotate Alm
2023-06-02 01:12:50,476:INFO:pysm3:Alm to map HEALPix
2023-06-02 01:13:06,441:INFO:mapsims:Writing output map cmbs4_radio_rg1_uKCMB_LAT-SPLAT_f280_nside4096.fits
2023-06-02 01:13:06,441:INFO:mapsims:Replace NaN with UNSEEN
2023-06-02 01:13:07,252:INFO:mapsims:Reorder ring to nest
2023-06-02 01:13:23,318:INFO:mapsims:Writing output map

real	29m21.970s
user	540m15.313s
sys	6m48.394s
