
WARNING: version mismatch between CFITSIO header (v3.47) and linked library (v4.02).


WARNING: version mismatch between CFITSIO header (v3.47) and linked library (v4.02).


WARNING: version mismatch between CFITSIO header (v3.47) and linked library (v4.02).

2023-06-28 16:30:25,066:INFO:mapsims:Parsing configuration from common.toml, dust_d9.toml
2023-06-28 16:30:25,086:INFO:mapsims:Nside: 4096, Modeling Nside: 8192, Ellmax: 10240
2023-06-28 16:30:25,089:INFO:mapsims:Initializing the PySM Sky object
2023-06-28 16:30:25,092:INFO:pysm3:Access data from /mnt/sdceph/users/azonca/pysm-data/dust_gnilc/gnilc_dust_template_nside8192.fits
2023-06-28 16:35:47,238:INFO:mapsims:Processing channel Channel SPLAT_f040
2023-06-28 16:35:47,238:INFO:mapsims:Bandpass integration for Channel SPLAT_f040
2023-06-28 16:38:55,191:INFO:mapsims:Smoothing and coord-transform for Channel SPLAT_f040
2023-06-28 16:38:55,201:INFO:pysm3:Using map2alm with pixel weights
2023-06-28 16:39:28,263:INFO:pysm3:Smoothing with fwhm of 6.2 arcmin
2023-06-28 16:39:31,936:INFO:pysm3:Rotate Alm
2023-06-28 16:54:43,483:INFO:pysm3:Alm to map HEALPix
2023-06-28 16:54:57,977:INFO:mapsims:Writing output map cmbs4_dust_d9_uKCMB_SPLAT_f040_nside4096.fits
2023-06-28 16:54:57,977:INFO:mapsims:Replace NaN with UNSEEN
2023-06-28 16:54:58,575:INFO:mapsims:Reorder ring to nest
2023-06-28 16:55:14,671:INFO:mapsims:Writing output map

real	25m7.359s
user	479m20.043s
sys	2m8.103s
