
WARNING: version mismatch between CFITSIO header (v3.47) and linked library (v4.02).


WARNING: version mismatch between CFITSIO header (v3.47) and linked library (v4.02).


WARNING: version mismatch between CFITSIO header (v3.47) and linked library (v4.02).

2023-06-02 00:12:49,277:INFO:mapsims:Parsing configuration from common.toml, tsz_tsz1.toml
2023-06-02 00:12:49,288:INFO:mapsims:Nside: 4096, Modeling Nside: 8192, Ellmax: 10240
2023-06-02 00:12:49,289:INFO:mapsims:Initializing the PySM Sky object
2023-06-02 00:12:49,290:INFO:pysm3:Access data from /mnt/sdceph/users/azonca/pysm-data/websky/0.4/tsz_8192_hp.fits
2023-06-02 00:12:49,291:INFO:pysm3:Access data from /mnt/sdceph/users/azonca/pysm-data/websky/0.4/tsz_8192_hp.fits
2023-06-02 00:12:55,271:INFO:mapsims:Processing channel Channel SPLAT_f150
2023-06-02 00:12:55,272:INFO:mapsims:Bandpass integration for Channel SPLAT_f150
2023-06-02 00:13:30,422:INFO:mapsims:Smoothing and coord-transform for Channel SPLAT_f150
2023-06-02 00:13:30,423:INFO:pysm3:Using map2alm with pixel weights
2023-06-02 00:14:03,629:INFO:pysm3:Smoothing with fwhm of 1.5 arcmin
2023-06-02 00:14:07,307:INFO:pysm3:Rotate Alm
2023-06-02 00:24:30,497:INFO:pysm3:Alm to map HEALPix
2023-06-02 00:24:45,243:INFO:mapsims:Writing output map cmbs4_tsz_tsz1_uKCMB_LAT-SPLAT_f150_nside4096.fits
2023-06-02 00:24:45,243:INFO:mapsims:Replace NaN with UNSEEN
2023-06-02 00:24:45,975:INFO:mapsims:Reorder ring to nest
2023-06-02 00:25:02,415:INFO:mapsims:Writing output map

real	12m23.212s
user	402m21.030s
sys	1m13.378s
