
WARNING: version mismatch between CFITSIO header (v3.47) and linked library (v4.02).


WARNING: version mismatch between CFITSIO header (v3.47) and linked library (v4.02).


WARNING: version mismatch between CFITSIO header (v3.47) and linked library (v4.02).

2023-06-02 00:26:58,490:INFO:mapsims:Parsing configuration from common.toml, cmb_c3.toml
2023-06-02 00:26:58,502:INFO:mapsims:Nside: 4096, Modeling Nside: 4096, Ellmax: 10240
2023-06-02 00:26:58,683:INFO:mapsims:Initializing the PySM Sky object
2023-06-02 00:26:58,685:INFO:pysm3:Access data from /mnt/sdceph/users/azonca/pysm-data/websky/0.4/cmb/map_I_unlensed_alm_seed1_nside4096.fits
2023-06-02 00:26:58,686:INFO:pysm3:Access data from /mnt/sdceph/users/azonca/pysm-data/websky/0.4/cmb/map_Q_unlensed_alm_seed1_nside4096.fits
2023-06-02 00:26:58,688:INFO:pysm3:Access data from /mnt/sdceph/users/azonca/pysm-data/websky/0.4/cmb/map_U_unlensed_alm_seed1_nside4096.fits
2023-06-02 00:26:58,689:INFO:pysm3:Access data from /mnt/sdceph/users/azonca/pysm-data/websky/0.4/cmb/map_I_unlensed_alm_seed1_nside4096.fits
2023-06-02 00:27:00,230:INFO:pysm3:Access data from /mnt/sdceph/users/azonca/pysm-data/websky/0.4/cmb/map_Q_unlensed_alm_seed1_nside4096.fits
2023-06-02 00:27:01,815:INFO:pysm3:Access data from /mnt/sdceph/users/azonca/pysm-data/websky/0.4/cmb/map_U_unlensed_alm_seed1_nside4096.fits
2023-06-02 00:27:04,245:INFO:mapsims:Processing channel Channel CHLAT_f280
2023-06-02 00:27:04,245:INFO:mapsims:Bandpass integration for Channel CHLAT_f280
2023-06-02 00:27:06,903:INFO:mapsims:Smoothing and coord-transform for Channel CHLAT_f280
2023-06-02 00:29:17,922:INFO:pysm3:Used map2alm_lsq, converged in 2 iterations,residual relative error 5e-08
2023-06-02 00:29:17,922:INFO:pysm3:Smoothing with fwhm of 0.83 arcmin
2023-06-02 00:29:21,273:INFO:pysm3:Rotate Alm
2023-06-02 00:43:19,451:INFO:pysm3:Alm to map HEALPix
2023-06-02 00:43:35,293:INFO:mapsims:Writing output map cmbs4_cmb_c3_uKCMB_LAT-CHLAT_f280_nside4096.fits
2023-06-02 00:43:35,294:INFO:mapsims:Replace NaN with UNSEEN
2023-06-02 00:43:36,226:INFO:mapsims:Reorder ring to nest
2023-06-02 00:43:52,204:INFO:mapsims:Writing output map

real	17m4.462s
user	509m28.435s
sys	2m17.121s
