
WARNING: version mismatch between CFITSIO header (v3.47) and linked library (v4.02).


WARNING: version mismatch between CFITSIO header (v3.47) and linked library (v4.02).


WARNING: version mismatch between CFITSIO header (v3.47) and linked library (v4.02).

2023-06-02 00:43:15,704:INFO:mapsims:Parsing configuration from common.toml, ame_a1.toml
2023-06-02 00:43:15,733:INFO:mapsims:Nside: 4096, Modeling Nside: 512, Ellmax: 1280
2023-06-02 00:43:15,734:INFO:mapsims:Initializing the PySM Sky object
2023-06-02 00:43:15,735:INFO:pysm3:Access data from /mnt/sdceph/users/azonca/pysm-data/pysm_2/ame_t_new.fits
2023-06-02 00:43:15,774:INFO:pysm3:Access data from /mnt/sdceph/users/azonca/pysm-data/pysm_2/ame_nu_peak_0.fits
2023-06-02 00:43:16,040:INFO:pysm3:Access data from /mnt/sdceph/users/azonca/pysm-data/pysm_2/emissivity.txt
2023-06-02 00:43:16,094:INFO:pysm3:Access data from /mnt/sdceph/users/azonca/pysm-data/pysm_2/ame2_t_new.fits
2023-06-02 00:43:16,127:INFO:pysm3:Access data from /mnt/sdceph/users/azonca/pysm-data/pysm_2/emissivity.txt
2023-06-02 00:43:16,128:INFO:mapsims:Processing channel Channel SPLAT_f090
2023-06-02 00:43:16,128:INFO:mapsims:Bandpass integration for Channel SPLAT_f090
2023-06-02 00:43:22,926:INFO:mapsims:Smoothing and coord-transform for Channel SPLAT_f090
2023-06-02 00:43:27,193:INFO:pysm3:Used map2alm_lsq, converged in 7 iterations,residual relative error 0.15
2023-06-02 00:43:27,193:INFO:pysm3:Smoothing with fwhm of 2.5 arcmin
2023-06-02 00:43:27,245:INFO:pysm3:Rotate Alm
2023-06-02 00:43:29,727:INFO:pysm3:Alm to map HEALPix
2023-06-02 00:43:39,259:INFO:mapsims:Writing output map cmbs4_ame_a1_uKCMB_LAT-SPLAT_f090_nside4096.fits
2023-06-02 00:43:39,259:INFO:mapsims:Replace NaN with UNSEEN
2023-06-02 00:43:39,812:INFO:mapsims:Reorder ring to nest
2023-06-02 00:43:54,886:INFO:mapsims:Writing output map

real	0m50.167s
user	3m50.456s
sys	1m20.218s
