
WARNING: version mismatch between CFITSIO header (v3.47) and linked library (v4.02).


WARNING: version mismatch between CFITSIO header (v3.47) and linked library (v4.02).


WARNING: version mismatch between CFITSIO header (v3.47) and linked library (v4.02).

2023-06-02 00:12:23,947:INFO:mapsims:Parsing configuration from common.toml, tsz_tsz1.toml
2023-06-02 00:12:23,956:INFO:mapsims:Nside: 4096, Modeling Nside: 8192, Ellmax: 10240
2023-06-02 00:12:23,958:INFO:mapsims:Initializing the PySM Sky object
2023-06-02 00:12:23,959:INFO:pysm3:Access data from /mnt/sdceph/users/azonca/pysm-data/websky/0.4/tsz_8192_hp.fits
2023-06-02 00:12:23,960:INFO:pysm3:Access data from /mnt/sdceph/users/azonca/pysm-data/websky/0.4/tsz_8192_hp.fits
2023-06-02 00:12:30,604:INFO:mapsims:Processing channel Channel CHLAT_f040
2023-06-02 00:12:30,604:INFO:mapsims:Bandpass integration for Channel CHLAT_f040
2023-06-02 00:13:06,243:INFO:mapsims:Smoothing and coord-transform for Channel CHLAT_f040
2023-06-02 00:13:06,244:INFO:pysm3:Using map2alm with pixel weights
2023-06-02 00:13:39,051:INFO:pysm3:Smoothing with fwhm of 5.3 arcmin
2023-06-02 00:13:42,728:INFO:pysm3:Rotate Alm
2023-06-02 00:23:28,971:INFO:pysm3:Alm to map HEALPix
2023-06-02 00:23:43,410:INFO:mapsims:Writing output map cmbs4_tsz_tsz1_uKCMB_LAT-CHLAT_f040_nside4096.fits
2023-06-02 00:23:43,411:INFO:mapsims:Replace NaN with UNSEEN
2023-06-02 00:23:44,046:INFO:mapsims:Reorder ring to nest
2023-06-02 00:23:59,660:INFO:mapsims:Writing output map

real	11m45.534s
user	364m42.010s
sys	1m10.877s
