
WARNING: version mismatch between CFITSIO header (v3.47) and linked library (v4.02).


WARNING: version mismatch between CFITSIO header (v3.47) and linked library (v4.02).


WARNING: version mismatch between CFITSIO header (v3.47) and linked library (v4.02).

2023-06-02 00:24:44,358:INFO:mapsims:Parsing configuration from common.toml, tsz_tsz1.toml
2023-06-02 00:24:44,368:INFO:mapsims:Nside: 512, Modeling Nside: 8192, Ellmax: 1280
2023-06-02 00:24:44,371:INFO:mapsims:Initializing the PySM Sky object
2023-06-02 00:24:44,373:INFO:pysm3:Access data from /mnt/sdceph/users/azonca/pysm-data/websky/0.4/tsz_8192_hp.fits
2023-06-02 00:24:44,374:INFO:pysm3:Access data from /mnt/sdceph/users/azonca/pysm-data/websky/0.4/tsz_8192_hp.fits
2023-06-02 00:24:50,739:INFO:mapsims:Processing channel Channel SAT_f030
2023-06-02 00:24:50,739:INFO:mapsims:Bandpass integration for Channel SAT_f030
2023-06-02 00:25:26,377:INFO:mapsims:Smoothing and coord-transform for Channel SAT_f030
2023-06-02 00:25:26,377:INFO:pysm3:Using map2alm with pixel weights
2023-06-02 00:25:48,684:INFO:pysm3:Smoothing with fwhm of 85.2 arcmin
2023-06-02 00:25:48,738:INFO:pysm3:Rotate Alm
2023-06-02 00:25:50,999:INFO:pysm3:Alm to map HEALPix
2023-06-02 00:25:51,200:INFO:mapsims:Writing output map cmbs4_tsz_tsz1_uKCMB_SAT-SAT_f030_nside512.fits
2023-06-02 00:25:51,200:INFO:mapsims:Replace NaN with UNSEEN
2023-06-02 00:25:51,211:INFO:mapsims:Reorder ring to nest
2023-06-02 00:25:51,427:INFO:mapsims:Writing output map

real	1m9.287s
user	4m25.456s
sys	0m43.043s
