
WARNING: version mismatch between CFITSIO header (v3.47) and linked library (v4.02).


WARNING: version mismatch between CFITSIO header (v3.47) and linked library (v4.02).


WARNING: version mismatch between CFITSIO header (v3.47) and linked library (v4.02).

2023-06-02 00:43:52,773:INFO:mapsims:Parsing configuration from common.toml, ame_a1.toml
2023-06-02 00:43:52,783:INFO:mapsims:Nside: 512, Modeling Nside: 512, Ellmax: 1280
2023-06-02 00:43:52,784:INFO:mapsims:Initializing the PySM Sky object
2023-06-02 00:43:52,786:INFO:pysm3:Access data from /mnt/sdceph/users/azonca/pysm-data/pysm_2/ame_t_new.fits
2023-06-02 00:43:52,829:INFO:pysm3:Access data from /mnt/sdceph/users/azonca/pysm-data/pysm_2/ame_nu_peak_0.fits
2023-06-02 00:43:52,960:INFO:pysm3:Access data from /mnt/sdceph/users/azonca/pysm-data/pysm_2/emissivity.txt
2023-06-02 00:43:52,994:INFO:pysm3:Access data from /mnt/sdceph/users/azonca/pysm-data/pysm_2/ame2_t_new.fits
2023-06-02 00:43:53,034:INFO:pysm3:Access data from /mnt/sdceph/users/azonca/pysm-data/pysm_2/emissivity.txt
2023-06-02 00:43:53,036:INFO:mapsims:Processing channel Channel SAT_f155
2023-06-02 00:43:53,037:INFO:mapsims:Bandpass integration for Channel SAT_f155
2023-06-02 00:43:59,896:INFO:mapsims:Smoothing and coord-transform for Channel SAT_f155
2023-06-02 00:44:04,029:INFO:pysm3:Used map2alm_lsq, converged in 7 iterations,residual relative error 0.19
2023-06-02 00:44:04,029:INFO:pysm3:Smoothing with fwhm of 14.3 arcmin
2023-06-02 00:44:04,084:INFO:pysm3:Rotate Alm
2023-06-02 00:44:07,025:INFO:pysm3:Alm to map HEALPix
2023-06-02 00:44:07,211:INFO:mapsims:Writing output map cmbs4_ame_a1_uKCMB_SAT-SAT_f155_nside512.fits
2023-06-02 00:44:07,211:INFO:mapsims:Replace NaN with UNSEEN
2023-06-02 00:44:07,220:INFO:mapsims:Reorder ring to nest
2023-06-02 00:44:07,436:INFO:mapsims:Writing output map

real	0m16.701s
user	3m28.647s
sys	1m8.999s
