
WARNING: version mismatch between CFITSIO header (v3.47) and linked library (v4.02).


WARNING: version mismatch between CFITSIO header (v3.47) and linked library (v4.02).


WARNING: version mismatch between CFITSIO header (v3.47) and linked library (v4.02).

2023-06-01 23:49:54,637:INFO:mapsims:Parsing configuration from common.toml, synchrotron_s7.toml
2023-06-01 23:49:54,648:INFO:mapsims:Nside: 4096, Modeling Nside: 8192, Ellmax: 10240
2023-06-01 23:49:54,650:INFO:mapsims:Initializing the PySM Sky object
2023-06-01 23:49:54,652:INFO:pysm3:Access data from /mnt/sdceph/users/azonca/pysm-data/synch/synch_template_nside8192_2023.02.25.fits
2023-06-01 23:50:27,535:INFO:pysm3:Access data from /mnt/sdceph/users/azonca/pysm-data/synch/synch_beta_nside8192.fits
2023-06-01 23:50:40,998:INFO:pysm3:Access data from /mnt/sdceph/users/azonca/pysm-data/synch/synch_curvature_nside8192.fits
2023-06-01 23:50:51,374:INFO:mapsims:Processing channel Channel CHLAT_f220
2023-06-01 23:50:51,374:INFO:mapsims:Bandpass integration for Channel CHLAT_f220
2023-06-01 23:53:00,528:INFO:mapsims:Smoothing and coord-transform for Channel CHLAT_f220
2023-06-01 23:53:00,532:INFO:pysm3:Using map2alm with pixel weights
2023-06-01 23:53:34,827:INFO:pysm3:Smoothing with fwhm of 0.95 arcmin
2023-06-01 23:53:38,166:INFO:pysm3:Rotate Alm
2023-06-02 00:07:02,075:INFO:pysm3:Alm to map HEALPix
2023-06-02 00:07:18,109:INFO:mapsims:Writing output map cmbs4_synchrotron_s7_uKCMB_LAT-CHLAT_f220_nside4096.fits
2023-06-02 00:07:18,109:INFO:mapsims:Replace NaN with UNSEEN
2023-06-02 00:07:18,971:INFO:mapsims:Reorder ring to nest
2023-06-02 00:07:35,152:INFO:mapsims:Writing output map

real	17m53.852s
user	481m4.163s
sys	3m1.841s
