
WARNING: version mismatch between CFITSIO header (v3.47) and linked library (v4.02).


WARNING: version mismatch between CFITSIO header (v3.47) and linked library (v4.02).


WARNING: version mismatch between CFITSIO header (v3.47) and linked library (v4.02).

2023-06-02 00:43:39,698:INFO:mapsims:Parsing configuration from common.toml, ame_a1.toml
2023-06-02 00:43:39,712:INFO:mapsims:Nside: 512, Modeling Nside: 512, Ellmax: 1280
2023-06-02 00:43:39,713:INFO:mapsims:Initializing the PySM Sky object
2023-06-02 00:43:39,715:INFO:pysm3:Access data from /mnt/sdceph/users/azonca/pysm-data/pysm_2/ame_t_new.fits
2023-06-02 00:43:39,753:INFO:pysm3:Access data from /mnt/sdceph/users/azonca/pysm-data/pysm_2/ame_nu_peak_0.fits
2023-06-02 00:43:39,889:INFO:pysm3:Access data from /mnt/sdceph/users/azonca/pysm-data/pysm_2/emissivity.txt
2023-06-02 00:43:40,014:INFO:pysm3:Access data from /mnt/sdceph/users/azonca/pysm-data/pysm_2/ame2_t_new.fits
2023-06-02 00:43:40,047:INFO:pysm3:Access data from /mnt/sdceph/users/azonca/pysm-data/pysm_2/emissivity.txt
2023-06-02 00:43:40,050:INFO:mapsims:Processing channel Channel SAT_f085
2023-06-02 00:43:40,051:INFO:mapsims:Bandpass integration for Channel SAT_f085
2023-06-02 00:43:46,912:INFO:mapsims:Smoothing and coord-transform for Channel SAT_f085
2023-06-02 00:43:50,890:INFO:pysm3:Used map2alm_lsq, converged in 7 iterations,residual relative error 0.14
2023-06-02 00:43:50,890:INFO:pysm3:Smoothing with fwhm of 24.6 arcmin
2023-06-02 00:43:50,946:INFO:pysm3:Rotate Alm
2023-06-02 00:43:53,451:INFO:pysm3:Alm to map HEALPix
2023-06-02 00:43:53,627:INFO:mapsims:Writing output map cmbs4_ame_a1_uKCMB_SAT-SAT_f085_nside512.fits
2023-06-02 00:43:53,627:INFO:mapsims:Replace NaN with UNSEEN
2023-06-02 00:43:53,636:INFO:mapsims:Reorder ring to nest
2023-06-02 00:43:53,840:INFO:mapsims:Writing output map

real	0m16.138s
user	3m4.643s
sys	1m9.054s
