
WARNING: version mismatch between CFITSIO header (v3.47) and linked library (v4.02).


WARNING: version mismatch between CFITSIO header (v3.47) and linked library (v4.02).


WARNING: version mismatch between CFITSIO header (v3.47) and linked library (v4.02).

2023-06-01 23:50:54,692:INFO:mapsims:Parsing configuration from common.toml, cmb_c4.toml
2023-06-01 23:50:54,703:INFO:mapsims:Nside: 4096, Modeling Nside: 4096, Ellmax: 10240
2023-06-01 23:50:54,704:INFO:mapsims:Initializing the PySM Sky object
2023-06-01 23:50:54,706:INFO:pysm3:Access data from /mnt/sdceph/users/azonca/pysm-data/websky/0.4/cmb/map_I_lensed_alm_seed1_nside4096.fits
2023-06-01 23:50:54,707:INFO:pysm3:Access data from /mnt/sdceph/users/azonca/pysm-data/websky/0.4/cmb/map_Q_lensed_alm_seed1_nside4096.fits
2023-06-01 23:50:54,707:INFO:pysm3:Access data from /mnt/sdceph/users/azonca/pysm-data/websky/0.4/cmb/map_U_lensed_alm_seed1_nside4096.fits
2023-06-01 23:50:54,708:INFO:pysm3:Access data from /mnt/sdceph/users/azonca/pysm-data/websky/0.4/cmb/map_I_lensed_alm_seed1_nside4096.fits
2023-06-01 23:50:56,191:INFO:pysm3:Access data from /mnt/sdceph/users/azonca/pysm-data/websky/0.4/cmb/map_Q_lensed_alm_seed1_nside4096.fits
2023-06-01 23:50:57,733:INFO:pysm3:Access data from /mnt/sdceph/users/azonca/pysm-data/websky/0.4/cmb/map_U_lensed_alm_seed1_nside4096.fits
2023-06-01 23:51:00,108:INFO:mapsims:Processing channel Channel SPLAT_f220
2023-06-01 23:51:00,108:INFO:mapsims:Bandpass integration for Channel SPLAT_f220
2023-06-01 23:51:02,691:INFO:mapsims:Smoothing and coord-transform for Channel SPLAT_f220
2023-06-01 23:53:12,113:INFO:pysm3:Used map2alm_lsq, converged in 2 iterations,residual relative error 4.9e-08
2023-06-01 23:53:12,115:INFO:pysm3:Smoothing with fwhm of 1.1 arcmin
2023-06-01 23:53:15,857:INFO:pysm3:Rotate Alm
2023-06-02 00:07:24,385:INFO:pysm3:Alm to map HEALPix
2023-06-02 00:07:39,336:INFO:mapsims:Writing output map cmbs4_cmb_c4_uKCMB_LAT-SPLAT_f220_nside4096.fits
2023-06-02 00:07:39,336:INFO:mapsims:Replace NaN with UNSEEN
2023-06-02 00:07:40,070:INFO:mapsims:Reorder ring to nest
2023-06-02 00:07:56,474:INFO:mapsims:Writing output map

real	17m11.800s
user	451m55.121s
sys	2m18.966s
