
WARNING: version mismatch between CFITSIO header (v3.47) and linked library (v4.02).


WARNING: version mismatch between CFITSIO header (v3.47) and linked library (v4.02).


WARNING: version mismatch between CFITSIO header (v3.47) and linked library (v4.02).

2023-06-02 00:09:47,715:INFO:mapsims:Parsing configuration from common.toml, freefree_f1.toml
2023-06-02 00:09:47,724:INFO:mapsims:Nside: 4096, Modeling Nside: 512, Ellmax: 1280
2023-06-02 00:09:47,725:INFO:mapsims:Initializing the PySM Sky object
2023-06-02 00:09:47,726:INFO:pysm3:Access data from /mnt/sdceph/users/azonca/pysm-data/pysm_2/ff_t_new.fits
2023-06-02 00:09:47,776:INFO:mapsims:Processing channel Channel SPLAT_f040
2023-06-02 00:09:47,776:INFO:mapsims:Bandpass integration for Channel SPLAT_f040
2023-06-02 00:09:49,506:INFO:mapsims:Smoothing and coord-transform for Channel SPLAT_f040
2023-06-02 00:09:54,095:INFO:pysm3:Used map2alm_lsq, converged in 8 iterations,residual relative error 0.11
2023-06-02 00:09:54,096:INFO:pysm3:Smoothing with fwhm of 6.2 arcmin
2023-06-02 00:09:54,146:INFO:pysm3:Rotate Alm
2023-06-02 00:09:56,033:INFO:pysm3:Alm to map HEALPix
2023-06-02 00:10:05,885:INFO:mapsims:Writing output map cmbs4_freefree_f1_uKCMB_LAT-SPLAT_f040_nside4096.fits
2023-06-02 00:10:05,886:INFO:mapsims:Replace NaN with UNSEEN
2023-06-02 00:10:06,591:INFO:mapsims:Reorder ring to nest
2023-06-02 00:10:22,782:INFO:mapsims:Writing output map

real	0m45.791s
user	3m15.534s
sys	1m31.602s
