
WARNING: version mismatch between CFITSIO header (v3.47) and linked library (v4.02).


WARNING: version mismatch between CFITSIO header (v3.47) and linked library (v4.02).


WARNING: version mismatch between CFITSIO header (v3.47) and linked library (v4.02).

2023-06-02 00:40:49,582:INFO:mapsims:Parsing configuration from common.toml, synchrotron_s5.toml
2023-06-02 00:40:49,592:INFO:mapsims:Nside: 4096, Modeling Nside: 8192, Ellmax: 10240
2023-06-02 00:40:49,594:INFO:mapsims:Initializing the PySM Sky object
2023-06-02 00:40:49,595:INFO:pysm3:Access data from /mnt/sdceph/users/azonca/pysm-data/synch/synch_template_nside8192_2023.02.25.fits
2023-06-02 00:41:09,049:INFO:pysm3:Access data from /mnt/sdceph/users/azonca/pysm-data/synch/synch_beta_nside8192.fits
2023-06-02 00:41:14,201:INFO:mapsims:Processing channel Channel CHLAT_f150
2023-06-02 00:41:14,201:INFO:mapsims:Bandpass integration for Channel CHLAT_f150
2023-06-02 00:43:11,403:INFO:mapsims:Smoothing and coord-transform for Channel CHLAT_f150
2023-06-02 00:43:11,404:INFO:pysm3:Using map2alm with pixel weights
2023-06-02 00:43:45,224:INFO:pysm3:Smoothing with fwhm of 1.3 arcmin
2023-06-02 00:43:48,505:INFO:pysm3:Rotate Alm
2023-06-02 00:57:34,341:INFO:pysm3:Alm to map HEALPix
2023-06-02 00:57:50,241:INFO:mapsims:Writing output map cmbs4_synchrotron_s5_uKCMB_LAT-CHLAT_f150_nside4096.fits
2023-06-02 00:57:50,241:INFO:mapsims:Replace NaN with UNSEEN
2023-06-02 00:57:50,998:INFO:mapsims:Reorder ring to nest
2023-06-02 00:58:06,924:INFO:mapsims:Writing output map

real	17m28.262s
user	487m0.319s
sys	2m46.241s
