
WARNING: version mismatch between CFITSIO header (v3.47) and linked library (v4.02).


WARNING: version mismatch between CFITSIO header (v3.47) and linked library (v4.02).


WARNING: version mismatch between CFITSIO header (v3.47) and linked library (v4.02).

2023-06-02 00:12:43,814:INFO:mapsims:Parsing configuration from common.toml, tsz_tsz1.toml
2023-06-02 00:12:43,825:INFO:mapsims:Nside: 4096, Modeling Nside: 8192, Ellmax: 10240
2023-06-02 00:12:43,826:INFO:mapsims:Initializing the PySM Sky object
2023-06-02 00:12:43,827:INFO:pysm3:Access data from /mnt/sdceph/users/azonca/pysm-data/websky/0.4/tsz_8192_hp.fits
2023-06-02 00:12:43,827:INFO:pysm3:Access data from /mnt/sdceph/users/azonca/pysm-data/websky/0.4/tsz_8192_hp.fits
2023-06-02 00:12:49,637:INFO:mapsims:Processing channel Channel CHLAT_f150
2023-06-02 00:12:49,637:INFO:mapsims:Bandpass integration for Channel CHLAT_f150
2023-06-02 00:13:24,400:INFO:mapsims:Smoothing and coord-transform for Channel CHLAT_f150
2023-06-02 00:13:24,401:INFO:pysm3:Using map2alm with pixel weights
2023-06-02 00:13:56,954:INFO:pysm3:Smoothing with fwhm of 1.3 arcmin
2023-06-02 00:14:00,505:INFO:pysm3:Rotate Alm
2023-06-02 00:24:15,202:INFO:pysm3:Alm to map HEALPix
2023-06-02 00:24:29,617:INFO:mapsims:Writing output map cmbs4_tsz_tsz1_uKCMB_LAT-CHLAT_f150_nside4096.fits
2023-06-02 00:24:29,617:INFO:mapsims:Replace NaN with UNSEEN
2023-06-02 00:24:30,246:INFO:mapsims:Reorder ring to nest
2023-06-02 00:24:45,598:INFO:mapsims:Writing output map

real	12m11.672s
user	386m1.343s
sys	1m11.468s
