
WARNING: version mismatch between CFITSIO header (v3.47) and linked library (v4.02).


WARNING: version mismatch between CFITSIO header (v3.47) and linked library (v4.02).


WARNING: version mismatch between CFITSIO header (v3.47) and linked library (v4.02).

2023-06-02 00:10:37,163:INFO:mapsims:Parsing configuration from common.toml, cib_cib1.toml
2023-06-02 00:10:37,174:INFO:mapsims:Nside: 4096, Modeling Nside: 4096, Ellmax: 10240
2023-06-02 00:10:37,176:INFO:mapsims:Initializing the PySM Sky object
2023-06-02 00:10:37,398:INFO:mapsims:Processing channel Channel SPLAT_f040
2023-06-02 00:10:37,398:INFO:mapsims:Bandpass integration for Channel SPLAT_f040
2023-06-02 00:10:37,585:INFO:pysm3:Frequencies considered: [27.3 30.  35.9 41.7 44.  47.4]
2023-06-02 00:10:37,711:INFO:pysm3:Access data from /mnt/sdceph/users/azonca/pysm-data/websky/0.4/cib/cib_0027.3.fits
2023-06-02 00:10:37,711:INFO:pysm3:Reading map /mnt/sdceph/users/azonca/pysm-data/websky/0.4/cib/cib_0027.3.fits
2023-06-02 00:10:37,712:INFO:pysm3:Access data from /mnt/sdceph/users/azonca/pysm-data/websky/0.4/cib/cib_0027.3.fits
2023-06-02 00:10:48,062:INFO:pysm3:Access data from /mnt/sdceph/users/azonca/pysm-data/websky/0.4/cib/cib_0027.3.fits
2023-06-02 00:10:52,964:INFO:pysm3:Mean emission at 27.3 GHz in I: 1.805 uK_RJ
2023-06-02 00:10:53,066:INFO:pysm3:Access data from /mnt/sdceph/users/azonca/pysm-data/websky/0.4/cib/cib_0030.0.fits
2023-06-02 00:10:53,066:INFO:pysm3:Reading map /mnt/sdceph/users/azonca/pysm-data/websky/0.4/cib/cib_0030.0.fits
2023-06-02 00:10:53,067:INFO:pysm3:Access data from /mnt/sdceph/users/azonca/pysm-data/websky/0.4/cib/cib_0030.0.fits
2023-06-02 00:11:03,953:INFO:pysm3:Access data from /mnt/sdceph/users/azonca/pysm-data/websky/0.4/cib/cib_0030.0.fits
2023-06-02 00:11:08,286:INFO:pysm3:Mean emission at 30.0 GHz in I: 2.083 uK_RJ
2023-06-02 00:11:08,288:INFO:pysm3:Access data from /mnt/sdceph/users/azonca/pysm-data/websky/0.4/cib/cib_0035.9.fits
2023-06-02 00:11:08,288:INFO:pysm3:Reading map /mnt/sdceph/users/azonca/pysm-data/websky/0.4/cib/cib_0035.9.fits
2023-06-02 00:11:08,289:INFO:pysm3:Access data from /mnt/sdceph/users/azonca/pysm-data/websky/0.4/cib/cib_0035.9.fits
2023-06-02 00:11:18,498:INFO:pysm3:Access data from /mnt/sdceph/users/azonca/pysm-data/websky/0.4/cib/cib_0035.9.fits
2023-06-02 00:11:22,838:INFO:pysm3:Mean emission at 35.9 GHz in I: 2.731 uK_RJ
2023-06-02 00:11:22,840:INFO:pysm3:Access data from /mnt/sdceph/users/azonca/pysm-data/websky/0.4/cib/cib_0041.7.fits
2023-06-02 00:11:22,840:INFO:pysm3:Reading map /mnt/sdceph/users/azonca/pysm-data/websky/0.4/cib/cib_0041.7.fits
2023-06-02 00:11:22,841:INFO:pysm3:Access data from /mnt/sdceph/users/azonca/pysm-data/websky/0.4/cib/cib_0041.7.fits
2023-06-02 00:11:33,247:INFO:pysm3:Access data from /mnt/sdceph/users/azonca/pysm-data/websky/0.4/cib/cib_0041.7.fits
2023-06-02 00:11:37,635:INFO:pysm3:Mean emission at 41.7 GHz in I: 3.415 uK_RJ
2023-06-02 00:11:37,637:INFO:pysm3:Access data from /mnt/sdceph/users/azonca/pysm-data/websky/0.4/cib/cib_0044.0.fits
2023-06-02 00:11:37,637:INFO:pysm3:Reading map /mnt/sdceph/users/azonca/pysm-data/websky/0.4/cib/cib_0044.0.fits
2023-06-02 00:11:37,637:INFO:pysm3:Access data from /mnt/sdceph/users/azonca/pysm-data/websky/0.4/cib/cib_0044.0.fits
2023-06-02 00:11:46,949:INFO:pysm3:Access data from /mnt/sdceph/users/azonca/pysm-data/websky/0.4/cib/cib_0044.0.fits
2023-06-02 00:11:51,291:INFO:pysm3:Mean emission at 44.0 GHz in I: 3.698 uK_RJ
2023-06-02 00:11:51,292:INFO:pysm3:Access data from /mnt/sdceph/users/azonca/pysm-data/websky/0.4/cib/cib_0047.4.fits
2023-06-02 00:11:51,292:INFO:pysm3:Reading map /mnt/sdceph/users/azonca/pysm-data/websky/0.4/cib/cib_0047.4.fits
2023-06-02 00:11:51,293:INFO:pysm3:Access data from /mnt/sdceph/users/azonca/pysm-data/websky/0.4/cib/cib_0047.4.fits
2023-06-02 00:12:01,392:INFO:pysm3:Access data from /mnt/sdceph/users/azonca/pysm-data/websky/0.4/cib/cib_0047.4.fits
2023-06-02 00:12:05,730:INFO:pysm3:Mean emission at 47.4 GHz in I: 4.126 uK_RJ
2023-06-02 00:12:33,071:INFO:mapsims:Smoothing and coord-transform for Channel SPLAT_f040
2023-06-02 00:19:36,212:WARNING:pysm3:hp.map2alm_lsq did not converge in 10 iterations, residual relative error is 0.36
2023-06-02 00:19:36,213:INFO:pysm3:Smoothing with fwhm of 6.2 arcmin
2023-06-02 00:19:39,634:INFO:pysm3:Rotate Alm
2023-06-02 00:30:36,819:INFO:pysm3:Alm to map HEALPix
2023-06-02 00:30:52,864:INFO:mapsims:Writing output map cmbs4_cib_cib1_uKCMB_LAT-SPLAT_f040_nside4096.fits
2023-06-02 00:30:52,865:INFO:mapsims:Replace NaN with UNSEEN
2023-06-02 00:30:53,692:INFO:mapsims:Reorder ring to nest
2023-06-02 00:31:09,754:INFO:mapsims:Writing output map

real	20m42.609s
user	591m50.470s
sys	6m43.931s
