
WARNING: version mismatch between CFITSIO header (v3.47) and linked library (v4.02).


WARNING: version mismatch between CFITSIO header (v3.47) and linked library (v4.02).


WARNING: version mismatch between CFITSIO header (v3.47) and linked library (v4.02).

2023-06-02 00:09:43,907:INFO:mapsims:Parsing configuration from common.toml, freefree_f1.toml
2023-06-02 00:09:43,917:INFO:mapsims:Nside: 4096, Modeling Nside: 512, Ellmax: 1280
2023-06-02 00:09:43,918:INFO:mapsims:Initializing the PySM Sky object
2023-06-02 00:09:43,919:INFO:pysm3:Access data from /mnt/sdceph/users/azonca/pysm-data/pysm_2/ff_t_new.fits
2023-06-02 00:09:43,952:INFO:mapsims:Processing channel Channel SPLAT_f220
2023-06-02 00:09:43,952:INFO:mapsims:Bandpass integration for Channel SPLAT_f220
2023-06-02 00:09:45,630:INFO:mapsims:Smoothing and coord-transform for Channel SPLAT_f220
2023-06-02 00:09:50,211:INFO:pysm3:Used map2alm_lsq, converged in 8 iterations,residual relative error 0.11
2023-06-02 00:09:50,212:INFO:pysm3:Smoothing with fwhm of 1.1 arcmin
2023-06-02 00:09:50,259:INFO:pysm3:Rotate Alm
2023-06-02 00:09:52,764:INFO:pysm3:Alm to map HEALPix
2023-06-02 00:10:03,803:INFO:mapsims:Writing output map cmbs4_freefree_f1_uKCMB_LAT-SPLAT_f220_nside4096.fits
2023-06-02 00:10:03,803:INFO:mapsims:Replace NaN with UNSEEN
2023-06-02 00:10:04,645:INFO:mapsims:Reorder ring to nest
2023-06-02 00:10:20,435:INFO:mapsims:Writing output map

real	0m48.367s
user	4m14.334s
sys	1m17.325s
