
WARNING: version mismatch between CFITSIO header (v3.47) and linked library (v4.02).


WARNING: version mismatch between CFITSIO header (v3.47) and linked library (v4.02).


WARNING: version mismatch between CFITSIO header (v3.47) and linked library (v4.02).

2023-06-02 00:39:46,758:INFO:mapsims:Parsing configuration from common.toml, co_co3.toml
2023-06-02 00:39:46,768:INFO:mapsims:Nside: 512, Modeling Nside: 2048, Ellmax: 1280
2023-06-02 00:39:46,771:INFO:mapsims:Initializing the PySM Sky object
2023-06-02 00:39:46,772:INFO:pysm3:Access data from /mnt/sdceph/users/azonca/pysm-data/co/HFI_CompMap_CO-Type1_2048_R2.00_ring.fits
2023-06-02 00:39:46,773:INFO:pysm3:Access data from /mnt/sdceph/users/azonca/pysm-data/co/HFI_CompMap_CO-Type1_2048_R2.00_ring.fits
2023-06-02 00:41:45,780:INFO:pysm3:Access data from /mnt/sdceph/users/azonca/pysm-data/co/psimap_dust90_2048.fits
2023-06-02 00:41:45,781:INFO:pysm3:Access data from /mnt/sdceph/users/azonca/pysm-data/co/psimap_dust90_2048.fits
2023-06-02 00:42:11,588:WARNING:pysm3:No physical unit associated with file /mnt/sdceph/users/azonca/pysm-data/co/psimap_dust90_2048.fits
2023-06-02 00:42:11,589:INFO:pysm3:Access data from /mnt/sdceph/users/azonca/pysm-data/co/gmap_dust90_2048.fits
2023-06-02 00:42:11,590:INFO:pysm3:Access data from /mnt/sdceph/users/azonca/pysm-data/co/gmap_dust90_2048.fits
2023-06-02 00:42:29,406:WARNING:pysm3:No physical unit associated with file /mnt/sdceph/users/azonca/pysm-data/co/gmap_dust90_2048.fits
2023-06-02 00:42:29,406:INFO:pysm3:Access data from /mnt/sdceph/users/azonca/pysm-data/co/mcmoleCO_HGL_2048.fits
2023-06-02 00:42:29,407:INFO:pysm3:Access data from /mnt/sdceph/users/azonca/pysm-data/co/mcmoleCO_HGL_2048.fits
2023-06-02 00:42:30,615:INFO:mapsims:Processing channel Channel SAT_f155
2023-06-02 00:42:30,615:INFO:mapsims:Bandpass integration for Channel SAT_f155
2023-06-02 00:42:31,546:INFO:mapsims:Smoothing and coord-transform for Channel SAT_f155
2023-06-02 00:42:31,547:INFO:pysm3:Using map2alm with pixel weights
2023-06-02 00:42:32,546:INFO:pysm3:Smoothing with fwhm of 14.3 arcmin
2023-06-02 00:42:32,581:INFO:pysm3:Rotate Alm
2023-06-02 00:42:33,641:INFO:pysm3:Alm to map HEALPix
2023-06-02 00:42:33,778:INFO:mapsims:Writing output map cmbs4_co_co3_uKCMB_SAT-SAT_f155_nside512.fits
2023-06-02 00:42:33,778:INFO:mapsims:Replace NaN with UNSEEN
2023-06-02 00:42:33,785:INFO:mapsims:Reorder ring to nest
2023-06-02 00:42:33,942:INFO:mapsims:Writing output map

real	2m48.830s
user	1m13.183s
sys	0m9.114s
