
WARNING: version mismatch between CFITSIO header (v3.47) and linked library (v4.02).


WARNING: version mismatch between CFITSIO header (v3.47) and linked library (v4.02).


WARNING: version mismatch between CFITSIO header (v3.47) and linked library (v4.02).

2023-06-28 16:30:41,774:INFO:mapsims:Parsing configuration from common.toml, dust_d10.toml
2023-06-28 16:30:41,788:INFO:mapsims:Nside: 4096, Modeling Nside: 8192, Ellmax: 10240
2023-06-28 16:30:41,789:INFO:mapsims:Initializing the PySM Sky object
2023-06-28 16:30:41,789:INFO:pysm3:Access data from /mnt/sdceph/users/azonca/pysm-data/dust_gnilc/gnilc_dust_template_nside8192.fits
2023-06-28 16:31:01,568:INFO:pysm3:Retrieve data for dust_gnilc/gnilc_dust_beta_nside8192_2023.06.06.fits (if not cached already)
2023-06-28 16:31:06,738:INFO:pysm3:Retrieve data for dust_gnilc/gnilc_dust_Td_nside8192_2023.06.06.fits (if not cached already)
2023-06-28 16:31:12,163:INFO:mapsims:Processing channel Channel CHLAT_f040
2023-06-28 16:31:12,163:INFO:mapsims:Bandpass integration for Channel CHLAT_f040
2023-06-28 16:42:34,409:INFO:mapsims:Smoothing and coord-transform for Channel CHLAT_f040
2023-06-28 16:42:34,410:INFO:pysm3:Using map2alm with pixel weights
2023-06-28 16:43:07,600:INFO:pysm3:Smoothing with fwhm of 5.3 arcmin
2023-06-28 16:43:11,287:INFO:pysm3:Rotate Alm
2023-06-28 16:57:43,886:INFO:pysm3:Alm to map HEALPix
2023-06-28 16:57:59,022:INFO:mapsims:Writing output map cmbs4_dust_d10_uKCMB_CHLAT_f040_nside4096.fits
2023-06-28 16:57:59,022:INFO:mapsims:Replace NaN with UNSEEN
2023-06-28 16:57:59,771:INFO:mapsims:Reorder ring to nest
2023-06-28 16:58:16,421:INFO:mapsims:Writing output map

real	27m45.234s
user	481m44.327s
sys	5m11.360s
