
WARNING: version mismatch between CFITSIO header (v3.47) and linked library (v4.02).


WARNING: version mismatch between CFITSIO header (v3.47) and linked library (v4.02).


WARNING: version mismatch between CFITSIO header (v3.47) and linked library (v4.02).

2023-06-02 00:07:14,045:INFO:mapsims:Parsing configuration from common.toml, ksz_ksz1.toml
2023-06-02 00:07:14,055:INFO:mapsims:Nside: 512, Modeling Nside: 4096, Ellmax: 1280
2023-06-02 00:07:14,057:INFO:mapsims:Initializing the PySM Sky object
2023-06-02 00:07:14,059:INFO:pysm3:Access data from /mnt/sdceph/users/azonca/pysm-data/websky/0.4/ksz.fits
2023-06-02 00:07:14,060:INFO:pysm3:Access data from /mnt/sdceph/users/azonca/pysm-data/websky/0.4/ksz.fits
2023-06-02 00:07:15,717:INFO:mapsims:Processing channel Channel SAT_f095
2023-06-02 00:07:15,717:INFO:mapsims:Bandpass integration for Channel SAT_f095
2023-06-02 00:07:25,296:INFO:mapsims:Smoothing and coord-transform for Channel SAT_f095
2023-06-02 00:07:25,297:INFO:pysm3:Using map2alm with pixel weights
2023-06-02 00:07:30,368:INFO:pysm3:Smoothing with fwhm of 22.4 arcmin
2023-06-02 00:07:30,423:INFO:pysm3:Rotate Alm
2023-06-02 00:07:32,576:INFO:pysm3:Alm to map HEALPix
2023-06-02 00:07:32,759:INFO:mapsims:Writing output map cmbs4_ksz_ksz1_uKCMB_SAT-SAT_f095_nside512.fits
2023-06-02 00:07:32,759:INFO:mapsims:Replace NaN with UNSEEN
2023-06-02 00:07:32,769:INFO:mapsims:Reorder ring to nest
2023-06-02 00:07:32,963:INFO:mapsims:Writing output map

real	0m20.912s
user	2m22.349s
sys	0m11.416s
