
WARNING: version mismatch between CFITSIO header (v3.47) and linked library (v4.02).


WARNING: version mismatch between CFITSIO header (v3.47) and linked library (v4.02).


WARNING: version mismatch between CFITSIO header (v3.47) and linked library (v4.02).

2023-06-28 16:30:40,834:INFO:mapsims:Parsing configuration from common.toml, dust_d9.toml
2023-06-28 16:30:40,853:INFO:mapsims:Nside: 4096, Modeling Nside: 8192, Ellmax: 10240
2023-06-28 16:30:40,855:INFO:mapsims:Initializing the PySM Sky object
2023-06-28 16:30:40,859:INFO:pysm3:Access data from /mnt/sdceph/users/azonca/pysm-data/dust_gnilc/gnilc_dust_template_nside8192.fits
2023-06-28 16:37:17,139:INFO:mapsims:Processing channel Channel SPLAT_f220
2023-06-28 16:37:17,140:INFO:mapsims:Bandpass integration for Channel SPLAT_f220
2023-06-28 16:40:31,124:INFO:mapsims:Smoothing and coord-transform for Channel SPLAT_f220
2023-06-28 16:40:31,128:INFO:pysm3:Using map2alm with pixel weights
2023-06-28 16:41:05,345:INFO:pysm3:Smoothing with fwhm of 1.1 arcmin
2023-06-28 16:41:08,664:INFO:pysm3:Rotate Alm
2023-06-28 16:54:47,607:INFO:pysm3:Alm to map HEALPix
2023-06-28 16:55:03,723:INFO:mapsims:Writing output map cmbs4_dust_d9_uKCMB_SPLAT_f220_nside4096.fits
2023-06-28 16:55:03,723:INFO:mapsims:Replace NaN with UNSEEN
2023-06-28 16:55:04,537:INFO:mapsims:Reorder ring to nest
2023-06-28 16:55:20,795:INFO:mapsims:Writing output map

real	24m51.900s
user	479m0.177s
sys	2m16.849s
