
WARNING: version mismatch between CFITSIO header (v3.47) and linked library (v4.02).


WARNING: version mismatch between CFITSIO header (v3.47) and linked library (v4.02).


WARNING: version mismatch between CFITSIO header (v3.47) and linked library (v4.02).

2023-06-02 00:10:17,234:INFO:mapsims:Parsing configuration from common.toml, freefree_f1.toml
2023-06-02 00:10:17,243:INFO:mapsims:Nside: 4096, Modeling Nside: 512, Ellmax: 1280
2023-06-02 00:10:17,245:INFO:mapsims:Initializing the PySM Sky object
2023-06-02 00:10:17,245:INFO:pysm3:Access data from /mnt/sdceph/users/azonca/pysm-data/pysm_2/ff_t_new.fits
2023-06-02 00:10:17,275:INFO:mapsims:Processing channel Channel CHLAT_f280
2023-06-02 00:10:17,275:INFO:mapsims:Bandpass integration for Channel CHLAT_f280
2023-06-02 00:10:18,947:INFO:mapsims:Smoothing and coord-transform for Channel CHLAT_f280
2023-06-02 00:10:24,632:INFO:pysm3:Used map2alm_lsq, converged in 8 iterations,residual relative error 0.11
2023-06-02 00:10:24,632:INFO:pysm3:Smoothing with fwhm of 0.83 arcmin
2023-06-02 00:10:24,679:INFO:pysm3:Rotate Alm
2023-06-02 00:10:28,903:INFO:pysm3:Alm to map HEALPix
2023-06-02 00:10:40,170:INFO:mapsims:Writing output map cmbs4_freefree_f1_uKCMB_LAT-CHLAT_f280_nside4096.fits
2023-06-02 00:10:40,170:INFO:mapsims:Replace NaN with UNSEEN
2023-06-02 00:10:41,053:INFO:mapsims:Reorder ring to nest
2023-06-02 00:10:56,604:INFO:mapsims:Writing output map

real	0m50.892s
user	6m35.482s
sys	1m16.764s
