
WARNING: version mismatch between CFITSIO header (v3.47) and linked library (v4.02).


WARNING: version mismatch between CFITSIO header (v3.47) and linked library (v4.02).


WARNING: version mismatch between CFITSIO header (v3.47) and linked library (v4.02).

2023-06-02 00:12:33,154:INFO:mapsims:Parsing configuration from common.toml, tsz_tsz1.toml
2023-06-02 00:12:33,165:INFO:mapsims:Nside: 4096, Modeling Nside: 8192, Ellmax: 10240
2023-06-02 00:12:33,166:INFO:mapsims:Initializing the PySM Sky object
2023-06-02 00:12:33,167:INFO:pysm3:Access data from /mnt/sdceph/users/azonca/pysm-data/websky/0.4/tsz_8192_hp.fits
2023-06-02 00:12:33,168:INFO:pysm3:Access data from /mnt/sdceph/users/azonca/pysm-data/websky/0.4/tsz_8192_hp.fits
2023-06-02 00:12:39,676:INFO:mapsims:Processing channel Channel SPLAT_f040
2023-06-02 00:12:39,676:INFO:mapsims:Bandpass integration for Channel SPLAT_f040
2023-06-02 00:13:15,904:INFO:mapsims:Smoothing and coord-transform for Channel SPLAT_f040
2023-06-02 00:13:15,905:INFO:pysm3:Using map2alm with pixel weights
2023-06-02 00:13:50,714:INFO:pysm3:Smoothing with fwhm of 6.2 arcmin
2023-06-02 00:13:54,098:INFO:pysm3:Rotate Alm
2023-06-02 00:24:51,333:INFO:pysm3:Alm to map HEALPix
2023-06-02 00:25:07,516:INFO:mapsims:Writing output map cmbs4_tsz_tsz1_uKCMB_LAT-SPLAT_f040_nside4096.fits
2023-06-02 00:25:07,516:INFO:mapsims:Replace NaN with UNSEEN
2023-06-02 00:25:08,427:INFO:mapsims:Reorder ring to nest
2023-06-02 00:25:24,790:INFO:mapsims:Writing output map

real	13m1.869s
user	497m28.352s
sys	1m14.889s
