
WARNING: version mismatch between CFITSIO header (v3.47) and linked library (v4.02).


WARNING: version mismatch between CFITSIO header (v3.47) and linked library (v4.02).


WARNING: version mismatch between CFITSIO header (v3.47) and linked library (v4.02).

2023-06-01 23:50:49,980:INFO:mapsims:Parsing configuration from common.toml, cmb_c4.toml
2023-06-01 23:50:49,990:INFO:mapsims:Nside: 4096, Modeling Nside: 4096, Ellmax: 10240
2023-06-01 23:50:49,992:INFO:mapsims:Initializing the PySM Sky object
2023-06-01 23:50:49,993:INFO:pysm3:Access data from /mnt/sdceph/users/azonca/pysm-data/websky/0.4/cmb/map_I_lensed_alm_seed1_nside4096.fits
2023-06-01 23:50:49,994:INFO:pysm3:Access data from /mnt/sdceph/users/azonca/pysm-data/websky/0.4/cmb/map_Q_lensed_alm_seed1_nside4096.fits
2023-06-01 23:50:49,994:INFO:pysm3:Access data from /mnt/sdceph/users/azonca/pysm-data/websky/0.4/cmb/map_U_lensed_alm_seed1_nside4096.fits
2023-06-01 23:50:49,995:INFO:pysm3:Access data from /mnt/sdceph/users/azonca/pysm-data/websky/0.4/cmb/map_I_lensed_alm_seed1_nside4096.fits
2023-06-01 23:50:51,515:INFO:pysm3:Access data from /mnt/sdceph/users/azonca/pysm-data/websky/0.4/cmb/map_Q_lensed_alm_seed1_nside4096.fits
2023-06-01 23:50:53,028:INFO:pysm3:Access data from /mnt/sdceph/users/azonca/pysm-data/websky/0.4/cmb/map_U_lensed_alm_seed1_nside4096.fits
2023-06-01 23:50:55,391:INFO:mapsims:Processing channel Channel CHLAT_f150
2023-06-01 23:50:55,392:INFO:mapsims:Bandpass integration for Channel CHLAT_f150
2023-06-01 23:50:58,070:INFO:mapsims:Smoothing and coord-transform for Channel CHLAT_f150
2023-06-01 23:53:08,925:INFO:pysm3:Used map2alm_lsq, converged in 2 iterations,residual relative error 4.3e-08
2023-06-01 23:53:08,927:INFO:pysm3:Smoothing with fwhm of 1.3 arcmin
2023-06-01 23:53:12,277:INFO:pysm3:Rotate Alm
2023-06-02 00:07:35,006:INFO:pysm3:Alm to map HEALPix
2023-06-02 00:07:50,790:INFO:mapsims:Writing output map cmbs4_cmb_c4_uKCMB_LAT-CHLAT_f150_nside4096.fits
2023-06-02 00:07:50,791:INFO:mapsims:Replace NaN with UNSEEN
2023-06-02 00:07:51,527:INFO:mapsims:Reorder ring to nest
2023-06-02 00:08:07,371:INFO:mapsims:Writing output map

real	17m27.515s
user	529m55.988s
sys	2m15.098s
