
WARNING: version mismatch between CFITSIO header (v3.47) and linked library (v4.02).


WARNING: version mismatch between CFITSIO header (v3.47) and linked library (v4.02).


WARNING: version mismatch between CFITSIO header (v3.47) and linked library (v4.02).

2023-06-02 00:41:24,482:INFO:mapsims:Parsing configuration from common.toml, synchrotron_s5.toml
2023-06-02 00:41:24,519:INFO:mapsims:Nside: 4096, Modeling Nside: 8192, Ellmax: 10240
2023-06-02 00:41:24,521:INFO:mapsims:Initializing the PySM Sky object
2023-06-02 00:41:24,522:INFO:pysm3:Access data from /mnt/sdceph/users/azonca/pysm-data/synch/synch_template_nside8192_2023.02.25.fits
2023-06-02 00:41:45,087:INFO:pysm3:Access data from /mnt/sdceph/users/azonca/pysm-data/synch/synch_beta_nside8192.fits
2023-06-02 00:41:50,607:INFO:mapsims:Processing channel Channel CHLAT_f220
2023-06-02 00:41:50,607:INFO:mapsims:Bandpass integration for Channel CHLAT_f220
2023-06-02 00:43:52,734:INFO:mapsims:Smoothing and coord-transform for Channel CHLAT_f220
2023-06-02 00:43:52,736:INFO:pysm3:Using map2alm with pixel weights
2023-06-02 00:44:28,325:INFO:pysm3:Smoothing with fwhm of 0.95 arcmin
2023-06-02 00:44:31,663:INFO:pysm3:Rotate Alm
2023-06-02 00:58:24,535:INFO:pysm3:Alm to map HEALPix
2023-06-02 00:58:40,663:INFO:mapsims:Writing output map cmbs4_synchrotron_s5_uKCMB_LAT-CHLAT_f220_nside4096.fits
2023-06-02 00:58:40,663:INFO:mapsims:Replace NaN with UNSEEN
2023-06-02 00:58:41,572:INFO:mapsims:Reorder ring to nest
2023-06-02 00:58:57,818:INFO:mapsims:Writing output map

real	17m44.271s
user	512m38.726s
sys	2m52.948s
