
WARNING: version mismatch between CFITSIO header (v3.47) and linked library (v4.02).


WARNING: version mismatch between CFITSIO header (v3.47) and linked library (v4.02).


WARNING: version mismatch between CFITSIO header (v3.47) and linked library (v4.02).

2023-06-02 07:12:18,539:INFO:mapsims:Parsing configuration from common.toml, tsz_tsz1.toml
2023-06-02 07:12:18,593:INFO:mapsims:Nside: 4096, Modeling Nside: 8192, Ellmax: 10240
2023-06-02 07:12:18,608:INFO:mapsims:Initializing the PySM Sky object
2023-06-02 07:12:18,610:INFO:pysm3:Access data from /mnt/sdceph/users/azonca/pysm-data/websky/0.4/tsz_8192_hp.fits
2023-06-02 07:12:18,610:INFO:pysm3:Access data from /mnt/sdceph/users/azonca/pysm-data/websky/0.4/tsz_8192_hp.fits
2023-06-02 07:12:40,137:INFO:mapsims:Processing channel Channel SPLAT_f020
2023-06-02 07:12:40,139:INFO:mapsims:Bandpass integration for Channel SPLAT_f020
2023-06-02 07:13:16,757:INFO:mapsims:Smoothing and coord-transform for Channel SPLAT_f020
2023-06-02 07:13:16,762:INFO:pysm3:Using map2alm with pixel weights
2023-06-02 07:13:49,393:INFO:pysm3:Smoothing with fwhm of 11.2 arcmin
2023-06-02 07:13:52,941:INFO:pysm3:Rotate Alm
2023-06-02 07:24:02,003:INFO:pysm3:Alm to map HEALPix
2023-06-02 07:24:16,477:INFO:mapsims:Writing output map cmbs4_tsz_tsz1_uKCMB_LAT-SPLAT_f020_nside4096.fits
2023-06-02 07:24:16,477:INFO:mapsims:Replace NaN with UNSEEN
2023-06-02 07:24:17,076:INFO:mapsims:Reorder ring to nest
2023-06-02 07:24:32,872:INFO:mapsims:Writing output map

real	12m27.665s
user	409m43.150s
sys	1m14.260s
