
WARNING: version mismatch between CFITSIO header (v3.47) and linked library (v4.02).


WARNING: version mismatch between CFITSIO header (v3.47) and linked library (v4.02).


WARNING: version mismatch between CFITSIO header (v3.47) and linked library (v4.02).

2023-06-02 00:07:17,364:INFO:mapsims:Parsing configuration from common.toml, ksz_ksz1.toml
2023-06-02 00:07:17,374:INFO:mapsims:Nside: 512, Modeling Nside: 4096, Ellmax: 1280
2023-06-02 00:07:17,377:INFO:mapsims:Initializing the PySM Sky object
2023-06-02 00:07:17,379:INFO:pysm3:Access data from /mnt/sdceph/users/azonca/pysm-data/websky/0.4/ksz.fits
2023-06-02 00:07:17,381:INFO:pysm3:Access data from /mnt/sdceph/users/azonca/pysm-data/websky/0.4/ksz.fits
2023-06-02 00:07:18,984:INFO:mapsims:Processing channel Channel SAT_f155
2023-06-02 00:07:18,985:INFO:mapsims:Bandpass integration for Channel SAT_f155
2023-06-02 00:07:28,648:INFO:mapsims:Smoothing and coord-transform for Channel SAT_f155
2023-06-02 00:07:28,650:INFO:pysm3:Using map2alm with pixel weights
2023-06-02 00:07:33,631:INFO:pysm3:Smoothing with fwhm of 14.3 arcmin
2023-06-02 00:07:33,688:INFO:pysm3:Rotate Alm
2023-06-02 00:07:36,009:INFO:pysm3:Alm to map HEALPix
2023-06-02 00:07:36,190:INFO:mapsims:Writing output map cmbs4_ksz_ksz1_uKCMB_SAT-SAT_f155_nside512.fits
2023-06-02 00:07:36,190:INFO:mapsims:Replace NaN with UNSEEN
2023-06-02 00:07:36,199:INFO:mapsims:Reorder ring to nest
2023-06-02 00:07:36,390:INFO:mapsims:Writing output map

real	0m21.079s
user	2m26.713s
sys	0m11.679s
