
WARNING: version mismatch between CFITSIO header (v3.47) and linked library (v4.02).


WARNING: version mismatch between CFITSIO header (v3.47) and linked library (v4.02).


WARNING: version mismatch between CFITSIO header (v3.47) and linked library (v4.02).

2023-06-02 00:25:49,795:INFO:mapsims:Parsing configuration from common.toml, cmb_c3.toml
2023-06-02 00:25:49,808:INFO:mapsims:Nside: 4096, Modeling Nside: 4096, Ellmax: 10240
2023-06-02 00:25:49,812:INFO:mapsims:Initializing the PySM Sky object
2023-06-02 00:25:49,814:INFO:pysm3:Access data from /mnt/sdceph/users/azonca/pysm-data/websky/0.4/cmb/map_I_unlensed_alm_seed1_nside4096.fits
2023-06-02 00:25:49,816:INFO:pysm3:Access data from /mnt/sdceph/users/azonca/pysm-data/websky/0.4/cmb/map_Q_unlensed_alm_seed1_nside4096.fits
2023-06-02 00:25:49,817:INFO:pysm3:Access data from /mnt/sdceph/users/azonca/pysm-data/websky/0.4/cmb/map_U_unlensed_alm_seed1_nside4096.fits
2023-06-02 00:25:49,817:INFO:pysm3:Access data from /mnt/sdceph/users/azonca/pysm-data/websky/0.4/cmb/map_I_unlensed_alm_seed1_nside4096.fits
2023-06-02 00:25:55,495:INFO:pysm3:Access data from /mnt/sdceph/users/azonca/pysm-data/websky/0.4/cmb/map_Q_unlensed_alm_seed1_nside4096.fits
2023-06-02 00:26:01,730:INFO:pysm3:Access data from /mnt/sdceph/users/azonca/pysm-data/websky/0.4/cmb/map_U_unlensed_alm_seed1_nside4096.fits
2023-06-02 00:26:07,920:INFO:mapsims:Processing channel Channel SPLAT_f020
2023-06-02 00:26:07,920:INFO:mapsims:Bandpass integration for Channel SPLAT_f020
2023-06-02 00:26:10,603:INFO:mapsims:Smoothing and coord-transform for Channel SPLAT_f020
2023-06-02 00:28:24,652:INFO:pysm3:Used map2alm_lsq, converged in 2 iterations,residual relative error 5e-08
2023-06-02 00:28:24,653:INFO:pysm3:Smoothing with fwhm of 11.2 arcmin
2023-06-02 00:28:28,025:INFO:pysm3:Rotate Alm
2023-06-02 00:42:29,992:INFO:pysm3:Alm to map HEALPix
2023-06-02 00:42:46,312:INFO:mapsims:Writing output map cmbs4_cmb_c3_uKCMB_LAT-SPLAT_f020_nside4096.fits
2023-06-02 00:42:46,312:INFO:mapsims:Replace NaN with UNSEEN
2023-06-02 00:42:47,218:INFO:mapsims:Reorder ring to nest
2023-06-02 00:43:03,417:INFO:mapsims:Writing output map

real	17m24.812s
user	528m11.663s
sys	2m15.239s
