
WARNING: version mismatch between CFITSIO header (v3.47) and linked library (v4.02).


WARNING: version mismatch between CFITSIO header (v3.47) and linked library (v4.02).


WARNING: version mismatch between CFITSIO header (v3.47) and linked library (v4.02).

2023-06-02 00:35:37,908:INFO:mapsims:Parsing configuration from common.toml, ame_a2.toml
2023-06-02 00:35:37,920:INFO:mapsims:Nside: 4096, Modeling Nside: 512, Ellmax: 1280
2023-06-02 00:35:37,921:INFO:mapsims:Initializing the PySM Sky object
2023-06-02 00:35:37,923:INFO:pysm3:Access data from /mnt/sdceph/users/azonca/pysm-data/pysm_2/ame_t_new.fits
2023-06-02 00:35:37,969:INFO:pysm3:Access data from /mnt/sdceph/users/azonca/pysm-data/pysm_2/ame_nu_peak_0.fits
2023-06-02 00:35:45,020:INFO:pysm3:Access data from /mnt/sdceph/users/azonca/pysm-data/pysm_2/emissivity.txt
2023-06-02 00:35:45,034:INFO:pysm3:Access data from /mnt/sdceph/users/azonca/pysm-data/pysm_2/dust_u_new.fits
2023-06-02 00:35:45,078:WARNING:pysm3:No physical unit associated with file /mnt/sdceph/users/azonca/pysm-data/pysm_2/dust_u_new.fits
2023-06-02 00:35:45,080:INFO:pysm3:Access data from /mnt/sdceph/users/azonca/pysm-data/pysm_2/dust_q_new.fits
2023-06-02 00:35:45,121:WARNING:pysm3:No physical unit associated with file /mnt/sdceph/users/azonca/pysm-data/pysm_2/dust_q_new.fits
2023-06-02 00:35:45,184:INFO:pysm3:Access data from /mnt/sdceph/users/azonca/pysm-data/pysm_2/ame2_t_new.fits
2023-06-02 00:35:45,223:INFO:pysm3:Access data from /mnt/sdceph/users/azonca/pysm-data/pysm_2/emissivity.txt
2023-06-02 00:35:45,227:INFO:pysm3:Access data from /mnt/sdceph/users/azonca/pysm-data/pysm_2/dust_u_new.fits
2023-06-02 00:35:45,258:WARNING:pysm3:No physical unit associated with file /mnt/sdceph/users/azonca/pysm-data/pysm_2/dust_u_new.fits
2023-06-02 00:35:45,259:INFO:pysm3:Access data from /mnt/sdceph/users/azonca/pysm-data/pysm_2/dust_q_new.fits
2023-06-02 00:35:45,289:WARNING:pysm3:No physical unit associated with file /mnt/sdceph/users/azonca/pysm-data/pysm_2/dust_q_new.fits
2023-06-02 00:35:45,350:INFO:mapsims:Processing channel Channel SPLAT_f040
2023-06-02 00:35:45,350:INFO:mapsims:Bandpass integration for Channel SPLAT_f040
2023-06-02 00:35:53,724:INFO:mapsims:Smoothing and coord-transform for Channel SPLAT_f040
2023-06-02 00:35:58,586:INFO:pysm3:Used map2alm_lsq, converged in 8 iterations,residual relative error 0.044
2023-06-02 00:35:58,586:INFO:pysm3:Smoothing with fwhm of 6.2 arcmin
2023-06-02 00:35:58,634:INFO:pysm3:Rotate Alm
2023-06-02 00:36:01,195:INFO:pysm3:Alm to map HEALPix
2023-06-02 00:36:12,439:INFO:mapsims:Writing output map cmbs4_ame_a2_uKCMB_LAT-SPLAT_f040_nside4096.fits
2023-06-02 00:36:12,439:INFO:mapsims:Replace NaN with UNSEEN
2023-06-02 00:36:13,382:INFO:mapsims:Reorder ring to nest
2023-06-02 00:36:30,220:INFO:mapsims:Writing output map

real	1m4.226s
user	4m32.483s
sys	1m20.135s
