
WARNING: version mismatch between CFITSIO header (v3.47) and linked library (v4.02).


WARNING: version mismatch between CFITSIO header (v3.47) and linked library (v4.02).


WARNING: version mismatch between CFITSIO header (v3.47) and linked library (v4.02).

2023-06-02 00:12:14,254:INFO:mapsims:Parsing configuration from common.toml, tsz_tsz1.toml
2023-06-02 00:12:14,264:INFO:mapsims:Nside: 4096, Modeling Nside: 8192, Ellmax: 10240
2023-06-02 00:12:14,266:INFO:mapsims:Initializing the PySM Sky object
2023-06-02 00:12:14,268:INFO:pysm3:Access data from /mnt/sdceph/users/azonca/pysm-data/websky/0.4/tsz_8192_hp.fits
2023-06-02 00:12:14,268:INFO:pysm3:Access data from /mnt/sdceph/users/azonca/pysm-data/websky/0.4/tsz_8192_hp.fits
2023-06-02 00:12:30,559:INFO:mapsims:Processing channel Channel SPLAT_f030
2023-06-02 00:12:30,559:INFO:mapsims:Bandpass integration for Channel SPLAT_f030
2023-06-02 00:13:05,163:INFO:mapsims:Smoothing and coord-transform for Channel SPLAT_f030
2023-06-02 00:13:05,164:INFO:pysm3:Using map2alm with pixel weights
2023-06-02 00:13:38,067:INFO:pysm3:Smoothing with fwhm of 9.1 arcmin
2023-06-02 00:13:41,610:INFO:pysm3:Rotate Alm
2023-06-02 00:23:59,223:INFO:pysm3:Alm to map HEALPix
2023-06-02 00:24:13,934:INFO:mapsims:Writing output map cmbs4_tsz_tsz1_uKCMB_LAT-SPLAT_f030_nside4096.fits
2023-06-02 00:24:13,934:INFO:mapsims:Replace NaN with UNSEEN
2023-06-02 00:24:14,603:INFO:mapsims:Reorder ring to nest
2023-06-02 00:24:30,937:INFO:mapsims:Writing output map

real	12m26.181s
user	398m0.600s
sys	1m12.668s
