
WARNING: version mismatch between CFITSIO header (v3.47) and linked library (v4.02).


WARNING: version mismatch between CFITSIO header (v3.47) and linked library (v4.02).


WARNING: version mismatch between CFITSIO header (v3.47) and linked library (v4.02).

2023-06-02 00:43:58,971:INFO:mapsims:Parsing configuration from common.toml, radio_rg1.toml
2023-06-02 00:43:58,991:INFO:mapsims:Nside: 4096, Modeling Nside: 4096, Ellmax: 10240
2023-06-02 00:43:58,995:INFO:mapsims:Initializing the PySM Sky object
2023-06-02 00:43:59,208:INFO:mapsims:Processing channel Channel SPLAT_f020
2023-06-02 00:43:59,209:INFO:mapsims:Bandpass integration for Channel SPLAT_f020
2023-06-02 00:43:59,374:INFO:pysm3:Frequencies considered: [ 1.  18.7 21.6 24.5]
2023-06-02 00:43:59,495:INFO:pysm3:Access data from /mnt/sdceph/users/azonca/pysm-data/websky/0.4/radio/radio_0001.0.fits
2023-06-02 00:43:59,495:INFO:pysm3:Reading map /mnt/sdceph/users/azonca/pysm-data/websky/0.4/radio/radio_0001.0.fits
2023-06-02 00:43:59,495:INFO:pysm3:Access data from /mnt/sdceph/users/azonca/pysm-data/websky/0.4/radio/radio_0001.0.fits
2023-06-02 00:45:04,604:INFO:pysm3:Access data from /mnt/sdceph/users/azonca/pysm-data/websky/0.4/radio/radio_0001.0.fits
2023-06-02 00:45:08,962:INFO:pysm3:Mean emission at 1.0 GHz in I: 4.338e+04 uK_RJ
2023-06-02 00:45:09,063:INFO:pysm3:Access data from /mnt/sdceph/users/azonca/pysm-data/websky/0.4/radio/radio_0018.7.fits
2023-06-02 00:45:09,063:INFO:pysm3:Reading map /mnt/sdceph/users/azonca/pysm-data/websky/0.4/radio/radio_0018.7.fits
2023-06-02 00:45:09,064:INFO:pysm3:Access data from /mnt/sdceph/users/azonca/pysm-data/websky/0.4/radio/radio_0018.7.fits
2023-06-02 00:46:01,313:INFO:pysm3:Access data from /mnt/sdceph/users/azonca/pysm-data/websky/0.4/radio/radio_0018.7.fits
2023-06-02 00:46:05,203:INFO:pysm3:Mean emission at 18.7 GHz in I: 124 uK_RJ
2023-06-02 00:46:05,204:INFO:pysm3:Access data from /mnt/sdceph/users/azonca/pysm-data/websky/0.4/radio/radio_0021.6.fits
2023-06-02 00:46:05,204:INFO:pysm3:Reading map /mnt/sdceph/users/azonca/pysm-data/websky/0.4/radio/radio_0021.6.fits
2023-06-02 00:46:05,205:INFO:pysm3:Access data from /mnt/sdceph/users/azonca/pysm-data/websky/0.4/radio/radio_0021.6.fits
2023-06-02 00:46:11,822:INFO:pysm3:Access data from /mnt/sdceph/users/azonca/pysm-data/websky/0.4/radio/radio_0021.6.fits
2023-06-02 00:46:15,716:INFO:pysm3:Mean emission at 21.6 GHz in I: 76.8 uK_RJ
2023-06-02 00:46:15,717:INFO:pysm3:Access data from /mnt/sdceph/users/azonca/pysm-data/websky/0.4/radio/radio_0024.5.fits
2023-06-02 00:46:15,717:INFO:pysm3:Reading map /mnt/sdceph/users/azonca/pysm-data/websky/0.4/radio/radio_0024.5.fits
2023-06-02 00:46:15,718:INFO:pysm3:Access data from /mnt/sdceph/users/azonca/pysm-data/websky/0.4/radio/radio_0024.5.fits
2023-06-02 00:46:51,462:INFO:pysm3:Access data from /mnt/sdceph/users/azonca/pysm-data/websky/0.4/radio/radio_0024.5.fits
2023-06-02 00:46:55,353:INFO:pysm3:Mean emission at 24.5 GHz in I: 51.37 uK_RJ
2023-06-02 00:47:21,906:INFO:mapsims:Smoothing and coord-transform for Channel SPLAT_f020
2023-06-02 00:54:15,370:WARNING:pysm3:hp.map2alm_lsq did not converge in 10 iterations, residual relative error is 0.69
2023-06-02 00:54:15,370:INFO:pysm3:Smoothing with fwhm of 11.2 arcmin
2023-06-02 00:54:19,048:INFO:pysm3:Rotate Alm
2023-06-02 01:04:18,240:INFO:pysm3:Alm to map HEALPix
2023-06-02 01:04:32,664:INFO:mapsims:Writing output map cmbs4_radio_rg1_uKCMB_LAT-SPLAT_f020_nside4096.fits
2023-06-02 01:04:32,664:INFO:mapsims:Replace NaN with UNSEEN
2023-06-02 01:04:33,277:INFO:mapsims:Reorder ring to nest
2023-06-02 01:04:49,455:INFO:mapsims:Writing output map

real	21m0.571s
user	499m58.267s
sys	6m44.590s
