
WARNING: version mismatch between CFITSIO header (v3.47) and linked library (v4.02).


WARNING: version mismatch between CFITSIO header (v3.47) and linked library (v4.02).


WARNING: version mismatch between CFITSIO header (v3.47) and linked library (v4.02).

2023-06-02 00:07:49,475:INFO:mapsims:Parsing configuration from common.toml, dust_d10.toml
2023-06-02 00:07:49,485:INFO:mapsims:Nside: 4096, Modeling Nside: 8192, Ellmax: 10240
2023-06-02 00:07:49,486:INFO:mapsims:Initializing the PySM Sky object
2023-06-02 00:07:49,487:INFO:pysm3:Access data from /mnt/sdceph/users/azonca/pysm-data/dust_gnilc/gnilc_dust_template_nside8192.fits
2023-06-02 00:08:12,216:INFO:pysm3:Access data from /mnt/sdceph/users/azonca/pysm-data/dust_gnilc/gnilc_dust_beta_nside8192.fits
2023-06-02 00:08:23,844:INFO:pysm3:Access data from /mnt/sdceph/users/azonca/pysm-data/dust_gnilc/gnilc_dust_Td_nside8192.fits
2023-06-02 00:08:45,390:INFO:mapsims:Processing channel Channel CHLAT_f280
2023-06-02 00:08:45,390:INFO:mapsims:Bandpass integration for Channel CHLAT_f280
2023-06-02 00:20:56,151:INFO:mapsims:Smoothing and coord-transform for Channel CHLAT_f280
2023-06-02 00:20:56,152:INFO:pysm3:Using map2alm with pixel weights
2023-06-02 00:21:30,523:INFO:pysm3:Smoothing with fwhm of 0.83 arcmin
2023-06-02 00:21:34,170:INFO:pysm3:Rotate Alm
2023-06-02 00:35:38,815:INFO:pysm3:Alm to map HEALPix
2023-06-02 00:35:54,525:INFO:mapsims:Writing output map cmbs4_dust_d10_uKCMB_LAT-CHLAT_f280_nside4096.fits
2023-06-02 00:35:54,526:INFO:mapsims:Replace NaN with UNSEEN
2023-06-02 00:35:55,125:INFO:mapsims:Reorder ring to nest
2023-06-02 00:36:12,022:INFO:mapsims:Writing output map

real	28m32.240s
user	462m18.430s
sys	5m14.313s
