
WARNING: version mismatch between CFITSIO header (v3.47) and linked library (v4.02).


WARNING: version mismatch between CFITSIO header (v3.47) and linked library (v4.02).


WARNING: version mismatch between CFITSIO header (v3.47) and linked library (v4.02).

2023-06-01 23:49:54,984:INFO:mapsims:Parsing configuration from common.toml, synchrotron_s7.toml
2023-06-01 23:49:54,994:INFO:mapsims:Nside: 512, Modeling Nside: 2048, Ellmax: 1280
2023-06-01 23:49:54,997:INFO:mapsims:Initializing the PySM Sky object
2023-06-01 23:49:54,998:INFO:pysm3:Access data from /mnt/sdceph/users/azonca/pysm-data/synch/synch_template_nside2048_2023.02.25.fits
2023-06-01 23:49:59,214:INFO:pysm3:Access data from /mnt/sdceph/users/azonca/pysm-data/synch/synch_beta_nside2048.fits
2023-06-01 23:50:01,637:INFO:pysm3:Access data from /mnt/sdceph/users/azonca/pysm-data/synch/synch_curvature_nside2048.fits
2023-06-01 23:50:03,681:INFO:mapsims:Processing channel Channel SAT_f145
2023-06-01 23:50:03,681:INFO:mapsims:Bandpass integration for Channel SAT_f145
2023-06-01 23:50:14,064:INFO:mapsims:Smoothing and coord-transform for Channel SAT_f145
2023-06-01 23:50:14,070:INFO:pysm3:Using map2alm with pixel weights
2023-06-01 23:50:15,647:INFO:pysm3:Smoothing with fwhm of 15.8 arcmin
2023-06-01 23:50:15,698:INFO:pysm3:Rotate Alm
2023-06-01 23:50:18,248:INFO:pysm3:Alm to map HEALPix
2023-06-01 23:50:18,446:INFO:mapsims:Writing output map cmbs4_synchrotron_s7_uKCMB_SAT-SAT_f145_nside512.fits
2023-06-01 23:50:18,447:INFO:mapsims:Replace NaN with UNSEEN
2023-06-01 23:50:18,455:INFO:mapsims:Reorder ring to nest
2023-06-01 23:50:18,644:INFO:mapsims:Writing output map

real	0m27.390s
user	3m53.307s
sys	0m17.523s
