
WARNING: version mismatch between CFITSIO header (v3.47) and linked library (v4.02).


WARNING: version mismatch between CFITSIO header (v3.47) and linked library (v4.02).


WARNING: version mismatch between CFITSIO header (v3.47) and linked library (v4.02).

2023-06-01 23:50:25,434:INFO:mapsims:Parsing configuration from common.toml, co_co1.toml
2023-06-01 23:50:25,444:INFO:mapsims:Nside: 512, Modeling Nside: 2048, Ellmax: 1280
2023-06-01 23:50:25,446:INFO:mapsims:Initializing the PySM Sky object
2023-06-01 23:50:25,447:INFO:pysm3:Access data from /mnt/sdceph/users/azonca/pysm-data/co/HFI_CompMap_CO-Type1_2048_R2.00_ring.fits
2023-06-01 23:50:25,448:INFO:pysm3:Access data from /mnt/sdceph/users/azonca/pysm-data/co/HFI_CompMap_CO-Type1_2048_R2.00_ring.fits
2023-06-01 23:50:46,594:INFO:mapsims:Processing channel Channel SAT_f145
2023-06-01 23:50:46,595:INFO:mapsims:Bandpass integration for Channel SAT_f145
2023-06-01 23:50:47,959:INFO:mapsims:Smoothing and coord-transform for Channel SAT_f145
2023-06-01 23:50:47,963:INFO:pysm3:Using map2alm with pixel weights
2023-06-01 23:50:49,609:INFO:pysm3:Smoothing with fwhm of 15.8 arcmin
2023-06-01 23:50:49,664:INFO:pysm3:Rotate Alm
2023-06-01 23:50:51,514:INFO:pysm3:Alm to map HEALPix
2023-06-01 23:50:51,698:INFO:mapsims:Writing output map cmbs4_co_co1_uKCMB_SAT-SAT_f145_nside512.fits
2023-06-01 23:50:51,699:INFO:mapsims:Replace NaN with UNSEEN
2023-06-01 23:50:51,707:INFO:mapsims:Reorder ring to nest
2023-06-01 23:50:51,903:INFO:mapsims:Writing output map

real	0m29.723s
user	2m8.574s
sys	0m10.043s
