
WARNING: version mismatch between CFITSIO header (v3.47) and linked library (v4.02).


WARNING: version mismatch between CFITSIO header (v3.47) and linked library (v4.02).


WARNING: version mismatch between CFITSIO header (v3.47) and linked library (v4.02).

2023-06-28 16:30:41,417:INFO:mapsims:Parsing configuration from common.toml, dust_d10.toml
2023-06-28 16:30:41,427:INFO:mapsims:Nside: 4096, Modeling Nside: 8192, Ellmax: 10240
2023-06-28 16:30:41,428:INFO:mapsims:Initializing the PySM Sky object
2023-06-28 16:30:41,430:INFO:pysm3:Access data from /mnt/sdceph/users/azonca/pysm-data/dust_gnilc/gnilc_dust_template_nside8192.fits
2023-06-28 16:30:59,719:INFO:pysm3:Retrieve data for dust_gnilc/gnilc_dust_beta_nside8192_2023.06.06.fits (if not cached already)
2023-06-28 16:31:04,715:INFO:pysm3:Retrieve data for dust_gnilc/gnilc_dust_Td_nside8192_2023.06.06.fits (if not cached already)
2023-06-28 16:31:10,032:INFO:mapsims:Processing channel Channel CHLAT_f030
2023-06-28 16:31:10,033:INFO:mapsims:Bandpass integration for Channel CHLAT_f030
2023-06-28 16:42:29,880:INFO:mapsims:Smoothing and coord-transform for Channel CHLAT_f030
2023-06-28 16:42:29,881:INFO:pysm3:Using map2alm with pixel weights
2023-06-28 16:43:02,666:INFO:pysm3:Smoothing with fwhm of 7.8 arcmin
2023-06-28 16:43:06,206:INFO:pysm3:Rotate Alm
2023-06-28 16:56:46,373:INFO:pysm3:Alm to map HEALPix
2023-06-28 16:57:01,580:INFO:mapsims:Writing output map cmbs4_dust_d10_uKCMB_CHLAT_f030_nside4096.fits
2023-06-28 16:57:01,580:INFO:mapsims:Replace NaN with UNSEEN
2023-06-28 16:57:02,204:INFO:mapsims:Reorder ring to nest
2023-06-28 16:57:18,495:INFO:mapsims:Writing output map

real	26m48.473s
user	450m41.612s
sys	5m5.373s
