
WARNING: version mismatch between CFITSIO header (v3.47) and linked library (v4.02).


WARNING: version mismatch between CFITSIO header (v3.47) and linked library (v4.02).


WARNING: version mismatch between CFITSIO header (v3.47) and linked library (v4.02).

2023-06-02 00:07:42,055:INFO:mapsims:Parsing configuration from common.toml, dust_d10.toml
2023-06-02 00:07:42,065:INFO:mapsims:Nside: 4096, Modeling Nside: 8192, Ellmax: 10240
2023-06-02 00:07:42,066:INFO:mapsims:Initializing the PySM Sky object
2023-06-02 00:07:42,067:INFO:pysm3:Access data from /mnt/sdceph/users/azonca/pysm-data/dust_gnilc/gnilc_dust_template_nside8192.fits
2023-06-02 00:08:05,924:INFO:pysm3:Access data from /mnt/sdceph/users/azonca/pysm-data/dust_gnilc/gnilc_dust_beta_nside8192.fits
2023-06-02 00:08:23,720:INFO:pysm3:Access data from /mnt/sdceph/users/azonca/pysm-data/dust_gnilc/gnilc_dust_Td_nside8192.fits
2023-06-02 00:08:45,277:INFO:mapsims:Processing channel Channel CHLAT_f090
2023-06-02 00:08:45,277:INFO:mapsims:Bandpass integration for Channel CHLAT_f090
2023-06-02 00:19:54,370:INFO:mapsims:Smoothing and coord-transform for Channel CHLAT_f090
2023-06-02 00:19:54,371:INFO:pysm3:Using map2alm with pixel weights
2023-06-02 00:20:26,690:INFO:pysm3:Smoothing with fwhm of 2.1 arcmin
2023-06-02 00:20:30,232:INFO:pysm3:Rotate Alm
2023-06-02 00:35:00,019:INFO:pysm3:Alm to map HEALPix
2023-06-02 00:35:14,491:INFO:mapsims:Writing output map cmbs4_dust_d10_uKCMB_LAT-CHLAT_f090_nside4096.fits
2023-06-02 00:35:14,491:INFO:mapsims:Replace NaN with UNSEEN
2023-06-02 00:35:15,100:INFO:mapsims:Reorder ring to nest
2023-06-02 00:35:30,997:INFO:mapsims:Writing output map

real	27m59.544s
user	477m4.651s
sys	5m0.376s
