
WARNING: version mismatch between CFITSIO header (v3.47) and linked library (v4.02).


WARNING: version mismatch between CFITSIO header (v3.47) and linked library (v4.02).


WARNING: version mismatch between CFITSIO header (v3.47) and linked library (v4.02).

2023-06-02 00:27:34,881:INFO:mapsims:Parsing configuration from common.toml, cmb_c3.toml
2023-06-02 00:27:34,890:INFO:mapsims:Nside: 512, Modeling Nside: 4096, Ellmax: 1280
2023-06-02 00:27:34,891:INFO:mapsims:Initializing the PySM Sky object
2023-06-02 00:27:34,892:INFO:pysm3:Access data from /mnt/sdceph/users/azonca/pysm-data/websky/0.4/cmb/map_I_unlensed_alm_seed1_nside4096.fits
2023-06-02 00:27:34,892:INFO:pysm3:Access data from /mnt/sdceph/users/azonca/pysm-data/websky/0.4/cmb/map_Q_unlensed_alm_seed1_nside4096.fits
2023-06-02 00:27:34,893:INFO:pysm3:Access data from /mnt/sdceph/users/azonca/pysm-data/websky/0.4/cmb/map_U_unlensed_alm_seed1_nside4096.fits
2023-06-02 00:27:34,893:INFO:pysm3:Access data from /mnt/sdceph/users/azonca/pysm-data/websky/0.4/cmb/map_I_unlensed_alm_seed1_nside4096.fits
2023-06-02 00:27:36,211:INFO:pysm3:Access data from /mnt/sdceph/users/azonca/pysm-data/websky/0.4/cmb/map_Q_unlensed_alm_seed1_nside4096.fits
2023-06-02 00:27:37,528:INFO:pysm3:Access data from /mnt/sdceph/users/azonca/pysm-data/websky/0.4/cmb/map_U_unlensed_alm_seed1_nside4096.fits
2023-06-02 00:27:39,714:INFO:mapsims:Processing channel Channel SAT_f085
2023-06-02 00:27:39,714:INFO:mapsims:Bandpass integration for Channel SAT_f085
2023-06-02 00:27:42,319:INFO:mapsims:Smoothing and coord-transform for Channel SAT_f085
2023-06-02 00:27:42,319:INFO:pysm3:Using map2alm with pixel weights
2023-06-02 00:27:47,366:INFO:pysm3:Smoothing with fwhm of 24.6 arcmin
2023-06-02 00:27:47,423:INFO:pysm3:Rotate Alm
2023-06-02 00:27:49,711:INFO:pysm3:Alm to map HEALPix
2023-06-02 00:27:49,898:INFO:mapsims:Writing output map cmbs4_cmb_c3_uKCMB_SAT-SAT_f085_nside512.fits
2023-06-02 00:27:49,898:INFO:mapsims:Replace NaN with UNSEEN
2023-06-02 00:27:49,907:INFO:mapsims:Reorder ring to nest
2023-06-02 00:27:50,109:INFO:mapsims:Writing output map

real	0m17.152s
user	2m22.980s
sys	0m10.455s
