
WARNING: version mismatch between CFITSIO header (v3.47) and linked library (v4.02).


WARNING: version mismatch between CFITSIO header (v3.47) and linked library (v4.02).


WARNING: version mismatch between CFITSIO header (v3.47) and linked library (v4.02).

2023-06-02 00:08:38,036:INFO:mapsims:Parsing configuration from common.toml, dust_d9.toml
2023-06-02 00:08:38,046:INFO:mapsims:Nside: 4096, Modeling Nside: 8192, Ellmax: 10240
2023-06-02 00:08:38,048:INFO:mapsims:Initializing the PySM Sky object
2023-06-02 00:08:38,049:INFO:pysm3:Access data from /mnt/sdceph/users/azonca/pysm-data/dust_gnilc/gnilc_dust_template_nside8192.fits
2023-06-02 00:08:59,735:INFO:mapsims:Processing channel Channel CHLAT_f220
2023-06-02 00:08:59,735:INFO:mapsims:Bandpass integration for Channel CHLAT_f220
2023-06-02 00:12:09,190:INFO:mapsims:Smoothing and coord-transform for Channel CHLAT_f220
2023-06-02 00:12:09,191:INFO:pysm3:Using map2alm with pixel weights
2023-06-02 00:12:42,246:INFO:pysm3:Smoothing with fwhm of 0.95 arcmin
2023-06-02 00:12:45,939:INFO:pysm3:Rotate Alm
2023-06-02 00:26:55,613:INFO:pysm3:Alm to map HEALPix
2023-06-02 00:27:10,176:INFO:mapsims:Writing output map cmbs4_dust_d9_uKCMB_LAT-CHLAT_f220_nside4096.fits
2023-06-02 00:27:10,177:INFO:mapsims:Replace NaN with UNSEEN
2023-06-02 00:27:10,908:INFO:mapsims:Reorder ring to nest
2023-06-02 00:27:26,543:INFO:mapsims:Writing output map

real	18m58.296s
user	444m46.358s
sys	2m1.448s
