
WARNING: version mismatch between CFITSIO header (v3.47) and linked library (v4.02).


WARNING: version mismatch between CFITSIO header (v3.47) and linked library (v4.02).


WARNING: version mismatch between CFITSIO header (v3.47) and linked library (v4.02).

2023-06-01 23:49:54,293:INFO:mapsims:Parsing configuration from common.toml, synchrotron_s4.toml
2023-06-01 23:49:54,304:INFO:mapsims:Nside: 4096, Modeling Nside: 8192, Ellmax: 10240
2023-06-01 23:49:54,306:INFO:mapsims:Initializing the PySM Sky object
2023-06-01 23:49:54,308:INFO:pysm3:Access data from /mnt/sdceph/users/azonca/pysm-data/synch/synch_template_nside8192_2023.02.25.fits
2023-06-01 23:50:38,871:INFO:mapsims:Processing channel Channel CHLAT_f040
2023-06-01 23:50:38,872:INFO:mapsims:Bandpass integration for Channel CHLAT_f040
2023-06-01 23:52:21,740:INFO:mapsims:Smoothing and coord-transform for Channel CHLAT_f040
2023-06-01 23:52:21,745:INFO:pysm3:Using map2alm with pixel weights
2023-06-01 23:52:56,201:INFO:pysm3:Smoothing with fwhm of 5.3 arcmin
2023-06-01 23:52:59,554:INFO:pysm3:Rotate Alm
2023-06-02 00:07:06,468:INFO:pysm3:Alm to map HEALPix
2023-06-02 00:07:22,520:INFO:mapsims:Writing output map cmbs4_synchrotron_s4_uKCMB_LAT-CHLAT_f040_nside4096.fits
2023-06-02 00:07:22,520:INFO:mapsims:Replace NaN with UNSEEN
2023-06-02 00:07:23,424:INFO:mapsims:Reorder ring to nest
2023-06-02 00:07:39,828:INFO:mapsims:Writing output map

real	17m57.314s
user	511m36.254s
sys	2m56.649s
