
WARNING: version mismatch between CFITSIO header (v3.47) and linked library (v4.02).


WARNING: version mismatch between CFITSIO header (v3.47) and linked library (v4.02).


WARNING: version mismatch between CFITSIO header (v3.47) and linked library (v4.02).

2023-06-02 00:26:17,409:INFO:mapsims:Parsing configuration from common.toml, cmb_c3.toml
2023-06-02 00:26:45,159:INFO:mapsims:Nside: 4096, Modeling Nside: 4096, Ellmax: 10240
2023-06-02 00:26:45,160:INFO:mapsims:Initializing the PySM Sky object
2023-06-02 00:26:45,161:INFO:pysm3:Access data from /mnt/sdceph/users/azonca/pysm-data/websky/0.4/cmb/map_I_unlensed_alm_seed1_nside4096.fits
2023-06-02 00:26:45,162:INFO:pysm3:Access data from /mnt/sdceph/users/azonca/pysm-data/websky/0.4/cmb/map_Q_unlensed_alm_seed1_nside4096.fits
2023-06-02 00:26:45,164:INFO:pysm3:Access data from /mnt/sdceph/users/azonca/pysm-data/websky/0.4/cmb/map_U_unlensed_alm_seed1_nside4096.fits
2023-06-02 00:26:45,164:INFO:pysm3:Access data from /mnt/sdceph/users/azonca/pysm-data/websky/0.4/cmb/map_I_unlensed_alm_seed1_nside4096.fits
2023-06-02 00:26:46,639:INFO:pysm3:Access data from /mnt/sdceph/users/azonca/pysm-data/websky/0.4/cmb/map_Q_unlensed_alm_seed1_nside4096.fits
2023-06-02 00:26:48,201:INFO:pysm3:Access data from /mnt/sdceph/users/azonca/pysm-data/websky/0.4/cmb/map_U_unlensed_alm_seed1_nside4096.fits
2023-06-02 00:26:50,588:INFO:mapsims:Processing channel Channel SPLAT_f040
2023-06-02 00:26:50,589:INFO:mapsims:Bandpass integration for Channel SPLAT_f040
2023-06-02 00:26:53,166:INFO:mapsims:Smoothing and coord-transform for Channel SPLAT_f040
2023-06-02 00:29:00,327:INFO:pysm3:Used map2alm_lsq, converged in 2 iterations,residual relative error 4.7e-08
2023-06-02 00:29:00,327:INFO:pysm3:Smoothing with fwhm of 6.2 arcmin
2023-06-02 00:29:03,897:INFO:pysm3:Rotate Alm
2023-06-02 00:42:54,777:INFO:pysm3:Alm to map HEALPix
2023-06-02 00:43:09,373:INFO:mapsims:Writing output map cmbs4_cmb_c3_uKCMB_LAT-SPLAT_f040_nside4096.fits
2023-06-02 00:43:09,373:INFO:mapsims:Replace NaN with UNSEEN
2023-06-02 00:43:10,009:INFO:mapsims:Reorder ring to nest
2023-06-02 00:43:25,811:INFO:mapsims:Writing output map

real	17m39.196s
user	457m55.560s
sys	2m16.354s
