
WARNING: version mismatch between CFITSIO header (v3.47) and linked library (v4.02).


WARNING: version mismatch between CFITSIO header (v3.47) and linked library (v4.02).


WARNING: version mismatch between CFITSIO header (v3.47) and linked library (v4.02).

2023-06-02 00:36:24,920:INFO:mapsims:Parsing configuration from common.toml, ame_a2.toml
2023-06-02 00:36:24,932:INFO:mapsims:Nside: 4096, Modeling Nside: 512, Ellmax: 1280
2023-06-02 00:36:24,935:INFO:mapsims:Initializing the PySM Sky object
2023-06-02 00:36:24,936:INFO:pysm3:Access data from /mnt/sdceph/users/azonca/pysm-data/pysm_2/ame_t_new.fits
2023-06-02 00:36:24,974:INFO:pysm3:Access data from /mnt/sdceph/users/azonca/pysm-data/pysm_2/ame_nu_peak_0.fits
2023-06-02 00:36:25,093:INFO:pysm3:Access data from /mnt/sdceph/users/azonca/pysm-data/pysm_2/emissivity.txt
2023-06-02 00:36:25,108:INFO:pysm3:Access data from /mnt/sdceph/users/azonca/pysm-data/pysm_2/dust_u_new.fits
2023-06-02 00:36:25,148:WARNING:pysm3:No physical unit associated with file /mnt/sdceph/users/azonca/pysm-data/pysm_2/dust_u_new.fits
2023-06-02 00:36:25,149:INFO:pysm3:Access data from /mnt/sdceph/users/azonca/pysm-data/pysm_2/dust_q_new.fits
2023-06-02 00:36:25,188:WARNING:pysm3:No physical unit associated with file /mnt/sdceph/users/azonca/pysm-data/pysm_2/dust_q_new.fits
2023-06-02 00:36:25,251:INFO:pysm3:Access data from /mnt/sdceph/users/azonca/pysm-data/pysm_2/ame2_t_new.fits
2023-06-02 00:36:25,288:INFO:pysm3:Access data from /mnt/sdceph/users/azonca/pysm-data/pysm_2/emissivity.txt
2023-06-02 00:36:25,292:INFO:pysm3:Access data from /mnt/sdceph/users/azonca/pysm-data/pysm_2/dust_u_new.fits
2023-06-02 00:36:25,322:WARNING:pysm3:No physical unit associated with file /mnt/sdceph/users/azonca/pysm-data/pysm_2/dust_u_new.fits
2023-06-02 00:36:25,323:INFO:pysm3:Access data from /mnt/sdceph/users/azonca/pysm-data/pysm_2/dust_q_new.fits
2023-06-02 00:36:25,353:WARNING:pysm3:No physical unit associated with file /mnt/sdceph/users/azonca/pysm-data/pysm_2/dust_q_new.fits
2023-06-02 00:36:25,417:INFO:mapsims:Processing channel Channel CHLAT_f280
2023-06-02 00:36:25,417:INFO:mapsims:Bandpass integration for Channel CHLAT_f280
2023-06-02 00:36:33,687:INFO:mapsims:Smoothing and coord-transform for Channel CHLAT_f280
2023-06-02 00:36:37,789:INFO:pysm3:Used map2alm_lsq, converged in 7 iterations,residual relative error 0.19
2023-06-02 00:36:37,790:INFO:pysm3:Smoothing with fwhm of 0.83 arcmin
2023-06-02 00:36:37,836:INFO:pysm3:Rotate Alm
2023-06-02 00:36:40,386:INFO:pysm3:Alm to map HEALPix
2023-06-02 00:36:51,333:INFO:mapsims:Writing output map cmbs4_ame_a2_uKCMB_LAT-CHLAT_f280_nside4096.fits
2023-06-02 00:36:51,334:INFO:mapsims:Replace NaN with UNSEEN
2023-06-02 00:36:52,103:INFO:mapsims:Reorder ring to nest
2023-06-02 00:37:07,673:INFO:mapsims:Writing output map

real	0m54.162s
user	4m12.789s
sys	1m13.066s
