
WARNING: version mismatch between CFITSIO header (v3.47) and linked library (v4.02).


WARNING: version mismatch between CFITSIO header (v3.47) and linked library (v4.02).


WARNING: version mismatch between CFITSIO header (v3.47) and linked library (v4.02).

2023-06-02 00:39:57,937:INFO:mapsims:Parsing configuration from common.toml, synchrotron_s5.toml
2023-06-02 00:39:57,964:INFO:mapsims:Nside: 4096, Modeling Nside: 8192, Ellmax: 10240
2023-06-02 00:39:57,968:INFO:mapsims:Initializing the PySM Sky object
2023-06-02 00:39:57,969:INFO:pysm3:Access data from /mnt/sdceph/users/azonca/pysm-data/synch/synch_template_nside8192_2023.02.25.fits
2023-06-02 00:55:53,775:INFO:pysm3:Access data from /mnt/sdceph/users/azonca/pysm-data/synch/synch_beta_nside8192.fits
2023-06-02 00:56:00,089:INFO:mapsims:Processing channel Channel SPLAT_f020
2023-06-02 00:56:00,089:INFO:mapsims:Bandpass integration for Channel SPLAT_f020
2023-06-02 00:57:59,343:INFO:mapsims:Smoothing and coord-transform for Channel SPLAT_f020
2023-06-02 00:57:59,345:INFO:pysm3:Using map2alm with pixel weights
2023-06-02 00:58:33,457:INFO:pysm3:Smoothing with fwhm of 11.2 arcmin
2023-06-02 00:58:36,767:INFO:pysm3:Rotate Alm
2023-06-02 01:12:47,315:INFO:pysm3:Alm to map HEALPix
2023-06-02 01:13:03,171:INFO:mapsims:Writing output map cmbs4_synchrotron_s5_uKCMB_LAT-SPLAT_f020_nside4096.fits
2023-06-02 01:13:03,171:INFO:mapsims:Replace NaN with UNSEEN
2023-06-02 01:13:03,946:INFO:mapsims:Reorder ring to nest
2023-06-02 01:13:19,888:INFO:mapsims:Writing output map

real	33m33.553s
user	519m38.699s
sys	2m51.145s
