
WARNING: version mismatch between CFITSIO header (v3.47) and linked library (v4.02).


WARNING: version mismatch between CFITSIO header (v3.47) and linked library (v4.02).


WARNING: version mismatch between CFITSIO header (v3.47) and linked library (v4.02).

2023-06-02 00:40:13,590:INFO:mapsims:Parsing configuration from common.toml, synchrotron_s5.toml
2023-06-02 00:40:13,620:INFO:mapsims:Nside: 4096, Modeling Nside: 8192, Ellmax: 10240
2023-06-02 00:40:13,621:INFO:mapsims:Initializing the PySM Sky object
2023-06-02 00:40:13,622:INFO:pysm3:Access data from /mnt/sdceph/users/azonca/pysm-data/synch/synch_template_nside8192_2023.02.25.fits
2023-06-02 00:55:56,550:INFO:pysm3:Access data from /mnt/sdceph/users/azonca/pysm-data/synch/synch_beta_nside8192.fits
2023-06-02 00:56:02,985:INFO:mapsims:Processing channel Channel CHLAT_f040
2023-06-02 00:56:02,985:INFO:mapsims:Bandpass integration for Channel CHLAT_f040
2023-06-02 00:58:01,085:INFO:mapsims:Smoothing and coord-transform for Channel CHLAT_f040
2023-06-02 00:58:01,087:INFO:pysm3:Using map2alm with pixel weights
2023-06-02 00:58:35,183:INFO:pysm3:Smoothing with fwhm of 5.3 arcmin
2023-06-02 00:58:38,515:INFO:pysm3:Rotate Alm
2023-06-02 01:12:32,038:INFO:pysm3:Alm to map HEALPix
2023-06-02 01:12:48,321:INFO:mapsims:Writing output map cmbs4_synchrotron_s5_uKCMB_LAT-CHLAT_f040_nside4096.fits
2023-06-02 01:12:48,322:INFO:mapsims:Replace NaN with UNSEEN
2023-06-02 01:12:49,082:INFO:mapsims:Reorder ring to nest
2023-06-02 01:13:05,177:INFO:mapsims:Writing output map

real	33m3.338s
user	484m12.169s
sys	2m52.932s
