
WARNING: version mismatch between CFITSIO header (v3.47) and linked library (v4.02).


WARNING: version mismatch between CFITSIO header (v3.47) and linked library (v4.02).


WARNING: version mismatch between CFITSIO header (v3.47) and linked library (v4.02).

2023-06-01 23:52:45,202:INFO:mapsims:Parsing configuration from common.toml, ksz_ksz1.toml
2023-06-01 23:52:45,213:INFO:mapsims:Nside: 4096, Modeling Nside: 4096, Ellmax: 10240
2023-06-01 23:52:45,215:INFO:mapsims:Initializing the PySM Sky object
2023-06-01 23:52:45,216:INFO:pysm3:Access data from /mnt/sdceph/users/azonca/pysm-data/websky/0.4/ksz.fits
2023-06-01 23:52:45,217:INFO:pysm3:Access data from /mnt/sdceph/users/azonca/pysm-data/websky/0.4/ksz.fits
2023-06-01 23:52:47,083:INFO:mapsims:Processing channel Channel SPLAT_f020
2023-06-01 23:52:47,083:INFO:mapsims:Bandpass integration for Channel SPLAT_f020
2023-06-01 23:52:57,348:INFO:mapsims:Smoothing and coord-transform for Channel SPLAT_f020
2023-06-01 23:59:51,055:WARNING:pysm3:hp.map2alm_lsq did not converge in 10 iterations, residual relative error is 0.19
2023-06-01 23:59:51,056:INFO:pysm3:Smoothing with fwhm of 11.2 arcmin
2023-06-01 23:59:54,687:INFO:pysm3:Rotate Alm
2023-06-02 00:10:46,232:INFO:pysm3:Alm to map HEALPix
2023-06-02 00:11:00,937:INFO:mapsims:Writing output map cmbs4_ksz_ksz1_uKCMB_LAT-SPLAT_f020_nside4096.fits
2023-06-02 00:11:00,938:INFO:mapsims:Replace NaN with UNSEEN
2023-06-02 00:11:01,669:INFO:mapsims:Reorder ring to nest
2023-06-02 00:11:17,328:INFO:mapsims:Writing output map

real	18m46.031s
user	529m18.269s
sys	6m26.371s
