
WARNING: version mismatch between CFITSIO header (v3.47) and linked library (v4.02).


WARNING: version mismatch between CFITSIO header (v3.47) and linked library (v4.02).


WARNING: version mismatch between CFITSIO header (v3.47) and linked library (v4.02).

2023-06-01 23:49:54,489:INFO:mapsims:Parsing configuration from common.toml, synchrotron_s7.toml
2023-06-01 23:49:54,501:INFO:mapsims:Nside: 4096, Modeling Nside: 8192, Ellmax: 10240
2023-06-01 23:49:54,504:INFO:mapsims:Initializing the PySM Sky object
2023-06-01 23:49:54,505:INFO:pysm3:Access data from /mnt/sdceph/users/azonca/pysm-data/synch/synch_template_nside8192_2023.02.25.fits
2023-06-01 23:50:29,541:INFO:pysm3:Access data from /mnt/sdceph/users/azonca/pysm-data/synch/synch_beta_nside8192.fits
2023-06-01 23:50:41,199:INFO:pysm3:Access data from /mnt/sdceph/users/azonca/pysm-data/synch/synch_curvature_nside8192.fits
2023-06-01 23:50:51,675:INFO:mapsims:Processing channel Channel SPLAT_f220
2023-06-01 23:50:51,676:INFO:mapsims:Bandpass integration for Channel SPLAT_f220
2023-06-01 23:53:04,730:INFO:mapsims:Smoothing and coord-transform for Channel SPLAT_f220
2023-06-01 23:53:04,735:INFO:pysm3:Using map2alm with pixel weights
2023-06-01 23:53:41,346:INFO:pysm3:Smoothing with fwhm of 1.1 arcmin
2023-06-01 23:53:44,700:INFO:pysm3:Rotate Alm
2023-06-02 00:07:35,969:INFO:pysm3:Alm to map HEALPix
2023-06-02 00:07:53,360:INFO:mapsims:Writing output map cmbs4_synchrotron_s7_uKCMB_LAT-SPLAT_f220_nside4096.fits
2023-06-02 00:07:53,360:INFO:mapsims:Replace NaN with UNSEEN
2023-06-02 00:07:54,267:INFO:mapsims:Reorder ring to nest
2023-06-02 00:08:10,410:INFO:mapsims:Writing output map

real	18m29.014s
user	525m40.794s
sys	3m7.234s
