
WARNING: version mismatch between CFITSIO header (v3.47) and linked library (v4.02).


WARNING: version mismatch between CFITSIO header (v3.47) and linked library (v4.02).


WARNING: version mismatch between CFITSIO header (v3.47) and linked library (v4.02).

2023-06-02 00:06:54,250:INFO:mapsims:Parsing configuration from common.toml, ksz_ksz1.toml
2023-06-02 00:06:54,260:INFO:mapsims:Nside: 4096, Modeling Nside: 4096, Ellmax: 10240
2023-06-02 00:06:54,262:INFO:mapsims:Initializing the PySM Sky object
2023-06-02 00:06:54,263:INFO:pysm3:Access data from /mnt/sdceph/users/azonca/pysm-data/websky/0.4/ksz.fits
2023-06-02 00:06:54,264:INFO:pysm3:Access data from /mnt/sdceph/users/azonca/pysm-data/websky/0.4/ksz.fits
2023-06-02 00:06:56,989:INFO:mapsims:Processing channel Channel SPLAT_f280
2023-06-02 00:06:56,989:INFO:mapsims:Bandpass integration for Channel SPLAT_f280
2023-06-02 00:07:06,483:INFO:mapsims:Smoothing and coord-transform for Channel SPLAT_f280
2023-06-02 00:13:52,423:WARNING:pysm3:hp.map2alm_lsq did not converge in 10 iterations, residual relative error is 0.19
2023-06-02 00:13:52,423:INFO:pysm3:Smoothing with fwhm of 1.0 arcmin
2023-06-02 00:13:56,021:INFO:pysm3:Rotate Alm
2023-06-02 00:23:39,884:INFO:pysm3:Alm to map HEALPix
2023-06-02 00:23:54,437:INFO:mapsims:Writing output map cmbs4_ksz_ksz1_uKCMB_LAT-SPLAT_f280_nside4096.fits
2023-06-02 00:23:54,438:INFO:mapsims:Replace NaN with UNSEEN
2023-06-02 00:23:55,139:INFO:mapsims:Reorder ring to nest
2023-06-02 00:24:10,579:INFO:mapsims:Writing output map

real	17m25.864s
user	454m20.966s
sys	6m15.616s
