
WARNING: version mismatch between CFITSIO header (v3.47) and linked library (v4.02).


WARNING: version mismatch between CFITSIO header (v3.47) and linked library (v4.02).


WARNING: version mismatch between CFITSIO header (v3.47) and linked library (v4.02).

2023-06-01 23:52:48,123:INFO:mapsims:Parsing configuration from common.toml, ksz_ksz1.toml
2023-06-01 23:52:48,134:INFO:mapsims:Nside: 4096, Modeling Nside: 4096, Ellmax: 10240
2023-06-01 23:52:48,136:INFO:mapsims:Initializing the PySM Sky object
2023-06-01 23:52:48,137:INFO:pysm3:Access data from /mnt/sdceph/users/azonca/pysm-data/websky/0.4/ksz.fits
2023-06-01 23:52:48,137:INFO:pysm3:Access data from /mnt/sdceph/users/azonca/pysm-data/websky/0.4/ksz.fits
2023-06-01 23:52:50,652:INFO:mapsims:Processing channel Channel CHLAT_f040
2023-06-01 23:52:50,653:INFO:mapsims:Bandpass integration for Channel CHLAT_f040
2023-06-01 23:53:00,408:INFO:mapsims:Smoothing and coord-transform for Channel CHLAT_f040
2023-06-01 23:59:47,797:WARNING:pysm3:hp.map2alm_lsq did not converge in 10 iterations, residual relative error is 0.19
2023-06-01 23:59:47,798:INFO:pysm3:Smoothing with fwhm of 5.3 arcmin
2023-06-01 23:59:51,537:INFO:pysm3:Rotate Alm
2023-06-02 00:10:15,905:INFO:pysm3:Alm to map HEALPix
2023-06-02 00:10:30,462:INFO:mapsims:Writing output map cmbs4_ksz_ksz1_uKCMB_LAT-CHLAT_f040_nside4096.fits
2023-06-02 00:10:30,462:INFO:mapsims:Replace NaN with UNSEEN
2023-06-02 00:10:31,207:INFO:mapsims:Reorder ring to nest
2023-06-02 00:10:47,576:INFO:mapsims:Writing output map

real	18m9.776s
user	511m7.879s
sys	6m13.254s
