
WARNING: version mismatch between CFITSIO header (v3.47) and linked library (v4.02).


WARNING: version mismatch between CFITSIO header (v3.47) and linked library (v4.02).


WARNING: version mismatch between CFITSIO header (v3.47) and linked library (v4.02).

2023-06-02 00:08:20,212:INFO:mapsims:Parsing configuration from common.toml, dust_d9.toml
2023-06-02 00:08:20,222:INFO:mapsims:Nside: 4096, Modeling Nside: 8192, Ellmax: 10240
2023-06-02 00:08:20,224:INFO:mapsims:Initializing the PySM Sky object
2023-06-02 00:08:20,225:INFO:pysm3:Access data from /mnt/sdceph/users/azonca/pysm-data/dust_gnilc/gnilc_dust_template_nside8192.fits
2023-06-02 00:08:42,232:INFO:mapsims:Processing channel Channel CHLAT_f040
2023-06-02 00:08:42,232:INFO:mapsims:Bandpass integration for Channel CHLAT_f040
2023-06-02 00:11:50,672:INFO:mapsims:Smoothing and coord-transform for Channel CHLAT_f040
2023-06-02 00:11:50,673:INFO:pysm3:Using map2alm with pixel weights
2023-06-02 00:12:23,874:INFO:pysm3:Smoothing with fwhm of 5.3 arcmin
2023-06-02 00:12:27,521:INFO:pysm3:Rotate Alm
2023-06-02 00:26:11,820:INFO:pysm3:Alm to map HEALPix
2023-06-02 00:26:26,815:INFO:mapsims:Writing output map cmbs4_dust_d9_uKCMB_LAT-CHLAT_f040_nside4096.fits
2023-06-02 00:26:26,815:INFO:mapsims:Replace NaN with UNSEEN
2023-06-02 00:26:27,564:INFO:mapsims:Reorder ring to nest
2023-06-02 00:26:43,990:INFO:mapsims:Writing output map

real	18m33.344s
user	403m15.453s
sys	2m4.562s
