
WARNING: version mismatch between CFITSIO header (v3.47) and linked library (v4.02).


WARNING: version mismatch between CFITSIO header (v3.47) and linked library (v4.02).


WARNING: version mismatch between CFITSIO header (v3.47) and linked library (v4.02).

2023-06-02 00:07:42,058:INFO:mapsims:Parsing configuration from common.toml, dust_d10.toml
2023-06-02 00:07:42,068:INFO:mapsims:Nside: 4096, Modeling Nside: 8192, Ellmax: 10240
2023-06-02 00:07:42,069:INFO:mapsims:Initializing the PySM Sky object
2023-06-02 00:07:42,071:INFO:pysm3:Access data from /mnt/sdceph/users/azonca/pysm-data/dust_gnilc/gnilc_dust_template_nside8192.fits
2023-06-02 00:08:07,122:INFO:pysm3:Access data from /mnt/sdceph/users/azonca/pysm-data/dust_gnilc/gnilc_dust_beta_nside8192.fits
2023-06-02 00:08:23,785:INFO:pysm3:Access data from /mnt/sdceph/users/azonca/pysm-data/dust_gnilc/gnilc_dust_Td_nside8192.fits
2023-06-02 00:08:45,340:INFO:mapsims:Processing channel Channel SPLAT_f030
2023-06-02 00:08:45,340:INFO:mapsims:Bandpass integration for Channel SPLAT_f030
2023-06-02 00:20:08,160:INFO:mapsims:Smoothing and coord-transform for Channel SPLAT_f030
2023-06-02 00:20:08,161:INFO:pysm3:Using map2alm with pixel weights
2023-06-02 00:20:40,933:INFO:pysm3:Smoothing with fwhm of 9.1 arcmin
2023-06-02 00:20:44,610:INFO:pysm3:Rotate Alm
2023-06-02 00:35:03,187:INFO:pysm3:Alm to map HEALPix
2023-06-02 00:35:17,916:INFO:mapsims:Writing output map cmbs4_dust_d10_uKCMB_LAT-SPLAT_f030_nside4096.fits
2023-06-02 00:35:17,916:INFO:mapsims:Replace NaN with UNSEEN
2023-06-02 00:35:18,594:INFO:mapsims:Reorder ring to nest
2023-06-02 00:35:34,678:INFO:mapsims:Writing output map

real	28m3.190s
user	470m5.148s
sys	5m2.342s
