
WARNING: version mismatch between CFITSIO header (v3.47) and linked library (v4.02).


WARNING: version mismatch between CFITSIO header (v3.47) and linked library (v4.02).


WARNING: version mismatch between CFITSIO header (v3.47) and linked library (v4.02).

2023-06-01 23:49:54,898:INFO:mapsims:Parsing configuration from common.toml, co_co1.toml
2023-06-01 23:49:54,909:INFO:mapsims:Nside: 4096, Modeling Nside: 2048, Ellmax: 5120
2023-06-01 23:49:54,912:INFO:mapsims:Initializing the PySM Sky object
2023-06-01 23:49:54,913:INFO:pysm3:Access data from /mnt/sdceph/users/azonca/pysm-data/co/HFI_CompMap_CO-Type1_2048_R2.00_ring.fits
2023-06-01 23:49:54,913:INFO:pysm3:Access data from /mnt/sdceph/users/azonca/pysm-data/co/HFI_CompMap_CO-Type1_2048_R2.00_ring.fits
2023-06-01 23:50:15,556:INFO:mapsims:Processing channel Channel CHLAT_f030
2023-06-01 23:50:15,557:INFO:mapsims:Bandpass integration for Channel CHLAT_f030
2023-06-01 23:50:16,948:INFO:mapsims:Smoothing and coord-transform for Channel CHLAT_f030
/mnt/home/azonca/mambaforge-pypy3/envs/so/lib/python3.10/site-packages/healpy/sphtfunc.py:414: RuntimeWarning: invalid value encountered in double_scalars
  return realalm2alm(res[0]), res[3] / norm(maps.reshape((-1,))), res[2]
2023-06-01 23:50:27,139:INFO:pysm3:Used map2alm_lsq, converged in 0 iterations,residual relative error nan
2023-06-01 23:50:27,139:INFO:pysm3:Smoothing with fwhm of 7.8 arcmin
2023-06-01 23:50:28,071:INFO:pysm3:Rotate Alm
2023-06-01 23:51:44,630:INFO:pysm3:Alm to map HEALPix
2023-06-01 23:51:55,651:INFO:mapsims:Writing output map cmbs4_co_co1_uKCMB_LAT-CHLAT_f030_nside4096.fits
2023-06-01 23:51:55,651:INFO:mapsims:Replace NaN with UNSEEN
2023-06-01 23:51:56,310:INFO:mapsims:Reorder ring to nest
2023-06-01 23:52:12,032:INFO:mapsims:Writing output map

real	2m29.228s
user	64m36.056s
sys	0m45.403s
