
WARNING: version mismatch between CFITSIO header (v3.47) and linked library (v4.02).


WARNING: version mismatch between CFITSIO header (v3.47) and linked library (v4.02).


WARNING: version mismatch between CFITSIO header (v3.47) and linked library (v4.02).

2023-06-02 00:08:59,336:INFO:mapsims:Parsing configuration from common.toml, dust_d9.toml
2023-06-02 00:08:59,346:INFO:mapsims:Nside: 512, Modeling Nside: 2048, Ellmax: 1280
2023-06-02 00:08:59,347:INFO:mapsims:Initializing the PySM Sky object
2023-06-02 00:08:59,348:INFO:pysm3:Access data from /mnt/sdceph/users/azonca/pysm-data/dust_gnilc/gnilc_dust_template_nside2048.fits
2023-06-02 00:09:00,567:INFO:mapsims:Processing channel Channel SAT_f145
2023-06-02 00:09:00,567:INFO:mapsims:Bandpass integration for Channel SAT_f145
2023-06-02 00:09:15,020:INFO:mapsims:Smoothing and coord-transform for Channel SAT_f145
2023-06-02 00:09:15,021:INFO:pysm3:Using map2alm with pixel weights
2023-06-02 00:09:16,856:INFO:pysm3:Smoothing with fwhm of 15.8 arcmin
2023-06-02 00:09:16,907:INFO:pysm3:Rotate Alm
2023-06-02 00:09:18,985:INFO:pysm3:Alm to map HEALPix
2023-06-02 00:09:19,213:INFO:mapsims:Writing output map cmbs4_dust_d9_uKCMB_SAT-SAT_f145_nside512.fits
2023-06-02 00:09:19,213:INFO:mapsims:Replace NaN with UNSEEN
2023-06-02 00:09:19,222:INFO:mapsims:Reorder ring to nest
2023-06-02 00:09:19,464:INFO:mapsims:Writing output map

real	0m22.265s
user	2m37.956s
sys	0m10.489s
