
WARNING: version mismatch between CFITSIO header (v3.47) and linked library (v4.02).


WARNING: version mismatch between CFITSIO header (v3.47) and linked library (v4.02).


WARNING: version mismatch between CFITSIO header (v3.47) and linked library (v4.02).

2023-06-28 16:30:45,432:INFO:mapsims:Parsing configuration from common.toml, dust_d10.toml
2023-06-28 16:30:45,448:INFO:mapsims:Nside: 512, Modeling Nside: 2048, Ellmax: 1280
2023-06-28 16:30:45,450:INFO:mapsims:Initializing the PySM Sky object
2023-06-28 16:30:45,453:INFO:pysm3:Access data from /mnt/sdceph/users/azonca/pysm-data/dust_gnilc/gnilc_dust_template_nside2048.fits
2023-06-28 16:31:09,125:INFO:pysm3:Retrieve data for dust_gnilc/gnilc_dust_beta_nside2048_2023.06.06.fits (if not cached already)
2023-06-28 16:31:09,514:INFO:pysm3:Retrieve data for dust_gnilc/gnilc_dust_Td_nside2048_2023.06.06.fits (if not cached already)
2023-06-28 16:31:09,863:INFO:mapsims:Processing channel Channel SAT_f030
2023-06-28 16:31:09,863:INFO:mapsims:Bandpass integration for Channel SAT_f030
2023-06-28 16:31:55,848:INFO:mapsims:Smoothing and coord-transform for Channel SAT_f030
2023-06-28 16:31:55,852:INFO:pysm3:Using map2alm with pixel weights
2023-06-28 16:31:57,307:INFO:pysm3:Smoothing with fwhm of 85.2 arcmin
2023-06-28 16:31:57,363:INFO:pysm3:Rotate Alm
2023-06-28 16:31:59,801:INFO:pysm3:Alm to map HEALPix
2023-06-28 16:31:59,985:INFO:mapsims:Writing output map cmbs4_dust_d10_uKCMB_SAT_f030_nside512.fits
2023-06-28 16:31:59,985:INFO:mapsims:Replace NaN with UNSEEN
2023-06-28 16:31:59,994:INFO:mapsims:Reorder ring to nest
2023-06-28 16:32:00,182:INFO:mapsims:Writing output map

real	1m21.537s
user	3m57.372s
sys	0m22.457s
