
WARNING: version mismatch between CFITSIO header (v3.47) and linked library (v4.02).


WARNING: version mismatch between CFITSIO header (v3.47) and linked library (v4.02).


WARNING: version mismatch between CFITSIO header (v3.47) and linked library (v4.02).

2023-06-02 00:41:46,721:INFO:mapsims:Parsing configuration from common.toml, synchrotron_s5.toml
2023-06-02 00:41:46,730:INFO:mapsims:Nside: 4096, Modeling Nside: 8192, Ellmax: 10240
2023-06-02 00:41:46,732:INFO:mapsims:Initializing the PySM Sky object
2023-06-02 00:41:46,733:INFO:pysm3:Access data from /mnt/sdceph/users/azonca/pysm-data/synch/synch_template_nside8192_2023.02.25.fits
2023-06-02 00:42:06,927:INFO:pysm3:Access data from /mnt/sdceph/users/azonca/pysm-data/synch/synch_beta_nside8192.fits
2023-06-02 00:42:12,308:INFO:mapsims:Processing channel Channel CHLAT_f280
2023-06-02 00:42:12,308:INFO:mapsims:Bandpass integration for Channel CHLAT_f280
2023-06-02 00:44:10,013:INFO:mapsims:Smoothing and coord-transform for Channel CHLAT_f280
2023-06-02 00:44:10,014:INFO:pysm3:Using map2alm with pixel weights
2023-06-02 00:44:43,839:INFO:pysm3:Smoothing with fwhm of 0.83 arcmin
2023-06-02 00:44:47,175:INFO:pysm3:Rotate Alm
2023-06-02 00:58:00,094:INFO:pysm3:Alm to map HEALPix
2023-06-02 00:58:15,938:INFO:mapsims:Writing output map cmbs4_synchrotron_s5_uKCMB_LAT-CHLAT_f280_nside4096.fits
2023-06-02 00:58:15,939:INFO:mapsims:Replace NaN with UNSEEN
2023-06-02 00:58:16,694:INFO:mapsims:Reorder ring to nest
2023-06-02 00:58:32,670:INFO:mapsims:Writing output map

real	16m56.115s
user	468m47.998s
sys	2m44.304s
