
WARNING: version mismatch between CFITSIO header (v3.47) and linked library (v4.02).


WARNING: version mismatch between CFITSIO header (v3.47) and linked library (v4.02).


WARNING: version mismatch between CFITSIO header (v3.47) and linked library (v4.02).

2023-06-28 16:30:40,619:INFO:mapsims:Parsing configuration from common.toml, dust_d9.toml
2023-06-28 16:30:40,631:INFO:mapsims:Nside: 512, Modeling Nside: 2048, Ellmax: 1280
2023-06-28 16:30:40,632:INFO:mapsims:Initializing the PySM Sky object
2023-06-28 16:30:40,633:INFO:pysm3:Access data from /mnt/sdceph/users/azonca/pysm-data/dust_gnilc/gnilc_dust_template_nside2048.fits
2023-06-28 16:30:41,807:INFO:mapsims:Processing channel Channel SAT_f040
2023-06-28 16:30:41,807:INFO:mapsims:Bandpass integration for Channel SAT_f040
2023-06-28 16:30:55,577:INFO:mapsims:Smoothing and coord-transform for Channel SAT_f040
2023-06-28 16:30:55,578:INFO:pysm3:Using map2alm with pixel weights
2023-06-28 16:30:57,030:INFO:pysm3:Smoothing with fwhm of 61.6 arcmin
2023-06-28 16:30:57,084:INFO:pysm3:Rotate Alm
2023-06-28 16:30:59,445:INFO:pysm3:Alm to map HEALPix
2023-06-28 16:30:59,693:INFO:mapsims:Writing output map cmbs4_dust_d9_uKCMB_SAT_f040_nside512.fits
2023-06-28 16:30:59,693:INFO:mapsims:Replace NaN with UNSEEN
2023-06-28 16:30:59,701:INFO:mapsims:Reorder ring to nest
2023-06-28 16:30:59,888:INFO:mapsims:Writing output map

real	0m21.628s
user	2m34.708s
sys	0m10.254s
