
WARNING: version mismatch between CFITSIO header (v3.47) and linked library (v4.02).


WARNING: version mismatch between CFITSIO header (v3.47) and linked library (v4.02).


WARNING: version mismatch between CFITSIO header (v3.47) and linked library (v4.02).

2023-06-02 00:40:13,434:INFO:mapsims:Parsing configuration from common.toml, synchrotron_s5.toml
2023-06-02 00:40:13,470:INFO:mapsims:Nside: 4096, Modeling Nside: 8192, Ellmax: 10240
2023-06-02 00:40:13,472:INFO:mapsims:Initializing the PySM Sky object
2023-06-02 00:40:13,473:INFO:pysm3:Access data from /mnt/sdceph/users/azonca/pysm-data/synch/synch_template_nside8192_2023.02.25.fits
2023-06-02 00:40:33,723:INFO:pysm3:Access data from /mnt/sdceph/users/azonca/pysm-data/synch/synch_beta_nside8192.fits
2023-06-02 00:44:58,753:INFO:mapsims:Processing channel Channel CHLAT_f030
2023-06-02 00:44:58,753:INFO:mapsims:Bandpass integration for Channel CHLAT_f030
2023-06-02 00:46:59,698:INFO:mapsims:Smoothing and coord-transform for Channel CHLAT_f030
2023-06-02 00:46:59,700:INFO:pysm3:Using map2alm with pixel weights
2023-06-02 00:47:34,312:INFO:pysm3:Smoothing with fwhm of 7.8 arcmin
2023-06-02 00:47:37,624:INFO:pysm3:Rotate Alm
2023-06-02 01:01:22,723:INFO:pysm3:Alm to map HEALPix
2023-06-02 01:01:38,678:INFO:mapsims:Writing output map cmbs4_synchrotron_s5_uKCMB_LAT-CHLAT_f030_nside4096.fits
2023-06-02 01:01:38,678:INFO:mapsims:Replace NaN with UNSEEN
2023-06-02 01:01:39,585:INFO:mapsims:Reorder ring to nest
2023-06-02 01:01:55,593:INFO:mapsims:Writing output map

real	21m52.584s
user	499m7.089s
sys	2m47.756s
