
WARNING: version mismatch between CFITSIO header (v3.47) and linked library (v4.02).


WARNING: version mismatch between CFITSIO header (v3.47) and linked library (v4.02).


WARNING: version mismatch between CFITSIO header (v3.47) and linked library (v4.02).

2023-06-02 00:27:47,891:INFO:mapsims:Parsing configuration from common.toml, cmb_c3.toml
2023-06-02 00:27:47,901:INFO:mapsims:Nside: 512, Modeling Nside: 4096, Ellmax: 1280
2023-06-02 00:27:47,902:INFO:mapsims:Initializing the PySM Sky object
2023-06-02 00:27:47,903:INFO:pysm3:Access data from /mnt/sdceph/users/azonca/pysm-data/websky/0.4/cmb/map_I_unlensed_alm_seed1_nside4096.fits
2023-06-02 00:27:47,904:INFO:pysm3:Access data from /mnt/sdceph/users/azonca/pysm-data/websky/0.4/cmb/map_Q_unlensed_alm_seed1_nside4096.fits
2023-06-02 00:27:47,905:INFO:pysm3:Access data from /mnt/sdceph/users/azonca/pysm-data/websky/0.4/cmb/map_U_unlensed_alm_seed1_nside4096.fits
2023-06-02 00:27:47,905:INFO:pysm3:Access data from /mnt/sdceph/users/azonca/pysm-data/websky/0.4/cmb/map_I_unlensed_alm_seed1_nside4096.fits
2023-06-02 00:27:49,255:INFO:pysm3:Access data from /mnt/sdceph/users/azonca/pysm-data/websky/0.4/cmb/map_Q_unlensed_alm_seed1_nside4096.fits
2023-06-02 00:27:50,601:INFO:pysm3:Access data from /mnt/sdceph/users/azonca/pysm-data/websky/0.4/cmb/map_U_unlensed_alm_seed1_nside4096.fits
2023-06-02 00:27:52,809:INFO:mapsims:Processing channel Channel SAT_f155
2023-06-02 00:27:52,809:INFO:mapsims:Bandpass integration for Channel SAT_f155
2023-06-02 00:27:55,492:INFO:mapsims:Smoothing and coord-transform for Channel SAT_f155
2023-06-02 00:27:55,492:INFO:pysm3:Using map2alm with pixel weights
2023-06-02 00:28:00,964:INFO:pysm3:Smoothing with fwhm of 14.3 arcmin
2023-06-02 00:28:01,016:INFO:pysm3:Rotate Alm
2023-06-02 00:28:03,698:INFO:pysm3:Alm to map HEALPix
2023-06-02 00:28:03,900:INFO:mapsims:Writing output map cmbs4_cmb_c3_uKCMB_SAT-SAT_f155_nside512.fits
2023-06-02 00:28:03,900:INFO:mapsims:Replace NaN with UNSEEN
2023-06-02 00:28:03,910:INFO:mapsims:Reorder ring to nest
2023-06-02 00:28:04,126:INFO:mapsims:Writing output map

real	0m18.259s
user	2m51.694s
sys	0m10.052s
