
WARNING: version mismatch between CFITSIO header (v3.47) and linked library (v4.02).


WARNING: version mismatch between CFITSIO header (v3.47) and linked library (v4.02).


WARNING: version mismatch between CFITSIO header (v3.47) and linked library (v4.02).

2023-06-02 00:29:38,775:INFO:mapsims:Parsing configuration from common.toml, dust_d12.toml
2023-06-02 00:29:38,785:INFO:mapsims:Nside: 4096, Modeling Nside: 2048, Ellmax: 5120
2023-06-02 00:29:38,787:INFO:mapsims:Initializing the PySM Sky object
2023-06-02 00:29:41,166:INFO:pysm3:Access data from /mnt/sdceph/users/azonca/pysm-data/mkd_dust/2048/thermaldust_ampl1.fits
2023-06-02 00:32:12,331:INFO:pysm3:Access data from /mnt/sdceph/users/azonca/pysm-data/mkd_dust/2048/thermaldust_ampl2.fits
2023-06-02 00:34:52,864:INFO:pysm3:Access data from /mnt/sdceph/users/azonca/pysm-data/mkd_dust/2048/thermaldust_ampl3.fits
2023-06-02 00:36:35,186:INFO:pysm3:Access data from /mnt/sdceph/users/azonca/pysm-data/mkd_dust/2048/thermaldust_ampl4.fits
2023-06-02 00:36:36,889:INFO:pysm3:Access data from /mnt/sdceph/users/azonca/pysm-data/mkd_dust/2048/thermaldust_ampl5.fits
2023-06-02 00:36:40,032:INFO:pysm3:Access data from /mnt/sdceph/users/azonca/pysm-data/mkd_dust/2048/thermaldust_ampl6.fits
2023-06-02 00:36:49,185:INFO:pysm3:Access data from /mnt/sdceph/users/azonca/pysm-data/mkd_dust/2048/thermaldust_specind1.fits
2023-06-02 00:36:49,672:INFO:pysm3:Access data from /mnt/sdceph/users/azonca/pysm-data/mkd_dust/2048/thermaldust_specind2.fits
2023-06-02 00:36:50,256:INFO:pysm3:Access data from /mnt/sdceph/users/azonca/pysm-data/mkd_dust/2048/thermaldust_specind3.fits
2023-06-02 00:36:51,255:INFO:pysm3:Access data from /mnt/sdceph/users/azonca/pysm-data/mkd_dust/2048/thermaldust_specind4.fits
2023-06-02 00:36:51,742:INFO:pysm3:Access data from /mnt/sdceph/users/azonca/pysm-data/mkd_dust/2048/thermaldust_specind5.fits
2023-06-02 00:36:52,260:INFO:pysm3:Access data from /mnt/sdceph/users/azonca/pysm-data/mkd_dust/2048/thermaldust_specind6.fits
2023-06-02 00:36:53,503:INFO:pysm3:Access data from /mnt/sdceph/users/azonca/pysm-data/mkd_dust/2048/thermaldust_temp1.fits
2023-06-02 00:36:54,048:INFO:pysm3:Access data from /mnt/sdceph/users/azonca/pysm-data/mkd_dust/2048/thermaldust_temp2.fits
2023-06-02 00:36:54,804:INFO:pysm3:Access data from /mnt/sdceph/users/azonca/pysm-data/mkd_dust/2048/thermaldust_temp3.fits
2023-06-02 00:36:55,307:INFO:pysm3:Access data from /mnt/sdceph/users/azonca/pysm-data/mkd_dust/2048/thermaldust_temp4.fits
2023-06-02 00:36:55,875:INFO:pysm3:Access data from /mnt/sdceph/users/azonca/pysm-data/mkd_dust/2048/thermaldust_temp5.fits
2023-06-02 00:36:56,355:INFO:pysm3:Access data from /mnt/sdceph/users/azonca/pysm-data/mkd_dust/2048/thermaldust_temp6.fits
2023-06-02 00:36:57,152:INFO:mapsims:Processing channel Channel CHLAT_f150
2023-06-02 00:36:57,153:INFO:mapsims:Bandpass integration for Channel CHLAT_f150
2023-06-02 00:42:07,457:INFO:mapsims:Smoothing and coord-transform for Channel CHLAT_f150
2023-06-02 00:43:39,973:WARNING:pysm3:hp.map2alm_lsq did not converge in 10 iterations, residual relative error is 0.00093
2023-06-02 00:43:39,974:INFO:pysm3:Smoothing with fwhm of 1.3 arcmin
2023-06-02 00:43:40,838:INFO:pysm3:Rotate Alm
2023-06-02 00:45:09,904:INFO:pysm3:Alm to map HEALPix
2023-06-02 00:45:22,076:INFO:mapsims:Writing output map cmbs4_dust_d12_uKCMB_LAT-CHLAT_f150_nside4096.fits
2023-06-02 00:45:22,077:INFO:mapsims:Replace NaN with UNSEEN
2023-06-02 00:45:22,904:INFO:mapsims:Reorder ring to nest
2023-06-02 00:45:39,015:INFO:mapsims:Writing output map

real	16m11.500s
user	102m37.417s
sys	5m25.945s
