
WARNING: version mismatch between CFITSIO header (v3.47) and linked library (v4.02).


WARNING: version mismatch between CFITSIO header (v3.47) and linked library (v4.02).


WARNING: version mismatch between CFITSIO header (v3.47) and linked library (v4.02).

2023-06-02 00:41:34,801:INFO:mapsims:Parsing configuration from common.toml, synchrotron_s5.toml
2023-06-02 00:41:34,837:INFO:mapsims:Nside: 4096, Modeling Nside: 8192, Ellmax: 10240
2023-06-02 00:41:34,839:INFO:mapsims:Initializing the PySM Sky object
2023-06-02 00:41:34,840:INFO:pysm3:Access data from /mnt/sdceph/users/azonca/pysm-data/synch/synch_template_nside8192_2023.02.25.fits
2023-06-02 00:41:55,919:INFO:pysm3:Access data from /mnt/sdceph/users/azonca/pysm-data/synch/synch_beta_nside8192.fits
2023-06-02 00:42:01,566:INFO:mapsims:Processing channel Channel SPLAT_f220
2023-06-02 00:42:01,566:INFO:mapsims:Bandpass integration for Channel SPLAT_f220
2023-06-02 00:44:02,720:INFO:mapsims:Smoothing and coord-transform for Channel SPLAT_f220
2023-06-02 00:44:02,721:INFO:pysm3:Using map2alm with pixel weights
2023-06-02 00:44:38,138:INFO:pysm3:Smoothing with fwhm of 1.1 arcmin
2023-06-02 00:44:41,500:INFO:pysm3:Rotate Alm
2023-06-02 00:58:45,604:INFO:pysm3:Alm to map HEALPix
2023-06-02 00:59:01,909:INFO:mapsims:Writing output map cmbs4_synchrotron_s5_uKCMB_LAT-SPLAT_f220_nside4096.fits
2023-06-02 00:59:01,909:INFO:mapsims:Replace NaN with UNSEEN
2023-06-02 00:59:02,840:INFO:mapsims:Reorder ring to nest
2023-06-02 00:59:18,796:INFO:mapsims:Writing output map

real	17m54.941s
user	509m49.124s
sys	2m46.266s
