
WARNING: version mismatch between CFITSIO header (v3.47) and linked library (v4.02).


WARNING: version mismatch between CFITSIO header (v3.47) and linked library (v4.02).


WARNING: version mismatch between CFITSIO header (v3.47) and linked library (v4.02).

2023-06-02 00:07:51,253:INFO:mapsims:Parsing configuration from common.toml, dust_d10.toml
2023-06-02 00:07:51,263:INFO:mapsims:Nside: 512, Modeling Nside: 2048, Ellmax: 1280
2023-06-02 00:07:51,265:INFO:mapsims:Initializing the PySM Sky object
2023-06-02 00:07:51,266:INFO:pysm3:Access data from /mnt/sdceph/users/azonca/pysm-data/dust_gnilc/gnilc_dust_template_nside2048.fits
2023-06-02 00:07:55,042:INFO:pysm3:Access data from /mnt/sdceph/users/azonca/pysm-data/dust_gnilc/gnilc_dust_beta_nside2048.fits
2023-06-02 00:07:56,595:INFO:pysm3:Access data from /mnt/sdceph/users/azonca/pysm-data/dust_gnilc/gnilc_dust_Td_nside2048.fits
2023-06-02 00:07:58,349:INFO:mapsims:Processing channel Channel SAT_f085
2023-06-02 00:07:58,350:INFO:mapsims:Bandpass integration for Channel SAT_f085
2023-06-02 00:08:45,654:INFO:mapsims:Smoothing and coord-transform for Channel SAT_f085
2023-06-02 00:08:45,655:INFO:pysm3:Using map2alm with pixel weights
2023-06-02 00:08:47,454:INFO:pysm3:Smoothing with fwhm of 24.6 arcmin
2023-06-02 00:08:47,507:INFO:pysm3:Rotate Alm
2023-06-02 00:08:50,089:INFO:pysm3:Alm to map HEALPix
2023-06-02 00:08:50,319:INFO:mapsims:Writing output map cmbs4_dust_d10_uKCMB_SAT-SAT_f085_nside512.fits
2023-06-02 00:08:50,319:INFO:mapsims:Replace NaN with UNSEEN
2023-06-02 00:08:50,330:INFO:mapsims:Reorder ring to nest
2023-06-02 00:08:50,572:INFO:mapsims:Writing output map

real	1m1.525s
user	4m21.425s
sys	0m23.222s
