
WARNING: version mismatch between CFITSIO header (v3.47) and linked library (v4.02).


WARNING: version mismatch between CFITSIO header (v3.47) and linked library (v4.02).


WARNING: version mismatch between CFITSIO header (v3.47) and linked library (v4.02).

2023-06-02 00:35:31,324:INFO:mapsims:Parsing configuration from common.toml, ame_a2.toml
2023-06-02 00:35:31,346:INFO:mapsims:Nside: 4096, Modeling Nside: 512, Ellmax: 1280
2023-06-02 00:35:31,348:INFO:mapsims:Initializing the PySM Sky object
2023-06-02 00:35:31,349:INFO:pysm3:Access data from /mnt/sdceph/users/azonca/pysm-data/pysm_2/ame_t_new.fits
2023-06-02 00:35:31,392:INFO:pysm3:Access data from /mnt/sdceph/users/azonca/pysm-data/pysm_2/ame_nu_peak_0.fits
2023-06-02 00:35:36,993:INFO:pysm3:Access data from /mnt/sdceph/users/azonca/pysm-data/pysm_2/emissivity.txt
2023-06-02 00:35:37,006:INFO:pysm3:Access data from /mnt/sdceph/users/azonca/pysm-data/pysm_2/dust_u_new.fits
2023-06-02 00:35:37,048:WARNING:pysm3:No physical unit associated with file /mnt/sdceph/users/azonca/pysm-data/pysm_2/dust_u_new.fits
2023-06-02 00:35:37,050:INFO:pysm3:Access data from /mnt/sdceph/users/azonca/pysm-data/pysm_2/dust_q_new.fits
2023-06-02 00:35:37,091:WARNING:pysm3:No physical unit associated with file /mnt/sdceph/users/azonca/pysm-data/pysm_2/dust_q_new.fits
2023-06-02 00:35:37,154:INFO:pysm3:Access data from /mnt/sdceph/users/azonca/pysm-data/pysm_2/ame2_t_new.fits
2023-06-02 00:35:37,194:INFO:pysm3:Access data from /mnt/sdceph/users/azonca/pysm-data/pysm_2/emissivity.txt
2023-06-02 00:35:37,199:INFO:pysm3:Access data from /mnt/sdceph/users/azonca/pysm-data/pysm_2/dust_u_new.fits
2023-06-02 00:35:37,230:WARNING:pysm3:No physical unit associated with file /mnt/sdceph/users/azonca/pysm-data/pysm_2/dust_u_new.fits
2023-06-02 00:35:37,231:INFO:pysm3:Access data from /mnt/sdceph/users/azonca/pysm-data/pysm_2/dust_q_new.fits
2023-06-02 00:35:37,261:WARNING:pysm3:No physical unit associated with file /mnt/sdceph/users/azonca/pysm-data/pysm_2/dust_q_new.fits
2023-06-02 00:35:37,326:INFO:mapsims:Processing channel Channel CHLAT_f030
2023-06-02 00:35:37,327:INFO:mapsims:Bandpass integration for Channel CHLAT_f030
2023-06-02 00:35:45,668:INFO:mapsims:Smoothing and coord-transform for Channel CHLAT_f030
2023-06-02 00:35:50,783:INFO:pysm3:Used map2alm_lsq, converged in 8 iterations,residual relative error 0.038
2023-06-02 00:35:50,784:INFO:pysm3:Smoothing with fwhm of 7.8 arcmin
2023-06-02 00:35:50,832:INFO:pysm3:Rotate Alm
2023-06-02 00:35:53,308:INFO:pysm3:Alm to map HEALPix
2023-06-02 00:36:04,418:INFO:mapsims:Writing output map cmbs4_ame_a2_uKCMB_LAT-CHLAT_f030_nside4096.fits
2023-06-02 00:36:04,418:INFO:mapsims:Replace NaN with UNSEEN
2023-06-02 00:36:05,339:INFO:mapsims:Reorder ring to nest
2023-06-02 00:36:22,159:INFO:mapsims:Writing output map

real	1m2.652s
user	4m39.053s
sys	1m18.536s
