
WARNING: version mismatch between CFITSIO header (v3.47) and linked library (v4.02).


WARNING: version mismatch between CFITSIO header (v3.47) and linked library (v4.02).


WARNING: version mismatch between CFITSIO header (v3.47) and linked library (v4.02).

2023-06-01 23:50:56,927:INFO:mapsims:Parsing configuration from common.toml, cmb_c4.toml
2023-06-01 23:50:56,939:INFO:mapsims:Nside: 4096, Modeling Nside: 4096, Ellmax: 10240
2023-06-01 23:50:56,941:INFO:mapsims:Initializing the PySM Sky object
2023-06-01 23:50:56,943:INFO:pysm3:Access data from /mnt/sdceph/users/azonca/pysm-data/websky/0.4/cmb/map_I_lensed_alm_seed1_nside4096.fits
2023-06-01 23:50:56,944:INFO:pysm3:Access data from /mnt/sdceph/users/azonca/pysm-data/websky/0.4/cmb/map_Q_lensed_alm_seed1_nside4096.fits
2023-06-01 23:50:56,944:INFO:pysm3:Access data from /mnt/sdceph/users/azonca/pysm-data/websky/0.4/cmb/map_U_lensed_alm_seed1_nside4096.fits
2023-06-01 23:50:56,945:INFO:pysm3:Access data from /mnt/sdceph/users/azonca/pysm-data/websky/0.4/cmb/map_I_lensed_alm_seed1_nside4096.fits
2023-06-01 23:50:58,564:INFO:pysm3:Access data from /mnt/sdceph/users/azonca/pysm-data/websky/0.4/cmb/map_Q_lensed_alm_seed1_nside4096.fits
2023-06-01 23:51:00,167:INFO:pysm3:Access data from /mnt/sdceph/users/azonca/pysm-data/websky/0.4/cmb/map_U_lensed_alm_seed1_nside4096.fits
2023-06-01 23:51:02,581:INFO:mapsims:Processing channel Channel CHLAT_f280
2023-06-01 23:51:02,581:INFO:mapsims:Bandpass integration for Channel CHLAT_f280
2023-06-01 23:51:05,337:INFO:mapsims:Smoothing and coord-transform for Channel CHLAT_f280
2023-06-01 23:53:14,283:INFO:pysm3:Used map2alm_lsq, converged in 2 iterations,residual relative error 4.9e-08
2023-06-01 23:53:14,285:INFO:pysm3:Smoothing with fwhm of 0.83 arcmin
2023-06-01 23:53:18,013:INFO:pysm3:Rotate Alm
2023-06-02 00:07:12,784:INFO:pysm3:Alm to map HEALPix
2023-06-02 00:07:27,662:INFO:mapsims:Writing output map cmbs4_cmb_c4_uKCMB_LAT-CHLAT_f280_nside4096.fits
2023-06-02 00:07:27,662:INFO:mapsims:Replace NaN with UNSEEN
2023-06-02 00:07:28,404:INFO:mapsims:Reorder ring to nest
2023-06-02 00:07:44,486:INFO:mapsims:Writing output map

real	17m0.973s
user	431m40.012s
sys	2m20.753s
