
WARNING: version mismatch between CFITSIO header (v3.47) and linked library (v4.02).


WARNING: version mismatch between CFITSIO header (v3.47) and linked library (v4.02).


WARNING: version mismatch between CFITSIO header (v3.47) and linked library (v4.02).

2023-06-02 00:37:17,470:INFO:mapsims:Parsing configuration from common.toml, co_co3.toml
2023-06-02 00:37:17,480:INFO:mapsims:Nside: 4096, Modeling Nside: 2048, Ellmax: 5120
2023-06-02 00:37:17,482:INFO:mapsims:Initializing the PySM Sky object
2023-06-02 00:37:17,483:INFO:pysm3:Access data from /mnt/sdceph/users/azonca/pysm-data/co/HFI_CompMap_CO-Type1_2048_R2.00_ring.fits
2023-06-02 00:37:17,484:INFO:pysm3:Access data from /mnt/sdceph/users/azonca/pysm-data/co/HFI_CompMap_CO-Type1_2048_R2.00_ring.fits
2023-06-02 00:37:32,259:INFO:pysm3:Access data from /mnt/sdceph/users/azonca/pysm-data/co/psimap_dust90_2048.fits
2023-06-02 00:37:32,260:INFO:pysm3:Access data from /mnt/sdceph/users/azonca/pysm-data/co/psimap_dust90_2048.fits
2023-06-02 00:38:07,925:WARNING:pysm3:No physical unit associated with file /mnt/sdceph/users/azonca/pysm-data/co/psimap_dust90_2048.fits
2023-06-02 00:38:07,926:INFO:pysm3:Access data from /mnt/sdceph/users/azonca/pysm-data/co/gmap_dust90_2048.fits
2023-06-02 00:38:07,926:INFO:pysm3:Access data from /mnt/sdceph/users/azonca/pysm-data/co/gmap_dust90_2048.fits
2023-06-02 00:39:10,456:WARNING:pysm3:No physical unit associated with file /mnt/sdceph/users/azonca/pysm-data/co/gmap_dust90_2048.fits
2023-06-02 00:39:10,457:INFO:pysm3:Access data from /mnt/sdceph/users/azonca/pysm-data/co/mcmoleCO_HGL_2048.fits
2023-06-02 00:39:10,458:INFO:pysm3:Access data from /mnt/sdceph/users/azonca/pysm-data/co/mcmoleCO_HGL_2048.fits
2023-06-02 00:39:19,531:INFO:mapsims:Processing channel Channel CHLAT_f150
2023-06-02 00:39:19,531:INFO:mapsims:Bandpass integration for Channel CHLAT_f150
2023-06-02 00:39:20,448:INFO:mapsims:Smoothing and coord-transform for Channel CHLAT_f150
/mnt/home/azonca/mambaforge-pypy3/envs/so/lib/python3.10/site-packages/healpy/sphtfunc.py:414: RuntimeWarning: invalid value encountered in double_scalars
  return realalm2alm(res[0]), res[3] / norm(maps.reshape((-1,))), res[2]
2023-06-02 00:39:27,811:INFO:pysm3:Used map2alm_lsq, converged in 0 iterations,residual relative error nan
2023-06-02 00:39:27,811:INFO:pysm3:Smoothing with fwhm of 1.3 arcmin
2023-06-02 00:39:28,322:INFO:pysm3:Rotate Alm
2023-06-02 00:40:16,953:INFO:pysm3:Alm to map HEALPix
2023-06-02 00:40:25,678:INFO:mapsims:Writing output map cmbs4_co_co3_uKCMB_LAT-CHLAT_f150_nside4096.fits
2023-06-02 00:40:25,678:INFO:mapsims:Replace NaN with UNSEEN
2023-06-02 00:40:26,208:INFO:mapsims:Reorder ring to nest
2023-06-02 00:40:38,557:INFO:mapsims:Writing output map

real	3m28.598s
user	42m35.600s
sys	0m35.189s
