
WARNING: version mismatch between CFITSIO header (v3.47) and linked library (v4.02).


WARNING: version mismatch between CFITSIO header (v3.47) and linked library (v4.02).


WARNING: version mismatch between CFITSIO header (v3.47) and linked library (v4.02).

2023-06-28 16:30:40,613:INFO:mapsims:Parsing configuration from common.toml, dust_d9.toml
2023-06-28 16:30:40,623:INFO:mapsims:Nside: 512, Modeling Nside: 2048, Ellmax: 1280
2023-06-28 16:30:40,625:INFO:mapsims:Initializing the PySM Sky object
2023-06-28 16:30:40,626:INFO:pysm3:Access data from /mnt/sdceph/users/azonca/pysm-data/dust_gnilc/gnilc_dust_template_nside2048.fits
2023-06-28 16:30:41,761:INFO:mapsims:Processing channel Channel SAT_f030
2023-06-28 16:30:41,762:INFO:mapsims:Bandpass integration for Channel SAT_f030
2023-06-28 16:30:55,473:INFO:mapsims:Smoothing and coord-transform for Channel SAT_f030
2023-06-28 16:30:55,474:INFO:pysm3:Using map2alm with pixel weights
2023-06-28 16:30:56,863:INFO:pysm3:Smoothing with fwhm of 85.2 arcmin
2023-06-28 16:30:56,917:INFO:pysm3:Rotate Alm
2023-06-28 16:30:59,064:INFO:pysm3:Alm to map HEALPix
2023-06-28 16:30:59,303:INFO:mapsims:Writing output map cmbs4_dust_d9_uKCMB_SAT_f030_nside512.fits
2023-06-28 16:30:59,303:INFO:mapsims:Replace NaN with UNSEEN
2023-06-28 16:30:59,312:INFO:mapsims:Reorder ring to nest
2023-06-28 16:30:59,501:INFO:mapsims:Writing output map

real	0m21.252s
user	2m22.163s
sys	0m10.066s
