
WARNING: version mismatch between CFITSIO header (v3.47) and linked library (v4.02).


WARNING: version mismatch between CFITSIO header (v3.47) and linked library (v4.02).


WARNING: version mismatch between CFITSIO header (v3.47) and linked library (v4.02).

2023-06-02 00:35:31,280:INFO:mapsims:Parsing configuration from common.toml, ame_a2.toml
2023-06-02 00:35:31,305:INFO:mapsims:Nside: 4096, Modeling Nside: 512, Ellmax: 1280
2023-06-02 00:35:31,308:INFO:mapsims:Initializing the PySM Sky object
2023-06-02 00:35:31,309:INFO:pysm3:Access data from /mnt/sdceph/users/azonca/pysm-data/pysm_2/ame_t_new.fits
2023-06-02 00:35:31,347:INFO:pysm3:Access data from /mnt/sdceph/users/azonca/pysm-data/pysm_2/ame_nu_peak_0.fits
2023-06-02 00:35:31,541:INFO:pysm3:Access data from /mnt/sdceph/users/azonca/pysm-data/pysm_2/emissivity.txt
2023-06-02 00:35:31,557:INFO:pysm3:Access data from /mnt/sdceph/users/azonca/pysm-data/pysm_2/dust_u_new.fits
2023-06-02 00:35:31,601:WARNING:pysm3:No physical unit associated with file /mnt/sdceph/users/azonca/pysm-data/pysm_2/dust_u_new.fits
2023-06-02 00:35:31,602:INFO:pysm3:Access data from /mnt/sdceph/users/azonca/pysm-data/pysm_2/dust_q_new.fits
2023-06-02 00:35:31,642:WARNING:pysm3:No physical unit associated with file /mnt/sdceph/users/azonca/pysm-data/pysm_2/dust_q_new.fits
2023-06-02 00:35:31,705:INFO:pysm3:Access data from /mnt/sdceph/users/azonca/pysm-data/pysm_2/ame2_t_new.fits
2023-06-02 00:35:31,742:INFO:pysm3:Access data from /mnt/sdceph/users/azonca/pysm-data/pysm_2/emissivity.txt
2023-06-02 00:35:31,747:INFO:pysm3:Access data from /mnt/sdceph/users/azonca/pysm-data/pysm_2/dust_u_new.fits
2023-06-02 00:35:31,778:WARNING:pysm3:No physical unit associated with file /mnt/sdceph/users/azonca/pysm-data/pysm_2/dust_u_new.fits
2023-06-02 00:35:31,779:INFO:pysm3:Access data from /mnt/sdceph/users/azonca/pysm-data/pysm_2/dust_q_new.fits
2023-06-02 00:35:31,810:WARNING:pysm3:No physical unit associated with file /mnt/sdceph/users/azonca/pysm-data/pysm_2/dust_q_new.fits
2023-06-02 00:35:31,871:INFO:mapsims:Processing channel Channel SPLAT_f030
2023-06-02 00:35:31,872:INFO:mapsims:Bandpass integration for Channel SPLAT_f030
2023-06-02 00:35:40,219:INFO:mapsims:Smoothing and coord-transform for Channel SPLAT_f030
2023-06-02 00:35:44,938:INFO:pysm3:Used map2alm_lsq, converged in 8 iterations,residual relative error 0.038
2023-06-02 00:35:44,939:INFO:pysm3:Smoothing with fwhm of 9.1 arcmin
2023-06-02 00:35:44,985:INFO:pysm3:Rotate Alm
2023-06-02 00:35:47,329:INFO:pysm3:Alm to map HEALPix
2023-06-02 00:35:58,376:INFO:mapsims:Writing output map cmbs4_ame_a2_uKCMB_LAT-SPLAT_f030_nside4096.fits
2023-06-02 00:35:58,376:INFO:mapsims:Replace NaN with UNSEEN
2023-06-02 00:35:59,125:INFO:mapsims:Reorder ring to nest
2023-06-02 00:36:14,527:INFO:mapsims:Writing output map

real	0m54.772s
user	4m16.985s
sys	1m20.847s
