
WARNING: version mismatch between CFITSIO header (v3.47) and linked library (v4.02).


WARNING: version mismatch between CFITSIO header (v3.47) and linked library (v4.02).


WARNING: version mismatch between CFITSIO header (v3.47) and linked library (v4.02).

2023-06-02 00:43:15,718:INFO:mapsims:Parsing configuration from common.toml, ame_a1.toml
2023-06-02 00:43:15,734:INFO:mapsims:Nside: 4096, Modeling Nside: 512, Ellmax: 1280
2023-06-02 00:43:15,735:INFO:mapsims:Initializing the PySM Sky object
2023-06-02 00:43:15,736:INFO:pysm3:Access data from /mnt/sdceph/users/azonca/pysm-data/pysm_2/ame_t_new.fits
2023-06-02 00:43:15,762:INFO:pysm3:Access data from /mnt/sdceph/users/azonca/pysm-data/pysm_2/ame_nu_peak_0.fits
2023-06-02 00:43:15,789:INFO:pysm3:Access data from /mnt/sdceph/users/azonca/pysm-data/pysm_2/emissivity.txt
2023-06-02 00:43:15,791:INFO:pysm3:Access data from /mnt/sdceph/users/azonca/pysm-data/pysm_2/ame2_t_new.fits
2023-06-02 00:43:15,814:INFO:pysm3:Access data from /mnt/sdceph/users/azonca/pysm-data/pysm_2/emissivity.txt
2023-06-02 00:43:15,816:INFO:mapsims:Processing channel Channel CHLAT_f090
2023-06-02 00:43:15,816:INFO:mapsims:Bandpass integration for Channel CHLAT_f090
2023-06-02 00:43:22,513:INFO:mapsims:Smoothing and coord-transform for Channel CHLAT_f090
2023-06-02 00:43:26,823:INFO:pysm3:Used map2alm_lsq, converged in 7 iterations,residual relative error 0.15
2023-06-02 00:43:26,824:INFO:pysm3:Smoothing with fwhm of 2.1 arcmin
2023-06-02 00:43:26,880:INFO:pysm3:Rotate Alm
2023-06-02 00:43:29,396:INFO:pysm3:Alm to map HEALPix
2023-06-02 00:43:38,819:INFO:mapsims:Writing output map cmbs4_ame_a1_uKCMB_LAT-CHLAT_f090_nside4096.fits
2023-06-02 00:43:38,819:INFO:mapsims:Replace NaN with UNSEEN
2023-06-02 00:43:39,716:INFO:mapsims:Reorder ring to nest
2023-06-02 00:43:56,040:INFO:mapsims:Writing output map

real	1m12.987s
user	3m50.113s
sys	1m19.043s
