
WARNING: version mismatch between CFITSIO header (v3.47) and linked library (v4.02).


WARNING: version mismatch between CFITSIO header (v3.47) and linked library (v4.02).


WARNING: version mismatch between CFITSIO header (v3.47) and linked library (v4.02).

2023-06-02 00:26:46,802:INFO:mapsims:Parsing configuration from common.toml, cmb_c3.toml
2023-06-02 00:26:46,813:INFO:mapsims:Nside: 4096, Modeling Nside: 4096, Ellmax: 10240
2023-06-02 00:26:46,815:INFO:mapsims:Initializing the PySM Sky object
2023-06-02 00:26:46,816:INFO:pysm3:Access data from /mnt/sdceph/users/azonca/pysm-data/websky/0.4/cmb/map_I_unlensed_alm_seed1_nside4096.fits
2023-06-02 00:26:46,816:INFO:pysm3:Access data from /mnt/sdceph/users/azonca/pysm-data/websky/0.4/cmb/map_Q_unlensed_alm_seed1_nside4096.fits
2023-06-02 00:26:46,817:INFO:pysm3:Access data from /mnt/sdceph/users/azonca/pysm-data/websky/0.4/cmb/map_U_unlensed_alm_seed1_nside4096.fits
2023-06-02 00:26:46,817:INFO:pysm3:Access data from /mnt/sdceph/users/azonca/pysm-data/websky/0.4/cmb/map_I_unlensed_alm_seed1_nside4096.fits
2023-06-02 00:26:48,494:INFO:pysm3:Access data from /mnt/sdceph/users/azonca/pysm-data/websky/0.4/cmb/map_Q_unlensed_alm_seed1_nside4096.fits
2023-06-02 00:26:49,998:INFO:pysm3:Access data from /mnt/sdceph/users/azonca/pysm-data/websky/0.4/cmb/map_U_unlensed_alm_seed1_nside4096.fits
2023-06-02 00:26:52,437:INFO:mapsims:Processing channel Channel CHLAT_f090
2023-06-02 00:26:52,438:INFO:mapsims:Bandpass integration for Channel CHLAT_f090
2023-06-02 00:26:54,984:INFO:mapsims:Smoothing and coord-transform for Channel CHLAT_f090
2023-06-02 00:29:02,531:INFO:pysm3:Used map2alm_lsq, converged in 2 iterations,residual relative error 5e-08
2023-06-02 00:29:02,532:INFO:pysm3:Smoothing with fwhm of 2.1 arcmin
2023-06-02 00:29:06,066:INFO:pysm3:Rotate Alm
2023-06-02 00:42:50,567:INFO:pysm3:Alm to map HEALPix
2023-06-02 00:43:05,335:INFO:mapsims:Writing output map cmbs4_cmb_c3_uKCMB_LAT-CHLAT_f090_nside4096.fits
2023-06-02 00:43:05,335:INFO:mapsims:Replace NaN with UNSEEN
2023-06-02 00:43:06,021:INFO:mapsims:Reorder ring to nest
2023-06-02 00:43:21,913:INFO:mapsims:Writing output map

real	17m2.532s
user	441m7.148s
sys	2m19.109s
