
WARNING: version mismatch between CFITSIO header (v3.47) and linked library (v4.02).


WARNING: version mismatch between CFITSIO header (v3.47) and linked library (v4.02).


WARNING: version mismatch between CFITSIO header (v3.47) and linked library (v4.02).

2023-06-02 00:36:45,660:INFO:mapsims:Parsing configuration from common.toml, ame_a2.toml
2023-06-02 00:36:45,684:INFO:mapsims:Nside: 512, Modeling Nside: 512, Ellmax: 1280
2023-06-02 00:36:45,686:INFO:mapsims:Initializing the PySM Sky object
2023-06-02 00:36:45,686:INFO:pysm3:Access data from /mnt/sdceph/users/azonca/pysm-data/pysm_2/ame_t_new.fits
2023-06-02 00:36:45,732:INFO:pysm3:Access data from /mnt/sdceph/users/azonca/pysm-data/pysm_2/ame_nu_peak_0.fits
2023-06-02 00:36:45,784:INFO:pysm3:Access data from /mnt/sdceph/users/azonca/pysm-data/pysm_2/emissivity.txt
2023-06-02 00:36:45,789:INFO:pysm3:Access data from /mnt/sdceph/users/azonca/pysm-data/pysm_2/dust_u_new.fits
2023-06-02 00:36:45,833:WARNING:pysm3:No physical unit associated with file /mnt/sdceph/users/azonca/pysm-data/pysm_2/dust_u_new.fits
2023-06-02 00:36:45,834:INFO:pysm3:Access data from /mnt/sdceph/users/azonca/pysm-data/pysm_2/dust_q_new.fits
2023-06-02 00:36:45,892:WARNING:pysm3:No physical unit associated with file /mnt/sdceph/users/azonca/pysm-data/pysm_2/dust_q_new.fits
2023-06-02 00:36:45,953:INFO:pysm3:Access data from /mnt/sdceph/users/azonca/pysm-data/pysm_2/ame2_t_new.fits
2023-06-02 00:36:45,997:INFO:pysm3:Access data from /mnt/sdceph/users/azonca/pysm-data/pysm_2/emissivity.txt
2023-06-02 00:36:45,999:INFO:pysm3:Access data from /mnt/sdceph/users/azonca/pysm-data/pysm_2/dust_u_new.fits
2023-06-02 00:36:46,028:WARNING:pysm3:No physical unit associated with file /mnt/sdceph/users/azonca/pysm-data/pysm_2/dust_u_new.fits
2023-06-02 00:36:46,028:INFO:pysm3:Access data from /mnt/sdceph/users/azonca/pysm-data/pysm_2/dust_q_new.fits
2023-06-02 00:36:46,054:WARNING:pysm3:No physical unit associated with file /mnt/sdceph/users/azonca/pysm-data/pysm_2/dust_q_new.fits
2023-06-02 00:36:46,114:INFO:mapsims:Processing channel Channel SAT_f155
2023-06-02 00:36:46,114:INFO:mapsims:Bandpass integration for Channel SAT_f155
2023-06-02 00:36:54,386:INFO:mapsims:Smoothing and coord-transform for Channel SAT_f155
2023-06-02 00:36:58,356:INFO:pysm3:Used map2alm_lsq, converged in 7 iterations,residual relative error 0.19
2023-06-02 00:36:58,357:INFO:pysm3:Smoothing with fwhm of 14.3 arcmin
2023-06-02 00:36:58,408:INFO:pysm3:Rotate Alm
2023-06-02 00:37:00,976:INFO:pysm3:Alm to map HEALPix
2023-06-02 00:37:01,139:INFO:mapsims:Writing output map cmbs4_ame_a2_uKCMB_SAT-SAT_f155_nside512.fits
2023-06-02 00:37:01,139:INFO:mapsims:Replace NaN with UNSEEN
2023-06-02 00:37:01,148:INFO:mapsims:Reorder ring to nest
2023-06-02 00:37:01,387:INFO:mapsims:Writing output map

real	0m17.731s
user	3m15.565s
sys	1m6.148s
