
WARNING: version mismatch between CFITSIO header (v3.47) and linked library (v4.02).


WARNING: version mismatch between CFITSIO header (v3.47) and linked library (v4.02).


WARNING: version mismatch between CFITSIO header (v3.47) and linked library (v4.02).

2023-06-01 23:49:54,694:INFO:mapsims:Parsing configuration from common.toml, synchrotron_s4.toml
2023-06-01 23:49:54,705:INFO:mapsims:Nside: 512, Modeling Nside: 2048, Ellmax: 1280
2023-06-01 23:49:54,706:INFO:mapsims:Initializing the PySM Sky object
2023-06-01 23:49:54,707:INFO:pysm3:Access data from /mnt/sdceph/users/azonca/pysm-data/synch/synch_template_nside2048_2023.02.25.fits
2023-06-01 23:49:59,285:INFO:mapsims:Processing channel Channel SAT_f145
2023-06-01 23:49:59,285:INFO:mapsims:Bandpass integration for Channel SAT_f145
2023-06-01 23:50:07,768:INFO:mapsims:Smoothing and coord-transform for Channel SAT_f145
2023-06-01 23:50:07,773:INFO:pysm3:Using map2alm with pixel weights
2023-06-01 23:50:09,599:INFO:pysm3:Smoothing with fwhm of 15.8 arcmin
2023-06-01 23:50:09,654:INFO:pysm3:Rotate Alm
2023-06-01 23:50:11,925:INFO:pysm3:Alm to map HEALPix
2023-06-01 23:50:12,208:INFO:mapsims:Writing output map cmbs4_synchrotron_s4_uKCMB_SAT-SAT_f145_nside512.fits
2023-06-01 23:50:12,208:INFO:mapsims:Replace NaN with UNSEEN
2023-06-01 23:50:12,218:INFO:mapsims:Reorder ring to nest
2023-06-01 23:50:12,414:INFO:mapsims:Writing output map

real	0m21.280s
user	2m39.244s
sys	0m13.962s
