
WARNING: version mismatch between CFITSIO header (v3.47) and linked library (v4.02).


WARNING: version mismatch between CFITSIO header (v3.47) and linked library (v4.02).


WARNING: version mismatch between CFITSIO header (v3.47) and linked library (v4.02).

2023-06-02 00:37:09,207:INFO:mapsims:Parsing configuration from common.toml, co_co3.toml
2023-06-02 00:37:09,217:INFO:mapsims:Nside: 4096, Modeling Nside: 2048, Ellmax: 5120
2023-06-02 00:37:09,218:INFO:mapsims:Initializing the PySM Sky object
2023-06-02 00:37:09,219:INFO:pysm3:Access data from /mnt/sdceph/users/azonca/pysm-data/co/HFI_CompMap_CO-Type1_2048_R2.00_ring.fits
2023-06-02 00:37:09,220:INFO:pysm3:Access data from /mnt/sdceph/users/azonca/pysm-data/co/HFI_CompMap_CO-Type1_2048_R2.00_ring.fits
2023-06-02 00:37:28,859:INFO:pysm3:Access data from /mnt/sdceph/users/azonca/pysm-data/co/psimap_dust90_2048.fits
2023-06-02 00:37:28,860:INFO:pysm3:Access data from /mnt/sdceph/users/azonca/pysm-data/co/psimap_dust90_2048.fits
2023-06-02 00:37:52,595:WARNING:pysm3:No physical unit associated with file /mnt/sdceph/users/azonca/pysm-data/co/psimap_dust90_2048.fits
2023-06-02 00:37:52,597:INFO:pysm3:Access data from /mnt/sdceph/users/azonca/pysm-data/co/gmap_dust90_2048.fits
2023-06-02 00:37:52,598:INFO:pysm3:Access data from /mnt/sdceph/users/azonca/pysm-data/co/gmap_dust90_2048.fits
2023-06-02 00:39:17,584:WARNING:pysm3:No physical unit associated with file /mnt/sdceph/users/azonca/pysm-data/co/gmap_dust90_2048.fits
2023-06-02 00:39:17,586:INFO:pysm3:Access data from /mnt/sdceph/users/azonca/pysm-data/co/mcmoleCO_HGL_2048.fits
2023-06-02 00:39:17,586:INFO:pysm3:Access data from /mnt/sdceph/users/azonca/pysm-data/co/mcmoleCO_HGL_2048.fits
2023-06-02 00:39:19,341:INFO:mapsims:Processing channel Channel CHLAT_f220
2023-06-02 00:39:19,341:INFO:mapsims:Bandpass integration for Channel CHLAT_f220
2023-06-02 00:39:22,655:INFO:mapsims:Smoothing and coord-transform for Channel CHLAT_f220
2023-06-02 00:40:57,610:WARNING:pysm3:hp.map2alm_lsq did not converge in 10 iterations, residual relative error is 0.48
2023-06-02 00:40:57,610:INFO:pysm3:Smoothing with fwhm of 0.95 arcmin
2023-06-02 00:40:58,466:INFO:pysm3:Rotate Alm
2023-06-02 00:42:32,181:INFO:pysm3:Alm to map HEALPix
2023-06-02 00:42:44,698:INFO:mapsims:Writing output map cmbs4_co_co3_uKCMB_LAT-CHLAT_f220_nside4096.fits
2023-06-02 00:42:44,698:INFO:mapsims:Replace NaN with UNSEEN
2023-06-02 00:42:45,608:INFO:mapsims:Reorder ring to nest
2023-06-02 00:43:02,087:INFO:mapsims:Writing output map

real	6m2.865s
user	94m4.603s
sys	3m28.002s
