
WARNING: version mismatch between CFITSIO header (v3.47) and linked library (v4.02).


WARNING: version mismatch between CFITSIO header (v3.47) and linked library (v4.02).


WARNING: version mismatch between CFITSIO header (v3.47) and linked library (v4.02).

2023-06-01 23:52:21,490:INFO:mapsims:Parsing configuration from common.toml, cmb_c4.toml
2023-06-01 23:52:21,502:INFO:mapsims:Nside: 512, Modeling Nside: 4096, Ellmax: 1280
2023-06-01 23:52:21,504:INFO:mapsims:Initializing the PySM Sky object
2023-06-01 23:52:21,506:INFO:pysm3:Access data from /mnt/sdceph/users/azonca/pysm-data/websky/0.4/cmb/map_I_lensed_alm_seed1_nside4096.fits
2023-06-01 23:52:21,507:INFO:pysm3:Access data from /mnt/sdceph/users/azonca/pysm-data/websky/0.4/cmb/map_Q_lensed_alm_seed1_nside4096.fits
2023-06-01 23:52:21,508:INFO:pysm3:Access data from /mnt/sdceph/users/azonca/pysm-data/websky/0.4/cmb/map_U_lensed_alm_seed1_nside4096.fits
2023-06-01 23:52:21,508:INFO:pysm3:Access data from /mnt/sdceph/users/azonca/pysm-data/websky/0.4/cmb/map_I_lensed_alm_seed1_nside4096.fits
2023-06-01 23:52:22,975:INFO:pysm3:Access data from /mnt/sdceph/users/azonca/pysm-data/websky/0.4/cmb/map_Q_lensed_alm_seed1_nside4096.fits
2023-06-01 23:52:24,544:INFO:pysm3:Access data from /mnt/sdceph/users/azonca/pysm-data/websky/0.4/cmb/map_U_lensed_alm_seed1_nside4096.fits
2023-06-01 23:52:27,000:INFO:mapsims:Processing channel Channel SAT_f040
2023-06-01 23:52:27,000:INFO:mapsims:Bandpass integration for Channel SAT_f040
2023-06-01 23:52:29,739:INFO:mapsims:Smoothing and coord-transform for Channel SAT_f040
2023-06-01 23:52:29,742:INFO:pysm3:Using map2alm with pixel weights
2023-06-01 23:52:34,822:INFO:pysm3:Smoothing with fwhm of 61.6 arcmin
2023-06-01 23:52:34,877:INFO:pysm3:Rotate Alm
2023-06-01 23:52:37,077:INFO:pysm3:Alm to map HEALPix
2023-06-01 23:52:37,252:INFO:mapsims:Writing output map cmbs4_cmb_c4_uKCMB_SAT-SAT_f040_nside512.fits
2023-06-01 23:52:37,252:INFO:mapsims:Replace NaN with UNSEEN
2023-06-01 23:52:37,260:INFO:mapsims:Reorder ring to nest
2023-06-01 23:52:37,482:INFO:mapsims:Writing output map

real	0m19.902s
user	2m19.278s
sys	0m10.790s
