
WARNING: version mismatch between CFITSIO header (v3.47) and linked library (v4.02).


WARNING: version mismatch between CFITSIO header (v3.47) and linked library (v4.02).


WARNING: version mismatch between CFITSIO header (v3.47) and linked library (v4.02).

2023-06-02 00:10:40,405:INFO:mapsims:Parsing configuration from common.toml, cib_cib1.toml
2023-06-02 00:10:40,416:INFO:mapsims:Nside: 4096, Modeling Nside: 4096, Ellmax: 10240
2023-06-02 00:10:40,417:INFO:mapsims:Initializing the PySM Sky object
2023-06-02 00:10:40,642:INFO:mapsims:Processing channel Channel SPLAT_f150
2023-06-02 00:10:40,642:INFO:mapsims:Bandpass integration for Channel SPLAT_f150
2023-06-02 00:10:40,830:INFO:pysm3:Frequencies considered: [111. 129. 143. 153. 164. 189.]
2023-06-02 00:10:40,953:INFO:pysm3:Access data from /mnt/sdceph/users/azonca/pysm-data/websky/0.4/cib/cib_0111.0.fits
2023-06-02 00:10:40,954:INFO:pysm3:Reading map /mnt/sdceph/users/azonca/pysm-data/websky/0.4/cib/cib_0111.0.fits
2023-06-02 00:10:40,955:INFO:pysm3:Access data from /mnt/sdceph/users/azonca/pysm-data/websky/0.4/cib/cib_0111.0.fits
2023-06-02 00:10:50,657:INFO:pysm3:Access data from /mnt/sdceph/users/azonca/pysm-data/websky/0.4/cib/cib_0111.0.fits
2023-06-02 00:10:55,566:INFO:pysm3:Mean emission at 111.0 GHz in I: 13.31 uK_RJ
2023-06-02 00:10:55,668:INFO:pysm3:Access data from /mnt/sdceph/users/azonca/pysm-data/websky/0.4/cib/cib_0129.0.fits
2023-06-02 00:10:55,668:INFO:pysm3:Reading map /mnt/sdceph/users/azonca/pysm-data/websky/0.4/cib/cib_0129.0.fits
2023-06-02 00:10:55,668:INFO:pysm3:Access data from /mnt/sdceph/users/azonca/pysm-data/websky/0.4/cib/cib_0129.0.fits
2023-06-02 00:11:05,096:INFO:pysm3:Access data from /mnt/sdceph/users/azonca/pysm-data/websky/0.4/cib/cib_0129.0.fits
2023-06-02 00:11:09,486:INFO:pysm3:Mean emission at 129.0 GHz in I: 15.97 uK_RJ
2023-06-02 00:11:09,488:INFO:pysm3:Access data from /mnt/sdceph/users/azonca/pysm-data/websky/0.4/cib/cib_0143.0.fits
2023-06-02 00:11:09,488:INFO:pysm3:Reading map /mnt/sdceph/users/azonca/pysm-data/websky/0.4/cib/cib_0143.0.fits
2023-06-02 00:11:09,489:INFO:pysm3:Access data from /mnt/sdceph/users/azonca/pysm-data/websky/0.4/cib/cib_0143.0.fits
2023-06-02 00:11:19,581:INFO:pysm3:Access data from /mnt/sdceph/users/azonca/pysm-data/websky/0.4/cib/cib_0143.0.fits
2023-06-02 00:11:23,977:INFO:pysm3:Mean emission at 143.0 GHz in I: 17.98 uK_RJ
2023-06-02 00:11:23,979:INFO:pysm3:Access data from /mnt/sdceph/users/azonca/pysm-data/websky/0.4/cib/cib_0153.0.fits
2023-06-02 00:11:23,979:INFO:pysm3:Reading map /mnt/sdceph/users/azonca/pysm-data/websky/0.4/cib/cib_0153.0.fits
2023-06-02 00:11:23,980:INFO:pysm3:Access data from /mnt/sdceph/users/azonca/pysm-data/websky/0.4/cib/cib_0153.0.fits
2023-06-02 00:11:31,665:INFO:pysm3:Access data from /mnt/sdceph/users/azonca/pysm-data/websky/0.4/cib/cib_0153.0.fits
2023-06-02 00:11:36,058:INFO:pysm3:Mean emission at 153.0 GHz in I: 19.36 uK_RJ
2023-06-02 00:11:36,060:INFO:pysm3:Access data from /mnt/sdceph/users/azonca/pysm-data/websky/0.4/cib/cib_0164.0.fits
2023-06-02 00:11:36,060:INFO:pysm3:Reading map /mnt/sdceph/users/azonca/pysm-data/websky/0.4/cib/cib_0164.0.fits
2023-06-02 00:11:36,062:INFO:pysm3:Access data from /mnt/sdceph/users/azonca/pysm-data/websky/0.4/cib/cib_0164.0.fits
2023-06-02 00:11:46,668:INFO:pysm3:Access data from /mnt/sdceph/users/azonca/pysm-data/websky/0.4/cib/cib_0164.0.fits
2023-06-02 00:11:51,073:INFO:pysm3:Mean emission at 164.0 GHz in I: 20.82 uK_RJ
2023-06-02 00:11:51,074:INFO:pysm3:Access data from /mnt/sdceph/users/azonca/pysm-data/websky/0.4/cib/cib_0189.0.fits
2023-06-02 00:11:51,074:INFO:pysm3:Reading map /mnt/sdceph/users/azonca/pysm-data/websky/0.4/cib/cib_0189.0.fits
2023-06-02 00:11:51,075:INFO:pysm3:Access data from /mnt/sdceph/users/azonca/pysm-data/websky/0.4/cib/cib_0189.0.fits
2023-06-02 00:11:56,820:INFO:pysm3:Access data from /mnt/sdceph/users/azonca/pysm-data/websky/0.4/cib/cib_0189.0.fits
2023-06-02 00:12:01,218:INFO:pysm3:Mean emission at 189.0 GHz in I: 23.88 uK_RJ
2023-06-02 00:12:28,932:INFO:mapsims:Smoothing and coord-transform for Channel SPLAT_f150
2023-06-02 00:19:33,305:WARNING:pysm3:hp.map2alm_lsq did not converge in 10 iterations, residual relative error is 0.37
2023-06-02 00:19:33,306:INFO:pysm3:Smoothing with fwhm of 1.5 arcmin
2023-06-02 00:19:36,714:INFO:pysm3:Rotate Alm
2023-06-02 00:29:52,054:INFO:pysm3:Alm to map HEALPix
2023-06-02 00:30:08,196:INFO:mapsims:Writing output map cmbs4_cib_cib1_uKCMB_LAT-SPLAT_f150_nside4096.fits
2023-06-02 00:30:08,197:INFO:mapsims:Replace NaN with UNSEEN
2023-06-02 00:30:09,111:INFO:mapsims:Reorder ring to nest
2023-06-02 00:30:25,420:INFO:mapsims:Writing output map

real	19m56.293s
user	567m9.065s
sys	6m45.135s
