
WARNING: version mismatch between CFITSIO header (v3.47) and linked library (v4.02).


WARNING: version mismatch between CFITSIO header (v3.47) and linked library (v4.02).


WARNING: version mismatch between CFITSIO header (v3.47) and linked library (v4.02).

2023-06-02 00:43:39,673:INFO:mapsims:Parsing configuration from common.toml, ame_a1.toml
2023-06-02 00:43:39,682:INFO:mapsims:Nside: 512, Modeling Nside: 512, Ellmax: 1280
2023-06-02 00:43:39,684:INFO:mapsims:Initializing the PySM Sky object
2023-06-02 00:43:39,685:INFO:pysm3:Access data from /mnt/sdceph/users/azonca/pysm-data/pysm_2/ame_t_new.fits
2023-06-02 00:43:39,712:INFO:pysm3:Access data from /mnt/sdceph/users/azonca/pysm-data/pysm_2/ame_nu_peak_0.fits
2023-06-02 00:43:39,741:INFO:pysm3:Access data from /mnt/sdceph/users/azonca/pysm-data/pysm_2/emissivity.txt
2023-06-02 00:43:39,745:INFO:pysm3:Access data from /mnt/sdceph/users/azonca/pysm-data/pysm_2/ame2_t_new.fits
2023-06-02 00:43:39,769:INFO:pysm3:Access data from /mnt/sdceph/users/azonca/pysm-data/pysm_2/emissivity.txt
2023-06-02 00:43:39,773:INFO:mapsims:Processing channel Channel SAT_f095
2023-06-02 00:43:39,773:INFO:mapsims:Bandpass integration for Channel SAT_f095
2023-06-02 00:43:46,623:INFO:mapsims:Smoothing and coord-transform for Channel SAT_f095
2023-06-02 00:43:50,667:INFO:pysm3:Used map2alm_lsq, converged in 7 iterations,residual relative error 0.16
2023-06-02 00:43:50,668:INFO:pysm3:Smoothing with fwhm of 22.4 arcmin
2023-06-02 00:43:50,720:INFO:pysm3:Rotate Alm
2023-06-02 00:43:53,119:INFO:pysm3:Alm to map HEALPix
2023-06-02 00:43:53,291:INFO:mapsims:Writing output map cmbs4_ame_a1_uKCMB_SAT-SAT_f095_nside512.fits
2023-06-02 00:43:53,291:INFO:mapsims:Replace NaN with UNSEEN
2023-06-02 00:43:53,300:INFO:mapsims:Reorder ring to nest
2023-06-02 00:43:53,528:INFO:mapsims:Writing output map

real	0m15.856s
user	3m2.260s
sys	1m10.300s
