
WARNING: version mismatch between CFITSIO header (v3.47) and linked library (v4.02).


WARNING: version mismatch between CFITSIO header (v3.47) and linked library (v4.02).


WARNING: version mismatch between CFITSIO header (v3.47) and linked library (v4.02).

2023-06-02 00:44:18,948:INFO:mapsims:Parsing configuration from common.toml, radio_rg1.toml
2023-06-02 00:44:18,975:INFO:mapsims:Nside: 512, Modeling Nside: 4096, Ellmax: 1280
2023-06-02 00:44:18,977:INFO:mapsims:Initializing the PySM Sky object
2023-06-02 00:44:19,194:INFO:mapsims:Processing channel Channel SAT_f155
2023-06-02 00:44:19,194:INFO:mapsims:Bandpass integration for Channel SAT_f155
2023-06-02 00:44:19,388:INFO:pysm3:Frequencies considered: [129. 143. 153. 164. 189.]
2023-06-02 00:44:19,465:INFO:pysm3:Access data from /mnt/sdceph/users/azonca/pysm-data/websky/0.4/radio/radio_0129.0.fits
2023-06-02 00:44:19,465:INFO:pysm3:Reading map /mnt/sdceph/users/azonca/pysm-data/websky/0.4/radio/radio_0129.0.fits
2023-06-02 00:44:19,466:INFO:pysm3:Access data from /mnt/sdceph/users/azonca/pysm-data/websky/0.4/radio/radio_0129.0.fits
2023-06-02 00:45:36,552:INFO:pysm3:Access data from /mnt/sdceph/users/azonca/pysm-data/websky/0.4/radio/radio_0129.0.fits
2023-06-02 00:45:41,403:INFO:pysm3:Mean emission at 129.0 GHz in I: 0.5486 uK_RJ
2023-06-02 00:45:41,505:INFO:pysm3:Access data from /mnt/sdceph/users/azonca/pysm-data/websky/0.4/radio/radio_0143.0.fits
2023-06-02 00:45:41,505:INFO:pysm3:Reading map /mnt/sdceph/users/azonca/pysm-data/websky/0.4/radio/radio_0143.0.fits
2023-06-02 00:45:41,506:INFO:pysm3:Access data from /mnt/sdceph/users/azonca/pysm-data/websky/0.4/radio/radio_0143.0.fits
2023-06-02 00:45:57,220:INFO:pysm3:Access data from /mnt/sdceph/users/azonca/pysm-data/websky/0.4/radio/radio_0143.0.fits
2023-06-02 00:46:01,546:INFO:pysm3:Mean emission at 143.0 GHz in I: 0.4221 uK_RJ
2023-06-02 00:46:01,548:INFO:pysm3:Access data from /mnt/sdceph/users/azonca/pysm-data/websky/0.4/radio/radio_0153.0.fits
2023-06-02 00:46:01,548:INFO:pysm3:Reading map /mnt/sdceph/users/azonca/pysm-data/websky/0.4/radio/radio_0153.0.fits
2023-06-02 00:46:01,549:INFO:pysm3:Access data from /mnt/sdceph/users/azonca/pysm-data/websky/0.4/radio/radio_0153.0.fits
2023-06-02 00:47:04,179:INFO:pysm3:Access data from /mnt/sdceph/users/azonca/pysm-data/websky/0.4/radio/radio_0153.0.fits
2023-06-02 00:47:08,505:INFO:pysm3:Mean emission at 153.0 GHz in I: 0.357 uK_RJ
2023-06-02 00:47:08,507:INFO:pysm3:Access data from /mnt/sdceph/users/azonca/pysm-data/websky/0.4/radio/radio_0164.0.fits
2023-06-02 00:47:08,507:INFO:pysm3:Reading map /mnt/sdceph/users/azonca/pysm-data/websky/0.4/radio/radio_0164.0.fits
2023-06-02 00:47:08,508:INFO:pysm3:Access data from /mnt/sdceph/users/azonca/pysm-data/websky/0.4/radio/radio_0164.0.fits
2023-06-02 00:51:41,413:INFO:pysm3:Access data from /mnt/sdceph/users/azonca/pysm-data/websky/0.4/radio/radio_0164.0.fits
2023-06-02 00:51:45,737:INFO:pysm3:Mean emission at 164.0 GHz in I: 0.3017 uK_RJ
2023-06-02 00:51:45,739:INFO:pysm3:Access data from /mnt/sdceph/users/azonca/pysm-data/websky/0.4/radio/radio_0189.0.fits
2023-06-02 00:51:45,739:INFO:pysm3:Reading map /mnt/sdceph/users/azonca/pysm-data/websky/0.4/radio/radio_0189.0.fits
2023-06-02 00:51:45,740:INFO:pysm3:Access data from /mnt/sdceph/users/azonca/pysm-data/websky/0.4/radio/radio_0189.0.fits
2023-06-02 00:54:29,083:INFO:pysm3:Access data from /mnt/sdceph/users/azonca/pysm-data/websky/0.4/radio/radio_0189.0.fits
2023-06-02 00:54:33,394:INFO:pysm3:Mean emission at 189.0 GHz in I: 0.2159 uK_RJ
2023-06-02 00:55:01,485:INFO:mapsims:Smoothing and coord-transform for Channel SAT_f155
2023-06-02 00:55:01,486:INFO:pysm3:Using map2alm with pixel weights
2023-06-02 00:55:07,094:INFO:pysm3:Smoothing with fwhm of 14.3 arcmin
2023-06-02 00:55:07,147:INFO:pysm3:Rotate Alm
2023-06-02 00:55:09,886:INFO:pysm3:Alm to map HEALPix
2023-06-02 00:55:10,120:INFO:mapsims:Writing output map cmbs4_radio_rg1_uKCMB_SAT-SAT_f155_nside512.fits
2023-06-02 00:55:10,123:INFO:mapsims:Replace NaN with UNSEEN
2023-06-02 00:55:10,134:INFO:mapsims:Reorder ring to nest
2023-06-02 00:55:10,353:INFO:mapsims:Writing output map

real	10m53.631s
user	3m26.028s
sys	0m35.059s
