
WARNING: version mismatch between CFITSIO header (v3.47) and linked library (v4.02).


WARNING: version mismatch between CFITSIO header (v3.47) and linked library (v4.02).


WARNING: version mismatch between CFITSIO header (v3.47) and linked library (v4.02).

2023-06-02 00:29:44,097:INFO:mapsims:Parsing configuration from common.toml, dust_d12.toml
2023-06-02 00:29:44,107:INFO:mapsims:Nside: 4096, Modeling Nside: 2048, Ellmax: 5120
2023-06-02 00:29:44,108:INFO:mapsims:Initializing the PySM Sky object
2023-06-02 00:29:46,523:INFO:pysm3:Access data from /mnt/sdceph/users/azonca/pysm-data/mkd_dust/2048/thermaldust_ampl1.fits
2023-06-02 00:32:13,665:INFO:pysm3:Access data from /mnt/sdceph/users/azonca/pysm-data/mkd_dust/2048/thermaldust_ampl2.fits
2023-06-02 00:36:08,011:INFO:pysm3:Access data from /mnt/sdceph/users/azonca/pysm-data/mkd_dust/2048/thermaldust_ampl3.fits
2023-06-02 00:40:57,111:INFO:pysm3:Access data from /mnt/sdceph/users/azonca/pysm-data/mkd_dust/2048/thermaldust_ampl4.fits
2023-06-02 00:43:56,430:INFO:pysm3:Access data from /mnt/sdceph/users/azonca/pysm-data/mkd_dust/2048/thermaldust_ampl5.fits
2023-06-02 00:45:11,946:INFO:pysm3:Access data from /mnt/sdceph/users/azonca/pysm-data/mkd_dust/2048/thermaldust_ampl6.fits
2023-06-02 00:45:49,024:INFO:pysm3:Access data from /mnt/sdceph/users/azonca/pysm-data/mkd_dust/2048/thermaldust_specind1.fits
2023-06-02 00:45:49,726:INFO:pysm3:Access data from /mnt/sdceph/users/azonca/pysm-data/mkd_dust/2048/thermaldust_specind2.fits
2023-06-02 00:45:57,330:INFO:pysm3:Access data from /mnt/sdceph/users/azonca/pysm-data/mkd_dust/2048/thermaldust_specind3.fits
2023-06-02 00:45:58,352:INFO:pysm3:Access data from /mnt/sdceph/users/azonca/pysm-data/mkd_dust/2048/thermaldust_specind4.fits
2023-06-02 00:45:59,007:INFO:pysm3:Access data from /mnt/sdceph/users/azonca/pysm-data/mkd_dust/2048/thermaldust_specind5.fits
2023-06-02 00:46:00,049:INFO:pysm3:Access data from /mnt/sdceph/users/azonca/pysm-data/mkd_dust/2048/thermaldust_specind6.fits
2023-06-02 00:46:01,899:INFO:pysm3:Access data from /mnt/sdceph/users/azonca/pysm-data/mkd_dust/2048/thermaldust_temp1.fits
2023-06-02 00:46:02,842:INFO:pysm3:Access data from /mnt/sdceph/users/azonca/pysm-data/mkd_dust/2048/thermaldust_temp2.fits
2023-06-02 00:46:03,859:INFO:pysm3:Access data from /mnt/sdceph/users/azonca/pysm-data/mkd_dust/2048/thermaldust_temp3.fits
2023-06-02 00:46:04,634:INFO:pysm3:Access data from /mnt/sdceph/users/azonca/pysm-data/mkd_dust/2048/thermaldust_temp4.fits
2023-06-02 00:46:05,610:INFO:pysm3:Access data from /mnt/sdceph/users/azonca/pysm-data/mkd_dust/2048/thermaldust_temp5.fits
2023-06-02 00:46:06,591:INFO:pysm3:Access data from /mnt/sdceph/users/azonca/pysm-data/mkd_dust/2048/thermaldust_temp6.fits
2023-06-02 00:46:08,051:INFO:mapsims:Processing channel Channel SPLAT_f150
2023-06-02 00:46:08,051:INFO:mapsims:Bandpass integration for Channel SPLAT_f150
2023-06-02 00:51:19,851:INFO:mapsims:Smoothing and coord-transform for Channel SPLAT_f150
2023-06-02 00:52:52,018:WARNING:pysm3:hp.map2alm_lsq did not converge in 10 iterations, residual relative error is 0.00093
2023-06-02 00:52:52,018:INFO:pysm3:Smoothing with fwhm of 1.5 arcmin
2023-06-02 00:52:52,872:INFO:pysm3:Rotate Alm
2023-06-02 00:54:24,945:INFO:pysm3:Alm to map HEALPix
2023-06-02 00:54:37,200:INFO:mapsims:Writing output map cmbs4_dust_d12_uKCMB_LAT-SPLAT_f150_nside4096.fits
2023-06-02 00:54:37,200:INFO:mapsims:Replace NaN with UNSEEN
2023-06-02 00:54:38,042:INFO:mapsims:Reorder ring to nest
2023-06-02 00:54:54,312:INFO:mapsims:Writing output map

real	25m21.405s
user	103m10.934s
sys	5m28.405s
