
WARNING: version mismatch between CFITSIO header (v3.47) and linked library (v4.02).


WARNING: version mismatch between CFITSIO header (v3.47) and linked library (v4.02).


WARNING: version mismatch between CFITSIO header (v3.47) and linked library (v4.02).

2023-06-02 00:07:35,418:INFO:mapsims:Parsing configuration from common.toml, dust_d10.toml
2023-06-02 00:07:35,429:INFO:mapsims:Nside: 4096, Modeling Nside: 8192, Ellmax: 10240
2023-06-02 00:07:35,432:INFO:mapsims:Initializing the PySM Sky object
2023-06-02 00:07:35,434:INFO:pysm3:Access data from /mnt/sdceph/users/azonca/pysm-data/dust_gnilc/gnilc_dust_template_nside8192.fits
2023-06-02 00:08:07,325:INFO:pysm3:Access data from /mnt/sdceph/users/azonca/pysm-data/dust_gnilc/gnilc_dust_beta_nside8192.fits
2023-06-02 00:08:24,122:INFO:pysm3:Access data from /mnt/sdceph/users/azonca/pysm-data/dust_gnilc/gnilc_dust_Td_nside8192.fits
2023-06-02 00:08:45,705:INFO:mapsims:Processing channel Channel SPLAT_f020
2023-06-02 00:08:45,706:INFO:mapsims:Bandpass integration for Channel SPLAT_f020
2023-06-02 00:20:18,918:INFO:mapsims:Smoothing and coord-transform for Channel SPLAT_f020
2023-06-02 00:20:18,919:INFO:pysm3:Using map2alm with pixel weights
2023-06-02 00:20:53,709:INFO:pysm3:Smoothing with fwhm of 11.2 arcmin
2023-06-02 00:20:57,053:INFO:pysm3:Rotate Alm
2023-06-02 00:36:04,120:INFO:pysm3:Alm to map HEALPix
2023-06-02 00:36:20,311:INFO:mapsims:Writing output map cmbs4_dust_d10_uKCMB_LAT-SPLAT_f020_nside4096.fits
2023-06-02 00:36:20,311:INFO:mapsims:Replace NaN with UNSEEN
2023-06-02 00:36:21,169:INFO:mapsims:Reorder ring to nest
2023-06-02 00:36:37,411:INFO:mapsims:Writing output map

real	29m12.419s
user	571m20.339s
sys	5m17.777s
