
WARNING: version mismatch between CFITSIO header (v3.47) and linked library (v4.02).


WARNING: version mismatch between CFITSIO header (v3.47) and linked library (v4.02).


WARNING: version mismatch between CFITSIO header (v3.47) and linked library (v4.02).

2023-06-01 23:49:54,299:INFO:mapsims:Parsing configuration from common.toml, synchrotron_s4.toml
2023-06-01 23:49:54,309:INFO:mapsims:Nside: 4096, Modeling Nside: 8192, Ellmax: 10240
2023-06-01 23:49:54,312:INFO:mapsims:Initializing the PySM Sky object
2023-06-01 23:49:54,313:INFO:pysm3:Access data from /mnt/sdceph/users/azonca/pysm-data/synch/synch_template_nside8192_2023.02.25.fits
2023-06-01 23:50:37,336:INFO:mapsims:Processing channel Channel SPLAT_f220
2023-06-01 23:50:37,337:INFO:mapsims:Bandpass integration for Channel SPLAT_f220
2023-06-01 23:52:20,128:INFO:mapsims:Smoothing and coord-transform for Channel SPLAT_f220
2023-06-01 23:52:20,134:INFO:pysm3:Using map2alm with pixel weights
2023-06-01 23:52:54,603:INFO:pysm3:Smoothing with fwhm of 1.1 arcmin
2023-06-01 23:52:57,936:INFO:pysm3:Rotate Alm
2023-06-02 00:06:26,960:INFO:pysm3:Alm to map HEALPix
2023-06-02 00:06:43,188:INFO:mapsims:Writing output map cmbs4_synchrotron_s4_uKCMB_LAT-SPLAT_f220_nside4096.fits
2023-06-02 00:06:43,188:INFO:mapsims:Replace NaN with UNSEEN
2023-06-02 00:06:44,034:INFO:mapsims:Reorder ring to nest
2023-06-02 00:07:00,215:INFO:mapsims:Writing output map

real	17m17.343s
user	465m42.112s
sys	2m53.576s
