
WARNING: version mismatch between CFITSIO header (v3.47) and linked library (v4.02).


WARNING: version mismatch between CFITSIO header (v3.47) and linked library (v4.02).


WARNING: version mismatch between CFITSIO header (v3.47) and linked library (v4.02).

2023-06-01 23:49:54,877:INFO:mapsims:Parsing configuration from common.toml, synchrotron_s4.toml
2023-06-01 23:49:54,888:INFO:mapsims:Nside: 512, Modeling Nside: 2048, Ellmax: 1280
2023-06-01 23:49:54,890:INFO:mapsims:Initializing the PySM Sky object
2023-06-01 23:49:54,891:INFO:pysm3:Access data from /mnt/sdceph/users/azonca/pysm-data/synch/synch_template_nside2048_2023.02.25.fits
2023-06-01 23:49:59,365:INFO:mapsims:Processing channel Channel SAT_f040
2023-06-01 23:49:59,366:INFO:mapsims:Bandpass integration for Channel SAT_f040
2023-06-01 23:50:07,973:INFO:mapsims:Smoothing and coord-transform for Channel SAT_f040
2023-06-01 23:50:07,978:INFO:pysm3:Using map2alm with pixel weights
2023-06-01 23:50:09,735:INFO:pysm3:Smoothing with fwhm of 61.6 arcmin
2023-06-01 23:50:09,789:INFO:pysm3:Rotate Alm
2023-06-01 23:50:12,034:INFO:pysm3:Alm to map HEALPix
2023-06-01 23:50:12,322:INFO:mapsims:Writing output map cmbs4_synchrotron_s4_uKCMB_SAT-SAT_f040_nside512.fits
2023-06-01 23:50:12,322:INFO:mapsims:Replace NaN with UNSEEN
2023-06-01 23:50:12,333:INFO:mapsims:Reorder ring to nest
2023-06-01 23:50:12,530:INFO:mapsims:Writing output map

real	0m21.408s
user	2m35.027s
sys	0m13.628s
