
WARNING: version mismatch between CFITSIO header (v3.47) and linked library (v4.02).


WARNING: version mismatch between CFITSIO header (v3.47) and linked library (v4.02).


WARNING: version mismatch between CFITSIO header (v3.47) and linked library (v4.02).

2023-06-01 23:50:25,833:INFO:mapsims:Parsing configuration from common.toml, co_co1.toml
2023-06-01 23:50:25,846:INFO:mapsims:Nside: 512, Modeling Nside: 2048, Ellmax: 1280
2023-06-01 23:50:25,848:INFO:mapsims:Initializing the PySM Sky object
2023-06-01 23:50:25,849:INFO:pysm3:Access data from /mnt/sdceph/users/azonca/pysm-data/co/HFI_CompMap_CO-Type1_2048_R2.00_ring.fits
2023-06-01 23:50:25,850:INFO:pysm3:Access data from /mnt/sdceph/users/azonca/pysm-data/co/HFI_CompMap_CO-Type1_2048_R2.00_ring.fits
2023-06-01 23:50:44,087:INFO:mapsims:Processing channel Channel SAT_f220
2023-06-01 23:50:44,088:INFO:mapsims:Bandpass integration for Channel SAT_f220
2023-06-01 23:50:45,860:INFO:mapsims:Smoothing and coord-transform for Channel SAT_f220
2023-06-01 23:50:45,865:INFO:pysm3:Using map2alm with pixel weights
2023-06-01 23:50:47,544:INFO:pysm3:Smoothing with fwhm of 9.4 arcmin
2023-06-01 23:50:47,600:INFO:pysm3:Rotate Alm
2023-06-01 23:50:50,329:INFO:pysm3:Alm to map HEALPix
2023-06-01 23:50:50,507:INFO:mapsims:Writing output map cmbs4_co_co1_uKCMB_SAT-SAT_f220_nside512.fits
2023-06-01 23:50:50,507:INFO:mapsims:Replace NaN with UNSEEN
2023-06-01 23:50:50,515:INFO:mapsims:Reorder ring to nest
2023-06-01 23:50:50,701:INFO:mapsims:Writing output map

real	0m28.578s
user	2m51.458s
sys	0m10.684s
