
WARNING: version mismatch between CFITSIO header (v3.47) and linked library (v4.02).


WARNING: version mismatch between CFITSIO header (v3.47) and linked library (v4.02).


WARNING: version mismatch between CFITSIO header (v3.47) and linked library (v4.02).

2023-06-01 23:49:54,299:INFO:mapsims:Parsing configuration from common.toml, synchrotron_s4.toml
2023-06-01 23:49:54,310:INFO:mapsims:Nside: 4096, Modeling Nside: 8192, Ellmax: 10240
2023-06-01 23:49:54,312:INFO:mapsims:Initializing the PySM Sky object
2023-06-01 23:49:54,313:INFO:pysm3:Access data from /mnt/sdceph/users/azonca/pysm-data/synch/synch_template_nside8192_2023.02.25.fits
2023-06-01 23:50:39,348:INFO:mapsims:Processing channel Channel SPLAT_f280
2023-06-01 23:50:39,349:INFO:mapsims:Bandpass integration for Channel SPLAT_f280
2023-06-01 23:52:24,493:INFO:mapsims:Smoothing and coord-transform for Channel SPLAT_f280
2023-06-01 23:52:24,497:INFO:pysm3:Using map2alm with pixel weights
2023-06-01 23:52:59,675:INFO:pysm3:Smoothing with fwhm of 1.0 arcmin
2023-06-01 23:53:03,011:INFO:pysm3:Rotate Alm
2023-06-02 00:06:54,350:INFO:pysm3:Alm to map HEALPix
2023-06-02 00:07:10,607:INFO:mapsims:Writing output map cmbs4_synchrotron_s4_uKCMB_LAT-SPLAT_f280_nside4096.fits
2023-06-02 00:07:10,607:INFO:mapsims:Replace NaN with UNSEEN
2023-06-02 00:07:11,585:INFO:mapsims:Reorder ring to nest
2023-06-02 00:07:27,865:INFO:mapsims:Writing output map

real	17m46.835s
user	488m32.200s
sys	3m2.086s
