
WARNING: version mismatch between CFITSIO header (v3.47) and linked library (v4.02).


WARNING: version mismatch between CFITSIO header (v3.47) and linked library (v4.02).


WARNING: version mismatch between CFITSIO header (v3.47) and linked library (v4.02).

2023-06-01 23:52:43,818:INFO:mapsims:Parsing configuration from common.toml, ksz_ksz1.toml
2023-06-01 23:52:43,829:INFO:mapsims:Nside: 4096, Modeling Nside: 4096, Ellmax: 10240
2023-06-01 23:52:43,832:INFO:mapsims:Initializing the PySM Sky object
2023-06-01 23:52:43,833:INFO:pysm3:Access data from /mnt/sdceph/users/azonca/pysm-data/websky/0.4/ksz.fits
2023-06-01 23:52:43,834:INFO:pysm3:Access data from /mnt/sdceph/users/azonca/pysm-data/websky/0.4/ksz.fits
2023-06-01 23:52:47,083:INFO:mapsims:Processing channel Channel CHLAT_f030
2023-06-01 23:52:47,083:INFO:mapsims:Bandpass integration for Channel CHLAT_f030
2023-06-01 23:52:56,379:INFO:mapsims:Smoothing and coord-transform for Channel CHLAT_f030
2023-06-01 23:59:47,879:WARNING:pysm3:hp.map2alm_lsq did not converge in 10 iterations, residual relative error is 0.19
2023-06-01 23:59:47,879:INFO:pysm3:Smoothing with fwhm of 7.8 arcmin
2023-06-01 23:59:51,461:INFO:pysm3:Rotate Alm
2023-06-02 00:09:53,870:INFO:pysm3:Alm to map HEALPix
2023-06-02 00:10:08,559:INFO:mapsims:Writing output map cmbs4_ksz_ksz1_uKCMB_LAT-CHLAT_f030_nside4096.fits
2023-06-02 00:10:08,559:INFO:mapsims:Replace NaN with UNSEEN
2023-06-02 00:10:09,183:INFO:mapsims:Reorder ring to nest
2023-06-02 00:10:25,314:INFO:mapsims:Writing output map

real	17m52.744s
user	486m56.600s
sys	6m26.248s
