
WARNING: version mismatch between CFITSIO header (v3.47) and linked library (v4.02).


WARNING: version mismatch between CFITSIO header (v3.47) and linked library (v4.02).


WARNING: version mismatch between CFITSIO header (v3.47) and linked library (v4.02).

2023-06-02 00:07:47,544:INFO:mapsims:Parsing configuration from common.toml, dust_d10.toml
2023-06-02 00:07:47,555:INFO:mapsims:Nside: 4096, Modeling Nside: 8192, Ellmax: 10240
2023-06-02 00:07:47,557:INFO:mapsims:Initializing the PySM Sky object
2023-06-02 00:07:47,558:INFO:pysm3:Access data from /mnt/sdceph/users/azonca/pysm-data/dust_gnilc/gnilc_dust_template_nside8192.fits
2023-06-02 00:08:13,368:INFO:pysm3:Access data from /mnt/sdceph/users/azonca/pysm-data/dust_gnilc/gnilc_dust_beta_nside8192.fits
2023-06-02 00:08:23,997:INFO:pysm3:Access data from /mnt/sdceph/users/azonca/pysm-data/dust_gnilc/gnilc_dust_Td_nside8192.fits
2023-06-02 00:08:45,585:INFO:mapsims:Processing channel Channel SPLAT_f150
2023-06-02 00:08:45,585:INFO:mapsims:Bandpass integration for Channel SPLAT_f150
2023-06-02 00:20:56,858:INFO:mapsims:Smoothing and coord-transform for Channel SPLAT_f150
2023-06-02 00:20:56,859:INFO:pysm3:Using map2alm with pixel weights
2023-06-02 00:21:31,836:INFO:pysm3:Smoothing with fwhm of 1.5 arcmin
2023-06-02 00:21:35,155:INFO:pysm3:Rotate Alm
2023-06-02 00:35:21,899:INFO:pysm3:Alm to map HEALPix
2023-06-02 00:35:37,836:INFO:mapsims:Writing output map cmbs4_dust_d10_uKCMB_LAT-SPLAT_f150_nside4096.fits
2023-06-02 00:35:37,836:INFO:mapsims:Replace NaN with UNSEEN
2023-06-02 00:35:38,626:INFO:mapsims:Reorder ring to nest
2023-06-02 00:35:54,653:INFO:mapsims:Writing output map

real	28m18.929s
user	509m4.063s
sys	5m18.592s
