
WARNING: version mismatch between CFITSIO header (v3.47) and linked library (v4.02).


WARNING: version mismatch between CFITSIO header (v3.47) and linked library (v4.02).


WARNING: version mismatch between CFITSIO header (v3.47) and linked library (v4.02).

2023-06-02 00:10:43,028:INFO:mapsims:Parsing configuration from common.toml, cib_cib1.toml
2023-06-02 00:10:43,039:INFO:mapsims:Nside: 4096, Modeling Nside: 4096, Ellmax: 10240
2023-06-02 00:10:43,040:INFO:mapsims:Initializing the PySM Sky object
2023-06-02 00:10:43,259:INFO:mapsims:Processing channel Channel SPLAT_f220
2023-06-02 00:10:43,259:INFO:mapsims:Bandpass integration for Channel SPLAT_f220
2023-06-02 00:10:43,448:INFO:pysm3:Frequencies considered: [189. 210. 217. 232. 256.]
2023-06-02 00:10:43,571:INFO:pysm3:Access data from /mnt/sdceph/users/azonca/pysm-data/websky/0.4/cib/cib_0189.0.fits
2023-06-02 00:10:43,571:INFO:pysm3:Reading map /mnt/sdceph/users/azonca/pysm-data/websky/0.4/cib/cib_0189.0.fits
2023-06-02 00:10:43,572:INFO:pysm3:Access data from /mnt/sdceph/users/azonca/pysm-data/websky/0.4/cib/cib_0189.0.fits
2023-06-02 00:10:54,189:INFO:pysm3:Access data from /mnt/sdceph/users/azonca/pysm-data/websky/0.4/cib/cib_0189.0.fits
2023-06-02 00:10:58,947:INFO:pysm3:Mean emission at 189.0 GHz in I: 23.88 uK_RJ
2023-06-02 00:10:59,049:INFO:pysm3:Access data from /mnt/sdceph/users/azonca/pysm-data/websky/0.4/cib/cib_0210.0.fits
2023-06-02 00:10:59,049:INFO:pysm3:Reading map /mnt/sdceph/users/azonca/pysm-data/websky/0.4/cib/cib_0210.0.fits
2023-06-02 00:10:59,050:INFO:pysm3:Access data from /mnt/sdceph/users/azonca/pysm-data/websky/0.4/cib/cib_0210.0.fits
2023-06-02 00:11:10,472:INFO:pysm3:Access data from /mnt/sdceph/users/azonca/pysm-data/websky/0.4/cib/cib_0210.0.fits
2023-06-02 00:11:14,706:INFO:pysm3:Mean emission at 210.0 GHz in I: 26.14 uK_RJ
2023-06-02 00:11:14,708:INFO:pysm3:Access data from /mnt/sdceph/users/azonca/pysm-data/websky/0.4/cib/cib_0217.0.fits
2023-06-02 00:11:14,708:INFO:pysm3:Reading map /mnt/sdceph/users/azonca/pysm-data/websky/0.4/cib/cib_0217.0.fits
2023-06-02 00:11:14,709:INFO:pysm3:Access data from /mnt/sdceph/users/azonca/pysm-data/websky/0.4/cib/cib_0217.0.fits
2023-06-02 00:11:25,584:INFO:pysm3:Access data from /mnt/sdceph/users/azonca/pysm-data/websky/0.4/cib/cib_0217.0.fits
2023-06-02 00:11:29,812:INFO:pysm3:Mean emission at 217.0 GHz in I: 26.83 uK_RJ
2023-06-02 00:11:29,814:INFO:pysm3:Access data from /mnt/sdceph/users/azonca/pysm-data/websky/0.4/cib/cib_0232.0.fits
2023-06-02 00:11:29,814:INFO:pysm3:Reading map /mnt/sdceph/users/azonca/pysm-data/websky/0.4/cib/cib_0232.0.fits
2023-06-02 00:11:29,815:INFO:pysm3:Access data from /mnt/sdceph/users/azonca/pysm-data/websky/0.4/cib/cib_0232.0.fits
2023-06-02 00:11:40,840:INFO:pysm3:Access data from /mnt/sdceph/users/azonca/pysm-data/websky/0.4/cib/cib_0232.0.fits
2023-06-02 00:11:45,066:INFO:pysm3:Mean emission at 232.0 GHz in I: 28.19 uK_RJ
2023-06-02 00:11:45,068:INFO:pysm3:Access data from /mnt/sdceph/users/azonca/pysm-data/websky/0.4/cib/cib_0256.0.fits
2023-06-02 00:11:45,068:INFO:pysm3:Reading map /mnt/sdceph/users/azonca/pysm-data/websky/0.4/cib/cib_0256.0.fits
2023-06-02 00:11:45,069:INFO:pysm3:Access data from /mnt/sdceph/users/azonca/pysm-data/websky/0.4/cib/cib_0256.0.fits
2023-06-02 00:11:48,061:INFO:pysm3:Access data from /mnt/sdceph/users/azonca/pysm-data/websky/0.4/cib/cib_0256.0.fits
2023-06-02 00:11:52,283:INFO:pysm3:Mean emission at 256.0 GHz in I: 30.05 uK_RJ
2023-06-02 00:12:18,023:INFO:mapsims:Smoothing and coord-transform for Channel SPLAT_f220
2023-06-02 00:19:14,821:WARNING:pysm3:hp.map2alm_lsq did not converge in 10 iterations, residual relative error is 0.39
2023-06-02 00:19:14,821:INFO:pysm3:Smoothing with fwhm of 1.1 arcmin
2023-06-02 00:19:18,207:INFO:pysm3:Rotate Alm
2023-06-02 00:29:03,434:INFO:pysm3:Alm to map HEALPix
2023-06-02 00:29:19,420:INFO:mapsims:Writing output map cmbs4_cib_cib1_uKCMB_LAT-SPLAT_f220_nside4096.fits
2023-06-02 00:29:19,422:INFO:mapsims:Replace NaN with UNSEEN
2023-06-02 00:29:20,188:INFO:mapsims:Reorder ring to nest
2023-06-02 00:29:36,351:INFO:mapsims:Writing output map

real	19m4.673s
user	530m35.016s
sys	6m38.196s
