
WARNING: version mismatch between CFITSIO header (v3.47) and linked library (v4.02).


WARNING: version mismatch between CFITSIO header (v3.47) and linked library (v4.02).


WARNING: version mismatch between CFITSIO header (v3.47) and linked library (v4.02).

2023-06-02 00:28:24,272:INFO:mapsims:Parsing configuration from common.toml, dust_d12.toml
2023-06-02 00:28:24,301:INFO:mapsims:Nside: 4096, Modeling Nside: 2048, Ellmax: 5120
2023-06-02 00:28:24,302:INFO:mapsims:Initializing the PySM Sky object
2023-06-02 00:28:26,670:INFO:pysm3:Access data from /mnt/sdceph/users/azonca/pysm-data/mkd_dust/2048/thermaldust_ampl1.fits
2023-06-02 00:32:13,865:INFO:pysm3:Access data from /mnt/sdceph/users/azonca/pysm-data/mkd_dust/2048/thermaldust_ampl2.fits
2023-06-02 00:36:08,285:INFO:pysm3:Access data from /mnt/sdceph/users/azonca/pysm-data/mkd_dust/2048/thermaldust_ampl3.fits
2023-06-02 00:36:34,699:INFO:pysm3:Access data from /mnt/sdceph/users/azonca/pysm-data/mkd_dust/2048/thermaldust_ampl4.fits
2023-06-02 00:36:36,550:INFO:pysm3:Access data from /mnt/sdceph/users/azonca/pysm-data/mkd_dust/2048/thermaldust_ampl5.fits
2023-06-02 00:36:41,115:INFO:pysm3:Access data from /mnt/sdceph/users/azonca/pysm-data/mkd_dust/2048/thermaldust_ampl6.fits
2023-06-02 00:36:51,124:INFO:pysm3:Access data from /mnt/sdceph/users/azonca/pysm-data/mkd_dust/2048/thermaldust_specind1.fits
2023-06-02 00:36:51,623:INFO:pysm3:Access data from /mnt/sdceph/users/azonca/pysm-data/mkd_dust/2048/thermaldust_specind2.fits
2023-06-02 00:36:52,104:INFO:pysm3:Access data from /mnt/sdceph/users/azonca/pysm-data/mkd_dust/2048/thermaldust_specind3.fits
2023-06-02 00:36:53,154:INFO:pysm3:Access data from /mnt/sdceph/users/azonca/pysm-data/mkd_dust/2048/thermaldust_specind4.fits
2023-06-02 00:36:53,662:INFO:pysm3:Access data from /mnt/sdceph/users/azonca/pysm-data/mkd_dust/2048/thermaldust_specind5.fits
2023-06-02 00:36:54,226:INFO:pysm3:Access data from /mnt/sdceph/users/azonca/pysm-data/mkd_dust/2048/thermaldust_specind6.fits
2023-06-02 00:36:55,551:INFO:pysm3:Access data from /mnt/sdceph/users/azonca/pysm-data/mkd_dust/2048/thermaldust_temp1.fits
2023-06-02 00:36:56,080:INFO:pysm3:Access data from /mnt/sdceph/users/azonca/pysm-data/mkd_dust/2048/thermaldust_temp2.fits
2023-06-02 00:36:56,580:INFO:pysm3:Access data from /mnt/sdceph/users/azonca/pysm-data/mkd_dust/2048/thermaldust_temp3.fits
2023-06-02 00:36:57,075:INFO:pysm3:Access data from /mnt/sdceph/users/azonca/pysm-data/mkd_dust/2048/thermaldust_temp4.fits
2023-06-02 00:36:57,588:INFO:pysm3:Access data from /mnt/sdceph/users/azonca/pysm-data/mkd_dust/2048/thermaldust_temp5.fits
2023-06-02 00:36:58,076:INFO:pysm3:Access data from /mnt/sdceph/users/azonca/pysm-data/mkd_dust/2048/thermaldust_temp6.fits
2023-06-02 00:36:58,832:INFO:mapsims:Processing channel Channel SPLAT_f090
2023-06-02 00:36:58,832:INFO:mapsims:Bandpass integration for Channel SPLAT_f090
2023-06-02 00:41:59,031:INFO:mapsims:Smoothing and coord-transform for Channel SPLAT_f090
2023-06-02 00:43:33,395:WARNING:pysm3:hp.map2alm_lsq did not converge in 10 iterations, residual relative error is 0.0012
2023-06-02 00:43:33,395:INFO:pysm3:Smoothing with fwhm of 2.5 arcmin
2023-06-02 00:43:34,242:INFO:pysm3:Rotate Alm
2023-06-02 00:44:55,552:INFO:pysm3:Alm to map HEALPix
2023-06-02 00:45:07,956:INFO:mapsims:Writing output map cmbs4_dust_d12_uKCMB_LAT-SPLAT_f090_nside4096.fits
2023-06-02 00:45:07,956:INFO:mapsims:Replace NaN with UNSEEN
2023-06-02 00:45:08,845:INFO:mapsims:Reorder ring to nest
2023-06-02 00:45:24,916:INFO:mapsims:Writing output map

real	17m12.202s
user	97m59.172s
sys	5m17.562s
