
WARNING: version mismatch between CFITSIO header (v3.47) and linked library (v4.02).


WARNING: version mismatch between CFITSIO header (v3.47) and linked library (v4.02).


WARNING: version mismatch between CFITSIO header (v3.47) and linked library (v4.02).

2023-06-02 00:09:47,969:INFO:mapsims:Parsing configuration from common.toml, freefree_f1.toml
2023-06-02 00:09:47,979:INFO:mapsims:Nside: 4096, Modeling Nside: 512, Ellmax: 1280
2023-06-02 00:09:47,980:INFO:mapsims:Initializing the PySM Sky object
2023-06-02 00:09:47,980:INFO:pysm3:Access data from /mnt/sdceph/users/azonca/pysm-data/pysm_2/ff_t_new.fits
2023-06-02 00:09:48,017:INFO:mapsims:Processing channel Channel CHLAT_f040
2023-06-02 00:09:48,017:INFO:mapsims:Bandpass integration for Channel CHLAT_f040
2023-06-02 00:09:49,709:INFO:mapsims:Smoothing and coord-transform for Channel CHLAT_f040
2023-06-02 00:09:54,613:INFO:pysm3:Used map2alm_lsq, converged in 8 iterations,residual relative error 0.11
2023-06-02 00:09:54,614:INFO:pysm3:Smoothing with fwhm of 5.3 arcmin
2023-06-02 00:09:54,661:INFO:pysm3:Rotate Alm
2023-06-02 00:09:56,884:INFO:pysm3:Alm to map HEALPix
2023-06-02 00:10:07,890:INFO:mapsims:Writing output map cmbs4_freefree_f1_uKCMB_LAT-CHLAT_f040_nside4096.fits
2023-06-02 00:10:07,890:INFO:mapsims:Replace NaN with UNSEEN
2023-06-02 00:10:08,651:INFO:mapsims:Reorder ring to nest
2023-06-02 00:10:24,013:INFO:mapsims:Writing output map

real	0m47.624s
user	4m20.639s
sys	1m8.007s
