
WARNING: version mismatch between CFITSIO header (v3.47) and linked library (v4.02).


WARNING: version mismatch between CFITSIO header (v3.47) and linked library (v4.02).


WARNING: version mismatch between CFITSIO header (v3.47) and linked library (v4.02).

2023-06-01 23:49:54,678:INFO:mapsims:Parsing configuration from common.toml, synchrotron_s7.toml
2023-06-01 23:49:54,688:INFO:mapsims:Nside: 4096, Modeling Nside: 8192, Ellmax: 10240
2023-06-01 23:49:54,690:INFO:mapsims:Initializing the PySM Sky object
2023-06-01 23:49:54,691:INFO:pysm3:Access data from /mnt/sdceph/users/azonca/pysm-data/synch/synch_template_nside8192_2023.02.25.fits
2023-06-01 23:50:39,370:INFO:pysm3:Access data from /mnt/sdceph/users/azonca/pysm-data/synch/synch_beta_nside8192.fits
2023-06-01 23:50:46,418:INFO:pysm3:Access data from /mnt/sdceph/users/azonca/pysm-data/synch/synch_curvature_nside8192.fits
2023-06-01 23:50:52,999:INFO:mapsims:Processing channel Channel SPLAT_f030
2023-06-01 23:50:53,000:INFO:mapsims:Bandpass integration for Channel SPLAT_f030
2023-06-01 23:53:04,959:INFO:mapsims:Smoothing and coord-transform for Channel SPLAT_f030
2023-06-01 23:53:04,965:INFO:pysm3:Using map2alm with pixel weights
2023-06-01 23:53:40,061:INFO:pysm3:Smoothing with fwhm of 9.1 arcmin
2023-06-01 23:53:43,408:INFO:pysm3:Rotate Alm
2023-06-02 00:08:25,491:INFO:pysm3:Alm to map HEALPix
2023-06-02 00:08:41,725:INFO:mapsims:Writing output map cmbs4_synchrotron_s7_uKCMB_LAT-SPLAT_f030_nside4096.fits
2023-06-02 00:08:41,725:INFO:mapsims:Replace NaN with UNSEEN
2023-06-02 00:08:42,599:INFO:mapsims:Reorder ring to nest
2023-06-02 00:08:58,952:INFO:mapsims:Writing output map

real	19m17.548s
user	568m14.620s
sys	3m3.586s
