
WARNING: version mismatch between CFITSIO header (v3.47) and linked library (v4.02).


WARNING: version mismatch between CFITSIO header (v3.47) and linked library (v4.02).


WARNING: version mismatch between CFITSIO header (v3.47) and linked library (v4.02).

2023-06-02 00:25:14,468:INFO:mapsims:Parsing configuration from common.toml, tsz_tsz1.toml
2023-06-02 00:25:14,479:INFO:mapsims:Nside: 512, Modeling Nside: 8192, Ellmax: 1280
2023-06-02 00:25:14,482:INFO:mapsims:Initializing the PySM Sky object
2023-06-02 00:25:14,483:INFO:pysm3:Access data from /mnt/sdceph/users/azonca/pysm-data/websky/0.4/tsz_8192_hp.fits
2023-06-02 00:25:14,485:INFO:pysm3:Access data from /mnt/sdceph/users/azonca/pysm-data/websky/0.4/tsz_8192_hp.fits
2023-06-02 00:25:20,956:INFO:mapsims:Processing channel Channel SAT_f145
2023-06-02 00:25:20,956:INFO:mapsims:Bandpass integration for Channel SAT_f145
2023-06-02 00:25:56,623:INFO:mapsims:Smoothing and coord-transform for Channel SAT_f145
2023-06-02 00:25:56,624:INFO:pysm3:Using map2alm with pixel weights
2023-06-02 00:26:19,377:INFO:pysm3:Smoothing with fwhm of 15.8 arcmin
2023-06-02 00:26:19,429:INFO:pysm3:Rotate Alm
2023-06-02 00:26:21,735:INFO:pysm3:Alm to map HEALPix
2023-06-02 00:26:21,941:INFO:mapsims:Writing output map cmbs4_tsz_tsz1_uKCMB_SAT-SAT_f145_nside512.fits
2023-06-02 00:26:21,941:INFO:mapsims:Replace NaN with UNSEEN
2023-06-02 00:26:21,951:INFO:mapsims:Reorder ring to nest
2023-06-02 00:26:22,192:INFO:mapsims:Writing output map

real	1m9.917s
user	4m43.625s
sys	0m43.976s
