
WARNING: version mismatch between CFITSIO header (v3.47) and linked library (v4.02).


WARNING: version mismatch between CFITSIO header (v3.47) and linked library (v4.02).


WARNING: version mismatch between CFITSIO header (v3.47) and linked library (v4.02).

2023-06-01 23:49:54,917:INFO:mapsims:Parsing configuration from common.toml, synchrotron_s4.toml
2023-06-01 23:49:54,927:INFO:mapsims:Nside: 4096, Modeling Nside: 8192, Ellmax: 10240
2023-06-01 23:49:54,930:INFO:mapsims:Initializing the PySM Sky object
2023-06-01 23:49:54,932:INFO:pysm3:Access data from /mnt/sdceph/users/azonca/pysm-data/synch/synch_template_nside8192_2023.02.25.fits
2023-06-01 23:50:43,109:INFO:mapsims:Processing channel Channel CHLAT_f030
2023-06-01 23:50:43,110:INFO:mapsims:Bandpass integration for Channel CHLAT_f030
2023-06-01 23:52:30,181:INFO:mapsims:Smoothing and coord-transform for Channel CHLAT_f030
2023-06-01 23:52:30,188:INFO:pysm3:Using map2alm with pixel weights
2023-06-01 23:53:05,853:INFO:pysm3:Smoothing with fwhm of 7.8 arcmin
2023-06-01 23:53:09,198:INFO:pysm3:Rotate Alm
2023-06-02 00:07:02,507:INFO:pysm3:Alm to map HEALPix
2023-06-02 00:07:18,725:INFO:mapsims:Writing output map cmbs4_synchrotron_s4_uKCMB_LAT-CHLAT_f030_nside4096.fits
2023-06-02 00:07:18,725:INFO:mapsims:Replace NaN with UNSEEN
2023-06-02 00:07:19,681:INFO:mapsims:Reorder ring to nest
2023-06-02 00:07:35,963:INFO:mapsims:Writing output map

real	17m54.301s
user	488m53.003s
sys	3m4.677s
