
WARNING: version mismatch between CFITSIO header (v3.47) and linked library (v4.02).


WARNING: version mismatch between CFITSIO header (v3.47) and linked library (v4.02).


WARNING: version mismatch between CFITSIO header (v3.47) and linked library (v4.02).

2023-06-01 23:52:20,906:INFO:mapsims:Parsing configuration from common.toml, cmb_c4.toml
2023-06-01 23:52:20,916:INFO:mapsims:Nside: 4096, Modeling Nside: 4096, Ellmax: 10240
2023-06-01 23:52:20,919:INFO:mapsims:Initializing the PySM Sky object
2023-06-01 23:52:20,921:INFO:pysm3:Access data from /mnt/sdceph/users/azonca/pysm-data/websky/0.4/cmb/map_I_lensed_alm_seed1_nside4096.fits
2023-06-01 23:52:20,922:INFO:pysm3:Access data from /mnt/sdceph/users/azonca/pysm-data/websky/0.4/cmb/map_Q_lensed_alm_seed1_nside4096.fits
2023-06-01 23:52:20,923:INFO:pysm3:Access data from /mnt/sdceph/users/azonca/pysm-data/websky/0.4/cmb/map_U_lensed_alm_seed1_nside4096.fits
2023-06-01 23:52:20,924:INFO:pysm3:Access data from /mnt/sdceph/users/azonca/pysm-data/websky/0.4/cmb/map_I_lensed_alm_seed1_nside4096.fits
2023-06-01 23:52:22,717:INFO:pysm3:Access data from /mnt/sdceph/users/azonca/pysm-data/websky/0.4/cmb/map_Q_lensed_alm_seed1_nside4096.fits
2023-06-01 23:52:24,342:INFO:pysm3:Access data from /mnt/sdceph/users/azonca/pysm-data/websky/0.4/cmb/map_U_lensed_alm_seed1_nside4096.fits
2023-06-01 23:52:27,098:INFO:mapsims:Processing channel Channel SPLAT_f280
2023-06-01 23:52:27,098:INFO:mapsims:Bandpass integration for Channel SPLAT_f280
2023-06-01 23:52:29,875:INFO:mapsims:Smoothing and coord-transform for Channel SPLAT_f280
2023-06-01 23:54:40,305:INFO:pysm3:Used map2alm_lsq, converged in 2 iterations,residual relative error 4.9e-08
2023-06-01 23:54:40,305:INFO:pysm3:Smoothing with fwhm of 1.0 arcmin
2023-06-01 23:54:43,912:INFO:pysm3:Rotate Alm
2023-06-02 00:07:51,959:INFO:pysm3:Alm to map HEALPix
2023-06-02 00:08:06,515:INFO:mapsims:Writing output map cmbs4_cmb_c4_uKCMB_LAT-SPLAT_f280_nside4096.fits
2023-06-02 00:08:06,515:INFO:mapsims:Replace NaN with UNSEEN
2023-06-02 00:08:07,232:INFO:mapsims:Reorder ring to nest
2023-06-02 00:08:22,867:INFO:mapsims:Writing output map

real	16m14.849s
user	418m11.299s
sys	2m16.810s
