
WARNING: version mismatch between CFITSIO header (v3.47) and linked library (v4.02).


WARNING: version mismatch between CFITSIO header (v3.47) and linked library (v4.02).


WARNING: version mismatch between CFITSIO header (v3.47) and linked library (v4.02).

2023-06-02 00:42:11,891:INFO:mapsims:Parsing configuration from common.toml, synchrotron_s5.toml
2023-06-02 00:42:11,901:INFO:mapsims:Nside: 512, Modeling Nside: 2048, Ellmax: 1280
2023-06-02 00:42:11,902:INFO:mapsims:Initializing the PySM Sky object
2023-06-02 00:42:11,902:INFO:pysm3:Access data from /mnt/sdceph/users/azonca/pysm-data/synch/synch_template_nside2048_2023.02.25.fits
2023-06-02 00:42:13,199:INFO:pysm3:Access data from /mnt/sdceph/users/azonca/pysm-data/synch/synch_beta_nside2048.fits
2023-06-02 00:42:13,546:INFO:mapsims:Processing channel Channel SAT_f155
2023-06-02 00:42:13,546:INFO:mapsims:Bandpass integration for Channel SAT_f155
2023-06-02 00:42:22,887:INFO:mapsims:Smoothing and coord-transform for Channel SAT_f155
2023-06-02 00:42:22,888:INFO:pysm3:Using map2alm with pixel weights
2023-06-02 00:42:24,475:INFO:pysm3:Smoothing with fwhm of 14.3 arcmin
2023-06-02 00:42:24,528:INFO:pysm3:Rotate Alm
2023-06-02 00:42:26,986:INFO:pysm3:Alm to map HEALPix
2023-06-02 00:42:27,184:INFO:mapsims:Writing output map cmbs4_synchrotron_s5_uKCMB_SAT-SAT_f155_nside512.fits
2023-06-02 00:42:27,184:INFO:mapsims:Replace NaN with UNSEEN
2023-06-02 00:42:27,195:INFO:mapsims:Reorder ring to nest
2023-06-02 00:42:27,434:INFO:mapsims:Writing output map

real	0m17.645s
user	3m19.134s
sys	0m13.157s
