
WARNING: version mismatch between CFITSIO header (v3.47) and linked library (v4.02).


WARNING: version mismatch between CFITSIO header (v3.47) and linked library (v4.02).


WARNING: version mismatch between CFITSIO header (v3.47) and linked library (v4.02).

2023-06-02 00:28:12,283:INFO:mapsims:Parsing configuration from common.toml, dust_d12.toml
2023-06-02 00:28:12,303:INFO:mapsims:Nside: 4096, Modeling Nside: 2048, Ellmax: 5120
2023-06-02 00:28:12,304:INFO:mapsims:Initializing the PySM Sky object
2023-06-02 00:28:14,681:INFO:pysm3:Access data from /mnt/sdceph/users/azonca/pysm-data/mkd_dust/2048/thermaldust_ampl1.fits
2023-06-02 00:28:52,986:INFO:pysm3:Access data from /mnt/sdceph/users/azonca/pysm-data/mkd_dust/2048/thermaldust_ampl2.fits
2023-06-02 00:30:46,550:INFO:pysm3:Access data from /mnt/sdceph/users/azonca/pysm-data/mkd_dust/2048/thermaldust_ampl3.fits
2023-06-02 00:35:13,440:INFO:pysm3:Access data from /mnt/sdceph/users/azonca/pysm-data/mkd_dust/2048/thermaldust_ampl4.fits
2023-06-02 00:35:44,823:INFO:pysm3:Access data from /mnt/sdceph/users/azonca/pysm-data/mkd_dust/2048/thermaldust_ampl5.fits
2023-06-02 00:36:22,418:INFO:pysm3:Access data from /mnt/sdceph/users/azonca/pysm-data/mkd_dust/2048/thermaldust_ampl6.fits
2023-06-02 00:36:39,206:INFO:pysm3:Access data from /mnt/sdceph/users/azonca/pysm-data/mkd_dust/2048/thermaldust_specind1.fits
2023-06-02 00:36:39,622:INFO:pysm3:Access data from /mnt/sdceph/users/azonca/pysm-data/mkd_dust/2048/thermaldust_specind2.fits
2023-06-02 00:36:40,165:INFO:pysm3:Access data from /mnt/sdceph/users/azonca/pysm-data/mkd_dust/2048/thermaldust_specind3.fits
2023-06-02 00:36:41,451:INFO:pysm3:Access data from /mnt/sdceph/users/azonca/pysm-data/mkd_dust/2048/thermaldust_specind4.fits
2023-06-02 00:36:41,908:INFO:pysm3:Access data from /mnt/sdceph/users/azonca/pysm-data/mkd_dust/2048/thermaldust_specind5.fits
2023-06-02 00:36:42,705:INFO:pysm3:Access data from /mnt/sdceph/users/azonca/pysm-data/mkd_dust/2048/thermaldust_specind6.fits
2023-06-02 00:36:43,891:INFO:pysm3:Access data from /mnt/sdceph/users/azonca/pysm-data/mkd_dust/2048/thermaldust_temp1.fits
2023-06-02 00:36:44,362:INFO:pysm3:Access data from /mnt/sdceph/users/azonca/pysm-data/mkd_dust/2048/thermaldust_temp2.fits
2023-06-02 00:36:45,438:INFO:pysm3:Access data from /mnt/sdceph/users/azonca/pysm-data/mkd_dust/2048/thermaldust_temp3.fits
2023-06-02 00:36:45,851:INFO:pysm3:Access data from /mnt/sdceph/users/azonca/pysm-data/mkd_dust/2048/thermaldust_temp4.fits
2023-06-02 00:36:46,420:INFO:pysm3:Access data from /mnt/sdceph/users/azonca/pysm-data/mkd_dust/2048/thermaldust_temp5.fits
2023-06-02 00:36:47,669:INFO:pysm3:Access data from /mnt/sdceph/users/azonca/pysm-data/mkd_dust/2048/thermaldust_temp6.fits
2023-06-02 00:36:49,664:INFO:mapsims:Processing channel Channel SPLAT_f040
2023-06-02 00:36:49,665:INFO:mapsims:Bandpass integration for Channel SPLAT_f040
2023-06-02 00:41:41,050:INFO:mapsims:Smoothing and coord-transform for Channel SPLAT_f040
2023-06-02 00:43:11,470:WARNING:pysm3:hp.map2alm_lsq did not converge in 10 iterations, residual relative error is 0.0018
2023-06-02 00:43:11,470:INFO:pysm3:Smoothing with fwhm of 6.2 arcmin
2023-06-02 00:43:12,375:INFO:pysm3:Rotate Alm
2023-06-02 00:44:35,586:INFO:pysm3:Alm to map HEALPix
2023-06-02 00:44:46,371:INFO:mapsims:Writing output map cmbs4_dust_d12_uKCMB_LAT-SPLAT_f040_nside4096.fits
2023-06-02 00:44:46,371:INFO:mapsims:Replace NaN with UNSEEN
2023-06-02 00:44:46,967:INFO:mapsims:Reorder ring to nest
2023-06-02 00:45:03,175:INFO:mapsims:Writing output map

real	16m59.992s
user	89m39.974s
sys	5m37.031s
