
WARNING: version mismatch between CFITSIO header (v3.47) and linked library (v4.02).


WARNING: version mismatch between CFITSIO header (v3.47) and linked library (v4.02).


WARNING: version mismatch between CFITSIO header (v3.47) and linked library (v4.02).

2023-06-02 00:09:14,282:INFO:mapsims:Parsing configuration from common.toml, dust_d9.toml
2023-06-02 00:09:14,291:INFO:mapsims:Nside: 512, Modeling Nside: 2048, Ellmax: 1280
2023-06-02 00:09:14,292:INFO:mapsims:Initializing the PySM Sky object
2023-06-02 00:09:14,293:INFO:pysm3:Access data from /mnt/sdceph/users/azonca/pysm-data/dust_gnilc/gnilc_dust_template_nside2048.fits
2023-06-02 00:09:15,299:INFO:mapsims:Processing channel Channel SAT_f280
2023-06-02 00:09:15,299:INFO:mapsims:Bandpass integration for Channel SAT_f280
2023-06-02 00:09:26,924:INFO:mapsims:Smoothing and coord-transform for Channel SAT_f280
2023-06-02 00:09:26,924:INFO:pysm3:Using map2alm with pixel weights
2023-06-02 00:09:27,909:INFO:pysm3:Smoothing with fwhm of 7.7 arcmin
2023-06-02 00:09:27,944:INFO:pysm3:Rotate Alm
2023-06-02 00:09:29,047:INFO:pysm3:Alm to map HEALPix
2023-06-02 00:09:29,182:INFO:mapsims:Writing output map cmbs4_dust_d9_uKCMB_SAT-SAT_f280_nside512.fits
2023-06-02 00:09:29,182:INFO:mapsims:Replace NaN with UNSEEN
2023-06-02 00:09:29,189:INFO:mapsims:Reorder ring to nest
2023-06-02 00:09:29,339:INFO:mapsims:Writing output map

real	0m16.784s
user	1m17.601s
sys	0m8.227s
