
WARNING: version mismatch between CFITSIO header (v3.47) and linked library (v4.02).


WARNING: version mismatch between CFITSIO header (v3.47) and linked library (v4.02).


WARNING: version mismatch between CFITSIO header (v3.47) and linked library (v4.02).

2023-06-01 23:52:47,605:INFO:mapsims:Parsing configuration from common.toml, ksz_ksz1.toml
2023-06-01 23:52:47,615:INFO:mapsims:Nside: 4096, Modeling Nside: 4096, Ellmax: 10240
2023-06-01 23:52:47,617:INFO:mapsims:Initializing the PySM Sky object
2023-06-01 23:52:47,618:INFO:pysm3:Access data from /mnt/sdceph/users/azonca/pysm-data/websky/0.4/ksz.fits
2023-06-01 23:52:47,618:INFO:pysm3:Access data from /mnt/sdceph/users/azonca/pysm-data/websky/0.4/ksz.fits
2023-06-01 23:52:49,232:INFO:mapsims:Processing channel Channel SPLAT_f040
2023-06-01 23:52:49,232:INFO:mapsims:Bandpass integration for Channel SPLAT_f040
2023-06-01 23:52:58,683:INFO:mapsims:Smoothing and coord-transform for Channel SPLAT_f040
2023-06-01 23:59:47,646:WARNING:pysm3:hp.map2alm_lsq did not converge in 10 iterations, residual relative error is 0.19
2023-06-01 23:59:47,646:INFO:pysm3:Smoothing with fwhm of 6.2 arcmin
2023-06-01 23:59:51,274:INFO:pysm3:Rotate Alm
2023-06-02 00:10:01,180:INFO:pysm3:Alm to map HEALPix
2023-06-02 00:10:15,816:INFO:mapsims:Writing output map cmbs4_ksz_ksz1_uKCMB_LAT-SPLAT_f040_nside4096.fits
2023-06-02 00:10:15,817:INFO:mapsims:Replace NaN with UNSEEN
2023-06-02 00:10:16,518:INFO:mapsims:Reorder ring to nest
2023-06-02 00:10:32,150:INFO:mapsims:Writing output map

real	17m55.681s
user	466m56.194s
sys	6m24.603s
