
WARNING: version mismatch between CFITSIO header (v3.47) and linked library (v4.02).


WARNING: version mismatch between CFITSIO header (v3.47) and linked library (v4.02).


WARNING: version mismatch between CFITSIO header (v3.47) and linked library (v4.02).

2023-06-01 23:49:54,903:INFO:mapsims:Parsing configuration from common.toml, synchrotron_s4.toml
2023-06-01 23:49:54,914:INFO:mapsims:Nside: 512, Modeling Nside: 2048, Ellmax: 1280
2023-06-01 23:49:54,916:INFO:mapsims:Initializing the PySM Sky object
2023-06-01 23:49:54,917:INFO:pysm3:Access data from /mnt/sdceph/users/azonca/pysm-data/synch/synch_template_nside2048_2023.02.25.fits
2023-06-01 23:49:59,343:INFO:mapsims:Processing channel Channel SAT_f280
2023-06-01 23:49:59,343:INFO:mapsims:Bandpass integration for Channel SAT_f280
2023-06-01 23:50:07,690:INFO:mapsims:Smoothing and coord-transform for Channel SAT_f280
2023-06-01 23:50:07,695:INFO:pysm3:Using map2alm with pixel weights
2023-06-01 23:50:09,463:INFO:pysm3:Smoothing with fwhm of 7.7 arcmin
2023-06-01 23:50:09,516:INFO:pysm3:Rotate Alm
2023-06-01 23:50:11,899:INFO:pysm3:Alm to map HEALPix
2023-06-01 23:50:12,214:INFO:mapsims:Writing output map cmbs4_synchrotron_s4_uKCMB_SAT-SAT_f280_nside512.fits
2023-06-01 23:50:12,214:INFO:mapsims:Replace NaN with UNSEEN
2023-06-01 23:50:12,224:INFO:mapsims:Reorder ring to nest
2023-06-01 23:50:12,412:INFO:mapsims:Writing output map

real	0m21.446s
user	2m48.261s
sys	0m11.709s
