
WARNING: version mismatch between CFITSIO header (v3.47) and linked library (v4.02).


WARNING: version mismatch between CFITSIO header (v3.47) and linked library (v4.02).


WARNING: version mismatch between CFITSIO header (v3.47) and linked library (v4.02).

2023-06-02 00:25:06,579:INFO:mapsims:Parsing configuration from common.toml, tsz_tsz1.toml
2023-06-02 00:25:06,590:INFO:mapsims:Nside: 512, Modeling Nside: 8192, Ellmax: 1280
2023-06-02 00:25:06,593:INFO:mapsims:Initializing the PySM Sky object
2023-06-02 00:25:06,594:INFO:pysm3:Access data from /mnt/sdceph/users/azonca/pysm-data/websky/0.4/tsz_8192_hp.fits
2023-06-02 00:25:06,595:INFO:pysm3:Access data from /mnt/sdceph/users/azonca/pysm-data/websky/0.4/tsz_8192_hp.fits
2023-06-02 00:25:12,827:INFO:mapsims:Processing channel Channel SAT_f095
2023-06-02 00:25:12,827:INFO:mapsims:Bandpass integration for Channel SAT_f095
2023-06-02 00:25:47,603:INFO:mapsims:Smoothing and coord-transform for Channel SAT_f095
2023-06-02 00:25:47,605:INFO:pysm3:Using map2alm with pixel weights
2023-06-02 00:26:08,857:INFO:pysm3:Smoothing with fwhm of 22.4 arcmin
2023-06-02 00:26:08,909:INFO:pysm3:Rotate Alm
2023-06-02 00:26:11,271:INFO:pysm3:Alm to map HEALPix
2023-06-02 00:26:11,463:INFO:mapsims:Writing output map cmbs4_tsz_tsz1_uKCMB_SAT-SAT_f095_nside512.fits
2023-06-02 00:26:11,463:INFO:mapsims:Replace NaN with UNSEEN
2023-06-02 00:26:11,472:INFO:mapsims:Reorder ring to nest
2023-06-02 00:26:11,688:INFO:mapsims:Writing output map

real	1m7.286s
user	4m30.036s
sys	0m43.264s
