
WARNING: version mismatch between CFITSIO header (v3.47) and linked library (v4.02).


WARNING: version mismatch between CFITSIO header (v3.47) and linked library (v4.02).


WARNING: version mismatch between CFITSIO header (v3.47) and linked library (v4.02).

2023-06-02 00:24:23,977:INFO:mapsims:Parsing configuration from common.toml, tsz_tsz1.toml
2023-06-02 00:24:23,987:INFO:mapsims:Nside: 4096, Modeling Nside: 8192, Ellmax: 10240
2023-06-02 00:24:23,989:INFO:mapsims:Initializing the PySM Sky object
2023-06-02 00:24:23,990:INFO:pysm3:Access data from /mnt/sdceph/users/azonca/pysm-data/websky/0.4/tsz_8192_hp.fits
2023-06-02 00:24:23,991:INFO:pysm3:Access data from /mnt/sdceph/users/azonca/pysm-data/websky/0.4/tsz_8192_hp.fits
2023-06-02 00:24:30,393:INFO:mapsims:Processing channel Channel SPLAT_f280
2023-06-02 00:24:30,393:INFO:mapsims:Bandpass integration for Channel SPLAT_f280
2023-06-02 00:25:05,879:INFO:mapsims:Smoothing and coord-transform for Channel SPLAT_f280
2023-06-02 00:25:05,880:INFO:pysm3:Using map2alm with pixel weights
2023-06-02 00:25:40,780:INFO:pysm3:Smoothing with fwhm of 1.0 arcmin
2023-06-02 00:25:44,078:INFO:pysm3:Rotate Alm
2023-06-02 00:36:43,346:INFO:pysm3:Alm to map HEALPix
2023-06-02 00:36:59,500:INFO:mapsims:Writing output map cmbs4_tsz_tsz1_uKCMB_LAT-SPLAT_f280_nside4096.fits
2023-06-02 00:36:59,500:INFO:mapsims:Replace NaN with UNSEEN
2023-06-02 00:37:00,461:INFO:mapsims:Reorder ring to nest
2023-06-02 00:37:16,653:INFO:mapsims:Writing output map

real	13m4.168s
user	495m40.190s
sys	1m14.804s
