
WARNING: version mismatch between CFITSIO header (v3.47) and linked library (v4.02).


WARNING: version mismatch between CFITSIO header (v3.47) and linked library (v4.02).


WARNING: version mismatch between CFITSIO header (v3.47) and linked library (v4.02).

2023-06-28 16:30:45,625:INFO:mapsims:Parsing configuration from common.toml, dust_d10.toml
2023-06-28 16:30:45,641:INFO:mapsims:Nside: 4096, Modeling Nside: 8192, Ellmax: 10240
2023-06-28 16:30:45,644:INFO:mapsims:Initializing the PySM Sky object
2023-06-28 16:30:45,647:INFO:pysm3:Access data from /mnt/sdceph/users/azonca/pysm-data/dust_gnilc/gnilc_dust_template_nside8192.fits
2023-06-28 16:37:49,022:INFO:pysm3:Retrieve data for dust_gnilc/gnilc_dust_beta_nside8192_2023.06.06.fits (if not cached already)
2023-06-28 16:37:53,934:INFO:pysm3:Retrieve data for dust_gnilc/gnilc_dust_Td_nside8192_2023.06.06.fits (if not cached already)
2023-06-28 16:37:59,057:INFO:mapsims:Processing channel Channel SPLAT_f280
2023-06-28 16:37:59,057:INFO:mapsims:Bandpass integration for Channel SPLAT_f280
2023-06-28 16:50:15,297:INFO:mapsims:Smoothing and coord-transform for Channel SPLAT_f280
2023-06-28 16:50:15,301:INFO:pysm3:Using map2alm with pixel weights
2023-06-28 16:50:47,961:INFO:pysm3:Smoothing with fwhm of 1.0 arcmin
2023-06-28 16:50:51,443:INFO:pysm3:Rotate Alm
2023-06-28 17:05:20,195:INFO:pysm3:Alm to map HEALPix
2023-06-28 17:05:34,740:INFO:mapsims:Writing output map cmbs4_dust_d10_uKCMB_SPLAT_f280_nside4096.fits
2023-06-28 17:05:34,741:INFO:mapsims:Replace NaN with UNSEEN
2023-06-28 17:05:35,373:INFO:mapsims:Reorder ring to nest
2023-06-28 17:05:52,349:INFO:mapsims:Writing output map

real	35m22.506s
user	500m24.971s
sys	5m10.426s
