
WARNING: version mismatch between CFITSIO header (v3.47) and linked library (v4.02).


WARNING: version mismatch between CFITSIO header (v3.47) and linked library (v4.02).


WARNING: version mismatch between CFITSIO header (v3.47) and linked library (v4.02).

2023-06-01 23:50:25,434:INFO:mapsims:Parsing configuration from common.toml, cmb_c4.toml
2023-06-01 23:50:25,444:INFO:mapsims:Nside: 4096, Modeling Nside: 4096, Ellmax: 10240
2023-06-01 23:50:25,448:INFO:mapsims:Initializing the PySM Sky object
2023-06-01 23:50:25,452:INFO:pysm3:Access data from /mnt/sdceph/users/azonca/pysm-data/websky/0.4/cmb/map_I_lensed_alm_seed1_nside4096.fits
2023-06-01 23:50:25,454:INFO:pysm3:Access data from /mnt/sdceph/users/azonca/pysm-data/websky/0.4/cmb/map_Q_lensed_alm_seed1_nside4096.fits
2023-06-01 23:50:25,455:INFO:pysm3:Access data from /mnt/sdceph/users/azonca/pysm-data/websky/0.4/cmb/map_U_lensed_alm_seed1_nside4096.fits
2023-06-01 23:50:25,455:INFO:pysm3:Access data from /mnt/sdceph/users/azonca/pysm-data/websky/0.4/cmb/map_I_lensed_alm_seed1_nside4096.fits
2023-06-01 23:50:31,244:INFO:pysm3:Access data from /mnt/sdceph/users/azonca/pysm-data/websky/0.4/cmb/map_Q_lensed_alm_seed1_nside4096.fits
2023-06-01 23:50:36,442:INFO:pysm3:Access data from /mnt/sdceph/users/azonca/pysm-data/websky/0.4/cmb/map_U_lensed_alm_seed1_nside4096.fits
2023-06-01 23:50:42,851:INFO:mapsims:Processing channel Channel SPLAT_f030
2023-06-01 23:50:42,851:INFO:mapsims:Bandpass integration for Channel SPLAT_f030
2023-06-01 23:50:45,556:INFO:mapsims:Smoothing and coord-transform for Channel SPLAT_f030
2023-06-01 23:52:55,113:INFO:pysm3:Used map2alm_lsq, converged in 2 iterations,residual relative error 4.7e-08
2023-06-01 23:52:55,115:INFO:pysm3:Smoothing with fwhm of 9.1 arcmin
2023-06-01 23:52:58,925:INFO:pysm3:Rotate Alm
2023-06-02 00:06:16,307:INFO:pysm3:Alm to map HEALPix
2023-06-02 00:06:30,837:INFO:mapsims:Writing output map cmbs4_cmb_c4_uKCMB_LAT-SPLAT_f030_nside4096.fits
2023-06-02 00:06:30,837:INFO:mapsims:Replace NaN with UNSEEN
2023-06-02 00:06:31,464:INFO:mapsims:Reorder ring to nest
2023-06-02 00:06:47,767:INFO:mapsims:Writing output map

real	16m34.098s
user	407m48.289s
sys	2m13.763s
