
WARNING: version mismatch between CFITSIO header (v3.47) and linked library (v4.02).


WARNING: version mismatch between CFITSIO header (v3.47) and linked library (v4.02).


WARNING: version mismatch between CFITSIO header (v3.47) and linked library (v4.02).

2023-06-02 00:08:46,577:INFO:mapsims:Parsing configuration from common.toml, dust_d9.toml
2023-06-02 00:08:46,587:INFO:mapsims:Nside: 4096, Modeling Nside: 8192, Ellmax: 10240
2023-06-02 00:08:46,588:INFO:mapsims:Initializing the PySM Sky object
2023-06-02 00:08:46,589:INFO:pysm3:Access data from /mnt/sdceph/users/azonca/pysm-data/dust_gnilc/gnilc_dust_template_nside8192.fits
2023-06-02 00:09:11,037:INFO:mapsims:Processing channel Channel CHLAT_f280
2023-06-02 00:09:11,037:INFO:mapsims:Bandpass integration for Channel CHLAT_f280
2023-06-02 00:12:29,186:INFO:mapsims:Smoothing and coord-transform for Channel CHLAT_f280
2023-06-02 00:12:29,188:INFO:pysm3:Using map2alm with pixel weights
2023-06-02 00:13:05,842:INFO:pysm3:Smoothing with fwhm of 0.83 arcmin
2023-06-02 00:13:09,208:INFO:pysm3:Rotate Alm
2023-06-02 00:27:14,353:INFO:pysm3:Alm to map HEALPix
2023-06-02 00:27:30,699:INFO:mapsims:Writing output map cmbs4_dust_d9_uKCMB_LAT-CHLAT_f280_nside4096.fits
2023-06-02 00:27:30,699:INFO:mapsims:Replace NaN with UNSEEN
2023-06-02 00:27:31,630:INFO:mapsims:Reorder ring to nest
2023-06-02 00:27:48,099:INFO:mapsims:Writing output map

real	19m13.036s
user	512m34.377s
sys	2m13.843s
