
WARNING: version mismatch between CFITSIO header (v3.47) and linked library (v4.02).


WARNING: version mismatch between CFITSIO header (v3.47) and linked library (v4.02).


WARNING: version mismatch between CFITSIO header (v3.47) and linked library (v4.02).

2023-06-28 16:30:40,645:INFO:mapsims:Parsing configuration from common.toml, dust_d9.toml
2023-06-28 16:30:40,655:INFO:mapsims:Nside: 512, Modeling Nside: 2048, Ellmax: 1280
2023-06-28 16:30:40,657:INFO:mapsims:Initializing the PySM Sky object
2023-06-28 16:30:40,658:INFO:pysm3:Access data from /mnt/sdceph/users/azonca/pysm-data/dust_gnilc/gnilc_dust_template_nside2048.fits
2023-06-28 16:31:08,189:INFO:mapsims:Processing channel Channel SAT_f280
2023-06-28 16:31:08,190:INFO:mapsims:Bandpass integration for Channel SAT_f280
2023-06-28 16:31:21,933:INFO:mapsims:Smoothing and coord-transform for Channel SAT_f280
2023-06-28 16:31:21,934:INFO:pysm3:Using map2alm with pixel weights
2023-06-28 16:31:23,375:INFO:pysm3:Smoothing with fwhm of 7.7 arcmin
2023-06-28 16:31:23,428:INFO:pysm3:Rotate Alm
2023-06-28 16:31:25,729:INFO:pysm3:Alm to map HEALPix
2023-06-28 16:31:25,904:INFO:mapsims:Writing output map cmbs4_dust_d9_uKCMB_SAT_f280_nside512.fits
2023-06-28 16:31:25,904:INFO:mapsims:Replace NaN with UNSEEN
2023-06-28 16:31:25,911:INFO:mapsims:Reorder ring to nest
2023-06-28 16:31:26,100:INFO:mapsims:Writing output map

real	0m47.832s
user	2m28.680s
sys	0m10.618s
