
WARNING: version mismatch between CFITSIO header (v3.47) and linked library (v4.02).


WARNING: version mismatch between CFITSIO header (v3.47) and linked library (v4.02).


WARNING: version mismatch between CFITSIO header (v3.47) and linked library (v4.02).

2023-06-02 00:10:36,031:INFO:mapsims:Parsing configuration from common.toml, freefree_f1.toml
2023-06-02 00:10:36,041:INFO:mapsims:Nside: 512, Modeling Nside: 512, Ellmax: 1280
2023-06-02 00:10:36,043:INFO:mapsims:Initializing the PySM Sky object
2023-06-02 00:10:36,045:INFO:pysm3:Access data from /mnt/sdceph/users/azonca/pysm-data/pysm_2/ff_t_new.fits
2023-06-02 00:10:36,082:INFO:mapsims:Processing channel Channel SAT_f280
2023-06-02 00:10:36,082:INFO:mapsims:Bandpass integration for Channel SAT_f280
2023-06-02 00:10:37,757:INFO:mapsims:Smoothing and coord-transform for Channel SAT_f280
2023-06-02 00:10:42,606:INFO:pysm3:Used map2alm_lsq, converged in 8 iterations,residual relative error 0.11
2023-06-02 00:10:42,607:INFO:pysm3:Smoothing with fwhm of 7.7 arcmin
2023-06-02 00:10:42,660:INFO:pysm3:Rotate Alm
2023-06-02 00:10:45,637:INFO:pysm3:Alm to map HEALPix
2023-06-02 00:10:45,831:INFO:mapsims:Writing output map cmbs4_freefree_f1_uKCMB_SAT-SAT_f280_nside512.fits
2023-06-02 00:10:45,831:INFO:mapsims:Replace NaN with UNSEEN
2023-06-02 00:10:45,842:INFO:mapsims:Reorder ring to nest
2023-06-02 00:10:46,036:INFO:mapsims:Writing output map

real	0m12.165s
user	4m6.079s
sys	1m7.135s
