
WARNING: version mismatch between CFITSIO header (v3.47) and linked library (v4.02).


WARNING: version mismatch between CFITSIO header (v3.47) and linked library (v4.02).


WARNING: version mismatch between CFITSIO header (v3.47) and linked library (v4.02).

2023-06-28 16:30:22,332:INFO:mapsims:Parsing configuration from common.toml, dust_d9.toml
2023-06-28 16:30:22,349:INFO:mapsims:Nside: 4096, Modeling Nside: 8192, Ellmax: 10240
2023-06-28 16:30:22,352:INFO:mapsims:Initializing the PySM Sky object
2023-06-28 16:30:22,357:INFO:pysm3:Access data from /mnt/sdceph/users/azonca/pysm-data/dust_gnilc/gnilc_dust_template_nside8192.fits
2023-06-28 16:35:46,269:INFO:mapsims:Processing channel Channel CHLAT_f090
2023-06-28 16:35:46,269:INFO:mapsims:Bandpass integration for Channel CHLAT_f090
2023-06-28 16:38:40,256:INFO:mapsims:Smoothing and coord-transform for Channel CHLAT_f090
2023-06-28 16:38:40,264:INFO:pysm3:Using map2alm with pixel weights
2023-06-28 16:39:12,061:INFO:pysm3:Smoothing with fwhm of 2.1 arcmin
2023-06-28 16:39:15,621:INFO:pysm3:Rotate Alm
2023-06-28 16:52:42,409:INFO:pysm3:Alm to map HEALPix
2023-06-28 16:52:56,896:INFO:mapsims:Writing output map cmbs4_dust_d9_uKCMB_CHLAT_f090_nside4096.fits
2023-06-28 16:52:56,896:INFO:mapsims:Replace NaN with UNSEEN
2023-06-28 16:52:57,624:INFO:mapsims:Reorder ring to nest
2023-06-28 16:53:12,849:INFO:mapsims:Writing output map

real	23m6.893s
user	404m37.955s
sys	2m4.777s
