
WARNING: version mismatch between CFITSIO header (v3.47) and linked library (v4.02).


WARNING: version mismatch between CFITSIO header (v3.47) and linked library (v4.02).


WARNING: version mismatch between CFITSIO header (v3.47) and linked library (v4.02).

2023-06-02 00:41:56,275:INFO:mapsims:Parsing configuration from common.toml, synchrotron_s5.toml
2023-06-02 00:41:56,302:INFO:mapsims:Nside: 512, Modeling Nside: 2048, Ellmax: 1280
2023-06-02 00:41:56,304:INFO:mapsims:Initializing the PySM Sky object
2023-06-02 00:41:56,305:INFO:pysm3:Access data from /mnt/sdceph/users/azonca/pysm-data/synch/synch_template_nside2048_2023.02.25.fits
2023-06-02 00:41:57,467:INFO:pysm3:Access data from /mnt/sdceph/users/azonca/pysm-data/synch/synch_beta_nside2048.fits
2023-06-02 00:41:57,779:INFO:mapsims:Processing channel Channel SAT_f030
2023-06-02 00:41:57,779:INFO:mapsims:Bandpass integration for Channel SAT_f030
2023-06-02 00:42:06,824:INFO:mapsims:Smoothing and coord-transform for Channel SAT_f030
2023-06-02 00:42:06,825:INFO:pysm3:Using map2alm with pixel weights
2023-06-02 00:42:08,294:INFO:pysm3:Smoothing with fwhm of 85.2 arcmin
2023-06-02 00:42:08,350:INFO:pysm3:Rotate Alm
2023-06-02 00:42:10,597:INFO:pysm3:Alm to map HEALPix
2023-06-02 00:42:10,777:INFO:mapsims:Writing output map cmbs4_synchrotron_s5_uKCMB_SAT-SAT_f030_nside512.fits
2023-06-02 00:42:10,778:INFO:mapsims:Replace NaN with UNSEEN
2023-06-02 00:42:10,786:INFO:mapsims:Reorder ring to nest
2023-06-02 00:42:10,972:INFO:mapsims:Writing output map

real	0m16.677s
user	3m9.416s
sys	0m14.460s
