
WARNING: version mismatch between CFITSIO header (v3.47) and linked library (v4.02).


WARNING: version mismatch between CFITSIO header (v3.47) and linked library (v4.02).


WARNING: version mismatch between CFITSIO header (v3.47) and linked library (v4.02).

2023-06-02 00:08:17,479:INFO:mapsims:Parsing configuration from common.toml, dust_d10.toml
2023-06-02 00:08:17,489:INFO:mapsims:Nside: 512, Modeling Nside: 2048, Ellmax: 1280
2023-06-02 00:08:17,490:INFO:mapsims:Initializing the PySM Sky object
2023-06-02 00:08:17,491:INFO:pysm3:Access data from /mnt/sdceph/users/azonca/pysm-data/dust_gnilc/gnilc_dust_template_nside2048.fits
2023-06-02 00:08:19,285:INFO:pysm3:Access data from /mnt/sdceph/users/azonca/pysm-data/dust_gnilc/gnilc_dust_beta_nside2048.fits
2023-06-02 00:08:19,750:INFO:pysm3:Access data from /mnt/sdceph/users/azonca/pysm-data/dust_gnilc/gnilc_dust_Td_nside2048.fits
2023-06-02 00:08:20,281:INFO:mapsims:Processing channel Channel SAT_f040
2023-06-02 00:08:20,281:INFO:mapsims:Bandpass integration for Channel SAT_f040
2023-06-02 00:09:07,138:INFO:mapsims:Smoothing and coord-transform for Channel SAT_f040
2023-06-02 00:09:07,139:INFO:pysm3:Using map2alm with pixel weights
2023-06-02 00:09:08,823:INFO:pysm3:Smoothing with fwhm of 61.6 arcmin
2023-06-02 00:09:08,875:INFO:pysm3:Rotate Alm
2023-06-02 00:09:11,184:INFO:pysm3:Alm to map HEALPix
2023-06-02 00:09:11,382:INFO:mapsims:Writing output map cmbs4_dust_d10_uKCMB_SAT-SAT_f040_nside512.fits
2023-06-02 00:09:11,383:INFO:mapsims:Replace NaN with UNSEEN
2023-06-02 00:09:11,392:INFO:mapsims:Reorder ring to nest
2023-06-02 00:09:11,632:INFO:mapsims:Writing output map

real	0m56.351s
user	4m2.130s
sys	0m23.976s
