
WARNING: version mismatch between CFITSIO header (v3.47) and linked library (v4.02).


WARNING: version mismatch between CFITSIO header (v3.47) and linked library (v4.02).


WARNING: version mismatch between CFITSIO header (v3.47) and linked library (v4.02).

2023-06-02 00:24:58,098:INFO:mapsims:Parsing configuration from common.toml, tsz_tsz1.toml
2023-06-02 00:24:58,109:INFO:mapsims:Nside: 512, Modeling Nside: 8192, Ellmax: 1280
2023-06-02 00:24:58,111:INFO:mapsims:Initializing the PySM Sky object
2023-06-02 00:24:58,112:INFO:pysm3:Access data from /mnt/sdceph/users/azonca/pysm-data/websky/0.4/tsz_8192_hp.fits
2023-06-02 00:24:58,113:INFO:pysm3:Access data from /mnt/sdceph/users/azonca/pysm-data/websky/0.4/tsz_8192_hp.fits
2023-06-02 00:25:04,218:INFO:mapsims:Processing channel Channel SAT_f085
2023-06-02 00:25:04,218:INFO:mapsims:Bandpass integration for Channel SAT_f085
2023-06-02 00:25:40,324:INFO:mapsims:Smoothing and coord-transform for Channel SAT_f085
2023-06-02 00:25:40,325:INFO:pysm3:Using map2alm with pixel weights
2023-06-02 00:26:02,290:INFO:pysm3:Smoothing with fwhm of 24.6 arcmin
2023-06-02 00:26:02,343:INFO:pysm3:Rotate Alm
2023-06-02 00:26:04,885:INFO:pysm3:Alm to map HEALPix
2023-06-02 00:26:05,110:INFO:mapsims:Writing output map cmbs4_tsz_tsz1_uKCMB_SAT-SAT_f085_nside512.fits
2023-06-02 00:26:05,110:INFO:mapsims:Replace NaN with UNSEEN
2023-06-02 00:26:05,120:INFO:mapsims:Reorder ring to nest
2023-06-02 00:26:05,360:INFO:mapsims:Writing output map

real	1m9.441s
user	4m38.391s
sys	0m45.265s
