
WARNING: version mismatch between CFITSIO header (v3.47) and linked library (v4.02).


WARNING: version mismatch between CFITSIO header (v3.47) and linked library (v4.02).


WARNING: version mismatch between CFITSIO header (v3.47) and linked library (v4.02).

2023-06-02 00:10:36,058:INFO:mapsims:Parsing configuration from common.toml, cib_cib1.toml
2023-06-02 00:10:36,069:INFO:mapsims:Nside: 4096, Modeling Nside: 4096, Ellmax: 10240
2023-06-02 00:10:36,072:INFO:mapsims:Initializing the PySM Sky object
2023-06-02 00:10:36,287:INFO:mapsims:Processing channel Channel SPLAT_f020
2023-06-02 00:10:36,287:INFO:mapsims:Bandpass integration for Channel SPLAT_f020
2023-06-02 00:10:36,474:INFO:pysm3:Frequencies considered: [ 1.  18.7 21.6 24.5]
2023-06-02 00:10:36,599:INFO:pysm3:Access data from /mnt/sdceph/users/azonca/pysm-data/websky/0.4/cib/cib_0001.0.fits
2023-06-02 00:10:36,599:INFO:pysm3:Reading map /mnt/sdceph/users/azonca/pysm-data/websky/0.4/cib/cib_0001.0.fits
2023-06-02 00:10:36,600:INFO:pysm3:Access data from /mnt/sdceph/users/azonca/pysm-data/websky/0.4/cib/cib_0001.0.fits
2023-06-02 00:10:48,123:INFO:pysm3:Access data from /mnt/sdceph/users/azonca/pysm-data/websky/0.4/cib/cib_0001.0.fits
2023-06-02 00:10:53,081:INFO:pysm3:Mean emission at 1.0 GHz in I: 353.6 uK_RJ
2023-06-02 00:10:53,183:INFO:pysm3:Access data from /mnt/sdceph/users/azonca/pysm-data/websky/0.4/cib/cib_0018.7.fits
2023-06-02 00:10:53,183:INFO:pysm3:Reading map /mnt/sdceph/users/azonca/pysm-data/websky/0.4/cib/cib_0018.7.fits
2023-06-02 00:10:53,184:INFO:pysm3:Access data from /mnt/sdceph/users/azonca/pysm-data/websky/0.4/cib/cib_0018.7.fits
2023-06-02 00:10:55,656:INFO:pysm3:Access data from /mnt/sdceph/users/azonca/pysm-data/websky/0.4/cib/cib_0018.7.fits
2023-06-02 00:11:00,093:INFO:pysm3:Mean emission at 18.7 GHz in I: 1.008 uK_RJ
2023-06-02 00:11:00,095:INFO:pysm3:Access data from /mnt/sdceph/users/azonca/pysm-data/websky/0.4/cib/cib_0021.6.fits
2023-06-02 00:11:00,095:INFO:pysm3:Reading map /mnt/sdceph/users/azonca/pysm-data/websky/0.4/cib/cib_0021.6.fits
2023-06-02 00:11:00,095:INFO:pysm3:Access data from /mnt/sdceph/users/azonca/pysm-data/websky/0.4/cib/cib_0021.6.fits
2023-06-02 00:11:02,570:INFO:pysm3:Access data from /mnt/sdceph/users/azonca/pysm-data/websky/0.4/cib/cib_0021.6.fits
2023-06-02 00:11:07,015:INFO:pysm3:Mean emission at 21.6 GHz in I: 1.26 uK_RJ
2023-06-02 00:11:07,016:INFO:pysm3:Access data from /mnt/sdceph/users/azonca/pysm-data/websky/0.4/cib/cib_0024.5.fits
2023-06-02 00:11:07,017:INFO:pysm3:Reading map /mnt/sdceph/users/azonca/pysm-data/websky/0.4/cib/cib_0024.5.fits
2023-06-02 00:11:07,017:INFO:pysm3:Access data from /mnt/sdceph/users/azonca/pysm-data/websky/0.4/cib/cib_0024.5.fits
2023-06-02 00:11:11,335:INFO:pysm3:Access data from /mnt/sdceph/users/azonca/pysm-data/websky/0.4/cib/cib_0024.5.fits
2023-06-02 00:11:15,777:INFO:pysm3:Mean emission at 24.5 GHz in I: 1.529 uK_RJ
2023-06-02 00:11:43,647:INFO:mapsims:Smoothing and coord-transform for Channel SPLAT_f020
2023-06-02 00:18:47,143:WARNING:pysm3:hp.map2alm_lsq did not converge in 10 iterations, residual relative error is 0.36
2023-06-02 00:18:47,144:INFO:pysm3:Smoothing with fwhm of 11.2 arcmin
2023-06-02 00:18:50,508:INFO:pysm3:Rotate Alm
2023-06-02 00:29:05,563:INFO:pysm3:Alm to map HEALPix
2023-06-02 00:29:21,597:INFO:mapsims:Writing output map cmbs4_cib_cib1_uKCMB_LAT-SPLAT_f020_nside4096.fits
2023-06-02 00:29:21,597:INFO:mapsims:Replace NaN with UNSEEN
2023-06-02 00:29:22,511:INFO:mapsims:Reorder ring to nest
2023-06-02 00:29:38,672:INFO:mapsims:Writing output map

real	19m14.107s
user	574m32.938s
sys	6m38.164s
