
WARNING: version mismatch between CFITSIO header (v3.47) and linked library (v4.02).


WARNING: version mismatch between CFITSIO header (v3.47) and linked library (v4.02).


WARNING: version mismatch between CFITSIO header (v3.47) and linked library (v4.02).

2023-06-28 16:30:41,432:INFO:mapsims:Parsing configuration from common.toml, dust_d10.toml
2023-06-28 16:30:41,443:INFO:mapsims:Nside: 4096, Modeling Nside: 8192, Ellmax: 10240
2023-06-28 16:30:41,444:INFO:mapsims:Initializing the PySM Sky object
2023-06-28 16:30:41,445:INFO:pysm3:Access data from /mnt/sdceph/users/azonca/pysm-data/dust_gnilc/gnilc_dust_template_nside8192.fits
2023-06-28 16:30:59,637:INFO:pysm3:Retrieve data for dust_gnilc/gnilc_dust_beta_nside8192_2023.06.06.fits (if not cached already)
2023-06-28 16:31:04,394:INFO:pysm3:Retrieve data for dust_gnilc/gnilc_dust_Td_nside8192_2023.06.06.fits (if not cached already)
2023-06-28 16:31:09,404:INFO:mapsims:Processing channel Channel SPLAT_f030
2023-06-28 16:31:09,404:INFO:mapsims:Bandpass integration for Channel SPLAT_f030
2023-06-28 16:42:09,165:INFO:mapsims:Smoothing and coord-transform for Channel SPLAT_f030
2023-06-28 16:42:09,166:INFO:pysm3:Using map2alm with pixel weights
2023-06-28 16:42:40,839:INFO:pysm3:Smoothing with fwhm of 9.1 arcmin
2023-06-28 16:42:44,225:INFO:pysm3:Rotate Alm
2023-06-28 16:56:41,289:INFO:pysm3:Alm to map HEALPix
2023-06-28 16:56:55,704:INFO:mapsims:Writing output map cmbs4_dust_d10_uKCMB_SPLAT_f030_nside4096.fits
2023-06-28 16:56:55,704:INFO:mapsims:Replace NaN with UNSEEN
2023-06-28 16:56:56,270:INFO:mapsims:Reorder ring to nest
2023-06-28 16:57:11,936:INFO:mapsims:Writing output map

real	26m40.296s
user	447m59.726s
sys	4m57.895s
