
WARNING: version mismatch between CFITSIO header (v3.47) and linked library (v4.02).


WARNING: version mismatch between CFITSIO header (v3.47) and linked library (v4.02).


WARNING: version mismatch between CFITSIO header (v3.47) and linked library (v4.02).

2023-06-02 00:07:58,013:INFO:mapsims:Parsing configuration from common.toml, dust_d10.toml
2023-06-02 00:07:58,023:INFO:mapsims:Nside: 512, Modeling Nside: 2048, Ellmax: 1280
2023-06-02 00:07:58,025:INFO:mapsims:Initializing the PySM Sky object
2023-06-02 00:07:58,026:INFO:pysm3:Access data from /mnt/sdceph/users/azonca/pysm-data/dust_gnilc/gnilc_dust_template_nside2048.fits
2023-06-02 00:07:59,547:INFO:pysm3:Access data from /mnt/sdceph/users/azonca/pysm-data/dust_gnilc/gnilc_dust_beta_nside2048.fits
2023-06-02 00:07:59,951:INFO:pysm3:Access data from /mnt/sdceph/users/azonca/pysm-data/dust_gnilc/gnilc_dust_Td_nside2048.fits
2023-06-02 00:08:00,360:INFO:mapsims:Processing channel Channel SAT_f145
2023-06-02 00:08:00,361:INFO:mapsims:Bandpass integration for Channel SAT_f145
2023-06-02 00:08:49,134:INFO:mapsims:Smoothing and coord-transform for Channel SAT_f145
2023-06-02 00:08:49,136:INFO:pysm3:Using map2alm with pixel weights
2023-06-02 00:08:50,705:INFO:pysm3:Smoothing with fwhm of 15.8 arcmin
2023-06-02 00:08:50,756:INFO:pysm3:Rotate Alm
2023-06-02 00:08:53,106:INFO:pysm3:Alm to map HEALPix
2023-06-02 00:08:53,371:INFO:mapsims:Writing output map cmbs4_dust_d10_uKCMB_SAT-SAT_f145_nside512.fits
2023-06-02 00:08:53,371:INFO:mapsims:Replace NaN with UNSEEN
2023-06-02 00:08:53,380:INFO:mapsims:Reorder ring to nest
2023-06-02 00:08:53,619:INFO:mapsims:Writing output map

real	0m57.831s
user	4m7.131s
sys	0m22.958s
