
WARNING: version mismatch between CFITSIO header (v3.47) and linked library (v4.02).


WARNING: version mismatch between CFITSIO header (v3.47) and linked library (v4.02).


WARNING: version mismatch between CFITSIO header (v3.47) and linked library (v4.02).

2023-06-02 00:31:31,911:INFO:mapsims:Parsing configuration from common.toml, dust_d12.toml
2023-06-02 00:31:31,934:INFO:mapsims:Nside: 512, Modeling Nside: 2048, Ellmax: 1280
2023-06-02 00:31:31,936:INFO:mapsims:Initializing the PySM Sky object
2023-06-02 00:31:34,235:INFO:pysm3:Access data from /mnt/sdceph/users/azonca/pysm-data/mkd_dust/2048/thermaldust_ampl1.fits
2023-06-02 00:33:31,349:INFO:pysm3:Access data from /mnt/sdceph/users/azonca/pysm-data/mkd_dust/2048/thermaldust_ampl2.fits
2023-06-02 00:36:08,119:INFO:pysm3:Access data from /mnt/sdceph/users/azonca/pysm-data/mkd_dust/2048/thermaldust_ampl3.fits
2023-06-02 00:36:55,814:INFO:pysm3:Access data from /mnt/sdceph/users/azonca/pysm-data/mkd_dust/2048/thermaldust_ampl4.fits
2023-06-02 00:36:57,586:INFO:pysm3:Access data from /mnt/sdceph/users/azonca/pysm-data/mkd_dust/2048/thermaldust_ampl5.fits
2023-06-02 00:36:59,377:INFO:pysm3:Access data from /mnt/sdceph/users/azonca/pysm-data/mkd_dust/2048/thermaldust_ampl6.fits
2023-06-02 00:37:10,119:INFO:pysm3:Access data from /mnt/sdceph/users/azonca/pysm-data/mkd_dust/2048/thermaldust_specind1.fits
2023-06-02 00:37:10,647:INFO:pysm3:Access data from /mnt/sdceph/users/azonca/pysm-data/mkd_dust/2048/thermaldust_specind2.fits
2023-06-02 00:37:11,137:INFO:pysm3:Access data from /mnt/sdceph/users/azonca/pysm-data/mkd_dust/2048/thermaldust_specind3.fits
2023-06-02 00:37:11,673:INFO:pysm3:Access data from /mnt/sdceph/users/azonca/pysm-data/mkd_dust/2048/thermaldust_specind4.fits
2023-06-02 00:37:12,160:INFO:pysm3:Access data from /mnt/sdceph/users/azonca/pysm-data/mkd_dust/2048/thermaldust_specind5.fits
2023-06-02 00:37:12,647:INFO:pysm3:Access data from /mnt/sdceph/users/azonca/pysm-data/mkd_dust/2048/thermaldust_specind6.fits
2023-06-02 00:37:13,938:INFO:pysm3:Access data from /mnt/sdceph/users/azonca/pysm-data/mkd_dust/2048/thermaldust_temp1.fits
2023-06-02 00:37:14,418:INFO:pysm3:Access data from /mnt/sdceph/users/azonca/pysm-data/mkd_dust/2048/thermaldust_temp2.fits
2023-06-02 00:37:14,896:INFO:pysm3:Access data from /mnt/sdceph/users/azonca/pysm-data/mkd_dust/2048/thermaldust_temp3.fits
2023-06-02 00:37:15,370:INFO:pysm3:Access data from /mnt/sdceph/users/azonca/pysm-data/mkd_dust/2048/thermaldust_temp4.fits
2023-06-02 00:37:15,877:INFO:pysm3:Access data from /mnt/sdceph/users/azonca/pysm-data/mkd_dust/2048/thermaldust_temp5.fits
2023-06-02 00:37:16,347:INFO:pysm3:Access data from /mnt/sdceph/users/azonca/pysm-data/mkd_dust/2048/thermaldust_temp6.fits
2023-06-02 00:37:17,023:INFO:mapsims:Processing channel Channel SAT_f220
2023-06-02 00:37:17,023:INFO:mapsims:Bandpass integration for Channel SAT_f220
2023-06-02 00:42:27,215:INFO:mapsims:Smoothing and coord-transform for Channel SAT_f220
2023-06-02 00:42:27,220:INFO:pysm3:Using map2alm with pixel weights
2023-06-02 00:42:28,832:INFO:pysm3:Smoothing with fwhm of 9.4 arcmin
2023-06-02 00:42:28,889:INFO:pysm3:Rotate Alm
2023-06-02 00:42:31,306:INFO:pysm3:Alm to map HEALPix
2023-06-02 00:42:31,487:INFO:mapsims:Writing output map cmbs4_dust_d12_uKCMB_SAT-SAT_f220_nside512.fits
2023-06-02 00:42:31,487:INFO:mapsims:Replace NaN with UNSEEN
2023-06-02 00:42:31,496:INFO:mapsims:Reorder ring to nest
2023-06-02 00:42:31,690:INFO:mapsims:Writing output map

real	11m6.327s
user	13m57.905s
sys	2m0.899s
