
WARNING: version mismatch between CFITSIO header (v3.47) and linked library (v4.02).


WARNING: version mismatch between CFITSIO header (v3.47) and linked library (v4.02).


WARNING: version mismatch between CFITSIO header (v3.47) and linked library (v4.02).

2023-06-02 00:12:38,395:INFO:mapsims:Parsing configuration from common.toml, tsz_tsz1.toml
2023-06-02 00:12:38,405:INFO:mapsims:Nside: 4096, Modeling Nside: 8192, Ellmax: 10240
2023-06-02 00:12:38,407:INFO:mapsims:Initializing the PySM Sky object
2023-06-02 00:12:38,408:INFO:pysm3:Access data from /mnt/sdceph/users/azonca/pysm-data/websky/0.4/tsz_8192_hp.fits
2023-06-02 00:12:38,409:INFO:pysm3:Access data from /mnt/sdceph/users/azonca/pysm-data/websky/0.4/tsz_8192_hp.fits
2023-06-02 00:12:44,187:INFO:mapsims:Processing channel Channel CHLAT_f090
2023-06-02 00:12:44,187:INFO:mapsims:Bandpass integration for Channel CHLAT_f090
2023-06-02 00:13:16,795:INFO:mapsims:Smoothing and coord-transform for Channel CHLAT_f090
2023-06-02 00:13:16,795:INFO:pysm3:Using map2alm with pixel weights
2023-06-02 00:13:48,619:INFO:pysm3:Smoothing with fwhm of 2.1 arcmin
2023-06-02 00:13:52,018:INFO:pysm3:Rotate Alm
2023-06-02 00:24:14,227:INFO:pysm3:Alm to map HEALPix
2023-06-02 00:24:28,671:INFO:mapsims:Writing output map cmbs4_tsz_tsz1_uKCMB_LAT-CHLAT_f090_nside4096.fits
2023-06-02 00:24:28,671:INFO:mapsims:Replace NaN with UNSEEN
2023-06-02 00:24:29,307:INFO:mapsims:Reorder ring to nest
2023-06-02 00:24:45,015:INFO:mapsims:Writing output map

real	12m15.801s
user	414m53.182s
sys	1m11.255s
