
WARNING: version mismatch between CFITSIO header (v3.47) and linked library (v4.02).


WARNING: version mismatch between CFITSIO header (v3.47) and linked library (v4.02).


WARNING: version mismatch between CFITSIO header (v3.47) and linked library (v4.02).

2023-06-01 23:49:54,755:INFO:mapsims:Parsing configuration from common.toml, synchrotron_s7.toml
2023-06-01 23:49:54,766:INFO:mapsims:Nside: 512, Modeling Nside: 2048, Ellmax: 1280
2023-06-01 23:49:54,768:INFO:mapsims:Initializing the PySM Sky object
2023-06-01 23:49:54,769:INFO:pysm3:Access data from /mnt/sdceph/users/azonca/pysm-data/synch/synch_template_nside2048_2023.02.25.fits
2023-06-01 23:49:59,279:INFO:pysm3:Access data from /mnt/sdceph/users/azonca/pysm-data/synch/synch_beta_nside2048.fits
2023-06-01 23:50:01,643:INFO:pysm3:Access data from /mnt/sdceph/users/azonca/pysm-data/synch/synch_curvature_nside2048.fits
2023-06-01 23:50:03,760:INFO:mapsims:Processing channel Channel SAT_f095
2023-06-01 23:50:03,760:INFO:mapsims:Bandpass integration for Channel SAT_f095
2023-06-01 23:50:14,241:INFO:mapsims:Smoothing and coord-transform for Channel SAT_f095
2023-06-01 23:50:14,247:INFO:pysm3:Using map2alm with pixel weights
2023-06-01 23:50:16,097:INFO:pysm3:Smoothing with fwhm of 22.4 arcmin
2023-06-01 23:50:16,149:INFO:pysm3:Rotate Alm
2023-06-01 23:50:18,447:INFO:pysm3:Alm to map HEALPix
2023-06-01 23:50:18,747:INFO:mapsims:Writing output map cmbs4_synchrotron_s7_uKCMB_SAT-SAT_f095_nside512.fits
2023-06-01 23:50:18,747:INFO:mapsims:Replace NaN with UNSEEN
2023-06-01 23:50:18,758:INFO:mapsims:Reorder ring to nest
2023-06-01 23:50:18,952:INFO:mapsims:Writing output map

real	0m27.799s
user	3m56.439s
sys	0m14.859s
