
WARNING: version mismatch between CFITSIO header (v3.47) and linked library (v4.02).


WARNING: version mismatch between CFITSIO header (v3.47) and linked library (v4.02).


WARNING: version mismatch between CFITSIO header (v3.47) and linked library (v4.02).

2023-06-01 23:49:54,137:INFO:mapsims:Parsing configuration from common.toml, synchrotron_s4.toml
2023-06-01 23:49:54,148:INFO:mapsims:Nside: 512, Modeling Nside: 2048, Ellmax: 1280
2023-06-01 23:49:54,151:INFO:mapsims:Initializing the PySM Sky object
2023-06-01 23:49:54,152:INFO:pysm3:Access data from /mnt/sdceph/users/azonca/pysm-data/synch/synch_template_nside2048_2023.02.25.fits
2023-06-01 23:49:59,398:INFO:mapsims:Processing channel Channel SAT_f030
2023-06-01 23:49:59,398:INFO:mapsims:Bandpass integration for Channel SAT_f030
2023-06-01 23:50:07,920:INFO:mapsims:Smoothing and coord-transform for Channel SAT_f030
2023-06-01 23:50:07,925:INFO:pysm3:Using map2alm with pixel weights
2023-06-01 23:50:09,745:INFO:pysm3:Smoothing with fwhm of 85.2 arcmin
2023-06-01 23:50:09,799:INFO:pysm3:Rotate Alm
2023-06-01 23:50:12,070:INFO:pysm3:Alm to map HEALPix
2023-06-01 23:50:12,414:INFO:mapsims:Writing output map cmbs4_synchrotron_s4_uKCMB_SAT-SAT_f030_nside512.fits
2023-06-01 23:50:12,414:INFO:mapsims:Replace NaN with UNSEEN
2023-06-01 23:50:12,425:INFO:mapsims:Reorder ring to nest
2023-06-01 23:50:12,644:INFO:mapsims:Writing output map

real	0m21.900s
user	2m40.956s
sys	0m13.157s
